-- Selecting Windows SDK version 10.0.26100.0 to target Windows 10.0.20348.
CMake Error at CMakeLists.txt:2 (project):
  Failed to run MSBuild command:

    C:/Program Files/Microsoft Visual Studio/2022/Enterprise/MSBuild/Current/Bin/amd64/MSBuild.exe

  to get the value of VCTargetsPath:

    MSBuild version 17.14.40+3e7442088 for .NET Framework
    Build started 4/30/2026 9:20:54 PM.
    
    Project "D:\a\NextSSL\NextSSL\.ci_build\win\armv7-msvc\CMakeFiles\3.31.6\VCTargetsPath.vcxproj" on node 1 (default targets).
    C:\Program Files\Microsoft Visual Studio\2022\Enterprise\MSBuild\Microsoft\VC\v170\Microsoft.Cpp.WindowsSDK.targets(49,5): error MSB8087: The Windows SDK version 10.0.26100.0 does not support 32-bit ARM development. To continue, please select a windows SDK version older than 10.0.26100 in the project property pages or by right-clicking the solution and selecting "Retarget solution". See https://aka.ms/retargetsolution for more details.  [D:\a\NextSSL\NextSSL\.ci_build\win\armv7-msvc\CMakeFiles\3.31.6\VCTargetsPath.vcxproj]
    Done Building Project "D:\a\NextSSL\NextSSL\.ci_build\win\armv7-msvc\CMakeFiles\3.31.6\VCTargetsPath.vcxproj" (default targets) -- FAILED.
    
    Build FAILED.
    
    "D:\a\NextSSL\NextSSL\.ci_build\win\armv7-msvc\CMakeFiles\3.31.6\VCTargetsPath.vcxproj" (default target) (1) ->
    (_CheckWindowsSDKInstalled target) -> 
      C:\Program Files\Microsoft Visual Studio\2022\Enterprise\MSBuild\Microsoft\VC\v170\Microsoft.Cpp.WindowsSDK.targets(49,5): error MSB8087: The Windows SDK version 10.0.26100.0 does not support 32-bit ARM development. To continue, please select a windows SDK version older than 10.0.26100 in the project property pages or by right-clicking the solution and selecting "Retarget solution". See https://aka.ms/retargetsolution for more details.  [D:\a\NextSSL\NextSSL\.ci_build\win\armv7-msvc\CMakeFiles\3.31.6\VCTargetsPath.vcxproj]
    
        0 Warning(s)
        1 Error(s)
    
    Time Elapsed 00:00:02.24
    

  Exit code: 1



-- Configuring incomplete, errors occurred!

==============================================================================
CMD: cmake -S D:\a\NextSSL\NextSSL -B D:\a\NextSSL\NextSSL\.ci_build\win\armv7-msvc -DCMAKE_BUILD_TYPE=Release -DNEXTSSL_SHARED=ON -DNEXTSSL_OUTPUT_ARCH=armv7-msvc -DCMAKE_RUNTIME_OUTPUT_DIRECTORY=D:\a\NextSSL\NextSSL\bin\win\armv7-msvc -DCMAKE_LIBRARY_OUTPUT_DIRECTORY=D:\a\NextSSL\NextSSL\bin\win\armv7-msvc -DCMAKE_ARCHIVE_OUTPUT_DIRECTORY=D:\a\NextSSL\NextSSL\bin\win\armv7-msvc -G "Visual Studio 17 2022" -A ARM -DCMAKE_VS_WINDOWS_TARGET_PLATFORM_VERSION=10.0.22621.0
CWD: D:\a\NextSSL\NextSSL
==============================================================================

