Get:1 file:/etc/apt/apt-mirrors.txt Mirrorlist [144 B]
Hit:6 https://packages.microsoft.com/repos/azure-cli jammy InRelease
Hit:2 http://azure.archive.ubuntu.com/ubuntu jammy InRelease
Get:7 https://packages.microsoft.com/ubuntu/22.04/prod jammy InRelease [3632 B]
Get:8 https://dl.google.com/linux/chrome-stable/deb stable InRelease [1825 B]
Get:3 http://azure.archive.ubuntu.com/ubuntu jammy-updates InRelease [128 kB]
Get:4 http://azure.archive.ubuntu.com/ubuntu jammy-backports InRelease [127 kB]
Get:5 http://azure.archive.ubuntu.com/ubuntu jammy-security InRelease [129 kB]
Get:9 https://packages.microsoft.com/ubuntu/22.04/prod jammy/main amd64 Packages [340 kB]
Get:10 https://packages.microsoft.com/ubuntu/22.04/prod jammy/main armhf Packages [21.9 kB]
Get:11 https://packages.microsoft.com/ubuntu/22.04/prod jammy/main arm64 Packages [159 kB]
Get:12 https://dl.google.com/linux/chrome-stable/deb stable/main amd64 Packages [1212 B]
Get:13 http://azure.archive.ubuntu.com/ubuntu jammy-updates/main amd64 Packages [3440 kB]
Get:14 http://azure.archive.ubuntu.com/ubuntu jammy-updates/main Translation-en [519 kB]
Get:15 http://azure.archive.ubuntu.com/ubuntu jammy-updates/main amd64 c-n-f Metadata [19.7 kB]
Get:16 http://azure.archive.ubuntu.com/ubuntu jammy-updates/restricted amd64 Packages [5826 kB]
Get:17 http://azure.archive.ubuntu.com/ubuntu jammy-updates/restricted Translation-en [1102 kB]
Get:18 http://azure.archive.ubuntu.com/ubuntu jammy-updates/restricted amd64 c-n-f Metadata [600 B]
Get:19 http://azure.archive.ubuntu.com/ubuntu jammy-updates/universe amd64 Packages [1268 kB]
Get:20 http://azure.archive.ubuntu.com/ubuntu jammy-updates/universe Translation-en [315 kB]
Get:21 http://azure.archive.ubuntu.com/ubuntu jammy-updates/universe amd64 c-n-f Metadata [30.5 kB]
Get:22 http://azure.archive.ubuntu.com/ubuntu jammy-updates/multiverse amd64 Packages [71.3 kB]
Get:23 http://azure.archive.ubuntu.com/ubuntu jammy-updates/multiverse Translation-en [15.5 kB]
Get:24 http://azure.archive.ubuntu.com/ubuntu jammy-updates/multiverse amd64 c-n-f Metadata [756 B]
Get:25 http://azure.archive.ubuntu.com/ubuntu jammy-backports/main amd64 Packages [70.1 kB]
Get:26 http://azure.archive.ubuntu.com/ubuntu jammy-backports/main Translation-en [11.4 kB]
Get:27 http://azure.archive.ubuntu.com/ubuntu jammy-backports/universe amd64 Packages [30.8 kB]
Get:28 http://azure.archive.ubuntu.com/ubuntu jammy-backports/universe Translation-en [16.9 kB]
Get:29 http://azure.archive.ubuntu.com/ubuntu jammy-security/main amd64 Packages [3174 kB]
Get:30 http://azure.archive.ubuntu.com/ubuntu jammy-security/main Translation-en [448 kB]
Get:31 http://azure.archive.ubuntu.com/ubuntu jammy-security/main amd64 c-n-f Metadata [14.2 kB]
Get:32 http://azure.archive.ubuntu.com/ubuntu jammy-security/restricted amd64 Packages [5594 kB]
Get:33 http://azure.archive.ubuntu.com/ubuntu jammy-security/restricted Translation-en [1070 kB]
Get:34 http://azure.archive.ubuntu.com/ubuntu jammy-security/universe amd64 Packages [1029 kB]
Get:35 http://azure.archive.ubuntu.com/ubuntu jammy-security/universe Translation-en [226 kB]
Get:36 http://azure.archive.ubuntu.com/ubuntu jammy-security/universe amd64 c-n-f Metadata [22.9 kB]
Get:37 http://azure.archive.ubuntu.com/ubuntu jammy-security/multiverse amd64 Packages [52.3 kB]
Get:38 http://azure.archive.ubuntu.com/ubuntu jammy-security/multiverse Translation-en [10.5 kB]
Fetched 25.3 MB in 3s (8668 kB/s)
Reading package lists...
Reading package lists...
Building dependency tree...
Reading state information...
g++ is already the newest version (4:11.2.0-1ubuntu1).
gcc is already the newest version (4:11.2.0-1ubuntu1).
Some packages could not be installed. This may mean that you have
requested an impossible situation or if you are using the unstable
distribution that some required packages have not yet been created
or been moved out of Incoming.
The following information may help to resolve the situation:

The following packages have unmet dependencies:
 g++-11-riscv64-linux-gnu : Depends: gcc-11-riscv64-linux-gnu (= 11.4.0-1ubuntu1~22.04cross1) but it is not installable
 gcc-11-aarch64-linux-gnu : Conflicts: gcc-multilib but 4:11.2.0-1ubuntu1 is to be installed
 gcc-11-arm-linux-gnueabihf : Conflicts: gcc-multilib but 4:11.2.0-1ubuntu1 is to be installed
 gcc-multilib : Conflicts: gcc-11-aarch64-linux-gnu but 11.4.0-1ubuntu1~22.04.3cross1 is to be installed
                Conflicts: gcc-11-arm-linux-gnueabihf but 11.4.0-1ubuntu1~22.04.3cross1 is to be installed
 gcc-riscv64-linux-gnu : Depends: gcc-11-riscv64-linux-gnu (>= 11.2.0-1~) but it is not installable
E: Unable to correct problems, you have held broken packages.
