
==============================================================================
CMD: /usr/bin/python3 /home/runner/work/NextSSL/NextSSL/build.py --platform wasm wasm32 --clean --jobs 4 --log-level debug --log-file /home/runner/work/NextSSL/NextSSL/logs/wasm/wasm32/build.log
CWD: /home/runner/work/NextSSL/NextSSL
==============================================================================

2026-04-30 06:11:30 INFO     NextSSL WASM Build  variant=wasm32
2026-04-30 06:11:30 INFO     emcc    : /home/runner/work/_temp/emsdk/upstream/emscripten/emcc
2026-04-30 06:11:30 INFO     Variant : wasm32
2026-04-30 06:11:30 INFO     Out     : bin/web/
2026-04-30 06:11:30 INFO     Cleaning .build_cache/wasm_wasm32 ...
2026-04-30 06:11:30 INFO     Sources : 621 .c files
2026-04-30 06:11:30 INFO     Exports : 374 symbols
2026-04-30 06:11:30 DEBUG    Response file: /home/runner/work/NextSSL/NextSSL/temp/emcc_args.rsp (60954 bytes)
2026-04-30 06:11:30 INFO     Step 1/1: Compiling all sources to WASM ...
2026-04-30 06:11:30 INFO     Running: emcc @response_file
2026-04-30 06:11:30 DEBUG    CMD: /home/runner/work/_temp/emsdk/upstream/emscripten/emcc @/home/runner/work/NextSSL/NextSSL/temp/emcc_args.rsp
2026-04-30 06:11:30 DEBUG    CWD: /home/runner/work/NextSSL/NextSSL
shared:INFO: (Emscripten: Running sanity checks)
wasm-ld: error: /tmp/emscripten_temp_mabwc5jr/scrypt_adapter.o: undefined symbol: nextssl_crypto_scrypt
wasm-ld: error: /tmp/emscripten_temp_mabwc5jr/scrypt_adapter.o: undefined symbol: nextssl_crypto_scrypt
wasm-ld: error: /tmp/emscripten_temp_mabwc5jr/lyra2_adapter.o: undefined symbol: LYRA2
wasm-ld: error: /tmp/emscripten_temp_mabwc5jr/lyra2_adapter.o: undefined symbol: LYRA2
wasm-ld: error: /tmp/emscripten_temp_mabwc5jr/yescrypt_adapter.o: undefined symbol: yescrypt_init_local
wasm-ld: error: /tmp/emscripten_temp_mabwc5jr/yescrypt_adapter.o: undefined symbol: yescrypt_kdf
wasm-ld: error: /tmp/emscripten_temp_mabwc5jr/yescrypt_adapter.o: undefined symbol: yescrypt_free_local
wasm-ld: error: /tmp/emscripten_temp_mabwc5jr/yescrypt_adapter.o: undefined symbol: yescrypt_init_local
wasm-ld: error: /tmp/emscripten_temp_mabwc5jr/yescrypt_adapter.o: undefined symbol: yescrypt_kdf
wasm-ld: error: /tmp/emscripten_temp_mabwc5jr/yescrypt_adapter.o: undefined symbol: yescrypt_free_local
wasm-ld: error: /tmp/emscripten_temp_mabwc5jr/catena_adapter.o: undefined symbol: Catena
wasm-ld: error: /tmp/emscripten_temp_mabwc5jr/catena_adapter.o: undefined symbol: Catena
wasm-ld: error: /tmp/emscripten_temp_mabwc5jr/makwa_adapter.o: undefined symbol: makwa_hash
wasm-ld: error: /tmp/emscripten_temp_mabwc5jr/pomelo_adapter.o: undefined symbol: PHS
wasm-ld: error: /tmp/emscripten_temp_mabwc5jr/balloon_adapter.o: undefined symbol: hash_state_init
wasm-ld: error: /tmp/emscripten_temp_mabwc5jr/balloon_adapter.o: undefined symbol: hash_state_fill
wasm-ld: error: /tmp/emscripten_temp_mabwc5jr/balloon_adapter.o: undefined symbol: hash_state_mix
wasm-ld: error: /tmp/emscripten_temp_mabwc5jr/balloon_adapter.o: undefined symbol: hash_state_extract
wasm-ld: error: /tmp/emscripten_temp_mabwc5jr/balloon_adapter.o: undefined symbol: hash_state_free
wasm-ld: error: /tmp/emscripten_temp_mabwc5jr/balloon_adapter.o: undefined symbol: hash_state_free
wasm-ld: error: too many errors emitted, stopping now (use -error-limit=0 to see all errors)
emcc: error: '/home/runner/work/_temp/emsdk/upstream/bin/wasm-ld @/tmp/emscripten_dafg0zrp.rsp.utf-8' failed (returned 1)

============================================================
CMD: /home/runner/work/_temp/emsdk/upstream/emscripten/emcc @/home/runner/work/NextSSL/NextSSL/temp/emcc_args.rsp
CWD: /home/runner/work/NextSSL/NextSSL
============================================================

2026-04-30 06:11:58 DEBUG    emcc @response_file exited with code 1
2026-04-30 06:11:58 ERROR    emcc failed (exit 1)
2026-04-30 06:11:58 ERROR    ── Last 49 lines of build.log ──
2026-04-30 06:11:58 ERROR      
2026-04-30 06:11:58 ERROR      ==============================================================================
2026-04-30 06:11:58 ERROR      CMD: /usr/bin/python3 /home/runner/work/NextSSL/NextSSL/build.py --platform wasm wasm32 --clean --jobs 4 --log-level debug --log-file /home/runner/work/NextSSL/NextSSL/logs/wasm/wasm32/build.log
2026-04-30 06:11:58 ERROR      CWD: /home/runner/work/NextSSL/NextSSL
2026-04-30 06:11:58 ERROR      ==============================================================================
2026-04-30 06:11:58 ERROR      
2026-04-30 06:11:58 ERROR      2026-04-30 06:11:30 INFO     NextSSL WASM Build  variant=wasm32
2026-04-30 06:11:58 ERROR      2026-04-30 06:11:30 INFO     emcc    : /home/runner/work/_temp/emsdk/upstream/emscripten/emcc
2026-04-30 06:11:58 ERROR      2026-04-30 06:11:30 INFO     Variant : wasm32
2026-04-30 06:11:58 ERROR      2026-04-30 06:11:30 INFO     Out     : bin/web/
2026-04-30 06:11:58 ERROR      2026-04-30 06:11:30 INFO     Cleaning .build_cache/wasm_wasm32 ...
2026-04-30 06:11:58 ERROR      2026-04-30 06:11:30 INFO     Sources : 621 .c files
2026-04-30 06:11:58 ERROR      2026-04-30 06:11:30 INFO     Exports : 374 symbols
2026-04-30 06:11:58 ERROR      2026-04-30 06:11:30 DEBUG    Response file: /home/runner/work/NextSSL/NextSSL/temp/emcc_args.rsp (60954 bytes)
2026-04-30 06:11:58 ERROR      2026-04-30 06:11:30 INFO     Step 1/1: Compiling all sources to WASM ...
2026-04-30 06:11:58 ERROR      2026-04-30 06:11:30 INFO     Running: emcc @response_file
2026-04-30 06:11:58 ERROR      2026-04-30 06:11:30 DEBUG    CMD: /home/runner/work/_temp/emsdk/upstream/emscripten/emcc @/home/runner/work/NextSSL/NextSSL/temp/emcc_args.rsp
2026-04-30 06:11:58 ERROR      2026-04-30 06:11:30 DEBUG    CWD: /home/runner/work/NextSSL/NextSSL
2026-04-30 06:11:58 ERROR      shared:INFO: (Emscripten: Running sanity checks)
2026-04-30 06:11:58 ERROR      wasm-ld: error: /tmp/emscripten_temp_mabwc5jr/scrypt_adapter.o: undefined symbol: nextssl_crypto_scrypt
2026-04-30 06:11:58 ERROR      wasm-ld: error: /tmp/emscripten_temp_mabwc5jr/scrypt_adapter.o: undefined symbol: nextssl_crypto_scrypt
2026-04-30 06:11:58 ERROR      wasm-ld: error: /tmp/emscripten_temp_mabwc5jr/lyra2_adapter.o: undefined symbol: LYRA2
2026-04-30 06:11:58 ERROR      wasm-ld: error: /tmp/emscripten_temp_mabwc5jr/lyra2_adapter.o: undefined symbol: LYRA2
2026-04-30 06:11:58 ERROR      wasm-ld: error: /tmp/emscripten_temp_mabwc5jr/yescrypt_adapter.o: undefined symbol: yescrypt_init_local
2026-04-30 06:11:58 ERROR      wasm-ld: error: /tmp/emscripten_temp_mabwc5jr/yescrypt_adapter.o: undefined symbol: yescrypt_kdf
2026-04-30 06:11:58 ERROR      wasm-ld: error: /tmp/emscripten_temp_mabwc5jr/yescrypt_adapter.o: undefined symbol: yescrypt_free_local
2026-04-30 06:11:58 ERROR      wasm-ld: error: /tmp/emscripten_temp_mabwc5jr/yescrypt_adapter.o: undefined symbol: yescrypt_init_local
2026-04-30 06:11:58 ERROR      wasm-ld: error: /tmp/emscripten_temp_mabwc5jr/yescrypt_adapter.o: undefined symbol: yescrypt_kdf
2026-04-30 06:11:58 ERROR      wasm-ld: error: /tmp/emscripten_temp_mabwc5jr/yescrypt_adapter.o: undefined symbol: yescrypt_free_local
2026-04-30 06:11:58 ERROR      wasm-ld: error: /tmp/emscripten_temp_mabwc5jr/catena_adapter.o: undefined symbol: Catena
2026-04-30 06:11:58 ERROR      wasm-ld: error: /tmp/emscripten_temp_mabwc5jr/catena_adapter.o: undefined symbol: Catena
2026-04-30 06:11:58 ERROR      wasm-ld: error: /tmp/emscripten_temp_mabwc5jr/makwa_adapter.o: undefined symbol: makwa_hash
2026-04-30 06:11:58 ERROR      wasm-ld: error: /tmp/emscripten_temp_mabwc5jr/pomelo_adapter.o: undefined symbol: PHS
2026-04-30 06:11:58 ERROR      wasm-ld: error: /tmp/emscripten_temp_mabwc5jr/balloon_adapter.o: undefined symbol: hash_state_init
2026-04-30 06:11:58 ERROR      wasm-ld: error: /tmp/emscripten_temp_mabwc5jr/balloon_adapter.o: undefined symbol: hash_state_fill
2026-04-30 06:11:58 ERROR      wasm-ld: error: /tmp/emscripten_temp_mabwc5jr/balloon_adapter.o: undefined symbol: hash_state_mix
2026-04-30 06:11:58 ERROR      wasm-ld: error: /tmp/emscripten_temp_mabwc5jr/balloon_adapter.o: undefined symbol: hash_state_extract
2026-04-30 06:11:58 ERROR      wasm-ld: error: /tmp/emscripten_temp_mabwc5jr/balloon_adapter.o: undefined symbol: hash_state_free
2026-04-30 06:11:58 ERROR      wasm-ld: error: /tmp/emscripten_temp_mabwc5jr/balloon_adapter.o: undefined symbol: hash_state_free
2026-04-30 06:11:58 ERROR      wasm-ld: error: too many errors emitted, stopping now (use -error-limit=0 to see all errors)
2026-04-30 06:11:58 ERROR      emcc: error: '/home/runner/work/_temp/emsdk/upstream/bin/wasm-ld @/tmp/emscripten_dafg0zrp.rsp.utf-8' failed (returned 1)
2026-04-30 06:11:58 ERROR      
2026-04-30 06:11:58 ERROR      ============================================================
2026-04-30 06:11:58 ERROR      CMD: /home/runner/work/_temp/emsdk/upstream/emscripten/emcc @/home/runner/work/NextSSL/NextSSL/temp/emcc_args.rsp
2026-04-30 06:11:58 ERROR      CWD: /home/runner/work/NextSSL/NextSSL
2026-04-30 06:11:58 ERROR      ============================================================
2026-04-30 06:11:58 ERROR      
2026-04-30 06:11:58 ERROR      2026-04-30 06:11:58 DEBUG    emcc @response_file exited with code 1
2026-04-30 06:11:58 ERROR      2026-04-30 06:11:58 ERROR    emcc failed (exit 1)
2026-04-30 06:11:58 ERROR    ──────────────────────────────────────────
