2026-03-07 00:37:57,734 - INFO - Successfully built main
2026-03-07 00:38:00,812 - INFO - === Running 2 test suites... ===
2026-03-07 00:38:00,812 - INFO - -> Running script.test.primary.system
2026-03-07 00:38:00,812 - INFO - -> Loading /Users/runner/work/NextSSL/NextSSL/bin/mac/primary/main.dylib
2026-03-07 00:38:00,812 - INFO - [PASS] DLL Loaded
2026-03-07 00:38:00,813 - INFO - [PASS] SHA256 utility OK
2026-03-07 00:38:00,813 - INFO - [PASS] DHCM OK
2026-03-07 00:38:00,813 - INFO - [PASS] nextssl_root_pow challenge/solve/verify (d=4, sha256) OK
2026-03-07 00:38:00,813 - INFO - [PASS] PQC symbols OK
2026-03-07 00:38:00,813 - INFO - [PASS] AES-CBC OK
2026-03-07 00:38:00,813 - INFO - [PASS] nextssl_init(MODERN) + nextssl_hash OK
2026-03-07 00:38:00,814 - INFO - [PASS] nextssl_encrypt/decrypt round-trip OK
2026-03-07 00:38:00,814 - INFO - [PASS] nextssl_init_custom + security_level 'custom' OK
2026-03-07 00:38:00,814 - INFO - [PASS] nextssl_root_hash_sha256 KAT OK
2026-03-07 00:38:00,814 - INFO - [PASS] nextssl_root_hash_sha512 KAT OK
2026-03-07 00:38:00,814 - INFO - [PASS] nextssl_root_hash_blake3 KAT OK
2026-03-07 00:38:00,814 - INFO - [PASS] nextssl_root_hash_sha3_256 KAT OK
2026-03-07 00:38:00,814 - INFO - [PASS] nextssl_root_legacy_alive_sha1 KAT OK
2026-03-07 00:38:00,814 - INFO - [PASS] nextssl_root_legacy_alive_md5 KAT OK
2026-03-07 00:38:00,814 - INFO - [PASS] nextssl_root_aead AES-256-GCM round-trip OK
2026-03-07 00:38:00,814 - INFO - [PASS] nextssl_root_aead ChaCha20-Poly1305 round-trip OK
2026-03-07 00:38:00,814 - INFO - [PASS] nextssl_root_ecc_ed25519 sign/verify OK
2026-03-07 00:38:00,814 - INFO - [PASS] nextssl_root_ecc_x25519 ECDH round-trip OK
2026-03-07 00:38:00,815 - INFO - [PASS] nextssl_root_pqc_kem_mlkem768 KEM OK
2026-03-07 00:38:00,817 - INFO - [PASS] nextssl_root_pqc_sign_mldsa65 sign/verify OK
2026-03-07 00:38:00,818 - INFO - [PASS] nextssl_root_pqc_sign_mldsa87 sign/verify OK
2026-03-07 00:38:00,878 - INFO - [PASS] nextssl_root_hash_argon2id OK
2026-03-07 00:38:00,878 - INFO - [PASS] Main unified DLL OK
2026-03-07 00:38:00,878 - INFO - -> Running script.test.primary.system_lite
2026-03-07 00:38:00,878 - INFO - -> Loading /Users/runner/work/NextSSL/NextSSL/bin/mac/primary/main_lite.dylib
2026-03-07 00:38:00,879 - INFO - [PASS] DLL Loaded
2026-03-07 00:38:00,879 - INFO - [PASS] nextssl_hash (SHA-256) OK
2026-03-07 00:38:00,879 - INFO - [PASS] nextssl_encrypt/decrypt (AES-256-GCM) OK
2026-03-07 00:38:00,993 - INFO - [PASS] nextssl_password_hash/verify (Argon2id) OK
2026-03-07 00:38:00,994 - INFO - [PASS] nextssl_keygen/keyexchange (X25519) OK
2026-03-07 00:38:00,994 - INFO - [PASS] nextssl_sign/verify (Ed25519) OK
2026-03-07 00:38:00,994 - INFO - [PASS] nextssl_pow_solve/verify OK
2026-03-07 00:38:00,994 - INFO - [PASS] nextssl_variant() == 'lite' OK
2026-03-07 00:38:00,994 - INFO - [PASS] nextssl_init(MODERN) + security_level OK
2026-03-07 00:38:00,994 - INFO - [PASS] nextssl_init second call idempotent OK
2026-03-07 00:38:00,994 - INFO - [PASS] nextssl_has_algorithm (known algos) OK
2026-03-07 00:38:00,994 - INFO - [PASS] nextssl_has_algorithm (unknown algo) returns 0 OK
2026-03-07 00:38:00,994 - INFO - [PASS] nextssl_hash_ex (SHA-512) OK
2026-03-07 00:38:00,994 - INFO - [PASS] nextssl_encrypt_ex/decrypt_ex (ChaCha20-Poly1305) OK
2026-03-07 00:38:00,994 - INFO - [PASS] nextssl_version() = NextSSL v0.1.0-beta-lite OK
2026-03-07 00:38:00,995 - INFO - [PASS] nextssl_init(PQC) + hash BLAKE3 dispatch OK
2026-03-07 00:38:00,995 - INFO - [PASS] nextssl_init_custom + security_level 'custom' OK
2026-03-07 00:38:00,995 - INFO - [PASS] nextssl_root_hash_sha256 KAT OK
2026-03-07 00:38:00,995 - INFO - [PASS] nextssl_root_hash_blake3 KAT OK
2026-03-07 00:38:00,995 - INFO - [PASS] nextssl_root_aead_aesgcm encrypt/decrypt round-trip OK
2026-03-07 00:38:00,995 - INFO - [PASS] nextssl_root_aead_chacha20 encrypt/decrypt round-trip OK
2026-03-07 00:38:00,995 - INFO - [PASS] nextssl_root_ecc_ed25519 keygen/sign/verify OK
2026-03-07 00:38:00,996 - INFO - [PASS] nextssl_root_pqc_sign_mldsa87 keygen/sign/verify OK
2026-03-07 00:38:00,999 - INFO - [PASS] nextssl_root_hash_argon2id OK
2026-03-07 00:38:01,000 - INFO - [PASS] nextssl_root_hash_sha512 KAT OK
2026-03-07 00:38:01,003 - INFO - [PASS] nextssl_root_hash_argon2id (explicit t/m/p) OK
2026-03-07 00:38:01,003 - INFO - [PASS] nextssl_root_aead_aesgcm encrypt/decrypt with AAD OK
2026-03-07 00:38:01,003 - INFO - [PASS] nextssl_root_aead_chacha20 encrypt/decrypt with AAD OK
2026-03-07 00:38:01,004 - INFO - [PASS] nextssl_root_ecc_ed25519_keygen/sign/verify OK
2026-03-07 00:38:01,004 - INFO - [PASS] nextssl_root_ecc_x25519_keygen/exchange OK
2026-03-07 00:38:01,004 - INFO - [PASS] nextssl_root_pqc_kem_mlkem1024 keygen/encaps/decaps OK
2026-03-07 00:38:01,005 - INFO - [PASS] nextssl_root_pqc_sign_mldsa87 keygen/sign/verify OK
2026-03-07 00:38:01,005 - INFO - [PASS] nextssl_root_pow challenge/solve/verify (d=4, sha256) OK
2026-03-07 00:38:01,005 - INFO - [PASS] Lite unified DLL OK
2026-03-07 00:38:01,005 - INFO - [PASS] ALL TESTS PASSED
2026-03-07 00:46:13,146 - INFO - Successfully built main
2026-03-07 00:46:16,240 - INFO - === Running 2 test suites... ===
2026-03-07 00:46:16,240 - INFO - -> Running script.test.primary.system
2026-03-07 00:46:16,240 - INFO - -> Loading /Users/runner/work/NextSSL/NextSSL/bin/mac/primary/main.dylib
2026-03-07 00:46:16,241 - INFO - [PASS] DLL Loaded
2026-03-07 00:46:16,241 - INFO - [PASS] SHA256 utility OK
2026-03-07 00:46:16,241 - INFO - [PASS] DHCM OK
2026-03-07 00:46:16,241 - INFO - [PASS] nextssl_root_pow challenge/solve/verify (d=4, sha256) OK
2026-03-07 00:46:16,241 - INFO - [PASS] PQC symbols OK
2026-03-07 00:46:16,241 - INFO - [PASS] AES-CBC OK
2026-03-07 00:46:16,241 - INFO - [PASS] nextssl_init(MODERN) + nextssl_hash OK
2026-03-07 00:46:16,242 - INFO - [PASS] nextssl_encrypt/decrypt round-trip OK
2026-03-07 00:46:16,242 - INFO - [PASS] nextssl_init_custom + security_level 'custom' OK
2026-03-07 00:46:16,242 - INFO - [PASS] nextssl_root_hash_sha256 KAT OK
2026-03-07 00:46:16,242 - INFO - [PASS] nextssl_root_hash_sha512 KAT OK
2026-03-07 00:46:16,242 - INFO - [PASS] nextssl_root_hash_blake3 KAT OK
2026-03-07 00:46:16,242 - INFO - [PASS] nextssl_root_hash_sha3_256 KAT OK
2026-03-07 00:46:16,242 - INFO - [PASS] nextssl_root_legacy_alive_sha1 KAT OK
2026-03-07 00:46:16,242 - INFO - [PASS] nextssl_root_legacy_alive_md5 KAT OK
2026-03-07 00:46:16,242 - INFO - [PASS] nextssl_root_aead AES-256-GCM round-trip OK
2026-03-07 00:46:16,242 - INFO - [PASS] nextssl_root_aead ChaCha20-Poly1305 round-trip OK
2026-03-07 00:46:16,242 - INFO - [PASS] nextssl_root_ecc_ed25519 sign/verify OK
2026-03-07 00:46:16,243 - INFO - [PASS] nextssl_root_ecc_x25519 ECDH round-trip OK
2026-03-07 00:46:16,243 - INFO - [PASS] nextssl_root_pqc_kem_mlkem768 KEM OK
2026-03-07 00:46:16,244 - INFO - [PASS] nextssl_root_pqc_sign_mldsa65 sign/verify OK
2026-03-07 00:46:16,245 - INFO - [PASS] nextssl_root_pqc_sign_mldsa87 sign/verify OK
2026-03-07 00:46:16,297 - INFO - [PASS] nextssl_root_hash_argon2id OK
2026-03-07 00:46:16,297 - INFO - [PASS] Main unified DLL OK
2026-03-07 00:46:16,297 - INFO - -> Running script.test.primary.system_lite
2026-03-07 00:46:16,297 - INFO - -> Loading /Users/runner/work/NextSSL/NextSSL/bin/mac/primary/main_lite.dylib
2026-03-07 00:46:16,298 - INFO - [PASS] DLL Loaded
2026-03-07 00:46:16,298 - INFO - [PASS] nextssl_hash (SHA-256) OK
2026-03-07 00:46:16,298 - INFO - [PASS] nextssl_encrypt/decrypt (AES-256-GCM) OK
2026-03-07 00:46:16,409 - INFO - [PASS] nextssl_password_hash/verify (Argon2id) OK
2026-03-07 00:46:16,410 - INFO - [PASS] nextssl_keygen/keyexchange (X25519) OK
2026-03-07 00:46:16,411 - INFO - [PASS] nextssl_sign/verify (Ed25519) OK
2026-03-07 00:46:16,411 - INFO - [PASS] nextssl_pow_solve/verify OK
2026-03-07 00:46:16,411 - INFO - [PASS] nextssl_variant() == 'lite' OK
2026-03-07 00:46:16,411 - INFO - [PASS] nextssl_init(MODERN) + security_level OK
2026-03-07 00:46:16,411 - INFO - [PASS] nextssl_init second call idempotent OK
2026-03-07 00:46:16,411 - INFO - [PASS] nextssl_has_algorithm (known algos) OK
2026-03-07 00:46:16,411 - INFO - [PASS] nextssl_has_algorithm (unknown algo) returns 0 OK
2026-03-07 00:46:16,411 - INFO - [PASS] nextssl_hash_ex (SHA-512) OK
2026-03-07 00:46:16,411 - INFO - [PASS] nextssl_encrypt_ex/decrypt_ex (ChaCha20-Poly1305) OK
2026-03-07 00:46:16,411 - INFO - [PASS] nextssl_version() = NextSSL v0.1.0-beta-lite OK
2026-03-07 00:46:16,411 - INFO - [PASS] nextssl_init(PQC) + hash BLAKE3 dispatch OK
2026-03-07 00:46:16,411 - INFO - [PASS] nextssl_init_custom + security_level 'custom' OK
2026-03-07 00:46:16,411 - INFO - [PASS] nextssl_root_hash_sha256 KAT OK
2026-03-07 00:46:16,411 - INFO - [PASS] nextssl_root_hash_blake3 KAT OK
2026-03-07 00:46:16,411 - INFO - [PASS] nextssl_root_aead_aesgcm encrypt/decrypt round-trip OK
2026-03-07 00:46:16,411 - INFO - [PASS] nextssl_root_aead_chacha20 encrypt/decrypt round-trip OK
2026-03-07 00:46:16,411 - INFO - [PASS] nextssl_root_ecc_ed25519 keygen/sign/verify OK
2026-03-07 00:46:16,412 - INFO - [PASS] nextssl_root_pqc_sign_mldsa87 keygen/sign/verify OK
2026-03-07 00:46:16,417 - INFO - [PASS] nextssl_root_hash_argon2id OK
2026-03-07 00:46:16,417 - INFO - [PASS] nextssl_root_hash_sha512 KAT OK
2026-03-07 00:46:16,420 - INFO - [PASS] nextssl_root_hash_argon2id (explicit t/m/p) OK
2026-03-07 00:46:16,420 - INFO - [PASS] nextssl_root_aead_aesgcm encrypt/decrypt with AAD OK
2026-03-07 00:46:16,421 - INFO - [PASS] nextssl_root_aead_chacha20 encrypt/decrypt with AAD OK
2026-03-07 00:46:16,421 - INFO - [PASS] nextssl_root_ecc_ed25519_keygen/sign/verify OK
2026-03-07 00:46:16,421 - INFO - [PASS] nextssl_root_ecc_x25519_keygen/exchange OK
2026-03-07 00:46:16,421 - INFO - [PASS] nextssl_root_pqc_kem_mlkem1024 keygen/encaps/decaps OK
2026-03-07 00:46:16,422 - INFO - [PASS] nextssl_root_pqc_sign_mldsa87 keygen/sign/verify OK
2026-03-07 00:46:16,422 - INFO - [PASS] nextssl_root_pow challenge/solve/verify (d=4, sha256) OK
2026-03-07 00:46:16,422 - INFO - [PASS] Lite unified DLL OK
2026-03-07 00:46:16,422 - INFO - [PASS] ALL TESTS PASSED
