[1/678] Building C object CMakeFiles/nextssl.dir/src/encoding/base58.c.o
[2/678] Building C object CMakeFiles/nextssl.dir/src/encoding/base32.c.o
[3/678] Building C object CMakeFiles/nextssl.dir/src/encoding/base62.c.o
[4/678] Building C object CMakeFiles/nextssl.dir/src/encoding/base16.c.o
[5/678] Building C object CMakeFiles/nextssl.dir/src/encoding/base64url.c.o
[6/678] Building C object CMakeFiles/nextssl.dir/src/encoding/base64.c.o
[7/678] Building C object CMakeFiles/nextssl.dir/src/common/sanitizer/nextssl_sanitizer.c.o
[8/678] Building C object CMakeFiles/nextssl.dir/src/encoding/base85.c.o
[9/678] Building C object CMakeFiles/nextssl.dir/src/encoding/bech32.c.o
[10/678] Building C object CMakeFiles/nextssl.dir/src/encoding/crc64.c.o
[11/678] Building C object CMakeFiles/nextssl.dir/src/encoding/hex.c.o
[12/678] Building C object CMakeFiles/nextssl.dir/src/encoding/base58check.c.o
[13/678] Building C object CMakeFiles/nextssl.dir/src/encoding/crc32.c.o
[14/678] Building C object CMakeFiles/nextssl.dir/src/encoding/pem.c.o
[15/678] Building C object CMakeFiles/nextssl.dir/src/encoding/radix_common.c.o
[16/678] Building C object CMakeFiles/nextssl.dir/src/hash/_argon2/argon2.c.o
[17/678] Building C object CMakeFiles/nextssl.dir/src/encoding/ff70.c.o
[18/678] Building C object CMakeFiles/nextssl.dir/src/hash/_argon2/thread.c.o
[19/678] Building C object CMakeFiles/nextssl.dir/src/hash/_argon2/blake2b.c.o
[20/678] Building C object CMakeFiles/nextssl.dir/src/hash/_argon2/argon2_encoding.c.o
[21/678] Building C object CMakeFiles/nextssl.dir/src/hash/_argon2/core.c.o
[22/678] Building C object CMakeFiles/nextssl.dir/src/hash/_argon2/opt.c.o
[23/678] Building C object CMakeFiles/nextssl.dir/src/hash/_skein/skein_ops.c.o
[24/678] Building C object CMakeFiles/nextssl.dir/src/hash/_keccak/keccak.c.o
[25/678] Building C object CMakeFiles/nextssl.dir/src/hash/_skein/skein.c.o
[26/678] Building C object CMakeFiles/nextssl.dir/src/hash/_skein/skeinApi.c.o
[27/678] Building C object CMakeFiles/nextssl.dir/src/hash/_skein/threefish256Block.c.o
[28/678] Building C object CMakeFiles/nextssl.dir/src/hash/_skein/threefishApi.c.o
[29/678] Building C object CMakeFiles/nextssl.dir/src/hash/adapters/argon2_adapter.c.o
[30/678] Building C object CMakeFiles/nextssl.dir/src/hash/adapters/argon2d_adapter.c.o
[31/678] Building C object CMakeFiles/nextssl.dir/src/hash/_skein/threefish512Block.c.o
[32/678] Building C object CMakeFiles/nextssl.dir/src/hash/adapters/argon2i_adapter.c.o
[33/678] Building C object CMakeFiles/nextssl.dir/src/hash/adapters/argon2id_adapter.c.o
[34/678] Building C object CMakeFiles/nextssl.dir/src/hash/adapters/balloon_adapter.c.o
[35/678] Building C object CMakeFiles/nextssl.dir/src/hash/adapters/catena_adapter.c.o
[36/678] Building C object CMakeFiles/nextssl.dir/src/hash/adapters/bcrypt_adapter.c.o
[37/678] Building C object CMakeFiles/nextssl.dir/src/hash/adapters/plain_hash_adapter.c.o
[38/678] Building C object CMakeFiles/nextssl.dir/src/hash/adapters/lyra2_adapter.c.o
[39/678] Building C object CMakeFiles/nextssl.dir/src/hash/adapters/makwa_adapter.c.o
[40/678] Building C object CMakeFiles/nextssl.dir/src/hash/adapters/pomelo_adapter.c.o
[41/678] Building C object CMakeFiles/nextssl.dir/src/hash/adapters/scrypt_adapter.c.o
[42/678] Building C object CMakeFiles/nextssl.dir/src/hash/argon2d/argon2d.c.o
[43/678] Building C object CMakeFiles/nextssl.dir/src/hash/adapters/yescrypt_adapter.c.o
[44/678] Building C object CMakeFiles/nextssl.dir/src/hash/argon2i/argon2i.c.o
[45/678] Building C object CMakeFiles/nextssl.dir/src/hash/argon2id/argon2id.c.o
[46/678] Building C object CMakeFiles/nextssl.dir/src/hash/balloon/balloon_openssl_compat.c.o
[47/678] Building C object CMakeFiles/nextssl.dir/src/hash/_skein/threefish1024Block.c.o
[48/678] Building C object CMakeFiles/nextssl.dir/src/hash/balloon/balloon_ops.c.o
[49/678] Building C object CMakeFiles/nextssl.dir/src/hash/balloon/bitstream.c.o
[50/678] Building C object CMakeFiles/nextssl.dir/src/hash/balloon/compress.c.o
[51/678] Building C object CMakeFiles/nextssl.dir/src/hash/balloon/encode.c.o
[52/678] Building C object CMakeFiles/nextssl.dir/src/hash/bcrypt/crypt_gensalt.c.o
[53/678] Building C object CMakeFiles/nextssl.dir/src/hash/balloon/hash_state.c.o
[54/678] Building C object CMakeFiles/nextssl.dir/src/hash/bcrypt/bcrypt_ops.c.o
[55/678] Building C object CMakeFiles/nextssl.dir/src/hash/blake2s/blake2s.c.o
[56/678] Building C object CMakeFiles/nextssl.dir/src/hash/blake3/blake3.c.o
[57/678] Building C object CMakeFiles/nextssl.dir/src/hash/bcrypt/crypt_blowfish.c.o
[58/678] Building C object CMakeFiles/nextssl.dir/src/hash/blake2b/blake2b.c.o
[59/678] Building C object CMakeFiles/nextssl.dir/src/hash/blake3/blake3_dispatch.c.o
[60/678] Building C object CMakeFiles/nextssl.dir/src/hash/blake3/blake3_portable.c.o
[61/678] Building C object CMakeFiles/nextssl.dir/src/hash/catena/catena-BRG.c.o
[62/678] Building C object CMakeFiles/nextssl.dir/src/hash/_skein/skein_block.c.o
[63/678] Building C object CMakeFiles/nextssl.dir/src/hash/catena/catena-blake2b-ref.c.o
[64/678] Building C object CMakeFiles/nextssl.dir/src/hash/catena/blake2b-ref.c.o
[65/678] Building C object CMakeFiles/nextssl.dir/src/hash/blake3/blake3_avx2.c.o
[66/678] Building C object CMakeFiles/nextssl.dir/src/hash/catena/catena-helpers.c.o
[67/678] Building C object CMakeFiles/nextssl.dir/src/hash/catena/catena.c.o
[68/678] Building C object CMakeFiles/nextssl.dir/src/hash/catena/catena_ops.c.o
[69/678] Building C object CMakeFiles/nextssl.dir/src/hash/interface/hash_ops_disabled_stubs.c.o
[70/678] Building C object CMakeFiles/nextssl.dir/src/hash/cshake/cshake.c.o
[71/678] Building C object CMakeFiles/nextssl.dir/src/hash/generic/nextssl_hash.c.o
[72/678] Building C object CMakeFiles/nextssl.dir/src/hash/blake3/blake3_sse2.c.o
[73/678] Building C object CMakeFiles/nextssl.dir/src/hash/keccak256/keccak256.c.o
[74/678] Building C object CMakeFiles/nextssl.dir/src/hash/has160/has160.c.o
[75/678] Building C object CMakeFiles/nextssl.dir/src/hash/kmac128/kmac128.c.o
[76/678] Building C object CMakeFiles/nextssl.dir/src/hash/kmac256/kmac256.c.o
[77/678] Building C object CMakeFiles/nextssl.dir/src/hash/lyra2/Lyra2.c.o
[78/678] Building C object CMakeFiles/nextssl.dir/src/hash/kmac/kmac.c.o
[79/678] Building C object CMakeFiles/nextssl.dir/src/hash/lyra2/lyra2_ops.c.o
[80/678] Building C object CMakeFiles/nextssl.dir/src/hash/blake3/blake3_sse41.c.o
[81/678] Building C object CMakeFiles/nextssl.dir/src/hash/makwa/makwa_ops.c.o
[82/678] Building C object CMakeFiles/nextssl.dir/src/hash/lyra2/Sponge.c.o
[83/678] Building C object CMakeFiles/nextssl.dir/src/hash/interface/hash_registry.c.o
[84/678] Building C object CMakeFiles/nextssl.dir/src/hash/md2/md2.c.o
[85/678] Building C object CMakeFiles/nextssl.dir/src/hash/makwa/makwa.c.o
[86/678] Building C object CMakeFiles/nextssl.dir/src/hash/md4/md4.c.o
[87/678] Building C object CMakeFiles/nextssl.dir/src/hash/nt/nt.c.o
[88/678] Building C object CMakeFiles/nextssl.dir/src/hash/pomelo/pomelo.c.o
[89/678] Building C object CMakeFiles/nextssl.dir/src/hash/parallelhash/parallelhash.c.o
[90/678] Building C object CMakeFiles/nextssl.dir/src/hash/pomelo/pomelo_ops.c.o
[91/678] Building C object CMakeFiles/nextssl.dir/src/hash/record/lms/lms_params.c.o
[92/678] Building C object CMakeFiles/nextssl.dir/src/hash/md5/md5.c.o
[93/678] Building C object CMakeFiles/nextssl.dir/src/hash/record/lms/lmots.c.o
[94/678] Building C object CMakeFiles/nextssl.dir/src/hash/record/lms/lms.c.o
[95/678] Building C object CMakeFiles/nextssl.dir/src/hash/record/hash_record_core.c.o
[96/678] Building C object CMakeFiles/nextssl.dir/src/hash/ripemd128/ripemd128.c.o
[97/678] Building C object CMakeFiles/nextssl.dir/src/hash/ripemd256/ripemd256.c.o
[98/678] Building C object CMakeFiles/nextssl.dir/src/hash/ripemd160/ripemd160.c.o
[99/678] Building C object CMakeFiles/nextssl.dir/src/hash/scrypt/crypto_scrypt-ref.c.o
[100/678] Building C object CMakeFiles/nextssl.dir/src/hash/root_functions/hash_root.c.o
[101/678] Building C object CMakeFiles/nextssl.dir/src/hash/scrypt/insecure_memzero.c.o
[102/678] Building C object CMakeFiles/nextssl.dir/src/hash/scrypt/scrypt_ops.c.o
[103/678] Building C object CMakeFiles/nextssl.dir/src/hash/ripemd320/ripemd320.c.o
[104/678] Building C object CMakeFiles/nextssl.dir/src/hash/sha1/sha1.c.o
[105/678] Building C object CMakeFiles/nextssl.dir/src/hash/sha224/sha224.c.o
[106/678] Building C object CMakeFiles/nextssl.dir/src/hash/sha0/sha0.c.o
[107/678] Building C object CMakeFiles/nextssl.dir/src/hash/sha3_224/sha3_224.c.o
[108/678] Building C object CMakeFiles/nextssl.dir/src/hash/sha3_512/sha3_512.c.o
FAILED: [code=1] CMakeFiles/nextssl.dir/src/hash/sha3_512/sha3_512.c.o 
/usr/bin/ccache /home/runner/.cache/nextssl-tools/zig/zig-linux-x86_64-0.14.0/zig cc --target=x86_64-linux-musl -DBLAKE3_NO_AVX512 -DENABLE_CATENA -DENABLE_FALCON -DENABLE_HQC -DENABLE_LYRA2 -DENABLE_MCELIECE -DENABLE_ML_DSA -DENABLE_ML_KEM -DENABLE_SCRYPT -DENABLE_SPHINCS -DENABLE_YESCRYPT -DHAVE_CURVE448 -DHAVE_ED448 -DNEXTSSL_BUILDING_DLL -DNEXTSSL_HAS_BALLOON -DNEXTSSL_HAS_MAKWA -DNEXTSSL_HAS_POMELO -DNEXTSSL_SUPPRESS_UPSTREAM_WARNINGS -Dnextssl_EXPORTS -I/home/runner/work/NextSSL/NextSSL/src/root -I/home/runner/work/NextSSL/NextSSL/src -I/home/runner/work/NextSSL/NextSSL/src/encoding -I/home/runner/work/NextSSL/NextSSL/src/common -I/home/runner/work/NextSSL/NextSSL/src/common/sanitizer -I/home/runner/work/NextSSL/NextSSL/src/hash -I/home/runner/work/NextSSL/NextSSL/src/hash/interface -I/home/runner/work/NextSSL/NextSSL/src/hash/adapters -I/home/runner/work/NextSSL/NextSSL/src/hash/generic -I/home/runner/work/NextSSL/NextSSL/src/hash/root_functions -I/home/runner/work/NextSSL/NextSSL/src/hash/_argon2 -I/home/runner/work/NextSSL/NextSSL/src/hash/_keccak -I/home/runner/work/NextSSL/NextSSL/src/hash/_skein -I/home/runner/work/NextSSL/NextSSL/src/hash/blake2b -I/home/runner/work/NextSSL/NextSSL/src/hash/blake2s -I/home/runner/work/NextSSL/NextSSL/src/hash/blake3 -I/home/runner/work/NextSSL/NextSSL/src/hash/sha224 -I/home/runner/work/NextSSL/NextSSL/src/hash/sha256 -I/home/runner/work/NextSSL/NextSSL/src/hash/sha384 -I/home/runner/work/NextSSL/NextSSL/src/hash/sha512 -I/home/runner/work/NextSSL/NextSSL/src/hash/sha512_224 -I/home/runner/work/NextSSL/NextSSL/src/hash/sha512_256 -I/home/runner/work/NextSSL/NextSSL/src/hash/sm3 -I/home/runner/work/NextSSL/NextSSL/src/hash/has160 -I/home/runner/work/NextSSL/NextSSL/src/hash/md2 -I/home/runner/work/NextSSL/NextSSL/src/hash/md4 -I/home/runner/work/NextSSL/NextSSL/src/hash/md5 -I/home/runner/work/NextSSL/NextSSL/src/hash/nt -I/home/runner/work/NextSSL/NextSSL/src/hash/ripemd128 -I/home/runner/work/NextSSL/NextSSL/src/hash/ripemd160 -I/home/runner/work/NextSSL/NextSSL/src/hash/ripemd256 -I/home/runner/work/NextSSL/NextSSL/src/hash/ripemd320 -I/home/runner/work/NextSSL/NextSSL/src/hash/sha0 -I/home/runner/work/NextSSL/NextSSL/src/hash/sha1 -I/home/runner/work/NextSSL/NextSSL/src/hash/tiger -I/home/runner/work/NextSSL/NextSSL/src/hash/whirlpool -I/home/runner/work/NextSSL/NextSSL/src/hash/argon2d -I/home/runner/work/NextSSL/NextSSL/src/hash/argon2i -I/home/runner/work/NextSSL/NextSSL/src/hash/argon2id -I/home/runner/work/NextSSL/NextSSL/src/hash/balloon -I/home/runner/work/NextSSL/NextSSL/src/hash/bcrypt -I/home/runner/work/NextSSL/NextSSL/src/hash/catena -I/home/runner/work/NextSSL/NextSSL/src/hash/lyra2 -I/home/runner/work/NextSSL/NextSSL/src/hash/makwa -I/home/runner/work/NextSSL/NextSSL/src/hash/pomelo -I/home/runner/work/NextSSL/NextSSL/src/hash/scrypt -I/home/runner/work/NextSSL/NextSSL/src/hash/yescrypt -I/home/runner/work/NextSSL/NextSSL/src/hash/keccak256 -I/home/runner/work/NextSSL/NextSSL/src/hash/sha3_224 -I/home/runner/work/NextSSL/NextSSL/src/hash/sha3_256 -I/home/runner/work/NextSSL/NextSSL/src/hash/sha3_384 -I/home/runner/work/NextSSL/NextSSL/src/hash/sha3_512 -I/home/runner/work/NextSSL/NextSSL/src/hash/shake -I/home/runner/work/NextSSL/NextSSL/src/hash/shake128 -I/home/runner/work/NextSSL/NextSSL/src/hash/shake256 -I/home/runner/work/NextSSL/NextSSL/src/hash/skein256 -I/home/runner/work/NextSSL/NextSSL/src/hash/skein512 -I/home/runner/work/NextSSL/NextSSL/src/hash/skein1024 -I/home/runner/work/NextSSL/NextSSL/src/hash/kmac -I/home/runner/work/NextSSL/NextSSL/src/hash/kmac128 -I/home/runner/work/NextSSL/NextSSL/src/hash/kmac256 -I/home/runner/work/NextSSL/NextSSL/src/hash/cshake -I/home/runner/work/NextSSL/NextSSL/src/hash/parallelhash -I/home/runner/work/NextSSL/NextSSL/src/hash/tuplehash -I/home/runner/work/NextSSL/NextSSL/src/seed -I/home/runner/work/NextSSL/NextSSL/src/seed/hash -I/home/runner/work/NextSSL/NextSSL/src/seed/random -I/home/runner/work/NextSSL/NextSSL/src/seed/rng -I/home/runner/work/NextSSL/NextSSL/src/seed/drbg -I/home/runner/work/NextSSL/NextSSL/src/seed/udbf -I/home/runner/work/NextSSL/NextSSL/src/modern -I/home/runner/work/NextSSL/NextSSL/src/modern/symmetric -I/home/runner/work/NextSSL/NextSSL/src/modern/aead -I/home/runner/work/NextSSL/NextSSL/src/modern/mac -I/home/runner/work/NextSSL/NextSSL/src/modern/kdf -I/home/runner/work/NextSSL/NextSSL/src/modern/curve_math -I/home/runner/work/NextSSL/NextSSL/src/modern/asymmetric -I/home/runner/work/NextSSL/NextSSL/src/modern/asymmetric/curve448 -I/home/runner/work/NextSSL/NextSSL/src/modern/asymmetric/rsa -I/home/runner/work/NextSSL/NextSSL/src/modern/symmetric/_aes -I/home/runner/work/NextSSL/NextSSL/src/modern/symmetric/aes_cbc -I/home/runner/work/NextSSL/NextSSL/src/modern/symmetric/aes_cbc_cs -I/home/runner/work/NextSSL/NextSSL/src/modern/symmetric/aes_cfb -I/home/runner/work/NextSSL/NextSSL/src/modern/symmetric/aes_ctr -I/home/runner/work/NextSSL/NextSSL/src/modern/symmetric/aes_ecb -I/home/runner/work/NextSSL/NextSSL/src/modern/symmetric/aes_fpe -I/home/runner/work/NextSSL/NextSSL/src/modern/symmetric/aes_kw -I/home/runner/work/NextSSL/NextSSL/src/modern/symmetric/aes_ofb -I/home/runner/work/NextSSL/NextSSL/src/modern/symmetric/aes_xpn -I/home/runner/work/NextSSL/NextSSL/src/modern/symmetric/aes_xts -I/home/runner/work/NextSSL/NextSSL/src/modern/symmetric/chacha20 -I/home/runner/work/NextSSL/NextSSL/src/modern/symmetric/three_des -I/home/runner/work/NextSSL/NextSSL/src/modern/aead/_monocypher -I/home/runner/work/NextSSL/NextSSL/src/modern/aead/aes_ccm -I/home/runner/work/NextSSL/NextSSL/src/modern/aead/aes_eax -I/home/runner/work/NextSSL/NextSSL/src/modern/aead/aes_gcm -I/home/runner/work/NextSSL/NextSSL/src/modern/aead/aes_gcm_siv -I/home/runner/work/NextSSL/NextSSL/src/modern/aead/aes_gmac -I/home/runner/work/NextSSL/NextSSL/src/modern/aead/aes_ocb -I/home/runner/work/NextSSL/NextSSL/src/modern/aead/aes_poly1305 -I/home/runner/work/NextSSL/NextSSL/src/modern/aead/aes_siv -I/home/runner/work/NextSSL/NextSSL/src/modern/aead/chacha20_poly1305 -I/home/runner/work/NextSSL/NextSSL/src/modern/aead/ascon/_ascon -I/home/runner/work/NextSSL/NextSSL/src/modern/mac/aes_cmac -I/home/runner/work/NextSSL/NextSSL/src/modern/mac/hmac -I/home/runner/work/NextSSL/NextSSL/src/modern/mac/poly1305 -I/home/runner/work/NextSSL/NextSSL/src/modern/mac/siphash -I/home/runner/work/NextSSL/NextSSL/src/modern/kdf/hkdf -I/home/runner/work/NextSSL/NextSSL/src/modern/kdf/pbkdf2 -I/home/runner/work/NextSSL/NextSSL/src/modern/asymmetric/_ed25519 -I/home/runner/work/NextSSL/NextSSL/src/modern/asymmetric/_nist_ecc -I/home/runner/work/NextSSL/NextSSL/src/modern/asymmetric/_nist_ecc/micro_ecc -I/home/runner/work/NextSSL/NextSSL/src/modern/asymmetric/p256 -I/home/runner/work/NextSSL/NextSSL/src/modern/asymmetric/p384 -I/home/runner/work/NextSSL/NextSSL/src/modern/asymmetric/p521 -I/home/runner/work/NextSSL/NextSSL/src/modern/asymmetric/det_ecdsa -I/home/runner/work/NextSSL/NextSSL/src/modern/asymmetric/dsa -I/home/runner/work/NextSSL/NextSSL/src/pow -I/home/runner/work/NextSSL/NextSSL/src/pow/core -I/home/runner/work/NextSSL/NextSSL/src/pow/client -I/home/runner/work/NextSSL/NextSSL/src/pow/server -I/home/runner/work/NextSSL/NextSSL/src/pow/dhcm -I/home/runner/work/NextSSL/NextSSL/src/pqc -I/home/runner/work/NextSSL/NextSSL/src/pqc/common -I/home/runner/work/NextSSL/NextSSL/src/root/hash -I/home/runner/work/NextSSL/NextSSL/src/root/seed -I/home/runner/work/NextSSL/NextSSL/src/root/modern -I/home/runner/work/NextSSL/NextSSL/src/root/pqc -I/home/runner/work/NextSSL/NextSSL/src/root/pow -O3 -DNDEBUG -std=gnu11 -fPIC -Wall -Wextra -Wno-unused-parameter -Wno-sign-compare -Wno-missing-field-initializers -O3 -MD -MT CMakeFiles/nextssl.dir/src/hash/sha3_512/sha3_512.c.o -MF CMakeFiles/nextssl.dir/src/hash/sha3_512/sha3_512.c.o.d -o CMakeFiles/nextssl.dir/src/hash/sha3_512/sha3_512.c.o -c /home/runner/work/NextSSL/NextSSL/src/hash/sha3_512/sha3_512.c
/home/runner/work/NextSSL/NextSSL/src/hash/sha3_512/sha3_512.c:7:5: error: call to undeclared function 'keccak_hash'; ISO C99 and later do not support implicit function declarations [-Wimplicit-function-declaration]
    7 |     keccak_hash(in, inlen, out, 64, 72, 0x06);
      |     ^
1 error generated.
[109/678] Building C object CMakeFiles/nextssl.dir/src/hash/scrypt/sha256_portable.c.o
[110/678] Building C object CMakeFiles/nextssl.dir/src/hash/sha3_384/sha3_384.c.o
[111/678] Building C object CMakeFiles/nextssl.dir/src/hash/sha3_256/sha3.c.o
[112/678] Building C object CMakeFiles/nextssl.dir/src/hash/sha512/sha512.c.o
[113/678] Building C object CMakeFiles/nextssl.dir/src/hash/sha256/sha256.c.o
ninja: build stopped: subcommand failed.

==============================================================================
CMD: cmake --build /home/runner/work/NextSSL/NextSSL/.ci_build/linux-musl/x86_64 --parallel 6
CWD: /home/runner/work/NextSSL/NextSSL
==============================================================================

