[1/670] Building C object CMakeFiles/nextssl.dir/src/encoding/base58check.c.obj
[2/670] Building C object CMakeFiles/nextssl.dir/src/encoding/base62.c.obj
[3/670] Building C object CMakeFiles/nextssl.dir/src/common/sanitizer/nextssl_sanitizer.c.obj
[4/670] Building C object CMakeFiles/nextssl.dir/src/encoding/base58.c.obj
[5/670] Building C object CMakeFiles/nextssl.dir/src/encoding/base16.c.obj
[6/670] Building C object CMakeFiles/nextssl.dir/src/encoding/base32.c.obj
[7/670] Building C object CMakeFiles/nextssl.dir/src/encoding/base85.c.obj
[8/670] Building C object CMakeFiles/nextssl.dir/src/encoding/base64.c.obj
[9/670] Building C object CMakeFiles/nextssl.dir/src/encoding/crc32.c.obj
[10/670] Building C object CMakeFiles/nextssl.dir/src/encoding/base64url.c.obj
[11/670] Building C object CMakeFiles/nextssl.dir/src/encoding/crc64.c.obj
[12/670] Building C object CMakeFiles/nextssl.dir/src/encoding/bech32.c.obj
[13/670] Building C object CMakeFiles/nextssl.dir/src/encoding/radix_common.c.obj
[14/670] Building C object CMakeFiles/nextssl.dir/src/encoding/hex.c.obj
[15/670] Building C object CMakeFiles/nextssl.dir/src/encoding/pem.c.obj
[16/670] Building C object CMakeFiles/nextssl.dir/src/encoding/ff70.c.obj
[17/670] Building C object CMakeFiles/nextssl.dir/src/hash/adapters/argon2id_adapter.c.obj
[18/670] Building C object CMakeFiles/nextssl.dir/src/hash/adapters/argon2i_adapter.c.obj
[19/670] Building C object CMakeFiles/nextssl.dir/src/hash/adapters/argon2d_adapter.c.obj
[20/670] Building C object CMakeFiles/nextssl.dir/src/hash/adapters/argon2_adapter.c.obj
[21/670] Building C object CMakeFiles/nextssl.dir/src/hash/adapters/balloon_adapter.c.obj
[22/670] Building C object CMakeFiles/nextssl.dir/src/hash/adapters/bcrypt_adapter.c.obj
[23/670] Building C object CMakeFiles/nextssl.dir/src/hash/adapters/catena_adapter.c.obj
[24/670] Building C object CMakeFiles/nextssl.dir/src/hash/adapters/pomelo_adapter.c.obj
[25/670] Building C object CMakeFiles/nextssl.dir/src/hash/adapters/scrypt_adapter.c.obj
[26/670] Building C object CMakeFiles/nextssl.dir/src/hash/adapters/lyra2_adapter.c.obj
[27/670] Building C object CMakeFiles/nextssl.dir/src/hash/adapters/makwa_adapter.c.obj
[28/670] Building C object CMakeFiles/nextssl.dir/src/hash/adapters/plain_hash_adapter.c.obj
[29/670] Building C object CMakeFiles/nextssl.dir/src/hash/blake/blake2s/blake2s.c.obj
[30/670] Building C object CMakeFiles/nextssl.dir/src/hash/blake/blake2b/blake2b.c.obj
[31/670] Building C object CMakeFiles/nextssl.dir/src/hash/blake/blake3/blake3.c.obj
[32/670] Building C object CMakeFiles/nextssl.dir/src/hash/blake/blake3/blake3_avx2.c.obj
[33/670] Building C object CMakeFiles/nextssl.dir/src/hash/blake/blake3/blake3_portable.c.obj
[34/670] Building C object CMakeFiles/nextssl.dir/src/hash/blake/blake3/blake3_dispatch.c.obj
[35/670] Building C object CMakeFiles/nextssl.dir/src/hash/adapters/yescrypt_adapter.c.obj
[36/670] Building C object CMakeFiles/nextssl.dir/src/hash/fast/sha224/sha224.c.obj
[37/670] Building C object CMakeFiles/nextssl.dir/src/hash/fast/sha256/sha256.c.obj
[38/670] Building C object CMakeFiles/nextssl.dir/src/hash/fast/sha512/sha512.c.obj
[39/670] Building C object CMakeFiles/nextssl.dir/src/hash/fast/sha512_224/sha512_224.c.obj
[40/670] Building C object CMakeFiles/nextssl.dir/src/hash/fast/sha512_256/sha512_256.c.obj
[41/670] Building C object CMakeFiles/nextssl.dir/src/hash/fast/sm3/sm3_ext.c.obj
[42/670] Building C object CMakeFiles/nextssl.dir/src/hash/fast/sm3/sm3_ops.c.obj
[43/670] Building C object CMakeFiles/nextssl.dir/src/hash/blake/blake3/blake3_avx512.c.obj
[44/670] Building C object CMakeFiles/nextssl.dir/src/hash/blake/blake3/blake3_sse2.c.obj
[45/670] Building C object CMakeFiles/nextssl.dir/src/hash/interface/hash_ops_disabled_stubs.c.obj
[46/670] Building C object CMakeFiles/nextssl.dir/src/hash/generic/nextssl_hash.c.obj
[47/670] Building C object CMakeFiles/nextssl.dir/src/hash/blake/blake3/blake3_sse41.c.obj
[48/670] Building C object CMakeFiles/nextssl.dir/src/hash/legacy/md2/md2.c.obj
[49/670] Building C object CMakeFiles/nextssl.dir/src/hash/legacy/has160/has160.c.obj
[50/670] Building C object CMakeFiles/nextssl.dir/src/hash/legacy/md4/md4.c.obj
[51/670] Building C object CMakeFiles/nextssl.dir/src/hash/legacy/md5/md5.c.obj
[52/670] Building C object CMakeFiles/nextssl.dir/src/hash/fast/sm3/sm3_impl.c.obj
[53/670] Building C object CMakeFiles/nextssl.dir/src/hash/legacy/nt/nt.c.obj
[54/670] Building C object CMakeFiles/nextssl.dir/src/hash/legacy/ripemd128/ripemd128.c.obj
[55/670] Building C object CMakeFiles/nextssl.dir/src/hash/legacy/ripemd256/ripemd256.c.obj
[56/670] Building C object CMakeFiles/nextssl.dir/src/hash/legacy/ripemd320/ripemd320.c.obj
[57/670] Building C object CMakeFiles/nextssl.dir/src/hash/legacy/ripemd160/ripemd160.c.obj
[58/670] Building C object CMakeFiles/nextssl.dir/src/hash/legacy/sha0/sha0.c.obj
[59/670] Building C object CMakeFiles/nextssl.dir/src/hash/legacy/tiger/tiger.c.obj
[60/670] Building C object CMakeFiles/nextssl.dir/src/hash/legacy/sha1/sha1.c.obj
[61/670] Building C object CMakeFiles/nextssl.dir/src/hash/legacy/tiger/tiger_sbox.c.obj
[62/670] Building C object CMakeFiles/nextssl.dir/src/hash/memory_hard/_argon2/argon2.c.obj
[63/670] Building C object CMakeFiles/nextssl.dir/src/hash/memory_hard/_argon2/argon2_encoding.c.obj
[64/670] Building C object CMakeFiles/nextssl.dir/src/hash/legacy/whirlpool/whirlpool.c.obj
[65/670] Building C object CMakeFiles/nextssl.dir/src/hash/memory_hard/_argon2/blake2b.c.obj
[66/670] Building C object CMakeFiles/nextssl.dir/src/hash/memory_hard/argon2d/argon2d.c.obj
[67/670] Building C object CMakeFiles/nextssl.dir/src/hash/memory_hard/_argon2/opt.c.obj
[68/670] Building C object CMakeFiles/nextssl.dir/src/hash/memory_hard/argon2i/argon2i.c.obj
[69/670] Building C object CMakeFiles/nextssl.dir/src/hash/memory_hard/argon2id/argon2id.c.obj
[70/670] Building C object CMakeFiles/nextssl.dir/src/hash/interface/hash_registry.c.obj
[71/670] Building C object CMakeFiles/nextssl.dir/src/hash/memory_hard/balloon/balloon_openssl_compat.c.obj
[72/670] Building C object CMakeFiles/nextssl.dir/src/hash/memory_hard/balloon/bitstream.c.obj
[73/670] Building C object CMakeFiles/nextssl.dir/src/hash/memory_hard/balloon/encode.c.obj
[74/670] Building C object CMakeFiles/nextssl.dir/src/hash/memory_hard/balloon/compress.c.obj
[75/670] Building C object CMakeFiles/nextssl.dir/src/hash/memory_hard/balloon/hash_state.c.obj
[76/670] Building C object CMakeFiles/nextssl.dir/src/hash/memory_hard/_argon2/core.c.obj
[77/670] Building C object CMakeFiles/nextssl.dir/src/hash/memory_hard/bcrypt/crypt_blowfish.c.obj
[78/670] Building C object CMakeFiles/nextssl.dir/src/hash/memory_hard/bcrypt/crypt_gensalt.c.obj
[79/670] Building C object CMakeFiles/nextssl.dir/src/hash/memory_hard/_argon2/thread.c.obj
[80/670] Building C object CMakeFiles/nextssl.dir/src/hash/memory_hard/catena/catena-BRG.c.obj
[81/670] Building C object CMakeFiles/nextssl.dir/src/hash/memory_hard/catena/catena-blake2b-ref.c.obj
[82/670] Building C object CMakeFiles/nextssl.dir/src/hash/memory_hard/catena/blake2b-ref.c.obj
[83/670] Building C object CMakeFiles/nextssl.dir/src/hash/memory_hard/catena/catena-helpers.c.obj
[84/670] Building C object CMakeFiles/nextssl.dir/src/hash/memory_hard/balloon/balloon_ops.c.obj
[85/670] Building C object CMakeFiles/nextssl.dir/src/hash/memory_hard/catena/catena.c.obj
[86/670] Building C object CMakeFiles/nextssl.dir/src/hash/memory_hard/lyra2/Lyra2.c.obj
[87/670] Building C object CMakeFiles/nextssl.dir/src/hash/memory_hard/lyra2/Sponge.c.obj
[88/670] Building C object CMakeFiles/nextssl.dir/src/hash/memory_hard/bcrypt/bcrypt_ops.c.obj
[89/670] Building C object CMakeFiles/nextssl.dir/src/hash/memory_hard/pomelo/pomelo.c.obj
[90/670] Building C object CMakeFiles/nextssl.dir/src/hash/memory_hard/catena/catena_ops.c.obj
[91/670] Building C object CMakeFiles/nextssl.dir/src/hash/memory_hard/lyra2/lyra2_ops.c.obj
[92/670] Building C object CMakeFiles/nextssl.dir/src/hash/memory_hard/makwa/makwa.c.obj
[93/670] Building C object CMakeFiles/nextssl.dir/src/hash/memory_hard/scrypt/insecure_memzero.c.obj
[94/670] Building C object CMakeFiles/nextssl.dir/src/hash/memory_hard/scrypt/crypto_scrypt-ref.c.obj
[95/670] Building C object CMakeFiles/nextssl.dir/src/hash/memory_hard/makwa/makwa_ops.c.obj
[96/670] Building C object CMakeFiles/nextssl.dir/src/hash/memory_hard/scrypt/sha256_portable.c.obj
[97/670] Building C object CMakeFiles/nextssl.dir/src/hash/memory_hard/pomelo/pomelo_ops.c.obj
[98/670] Building C object CMakeFiles/nextssl.dir/src/hash/memory_hard/yescrypt/yescrypt-common.c.obj
[99/670] Building C object CMakeFiles/nextssl.dir/src/hash/record/hash_record_core.c.obj
[100/670] Building C object CMakeFiles/nextssl.dir/src/hash/memory_hard/yescrypt/yescrypt-opt.c.obj
[101/670] Building C object CMakeFiles/nextssl.dir/src/hash/record/lms/lmots.c.obj
[102/670] Building C object CMakeFiles/nextssl.dir/src/hash/record/lms/lms.c.obj
[103/670] Building C object CMakeFiles/nextssl.dir/src/hash/record/lms/lms_params.c.obj
[104/670] Building C object CMakeFiles/nextssl.dir/src/hash/skein/_skein/skein.c.obj
[105/670] Building C object CMakeFiles/nextssl.dir/src/hash/root_functions/hash_root.c.obj
[106/670] Building C object CMakeFiles/nextssl.dir/src/hash/memory_hard/scrypt/scrypt_ops.c.obj
[107/670] Building C object CMakeFiles/nextssl.dir/src/hash/skein/_skein/skeinApi.c.obj
[108/670] Building C object CMakeFiles/nextssl.dir/src/hash/skein/_skein/skein_ops.c.obj
[109/670] Building C object CMakeFiles/nextssl.dir/src/hash/skein/_skein/threefish256Block.c.obj
[110/670] Building C object CMakeFiles/nextssl.dir/src/hash/skein/_skein/skein_block.c.obj
[111/670] Building C object CMakeFiles/nextssl.dir/src/hash/skein/_skein/threefishApi.c.obj
[112/670] Building C object CMakeFiles/nextssl.dir/src/hash/skein/_skein/threefish512Block.c.obj
[113/670] Building C object CMakeFiles/nextssl.dir/src/hash/memory_hard/yescrypt/yescrypt_ops.c.obj
[114/670] Building C object CMakeFiles/nextssl.dir/src/hash/sponge/_keccak/keccak.c.obj
[115/670] Building C object CMakeFiles/nextssl.dir/src/hash/skein/_skein/threefish1024Block.c.obj
[116/670] Building C object CMakeFiles/nextssl.dir/src/hash/sponge/sha3_224/sha3_224.c.obj
[117/670] Building C object CMakeFiles/nextssl.dir/src/hash/sponge/sha3_384/sha3_384.c.obj
[118/670] Building C object CMakeFiles/nextssl.dir/src/hash/sponge/sp800_185/cshake/cshake.c.obj
[119/670] Building C object CMakeFiles/nextssl.dir/src/hash/sponge/sha3/sha3.c.obj
[120/670] Building C object CMakeFiles/nextssl.dir/src/hash/sponge/shake/shake.c.obj
[121/670] Building C object CMakeFiles/nextssl.dir/src/hash/sponge/sp800_185/tuplehash/tuplehash.c.obj
[122/670] Building C object CMakeFiles/nextssl.dir/src/hash/sponge/sp800_185/kmac/kmac.c.obj
[123/670] Building C object CMakeFiles/nextssl.dir/src/modern/aead/aes_ccm/aes_ccm.c.obj
[124/670] Building C object CMakeFiles/nextssl.dir/src/hash/sponge/sp800_185/parallelhash/parallelhash.c.obj
[125/670] Building C object CMakeFiles/nextssl.dir/src/modern/aead/aes_eax/aes_eax.c.obj
[126/670] Building C object CMakeFiles/nextssl.dir/src/modern/aead/aes_gcm/aes_gcm.c.obj
[127/670] Building C object CMakeFiles/nextssl.dir/src/modern/aead/aes_gcm_siv/aes_gcm_siv.c.obj
[128/670] Building C object CMakeFiles/nextssl.dir/src/modern/aead/aes_ocb/aes_ocb.c.obj
[129/670] Building C object CMakeFiles/nextssl.dir/src/modern/aead/aes_gmac/aes_gmac.c.obj
[130/670] Building C object CMakeFiles/nextssl.dir/src/modern/aead/aes_siv/aes_siv.c.obj
[131/670] Building C object CMakeFiles/nextssl.dir/src/modern/aead/aes_poly1305/aes_poly1305.c.obj
[132/670] Building C object CMakeFiles/nextssl.dir/src/modern/aead/ascon/_ascon/ascon_core.c.obj
[133/670] Building C object CMakeFiles/nextssl.dir/src/modern/aead/ascon/aead128/ascon_aead128.c.obj
[134/670] Building C object CMakeFiles/nextssl.dir/src/modern/aead/ascon/hash256/ascon_hash256.c.obj
[135/670] Building C object CMakeFiles/nextssl.dir/src/modern/aead/ascon/cxof128/ascon_cxof128.c.obj
D:/a/NextSSL/NextSSL/src/modern/aead/ascon/cxof128/ascon_cxof128.c: In function 'ascon_cxof128_absorb':
D:/a/NextSSL/NextSSL/src/modern/aead/ascon/cxof128/ascon_cxof128.c:46:34: warning: writing 1 byte into a region of size 0 [-Wstringop-overflow=]
   46 |         ctx->buf[ctx->buf_len++] = *in++;
      |         ~~~~~~~~~~~~~~~~~~~~~~~~~^~~~~~~
In file included from D:/a/NextSSL/NextSSL/src/modern/aead/ascon/cxof128/ascon_cxof128.c:5:
D:/a/NextSSL/NextSSL/src/modern/aead/ascon/cxof128/ascon_cxof128.h:10:14: note: at offset 9 into destination object 'buf' of size 8
   10 |     uint8_t  buf[8];
      |              ^~~
[136/670] Building C object CMakeFiles/nextssl.dir/src/modern/aead/ascon/xof128/ascon_xof128.c.obj
D:/a/NextSSL/NextSSL/src/modern/aead/ascon/xof128/ascon_xof128.c: In function 'ascon_xof128_absorb':
D:/a/NextSSL/NextSSL/src/modern/aead/ascon/xof128/ascon_xof128.c:27:34: warning: writing 1 byte into a region of size 0 [-Wstringop-overflow=]
   27 |         ctx->buf[ctx->buf_len++] = *in++;
      |         ~~~~~~~~~~~~~~~~~~~~~~~~~^~~~~~~
In file included from D:/a/NextSSL/NextSSL/src/modern/aead/ascon/xof128/ascon_xof128.c:2:
D:/a/NextSSL/NextSSL/src/modern/aead/ascon/xof128/ascon_xof128.h:11:14: note: at offset 9 into destination object 'buf' of size 8
   11 |     uint8_t  buf[8];
      |              ^~~
[137/670] Building C object CMakeFiles/nextssl.dir/src/modern/asymmetric/_ed25519/add_scalar.c.obj
[138/670] Building C object CMakeFiles/nextssl.dir/src/modern/aead/chacha20_poly1305/chacha20_poly1305.c.obj
[139/670] Building C object CMakeFiles/nextssl.dir/src/modern/asymmetric/_ed25519/keypair.c.obj
[140/670] Building C object CMakeFiles/nextssl.dir/src/modern/asymmetric/_ed25519/key_exchange.c.obj
[141/670] Building C object CMakeFiles/nextssl.dir/src/modern/asymmetric/_ed25519/ge.c.obj
[142/670] Building C object CMakeFiles/nextssl.dir/src/modern/asymmetric/_ed25519/seed.c.obj
[143/670] Building C object CMakeFiles/nextssl.dir/src/modern/asymmetric/_ed25519/fe.c.obj
[144/670] Building C object CMakeFiles/nextssl.dir/src/modern/asymmetric/_ed25519/sha512.c.obj
[145/670] Building C object CMakeFiles/nextssl.dir/src/modern/aead/_monocypher/monocypher-ed25519.c.obj
[146/670] Building C object CMakeFiles/nextssl.dir/src/modern/asymmetric/_ed25519/sc.c.obj
[147/670] Building C object CMakeFiles/nextssl.dir/src/modern/asymmetric/_ed25519/sign.c.obj
[148/670] Building C object CMakeFiles/nextssl.dir/src/modern/asymmetric/_ed25519/verify.c.obj
[149/670] Building C object CMakeFiles/nextssl.dir/src/modern/asymmetric/curve448/curve448_det.c.obj
[150/670] Building C object CMakeFiles/nextssl.dir/src/modern/asymmetric/curve448/ed448.c.obj
[151/670] Building C object CMakeFiles/nextssl.dir/src/modern/asymmetric/curve448/curve448.c.obj
[152/670] Building C object CMakeFiles/nextssl.dir/src/modern/asymmetric/det_ecdsa/det_ecdsa.c.obj
[153/670] Building C object CMakeFiles/nextssl.dir/src/modern/asymmetric/curve448/fe_448.c.obj
[154/670] Building C object CMakeFiles/nextssl.dir/src/modern/asymmetric/dsa/dsa.c.obj
[155/670] Building C object CMakeFiles/nextssl.dir/src/modern/asymmetric/p384/p384.c.obj
[156/670] Building C object CMakeFiles/nextssl.dir/src/modern/asymmetric/p521/p521.c.obj
[157/670] Building C object CMakeFiles/nextssl.dir/src/modern/aead/_monocypher/monocypher.c.obj
[158/670] Building C object CMakeFiles/nextssl.dir/src/modern/asymmetric/curve448/ge_448.c.obj
[159/670] Building C object CMakeFiles/nextssl.dir/src/modern/asymmetric/rsa/rsa.c.obj
[160/670] Building C object CMakeFiles/nextssl.dir/src/modern/asymmetric/sm2/sm2.c.obj
[161/670] Building C object CMakeFiles/nextssl.dir/src/modern/base_encryption.c.obj
[162/670] Building C object CMakeFiles/nextssl.dir/src/modern/curve_math/ristretto255.c.obj
[163/670] Building C object CMakeFiles/nextssl.dir/src/modern/curve_math/elligator2.c.obj
[164/670] Building C object CMakeFiles/nextssl.dir/src/modern/mac/aes_cmac/aes_cmac.c.obj
[165/670] Building C object CMakeFiles/nextssl.dir/src/modern/asymmetric/_nist_ecc/micro_ecc/uECC.c.obj
[166/670] Building C object CMakeFiles/nextssl.dir/src/modern/mac/poly1305/poly1305.c.obj
[167/670] Building C object CMakeFiles/nextssl.dir/src/modern/asymmetric/p256/p256.c.obj
[168/670] Building C object CMakeFiles/nextssl.dir/src/modern/mac/siphash/siphash.c.obj
[169/670] Building C object CMakeFiles/nextssl.dir/src/modern/symmetric/aes_cbc/aes_cbc.c.obj
[170/670] Building C object CMakeFiles/nextssl.dir/src/modern/kdf/pbkdf2/pbkdf2.c.obj
[171/670] Building C object CMakeFiles/nextssl.dir/src/modern/symmetric/_aes/aes_core.c.obj
[172/670] Building C object CMakeFiles/nextssl.dir/src/modern/symmetric/aes_cfb/aes_cfb.c.obj
[173/670] Building C object CMakeFiles/nextssl.dir/src/modern/symmetric/aes_ctr/aes_ctr.c.obj
[174/670] Building C object CMakeFiles/nextssl.dir/src/modern/symmetric/aes_cbc_cs/aes_cbc_cs.c.obj
[175/670] Building C object CMakeFiles/nextssl.dir/src/modern/kdf/hkdf/hkdf.c.obj
[176/670] Building C object CMakeFiles/nextssl.dir/src/modern/symmetric/aes_ecb/aes_ecb.c.obj
[177/670] Building C object CMakeFiles/nextssl.dir/src/modern/symmetric/aes_ofb/aes_ofb.c.obj
[178/670] Building C object CMakeFiles/nextssl.dir/src/modern/mac/hmac/hmac.c.obj
[179/670] Building C object CMakeFiles/nextssl.dir/src/modern/symmetric/aes_kw/aes_kw.c.obj
[180/670] Building C object CMakeFiles/nextssl.dir/src/modern/symmetric/aes_xpn/aes_xpn.c.obj
[181/670] Building C object CMakeFiles/nextssl.dir/src/modern/symmetric/aes_fpe/aes_fpe.c.obj
[182/670] Building C object CMakeFiles/nextssl.dir/src/modern/symmetric/chacha20/chacha20.c.obj
[183/670] Building C object CMakeFiles/nextssl.dir/src/modern/symmetric/aes_xts/aes_xts.c.obj
[184/670] Building C object CMakeFiles/nextssl.dir/src/pow/client/pow_limits.c.obj
[185/670] Building C object CMakeFiles/nextssl.dir/src/pow/client/pow_reject.c.obj
[186/670] Building C object CMakeFiles/nextssl.dir/src/pow/client/pow_solver.c.obj
[187/670] Building C object CMakeFiles/nextssl.dir/src/pow/core/pow_difficulty.c.obj
[188/670] Building C object CMakeFiles/nextssl.dir/src/pow/core/pow_parser.c.obj
[189/670] Building C object CMakeFiles/nextssl.dir/src/pow/dhcm/dhcm_core.c.obj
[190/670] Building C object CMakeFiles/nextssl.dir/src/pow/dhcm/dhcm_difficulty.c.obj
[191/670] Building C object CMakeFiles/nextssl.dir/src/pow/dhcm/dhcm_math.c.obj
[192/670] Building C object CMakeFiles/nextssl.dir/src/modern/symmetric/sm4/sm4_impl.c.obj
[193/670] Building C object CMakeFiles/nextssl.dir/src/pow/dhcm/hash_cost.c.obj
[194/670] Building C object CMakeFiles/nextssl.dir/src/pow/dispatcher.c.obj
[195/670] Building C object CMakeFiles/nextssl.dir/src/pow/pow_engine.c.obj
[196/670] Building C object CMakeFiles/nextssl.dir/src/pow/server/pow_verify.c.obj
[197/670] Building C object CMakeFiles/nextssl.dir/src/pow/server/pow_challenge.c.obj
[198/670] Building C object CMakeFiles/nextssl.dir/src/pow/client/pow_timer.c.obj
[199/670] Building C object CMakeFiles/nextssl.dir/src/modern/symmetric/three_des/three_des.c.obj
[200/670] Building C object CMakeFiles/nextssl.dir/src/pqc/common/drbg/drbg.c.obj
[201/670] Building C object CMakeFiles/nextssl.dir/src/pqc/common/aes.c.obj
[202/670] Building C object CMakeFiles/nextssl.dir/src/pqc/common/nistseedexpander.c.obj
[203/670] Building C object CMakeFiles/nextssl.dir/src/pqc/common/hkdf/hkdf.c.obj
[204/670] Building C object CMakeFiles/nextssl.dir/src/pqc/common/randombytes.c.obj
[205/670] Building C object CMakeFiles/nextssl.dir/src/pow/dhcm/hash_cost_probe.c.obj
[206/670] Building C object CMakeFiles/nextssl.dir/src/pqc/common/sp800-185.c.obj
[207/670] Building C object CMakeFiles/nextssl.dir/src/pqc/kem/hqc-128/ref/code.c.obj
[208/670] Building C object CMakeFiles/nextssl.dir/src/pqc/common/fips202.c.obj
[209/670] Building C object CMakeFiles/nextssl.dir/src/pqc/kem/hqc-128/ref/fft.c.obj
[210/670] Building C object CMakeFiles/nextssl.dir/src/pqc/kem/hqc-128/ref/gf.c.obj
[211/670] Building C object CMakeFiles/nextssl.dir/src/pqc/kem/hqc-128/ref/gf2x.c.obj
[212/670] Building C object CMakeFiles/nextssl.dir/src/pqc/kem/hqc-128/ref/hqc.c.obj
[213/670] Building C object CMakeFiles/nextssl.dir/src/pqc/kem/hqc-128/ref/kem.c.obj
[214/670] Building C object CMakeFiles/nextssl.dir/src/pqc/kem/hqc-128/ref/parsing.c.obj
[215/670] Building C object CMakeFiles/nextssl.dir/src/pqc/kem/hqc-128/ref/reed_muller.c.obj
[216/670] Building C object CMakeFiles/nextssl.dir/src/pqc/kem/hqc-128/ref/shake_ds.c.obj
[217/670] Building C object CMakeFiles/nextssl.dir/src/pqc/kem/hqc-128/ref/shake_prng.c.obj
[218/670] Building C object CMakeFiles/nextssl.dir/src/pqc/kem/hqc-128/ref/reed_solomon.c.obj
[219/670] Building C object CMakeFiles/nextssl.dir/src/pqc/kem/hqc-192/ref/code.c.obj
[220/670] Building C object CMakeFiles/nextssl.dir/src/pqc/kem/hqc-128/ref/vector.c.obj
[221/670] Building C object CMakeFiles/nextssl.dir/src/pqc/common/sha2.c.obj
[222/670] Building C object CMakeFiles/nextssl.dir/src/pqc/kem/hqc-192/ref/gf.c.obj
[223/670] Building C object CMakeFiles/nextssl.dir/src/pqc/kem/hqc-192/ref/hqc.c.obj
[224/670] Building C object CMakeFiles/nextssl.dir/src/pqc/kem/hqc-192/ref/fft.c.obj
[225/670] Building C object CMakeFiles/nextssl.dir/src/pqc/kem/hqc-192/ref/kem.c.obj
[226/670] Building C object CMakeFiles/nextssl.dir/src/pqc/kem/hqc-192/ref/gf2x.c.obj
[227/670] Building C object CMakeFiles/nextssl.dir/src/pqc/kem/hqc-192/ref/parsing.c.obj
[228/670] Building C object CMakeFiles/nextssl.dir/src/pqc/kem/hqc-192/ref/shake_ds.c.obj
[229/670] Building C object CMakeFiles/nextssl.dir/src/pqc/kem/hqc-192/ref/reed_muller.c.obj
[230/670] Building C object CMakeFiles/nextssl.dir/src/pqc/kem/hqc-192/ref/shake_prng.c.obj
[231/670] Building C object CMakeFiles/nextssl.dir/src/pqc/kem/hqc-256/ref/code.c.obj
[232/670] Building C object CMakeFiles/nextssl.dir/src/pqc/kem/hqc-192/ref/reed_solomon.c.obj
[233/670] Building C object CMakeFiles/nextssl.dir/src/pqc/kem/hqc-192/ref/vector.c.obj
[234/670] Building C object CMakeFiles/nextssl.dir/src/pqc/kem/hqc-256/ref/gf.c.obj
[235/670] Building C object CMakeFiles/nextssl.dir/src/pqc/kem/hqc-256/ref/hqc.c.obj
[236/670] Building C object CMakeFiles/nextssl.dir/src/pqc/kem/hqc-256/ref/gf2x.c.obj
[237/670] Building C object CMakeFiles/nextssl.dir/src/pqc/kem/hqc-256/ref/kem.c.obj
[238/670] Building C object CMakeFiles/nextssl.dir/src/pqc/kem/hqc-256/ref/fft.c.obj
[239/670] Building C object CMakeFiles/nextssl.dir/src/pqc/kem/hqc-256/ref/reed_muller.c.obj
[240/670] Building C object CMakeFiles/nextssl.dir/src/pqc/kem/hqc-256/ref/parsing.c.obj
[241/670] Building C object CMakeFiles/nextssl.dir/src/pqc/kem/hqc-256/ref/shake_ds.c.obj
[242/670] Building C object CMakeFiles/nextssl.dir/src/pqc/kem/hqc-256/ref/shake_prng.c.obj
[243/670] Building C object CMakeFiles/nextssl.dir/src/pqc/kem/mceliece348864/ref/aes256ctr.c.obj
[244/670] Building C object CMakeFiles/nextssl.dir/src/pqc/kem/hqc-256/ref/reed_solomon.c.obj
[245/670] Building C object CMakeFiles/nextssl.dir/src/pqc/kem/hqc-256/ref/vector.c.obj
[246/670] Building C object CMakeFiles/nextssl.dir/src/pqc/kem/mceliece348864/ref/bm.c.obj
[247/670] Building C object CMakeFiles/nextssl.dir/src/pqc/kem/mceliece348864/ref/benes.c.obj
[248/670] Building C object CMakeFiles/nextssl.dir/src/pqc/kem/mceliece348864/ref/crypto_int16.c.obj
[249/670] Building C object CMakeFiles/nextssl.dir/src/pqc/kem/mceliece348864/ref/crypto_int32.c.obj
[250/670] Building C object CMakeFiles/nextssl.dir/src/pqc/kem/mceliece348864/ref/crypto_uint16.c.obj
[251/670] Building C object CMakeFiles/nextssl.dir/src/pqc/kem/mceliece348864/ref/crypto_uint32.c.obj
[252/670] Building C object CMakeFiles/nextssl.dir/src/pqc/kem/mceliece348864/ref/crypto_uint64.c.obj
[253/670] Building C object CMakeFiles/nextssl.dir/src/pqc/kem/mceliece348864/ref/decrypt.c.obj
[254/670] Building C object CMakeFiles/nextssl.dir/src/pqc/kem/mceliece348864/ref/gf.c.obj
[255/670] Building C object CMakeFiles/nextssl.dir/src/pqc/kem/mceliece348864/ref/encrypt.c.obj
[256/670] Building C object CMakeFiles/nextssl.dir/src/pqc/kem/mceliece348864/ref/operations.c.obj
[257/670] Building C object CMakeFiles/nextssl.dir/src/pqc/kem/mceliece348864/ref/controlbits.c.obj
[258/670] Building C object CMakeFiles/nextssl.dir/src/pqc/kem/mceliece348864/ref/sk_gen.c.obj
[259/670] Building C object CMakeFiles/nextssl.dir/src/pqc/kem/mceliece348864/ref/root.c.obj
[260/670] Building C object CMakeFiles/nextssl.dir/src/pqc/kem/mceliece348864/ref/synd.c.obj
[261/670] Building C object CMakeFiles/nextssl.dir/src/pqc/kem/mceliece348864/ref/pk_gen.c.obj
[262/670] Building C object CMakeFiles/nextssl.dir/src/pqc/kem/mceliece348864/ref/transpose.c.obj
[263/670] Building C object CMakeFiles/nextssl.dir/src/pqc/kem/mceliece348864/ref/util.c.obj
[264/670] Building C object CMakeFiles/nextssl.dir/src/pqc/kem/mceliece348864f/ref/aes256ctr.c.obj
[265/670] Building C object CMakeFiles/nextssl.dir/src/pqc/kem/mceliece348864f/ref/bm.c.obj
[266/670] Building C object CMakeFiles/nextssl.dir/src/pqc/kem/mceliece348864f/ref/crypto_int16.c.obj
[267/670] Building C object CMakeFiles/nextssl.dir/src/pqc/kem/mceliece348864f/ref/benes.c.obj
[268/670] Building C object CMakeFiles/nextssl.dir/src/pqc/common/keccak4x/KeccakP-1600-times4-SIMD256.c.obj
[269/670] Building C object CMakeFiles/nextssl.dir/src/pqc/kem/mceliece348864f/ref/crypto_int32.c.obj
[270/670] Building C object CMakeFiles/nextssl.dir/src/pqc/kem/mceliece348864f/ref/crypto_uint16.c.obj
[271/670] Building C object CMakeFiles/nextssl.dir/src/pqc/kem/mceliece348864f/ref/crypto_uint32.c.obj
[272/670] Building C object CMakeFiles/nextssl.dir/src/pqc/kem/mceliece348864f/ref/crypto_uint64.c.obj
[273/670] Building C object CMakeFiles/nextssl.dir/src/pqc/kem/mceliece348864f/ref/decrypt.c.obj
[274/670] Building C object CMakeFiles/nextssl.dir/src/pqc/kem/mceliece348864f/ref/operations.c.obj
[275/670] Building C object CMakeFiles/nextssl.dir/src/pqc/kem/mceliece348864f/ref/encrypt.c.obj
[276/670] Building C object CMakeFiles/nextssl.dir/src/pqc/kem/mceliece348864f/ref/gf.c.obj
[277/670] Building C object CMakeFiles/nextssl.dir/src/pqc/kem/mceliece348864f/ref/root.c.obj
[278/670] Building C object CMakeFiles/nextssl.dir/src/pqc/kem/mceliece348864f/ref/controlbits.c.obj
[279/670] Building C object CMakeFiles/nextssl.dir/src/pqc/kem/mceliece348864f/ref/sk_gen.c.obj
[280/670] Building C object CMakeFiles/nextssl.dir/src/pqc/kem/mceliece348864f/ref/synd.c.obj
[281/670] Building C object CMakeFiles/nextssl.dir/src/pqc/kem/mceliece348864f/ref/util.c.obj
[282/670] Building C object CMakeFiles/nextssl.dir/src/pqc/kem/mceliece348864f/ref/transpose.c.obj
[283/670] Building C object CMakeFiles/nextssl.dir/src/pqc/kem/mceliece460896/ref/aes256ctr.c.obj
[284/670] Building C object CMakeFiles/nextssl.dir/src/pqc/kem/mceliece348864f/ref/pk_gen.c.obj
[285/670] Building C object CMakeFiles/nextssl.dir/src/pqc/kem/mceliece460896/ref/bm.c.obj
[286/670] Building C object CMakeFiles/nextssl.dir/src/pqc/kem/mceliece460896/ref/crypto_int16.c.obj
[287/670] Building C object CMakeFiles/nextssl.dir/src/pqc/kem/mceliece460896/ref/crypto_int32.c.obj
[288/670] Building C object CMakeFiles/nextssl.dir/src/pqc/kem/mceliece460896/ref/crypto_uint16.c.obj
[289/670] Building C object CMakeFiles/nextssl.dir/src/pqc/kem/mceliece460896/ref/crypto_uint32.c.obj
[290/670] Building C object CMakeFiles/nextssl.dir/src/pqc/kem/mceliece460896/ref/crypto_uint64.c.obj
[291/670] Building C object CMakeFiles/nextssl.dir/src/pqc/kem/mceliece460896/ref/decrypt.c.obj
[292/670] Building C object CMakeFiles/nextssl.dir/src/pqc/kem/mceliece460896/ref/benes.c.obj
[293/670] Building C object CMakeFiles/nextssl.dir/src/pqc/kem/mceliece460896/ref/encrypt.c.obj
[294/670] Building C object CMakeFiles/nextssl.dir/src/pqc/kem/mceliece460896/ref/operations.c.obj
[295/670] Building C object CMakeFiles/nextssl.dir/src/pqc/kem/mceliece460896/ref/gf.c.obj
[296/670] Building C object CMakeFiles/nextssl.dir/src/pqc/kem/mceliece460896/ref/controlbits.c.obj
[297/670] Building C object CMakeFiles/nextssl.dir/src/pqc/kem/mceliece460896/ref/root.c.obj
[298/670] Building C object CMakeFiles/nextssl.dir/src/pqc/kem/mceliece460896/ref/sk_gen.c.obj
[299/670] Building C object CMakeFiles/nextssl.dir/src/pqc/kem/mceliece460896/ref/synd.c.obj
[300/670] Building C object CMakeFiles/nextssl.dir/src/pqc/kem/mceliece460896/ref/util.c.obj
[301/670] Building C object CMakeFiles/nextssl.dir/src/pqc/kem/mceliece460896f/ref/aes256ctr.c.obj
[302/670] Building C object CMakeFiles/nextssl.dir/src/pqc/kem/mceliece460896/ref/pk_gen.c.obj
[303/670] Building C object CMakeFiles/nextssl.dir/src/pqc/kem/mceliece460896/ref/transpose.c.obj
[304/670] Building C object CMakeFiles/nextssl.dir/src/pqc/kem/mceliece460896f/ref/crypto_int16.c.obj
[305/670] Building C object CMakeFiles/nextssl.dir/src/pqc/kem/mceliece460896f/ref/bm.c.obj
[306/670] Building C object CMakeFiles/nextssl.dir/src/pqc/kem/mceliece460896f/ref/crypto_uint16.c.obj
[307/670] Building C object CMakeFiles/nextssl.dir/src/pqc/kem/mceliece460896f/ref/crypto_int32.c.obj
[308/670] Building C object CMakeFiles/nextssl.dir/src/pqc/kem/mceliece460896f/ref/crypto_uint32.c.obj
[309/670] Building C object CMakeFiles/nextssl.dir/src/pqc/kem/mceliece460896f/ref/decrypt.c.obj
[310/670] Building C object CMakeFiles/nextssl.dir/src/pqc/kem/mceliece460896f/ref/crypto_uint64.c.obj
[311/670] Building C object CMakeFiles/nextssl.dir/src/pqc/kem/mceliece460896f/ref/encrypt.c.obj
[312/670] Building C object CMakeFiles/nextssl.dir/src/pqc/kem/mceliece460896f/ref/operations.c.obj
[313/670] Building C object CMakeFiles/nextssl.dir/src/pqc/kem/mceliece460896f/ref/benes.c.obj
[314/670] Building C object CMakeFiles/nextssl.dir/src/pqc/kem/mceliece460896f/ref/root.c.obj
[315/670] Building C object CMakeFiles/nextssl.dir/src/pqc/kem/mceliece460896f/ref/gf.c.obj
[316/670] Building C object CMakeFiles/nextssl.dir/src/pqc/kem/mceliece460896f/ref/sk_gen.c.obj
[317/670] Building C object CMakeFiles/nextssl.dir/src/pqc/kem/mceliece460896f/ref/controlbits.c.obj
[318/670] Building C object CMakeFiles/nextssl.dir/src/pqc/kem/mceliece460896f/ref/synd.c.obj
[319/670] Building C object CMakeFiles/nextssl.dir/src/pqc/kem/mceliece460896f/ref/util.c.obj
[320/670] Building C object CMakeFiles/nextssl.dir/src/pqc/kem/mceliece460896f/ref/transpose.c.obj
[321/670] Building C object CMakeFiles/nextssl.dir/src/pqc/kem/mceliece6688128/ref/aes256ctr.c.obj
[322/670] Building C object CMakeFiles/nextssl.dir/src/pqc/kem/mceliece6688128/ref/bm.c.obj
[323/670] Building C object CMakeFiles/nextssl.dir/src/pqc/kem/mceliece460896f/ref/pk_gen.c.obj
[324/670] Building C object CMakeFiles/nextssl.dir/src/pqc/kem/mceliece6688128/ref/crypto_int16.c.obj
[325/670] Building C object CMakeFiles/nextssl.dir/src/pqc/kem/mceliece6688128/ref/crypto_int32.c.obj
[326/670] Building C object CMakeFiles/nextssl.dir/src/pqc/kem/mceliece6688128/ref/crypto_uint16.c.obj
[327/670] Building C object CMakeFiles/nextssl.dir/src/pqc/kem/mceliece6688128/ref/crypto_uint32.c.obj
[328/670] Building C object CMakeFiles/nextssl.dir/src/pqc/kem/mceliece6688128/ref/benes.c.obj
[329/670] Building C object CMakeFiles/nextssl.dir/src/pqc/kem/mceliece6688128/ref/crypto_uint64.c.obj
[330/670] Building C object CMakeFiles/nextssl.dir/src/pqc/kem/mceliece6688128/ref/decrypt.c.obj
[331/670] Building C object CMakeFiles/nextssl.dir/src/pqc/kem/mceliece6688128/ref/encrypt.c.obj
[332/670] Building C object CMakeFiles/nextssl.dir/src/pqc/kem/mceliece6688128/ref/operations.c.obj
[333/670] Building C object CMakeFiles/nextssl.dir/src/pqc/kem/mceliece6688128/ref/gf.c.obj
[334/670] Building C object CMakeFiles/nextssl.dir/src/pqc/kem/mceliece6688128/ref/controlbits.c.obj
[335/670] Building C object CMakeFiles/nextssl.dir/src/pqc/kem/mceliece6688128/ref/root.c.obj
[336/670] Building C object CMakeFiles/nextssl.dir/src/pqc/kem/mceliece6688128/ref/synd.c.obj
[337/670] Building C object CMakeFiles/nextssl.dir/src/pqc/kem/mceliece6688128/ref/sk_gen.c.obj
[338/670] Building C object CMakeFiles/nextssl.dir/src/pqc/kem/mceliece6688128/ref/util.c.obj
[339/670] Building C object CMakeFiles/nextssl.dir/src/pqc/kem/mceliece6688128/ref/pk_gen.c.obj
[340/670] Building C object CMakeFiles/nextssl.dir/src/pqc/kem/mceliece6688128/ref/transpose.c.obj
[341/670] Building C object CMakeFiles/nextssl.dir/src/pqc/kem/mceliece6688128f/ref/aes256ctr.c.obj
[342/670] Building C object CMakeFiles/nextssl.dir/src/pqc/kem/mceliece6688128f/ref/bm.c.obj
[343/670] Building C object CMakeFiles/nextssl.dir/src/pqc/kem/mceliece6688128f/ref/crypto_int16.c.obj
[344/670] Building C object CMakeFiles/nextssl.dir/src/pqc/kem/mceliece6688128f/ref/crypto_int32.c.obj
[345/670] Building C object CMakeFiles/nextssl.dir/src/pqc/kem/mceliece6688128f/ref/crypto_uint16.c.obj
[346/670] Building C object CMakeFiles/nextssl.dir/src/pqc/kem/mceliece6688128f/ref/crypto_uint32.c.obj
[347/670] Building C object CMakeFiles/nextssl.dir/src/pqc/kem/mceliece6688128f/ref/crypto_uint64.c.obj
[348/670] Building C object CMakeFiles/nextssl.dir/src/pqc/kem/mceliece6688128f/ref/decrypt.c.obj
[349/670] Building C object CMakeFiles/nextssl.dir/src/pqc/kem/mceliece6688128f/ref/benes.c.obj
[350/670] Building C object CMakeFiles/nextssl.dir/src/pqc/kem/mceliece6688128f/ref/operations.c.obj
[351/670] Building C object CMakeFiles/nextssl.dir/src/pqc/kem/mceliece6688128f/ref/controlbits.c.obj
[352/670] Building C object CMakeFiles/nextssl.dir/src/pqc/kem/mceliece6688128f/ref/encrypt.c.obj
[353/670] Building C object CMakeFiles/nextssl.dir/src/pqc/kem/mceliece6688128f/ref/gf.c.obj
[354/670] Building C object CMakeFiles/nextssl.dir/src/pqc/kem/mceliece6688128f/ref/root.c.obj
[355/670] Building C object CMakeFiles/nextssl.dir/src/pqc/kem/mceliece6688128f/ref/synd.c.obj
[356/670] Building C object CMakeFiles/nextssl.dir/src/pqc/kem/mceliece6688128f/ref/sk_gen.c.obj
[357/670] Building C object CMakeFiles/nextssl.dir/src/pqc/kem/mceliece6688128f/ref/transpose.c.obj
[358/670] Building C object CMakeFiles/nextssl.dir/src/pqc/kem/mceliece6688128f/ref/util.c.obj
[359/670] Building C object CMakeFiles/nextssl.dir/src/pqc/kem/mceliece6688128f/ref/pk_gen.c.obj
[360/670] Building C object CMakeFiles/nextssl.dir/src/pqc/kem/mceliece6960119/ref/aes256ctr.c.obj
[361/670] Building C object CMakeFiles/nextssl.dir/src/pqc/kem/mceliece6960119/ref/bm.c.obj
[362/670] Building C object CMakeFiles/nextssl.dir/src/pqc/kem/mceliece6960119/ref/crypto_int32.c.obj
[363/670] Building C object CMakeFiles/nextssl.dir/src/pqc/kem/mceliece6960119/ref/crypto_int16.c.obj
[364/670] Building C object CMakeFiles/nextssl.dir/src/pqc/kem/mceliece6960119/ref/crypto_uint16.c.obj
[365/670] Building C object CMakeFiles/nextssl.dir/src/pqc/kem/mceliece6960119/ref/crypto_uint32.c.obj
[366/670] Building C object CMakeFiles/nextssl.dir/src/pqc/kem/mceliece6960119/ref/crypto_uint64.c.obj
[367/670] Building C object CMakeFiles/nextssl.dir/src/pqc/kem/mceliece6960119/ref/decrypt.c.obj
[368/670] Building C object CMakeFiles/nextssl.dir/src/pqc/kem/mceliece6960119/ref/benes.c.obj
[369/670] Building C object CMakeFiles/nextssl.dir/src/pqc/kem/mceliece6960119/ref/operations.c.obj
[370/670] Building C object CMakeFiles/nextssl.dir/src/pqc/kem/mceliece6960119/ref/gf.c.obj
[371/670] Building C object CMakeFiles/nextssl.dir/src/pqc/kem/mceliece6960119/ref/encrypt.c.obj
[372/670] Building C object CMakeFiles/nextssl.dir/src/pqc/kem/mceliece6960119/ref/controlbits.c.obj
[373/670] Building C object CMakeFiles/nextssl.dir/src/pqc/kem/mceliece6960119/ref/root.c.obj
[374/670] Building C object CMakeFiles/nextssl.dir/src/pqc/kem/mceliece6960119/ref/sk_gen.c.obj
[375/670] Building C object CMakeFiles/nextssl.dir/src/pqc/kem/mceliece6960119/ref/synd.c.obj
[376/670] Building C object CMakeFiles/nextssl.dir/src/pqc/kem/mceliece6960119/ref/transpose.c.obj
[377/670] Building C object CMakeFiles/nextssl.dir/src/pqc/kem/mceliece6960119/ref/util.c.obj
[378/670] Building C object CMakeFiles/nextssl.dir/src/pqc/kem/mceliece6960119f/ref/aes256ctr.c.obj
[379/670] Building C object CMakeFiles/nextssl.dir/src/pqc/kem/mceliece6960119/ref/pk_gen.c.obj
[380/670] Building C object CMakeFiles/nextssl.dir/src/pqc/kem/mceliece6960119f/ref/crypto_int16.c.obj
[381/670] Building C object CMakeFiles/nextssl.dir/src/pqc/kem/mceliece6960119f/ref/bm.c.obj
[382/670] Building C object CMakeFiles/nextssl.dir/src/pqc/kem/mceliece6960119f/ref/crypto_int32.c.obj
[383/670] Building C object CMakeFiles/nextssl.dir/src/pqc/kem/mceliece6960119f/ref/crypto_uint16.c.obj
[384/670] Building C object CMakeFiles/nextssl.dir/src/pqc/kem/mceliece6960119f/ref/crypto_uint32.c.obj
[385/670] Building C object CMakeFiles/nextssl.dir/src/pqc/kem/mceliece6960119f/ref/crypto_uint64.c.obj
[386/670] Building C object CMakeFiles/nextssl.dir/src/pqc/kem/mceliece6960119f/ref/benes.c.obj
[387/670] Building C object CMakeFiles/nextssl.dir/src/pqc/kem/mceliece6960119f/ref/decrypt.c.obj
[388/670] Building C object CMakeFiles/nextssl.dir/src/pqc/kem/mceliece6960119f/ref/encrypt.c.obj
[389/670] Building C object CMakeFiles/nextssl.dir/src/pqc/kem/mceliece6960119f/ref/gf.c.obj
[390/670] Building C object CMakeFiles/nextssl.dir/src/pqc/kem/mceliece6960119f/ref/operations.c.obj
[391/670] Building C object CMakeFiles/nextssl.dir/src/pqc/kem/mceliece6960119f/ref/controlbits.c.obj
[392/670] Building C object CMakeFiles/nextssl.dir/src/pqc/kem/mceliece6960119f/ref/sk_gen.c.obj
[393/670] Building C object CMakeFiles/nextssl.dir/src/pqc/kem/mceliece6960119f/ref/root.c.obj
[394/670] Building C object CMakeFiles/nextssl.dir/src/pqc/kem/mceliece6960119f/ref/synd.c.obj
[395/670] Building C object CMakeFiles/nextssl.dir/src/pqc/kem/mceliece6960119f/ref/transpose.c.obj
[396/670] Building C object CMakeFiles/nextssl.dir/src/pqc/kem/mceliece6960119f/ref/util.c.obj
[397/670] Building C object CMakeFiles/nextssl.dir/src/pqc/kem/mceliece8192128/ref/aes256ctr.c.obj
[398/670] Building C object CMakeFiles/nextssl.dir/src/pqc/kem/mceliece8192128/ref/bm.c.obj
[399/670] Building C object CMakeFiles/nextssl.dir/src/pqc/kem/mceliece8192128/ref/crypto_int16.c.obj
[400/670] Building C object CMakeFiles/nextssl.dir/src/pqc/kem/mceliece6960119f/ref/pk_gen.c.obj
[401/670] Building C object CMakeFiles/nextssl.dir/src/pqc/kem/mceliece8192128/ref/crypto_int32.c.obj
[402/670] Building C object CMakeFiles/nextssl.dir/src/pqc/kem/mceliece8192128/ref/crypto_uint16.c.obj
[403/670] Building C object CMakeFiles/nextssl.dir/src/pqc/kem/mceliece8192128/ref/crypto_uint32.c.obj
[404/670] Building C object CMakeFiles/nextssl.dir/src/pqc/kem/mceliece8192128/ref/benes.c.obj
[405/670] Building C object CMakeFiles/nextssl.dir/src/pqc/kem/mceliece8192128/ref/decrypt.c.obj
[406/670] Building C object CMakeFiles/nextssl.dir/src/pqc/kem/mceliece8192128/ref/crypto_uint64.c.obj
[407/670] Building C object CMakeFiles/nextssl.dir/src/pqc/kem/mceliece8192128/ref/encrypt.c.obj
[408/670] Building C object CMakeFiles/nextssl.dir/src/pqc/kem/mceliece8192128/ref/operations.c.obj
[409/670] Building C object CMakeFiles/nextssl.dir/src/pqc/kem/mceliece8192128/ref/gf.c.obj
[410/670] Building C object CMakeFiles/nextssl.dir/src/pqc/kem/mceliece8192128/ref/root.c.obj
[411/670] Building C object CMakeFiles/nextssl.dir/src/pqc/kem/mceliece8192128/ref/controlbits.c.obj
[412/670] Building C object CMakeFiles/nextssl.dir/src/pqc/kem/mceliece8192128/ref/sk_gen.c.obj
[413/670] Building C object CMakeFiles/nextssl.dir/src/pqc/kem/mceliece8192128/ref/transpose.c.obj
[414/670] Building C object CMakeFiles/nextssl.dir/src/pqc/kem/mceliece8192128/ref/synd.c.obj
[415/670] Building C object CMakeFiles/nextssl.dir/src/pqc/kem/mceliece8192128/ref/pk_gen.c.obj
[416/670] Building C object CMakeFiles/nextssl.dir/src/pqc/kem/mceliece8192128/ref/util.c.obj
[417/670] Building C object CMakeFiles/nextssl.dir/src/pqc/kem/mceliece8192128f/ref/aes256ctr.c.obj
[418/670] Building C object CMakeFiles/nextssl.dir/src/pqc/kem/mceliece8192128f/ref/bm.c.obj
[419/670] Building C object CMakeFiles/nextssl.dir/src/pqc/kem/mceliece8192128f/ref/crypto_int16.c.obj
[420/670] Building C object CMakeFiles/nextssl.dir/src/pqc/kem/mceliece8192128f/ref/crypto_int32.c.obj
[421/670] Building C object CMakeFiles/nextssl.dir/src/pqc/kem/mceliece8192128f/ref/crypto_uint16.c.obj
[422/670] Building C object CMakeFiles/nextssl.dir/src/pqc/kem/mceliece8192128f/ref/crypto_uint32.c.obj
[423/670] Building C object CMakeFiles/nextssl.dir/src/pqc/kem/mceliece8192128f/ref/crypto_uint64.c.obj
[424/670] Building C object CMakeFiles/nextssl.dir/src/pqc/kem/mceliece8192128f/ref/decrypt.c.obj
[425/670] Building C object CMakeFiles/nextssl.dir/src/pqc/kem/mceliece8192128f/ref/benes.c.obj
[426/670] Building C object CMakeFiles/nextssl.dir/src/pqc/kem/mceliece8192128f/ref/operations.c.obj
[427/670] Building C object CMakeFiles/nextssl.dir/src/pqc/kem/mceliece8192128f/ref/encrypt.c.obj
[428/670] Building C object CMakeFiles/nextssl.dir/src/pqc/kem/mceliece8192128f/ref/gf.c.obj
[429/670] Building C object CMakeFiles/nextssl.dir/src/pqc/kem/mceliece8192128f/ref/root.c.obj
[430/670] Building C object CMakeFiles/nextssl.dir/src/pqc/kem/mceliece8192128f/ref/synd.c.obj
[431/670] Building C object CMakeFiles/nextssl.dir/src/pqc/kem/mceliece8192128f/ref/sk_gen.c.obj
[432/670] Building C object CMakeFiles/nextssl.dir/src/pqc/kem/ml-kem-1024/ref/cbd.c.obj
[433/670] Building C object CMakeFiles/nextssl.dir/src/pqc/kem/mceliece8192128f/ref/controlbits.c.obj
[434/670] Building C object CMakeFiles/nextssl.dir/src/pqc/kem/mceliece8192128f/ref/transpose.c.obj
[435/670] Building C object CMakeFiles/nextssl.dir/src/pqc/kem/mceliece8192128f/ref/pk_gen.c.obj
[436/670] Building C object CMakeFiles/nextssl.dir/src/pqc/kem/ml-kem-1024/ref/indcpa.c.obj
[437/670] Building C object CMakeFiles/nextssl.dir/src/pqc/kem/mceliece8192128f/ref/util.c.obj
[438/670] Building C object CMakeFiles/nextssl.dir/src/pqc/kem/ml-kem-1024/ref/kem.c.obj
[439/670] Building C object CMakeFiles/nextssl.dir/src/pqc/kem/ml-kem-1024/ref/ntt.c.obj
[440/670] Building C object CMakeFiles/nextssl.dir/src/pqc/kem/ml-kem-1024/ref/reduce.c.obj
[441/670] Building C object CMakeFiles/nextssl.dir/src/pqc/kem/ml-kem-1024/ref/symmetric-shake.c.obj
[442/670] Building C object CMakeFiles/nextssl.dir/src/pqc/kem/ml-kem-512/ref/cbd.c.obj
[443/670] Building C object CMakeFiles/nextssl.dir/src/pqc/kem/ml-kem-1024/ref/polyvec.c.obj
[444/670] Building C object CMakeFiles/nextssl.dir/src/pqc/kem/ml-kem-1024/ref/verify.c.obj
[445/670] Building C object CMakeFiles/nextssl.dir/src/pqc/kem/ml-kem-1024/ref/poly.c.obj
[446/670] Building C object CMakeFiles/nextssl.dir/src/pqc/kem/ml-kem-512/ref/ntt.c.obj
[447/670] Building C object CMakeFiles/nextssl.dir/src/pqc/kem/ml-kem-512/ref/indcpa.c.obj
[448/670] Building C object CMakeFiles/nextssl.dir/src/pqc/kem/ml-kem-512/ref/kem.c.obj
[449/670] Building C object CMakeFiles/nextssl.dir/src/pqc/kem/ml-kem-512/ref/polyvec.c.obj
[450/670] Building C object CMakeFiles/nextssl.dir/src/pqc/kem/ml-kem-512/ref/symmetric-shake.c.obj
[451/670] Building C object CMakeFiles/nextssl.dir/src/pqc/kem/ml-kem-512/ref/reduce.c.obj
[452/670] Building C object CMakeFiles/nextssl.dir/src/pqc/kem/ml-kem-512/ref/verify.c.obj
[453/670] Building C object CMakeFiles/nextssl.dir/src/pqc/kem/ml-kem-512/ref/poly.c.obj
[454/670] Building C object CMakeFiles/nextssl.dir/src/pqc/kem/ml-kem-768/ref/cbd.c.obj
[455/670] Building C object CMakeFiles/nextssl.dir/src/pqc/kem/ml-kem-768/ref/kem.c.obj
[456/670] Building C object CMakeFiles/nextssl.dir/src/pqc/kem/ml-kem-768/ref/ntt.c.obj
[457/670] Building C object CMakeFiles/nextssl.dir/src/pqc/kem/ml-kem-768/ref/indcpa.c.obj
[458/670] Building C object CMakeFiles/nextssl.dir/src/pqc/kem/ml-kem-768/ref/reduce.c.obj
[459/670] Building C object CMakeFiles/nextssl.dir/src/pqc/kem/ml-kem-768/ref/polyvec.c.obj
[460/670] Building C object CMakeFiles/nextssl.dir/src/pqc/kem/ml-kem-768/ref/verify.c.obj
[461/670] Building C object CMakeFiles/nextssl.dir/src/pqc/kem/ml-kem-768/ref/symmetric-shake.c.obj
[462/670] Building C object CMakeFiles/nextssl.dir/src/pqc/kem/ml-kem-768/ref/poly.c.obj
[463/670] Building C object CMakeFiles/nextssl.dir/src/pqc/sign/falcon-1024/ref/falcon_wrap.c.obj
[464/670] Building C object CMakeFiles/nextssl.dir/src/pqc/sign/falcon-1024/ref/common.c.obj
[465/670] Building C object CMakeFiles/nextssl.dir/src/pqc/sign/falcon-1024/ref/codec.c.obj
[466/670] Building C object CMakeFiles/nextssl.dir/src/pqc/pqc_main.c.obj
[467/670] Building C object CMakeFiles/nextssl.dir/src/pqc/sign/falcon-1024/ref/fpr.c.obj
[468/670] Building C object CMakeFiles/nextssl.dir/src/pqc/sign/falcon-1024/ref/fft.c.obj
[469/670] Building C object CMakeFiles/nextssl.dir/src/pqc/sign/falcon-1024/ref/rng.c.obj
[470/670] Building C object CMakeFiles/nextssl.dir/src/pqc/sign/falcon-512/ref/codec.c.obj
[471/670] Building C object CMakeFiles/nextssl.dir/src/pqc/sign/falcon-512/ref/common.c.obj
[472/670] Building C object CMakeFiles/nextssl.dir/src/pqc/sign/falcon-512/ref/falcon_wrap.c.obj
[473/670] Building C object CMakeFiles/nextssl.dir/src/pqc/sign/falcon-1024/ref/sign.c.obj
[474/670] Building C object CMakeFiles/nextssl.dir/src/pqc/sign/falcon-512/ref/fpr.c.obj
[475/670] Building C object CMakeFiles/nextssl.dir/src/pqc/sign/falcon-512/ref/fft.c.obj
[476/670] Building C object CMakeFiles/nextssl.dir/src/pqc/sign/falcon-1024/ref/vrfy.c.obj
[477/670] Building C object CMakeFiles/nextssl.dir/src/pqc/sign/falcon-512/ref/rng.c.obj
[478/670] Building C object CMakeFiles/nextssl.dir/src/pqc/sign/falcon-512/ref/sign.c.obj
[479/670] Building C object CMakeFiles/nextssl.dir/src/pqc/sign/falcon-padded-1024/ref/codec.c.obj
[480/670] Building C object CMakeFiles/nextssl.dir/src/pqc/sign/falcon-padded-1024/ref/common.c.obj
[481/670] Building C object CMakeFiles/nextssl.dir/src/pqc/sign/falcon-512/ref/vrfy.c.obj
[482/670] Building C object CMakeFiles/nextssl.dir/src/pqc/sign/falcon-padded-1024/ref/falcon_wrap.c.obj
[483/670] Building C object CMakeFiles/nextssl.dir/src/pqc/sign/falcon-padded-1024/ref/fft.c.obj
[484/670] Building C object CMakeFiles/nextssl.dir/src/pqc/sign/falcon-padded-1024/ref/fpr.c.obj
[485/670] Building C object CMakeFiles/nextssl.dir/src/pqc/sign/falcon-padded-1024/ref/rng.c.obj
[486/670] Building C object CMakeFiles/nextssl.dir/src/pqc/sign/falcon-1024/ref/keygen.c.obj
[487/670] Building C object CMakeFiles/nextssl.dir/src/pqc/sign/falcon-padded-1024/ref/sign.c.obj
[488/670] Building C object CMakeFiles/nextssl.dir/src/pqc/sign/falcon-512/ref/keygen.c.obj
[489/670] Building C object CMakeFiles/nextssl.dir/src/pqc/sign/falcon-padded-512/ref/common.c.obj
[490/670] Building C object CMakeFiles/nextssl.dir/src/pqc/sign/falcon-padded-512/ref/codec.c.obj
[491/670] Building C object CMakeFiles/nextssl.dir/src/pqc/sign/falcon-padded-512/ref/falcon_wrap.c.obj
[492/670] Building C object CMakeFiles/nextssl.dir/src/pqc/sign/falcon-padded-512/ref/fpr.c.obj
[493/670] Building C object CMakeFiles/nextssl.dir/src/pqc/sign/falcon-padded-512/ref/fft.c.obj
[494/670] Building C object CMakeFiles/nextssl.dir/src/pqc/sign/falcon-padded-1024/ref/vrfy.c.obj
[495/670] Building C object CMakeFiles/nextssl.dir/src/pqc/sign/ml-dsa-44/ref/ntt.c.obj
[496/670] Building C object CMakeFiles/nextssl.dir/src/pqc/sign/falcon-padded-512/ref/rng.c.obj
[497/670] Building C object CMakeFiles/nextssl.dir/src/pqc/sign/falcon-padded-512/ref/sign.c.obj
[498/670] Building C object CMakeFiles/nextssl.dir/src/pqc/sign/ml-dsa-44/ref/packing.c.obj
[499/670] Building C object CMakeFiles/nextssl.dir/src/pqc/sign/falcon-padded-512/ref/vrfy.c.obj
[500/670] Building C object CMakeFiles/nextssl.dir/src/pqc/sign/ml-dsa-44/ref/polyvec.c.obj
[501/670] Building C object CMakeFiles/nextssl.dir/src/pqc/sign/ml-dsa-44/ref/reduce.c.obj
[502/670] Building C object CMakeFiles/nextssl.dir/src/pqc/sign/ml-dsa-44/ref/rounding.c.obj
[503/670] Building C object CMakeFiles/nextssl.dir/src/pqc/sign/ml-dsa-44/ref/poly.c.obj
[504/670] Building C object CMakeFiles/nextssl.dir/src/pqc/sign/ml-dsa-44/ref/sign.c.obj
[505/670] Building C object CMakeFiles/nextssl.dir/src/pqc/sign/falcon-padded-1024/ref/keygen.c.obj
[506/670] Building C object CMakeFiles/nextssl.dir/src/pqc/sign/ml-dsa-44/ref/symmetric-shake.c.obj
[507/670] Building C object CMakeFiles/nextssl.dir/src/pqc/sign/ml-dsa-65/ref/ntt.c.obj
[508/670] Building C object CMakeFiles/nextssl.dir/src/pqc/sign/ml-dsa-65/ref/packing.c.obj
[509/670] Building C object CMakeFiles/nextssl.dir/src/pqc/sign/ml-dsa-65/ref/reduce.c.obj
[510/670] Building C object CMakeFiles/nextssl.dir/src/pqc/sign/ml-dsa-65/ref/polyvec.c.obj
[511/670] Building C object CMakeFiles/nextssl.dir/src/pqc/sign/ml-dsa-65/ref/rounding.c.obj
[512/670] Building C object CMakeFiles/nextssl.dir/src/pqc/sign/ml-dsa-65/ref/symmetric-shake.c.obj
[513/670] Building C object CMakeFiles/nextssl.dir/src/pqc/sign/ml-dsa-65/ref/sign.c.obj
[514/670] Building C object CMakeFiles/nextssl.dir/src/pqc/sign/ml-dsa-87/ref/ntt.c.obj
[515/670] Building C object CMakeFiles/nextssl.dir/src/pqc/sign/ml-dsa-65/ref/poly.c.obj
[516/670] Building C object CMakeFiles/nextssl.dir/src/pqc/sign/ml-dsa-87/ref/reduce.c.obj
[517/670] Building C object CMakeFiles/nextssl.dir/src/pqc/sign/ml-dsa-87/ref/packing.c.obj
[518/670] Building C object CMakeFiles/nextssl.dir/src/pqc/sign/ml-dsa-87/ref/polyvec.c.obj
[519/670] Building C object CMakeFiles/nextssl.dir/src/pqc/sign/ml-dsa-87/ref/rounding.c.obj
[520/670] Building C object CMakeFiles/nextssl.dir/src/pqc/sign/ml-dsa-87/ref/symmetric-shake.c.obj
[521/670] Building C object CMakeFiles/nextssl.dir/src/pqc/sign/sphincs-sha2-128f-simple/ref/context_sha2.c.obj
[522/670] Building C object CMakeFiles/nextssl.dir/src/pqc/sign/ml-dsa-87/ref/sign.c.obj
[523/670] Building C object CMakeFiles/nextssl.dir/src/pqc/sign/sphincs-sha2-128f-simple/ref/address.c.obj
[524/670] Building C object CMakeFiles/nextssl.dir/src/pqc/sign/ml-dsa-87/ref/poly.c.obj
[525/670] Building C object CMakeFiles/nextssl.dir/src/pqc/sign/sphincs-sha2-128f-simple/ref/fors.c.obj
[526/670] Building C object CMakeFiles/nextssl.dir/src/pqc/sign/sphincs-sha2-128f-simple/ref/merkle.c.obj
[527/670] Building C object CMakeFiles/nextssl.dir/src/pqc/sign/sphincs-sha2-128f-simple/ref/hash_sha2.c.obj
[528/670] Building C object CMakeFiles/nextssl.dir/src/pqc/sign/sphincs-sha2-128f-simple/ref/thash_sha2_simple.c.obj
[529/670] Building C object CMakeFiles/nextssl.dir/src/pqc/sign/sphincs-sha2-128f-simple/ref/sign.c.obj
[530/670] Building C object CMakeFiles/nextssl.dir/src/pqc/sign/sphincs-sha2-128f-simple/ref/utils.c.obj
[531/670] Building C object CMakeFiles/nextssl.dir/src/pqc/sign/sphincs-sha2-128f-simple/ref/utilsx1.c.obj
[532/670] Building C object CMakeFiles/nextssl.dir/src/pqc/sign/falcon-padded-512/ref/keygen.c.obj
[533/670] Building C object CMakeFiles/nextssl.dir/src/pqc/sign/sphincs-sha2-128s-simple/ref/address.c.obj
[534/670] Building C object CMakeFiles/nextssl.dir/src/pqc/sign/sphincs-sha2-128f-simple/ref/wotsx1.c.obj
[535/670] Building C object CMakeFiles/nextssl.dir/src/pqc/sign/sphincs-sha2-128f-simple/ref/wots.c.obj
[536/670] Building C object CMakeFiles/nextssl.dir/src/pqc/sign/sphincs-sha2-128s-simple/ref/context_sha2.c.obj
[537/670] Building C object CMakeFiles/nextssl.dir/src/pqc/sign/sphincs-sha2-128s-simple/ref/thash_sha2_simple.c.obj
[538/670] Building C object CMakeFiles/nextssl.dir/src/pqc/sign/sphincs-sha2-128s-simple/ref/hash_sha2.c.obj
[539/670] Building C object CMakeFiles/nextssl.dir/src/pqc/sign/sphincs-sha2-128s-simple/ref/merkle.c.obj
[540/670] Building C object CMakeFiles/nextssl.dir/src/pqc/sign/sphincs-sha2-128s-simple/ref/fors.c.obj
[541/670] Building C object CMakeFiles/nextssl.dir/src/pqc/sign/sphincs-sha2-128s-simple/ref/utilsx1.c.obj
[542/670] Building C object CMakeFiles/nextssl.dir/src/pqc/sign/sphincs-sha2-128s-simple/ref/sign.c.obj
[543/670] Building C object CMakeFiles/nextssl.dir/src/pqc/sign/sphincs-sha2-128s-simple/ref/wots.c.obj
[544/670] Building C object CMakeFiles/nextssl.dir/src/pqc/sign/sphincs-sha2-128s-simple/ref/utils.c.obj
[545/670] Building C object CMakeFiles/nextssl.dir/src/pqc/sign/sphincs-sha2-128s-simple/ref/wotsx1.c.obj
[546/670] Building C object CMakeFiles/nextssl.dir/src/pqc/sign/sphincs-sha2-192f-simple/ref/context_sha2.c.obj
[547/670] Building C object CMakeFiles/nextssl.dir/src/pqc/sign/sphincs-sha2-192f-simple/ref/address.c.obj
[548/670] Building C object CMakeFiles/nextssl.dir/src/pqc/sign/sphincs-sha2-192f-simple/ref/fors.c.obj
[549/670] Building C object CMakeFiles/nextssl.dir/src/pqc/sign/sphincs-sha2-192f-simple/ref/hash_sha2.c.obj
[550/670] Building C object CMakeFiles/nextssl.dir/src/pqc/sign/sphincs-sha2-192f-simple/ref/merkle.c.obj
[551/670] Building C object CMakeFiles/nextssl.dir/src/pqc/sign/sphincs-sha2-192f-simple/ref/thash_sha2_simple.c.obj
[552/670] Building C object CMakeFiles/nextssl.dir/src/pqc/sign/sphincs-sha2-192f-simple/ref/sign.c.obj
[553/670] Building C object CMakeFiles/nextssl.dir/src/pqc/sign/sphincs-sha2-192f-simple/ref/utilsx1.c.obj
[554/670] Building C object CMakeFiles/nextssl.dir/src/pqc/sign/sphincs-sha2-192f-simple/ref/utils.c.obj
[555/670] Building C object CMakeFiles/nextssl.dir/src/pqc/sign/sphincs-sha2-192f-simple/ref/wots.c.obj
[556/670] Building C object CMakeFiles/nextssl.dir/src/pqc/sign/sphincs-sha2-192f-simple/ref/wotsx1.c.obj
[557/670] Building C object CMakeFiles/nextssl.dir/src/pqc/sign/sphincs-sha2-192s-simple/ref/context_sha2.c.obj
[558/670] Building C object CMakeFiles/nextssl.dir/src/pqc/sign/sphincs-sha2-192s-simple/ref/address.c.obj
[559/670] Building C object CMakeFiles/nextssl.dir/src/pqc/sign/sphincs-sha2-192s-simple/ref/merkle.c.obj
[560/670] Building C object CMakeFiles/nextssl.dir/src/pqc/sign/sphincs-sha2-192s-simple/ref/thash_sha2_simple.c.obj
[561/670] Building C object CMakeFiles/nextssl.dir/src/pqc/sign/sphincs-sha2-192s-simple/ref/hash_sha2.c.obj
[562/670] Building C object CMakeFiles/nextssl.dir/src/pqc/sign/sphincs-sha2-192s-simple/ref/fors.c.obj
[563/670] Building C object CMakeFiles/nextssl.dir/src/pqc/sign/sphincs-sha2-192s-simple/ref/sign.c.obj
[564/670] Building C object CMakeFiles/nextssl.dir/src/pqc/sign/sphincs-sha2-192s-simple/ref/utils.c.obj
[565/670] Building C object CMakeFiles/nextssl.dir/src/pqc/sign/sphincs-sha2-192s-simple/ref/utilsx1.c.obj
[566/670] Building C object CMakeFiles/nextssl.dir/src/pqc/sign/sphincs-sha2-192s-simple/ref/wots.c.obj
[567/670] Building C object CMakeFiles/nextssl.dir/src/pqc/sign/sphincs-sha2-192s-simple/ref/wotsx1.c.obj
[568/670] Building C object CMakeFiles/nextssl.dir/src/pqc/sign/sphincs-sha2-256f-simple/ref/context_sha2.c.obj
[569/670] Building C object CMakeFiles/nextssl.dir/src/pqc/sign/sphincs-sha2-256f-simple/ref/address.c.obj
[570/670] Building C object CMakeFiles/nextssl.dir/src/pqc/sign/sphincs-sha2-256f-simple/ref/merkle.c.obj
[571/670] Building C object CMakeFiles/nextssl.dir/src/pqc/sign/sphincs-sha2-256f-simple/ref/fors.c.obj
[572/670] Building C object CMakeFiles/nextssl.dir/src/pqc/sign/sphincs-sha2-256f-simple/ref/hash_sha2.c.obj
[573/670] Building C object CMakeFiles/nextssl.dir/src/pqc/sign/sphincs-sha2-256f-simple/ref/thash_sha2_simple.c.obj
[574/670] Building C object CMakeFiles/nextssl.dir/src/pqc/sign/sphincs-sha2-256f-simple/ref/sign.c.obj
[575/670] Building C object CMakeFiles/nextssl.dir/src/pqc/sign/sphincs-sha2-256f-simple/ref/utilsx1.c.obj
[576/670] Building C object CMakeFiles/nextssl.dir/src/pqc/sign/sphincs-sha2-256f-simple/ref/utils.c.obj
[577/670] Building C object CMakeFiles/nextssl.dir/src/pqc/sign/sphincs-sha2-256f-simple/ref/wots.c.obj
[578/670] Building C object CMakeFiles/nextssl.dir/src/pqc/sign/sphincs-sha2-256f-simple/ref/wotsx1.c.obj
[579/670] Building C object CMakeFiles/nextssl.dir/src/pqc/sign/sphincs-sha2-256s-simple/ref/address.c.obj
[580/670] Building C object CMakeFiles/nextssl.dir/src/pqc/sign/sphincs-sha2-256s-simple/ref/context_sha2.c.obj
[581/670] Building C object CMakeFiles/nextssl.dir/src/pqc/sign/sphincs-sha2-256s-simple/ref/thash_sha2_simple.c.obj
[582/670] Building C object CMakeFiles/nextssl.dir/src/pqc/sign/sphincs-sha2-256s-simple/ref/hash_sha2.c.obj
[583/670] Building C object CMakeFiles/nextssl.dir/src/pqc/sign/sphincs-sha2-256s-simple/ref/merkle.c.obj
[584/670] Building C object CMakeFiles/nextssl.dir/src/pqc/sign/sphincs-sha2-256s-simple/ref/fors.c.obj
[585/670] Building C object CMakeFiles/nextssl.dir/src/pqc/sign/sphincs-sha2-256s-simple/ref/sign.c.obj
[586/670] Building C object CMakeFiles/nextssl.dir/src/pqc/sign/sphincs-sha2-256s-simple/ref/utils.c.obj
[587/670] Building C object CMakeFiles/nextssl.dir/src/pqc/sign/sphincs-sha2-256s-simple/ref/utilsx1.c.obj
[588/670] Building C object CMakeFiles/nextssl.dir/src/pqc/sign/sphincs-sha2-256s-simple/ref/wotsx1.c.obj
[589/670] Building C object CMakeFiles/nextssl.dir/src/pqc/sign/sphincs-shake-128f-simple/ref/address.c.obj
[590/670] Building C object CMakeFiles/nextssl.dir/src/pqc/sign/sphincs-sha2-256s-simple/ref/wots.c.obj
[591/670] Building C object CMakeFiles/nextssl.dir/src/pqc/sign/sphincs-shake-128f-simple/ref/context_shake.c.obj
[592/670] Building C object CMakeFiles/nextssl.dir/src/pqc/sign/sphincs-shake-128f-simple/ref/merkle.c.obj
[593/670] Building C object CMakeFiles/nextssl.dir/src/pqc/sign/sphincs-shake-128f-simple/ref/hash_shake.c.obj
[594/670] Building C object CMakeFiles/nextssl.dir/src/pqc/sign/sphincs-shake-128f-simple/ref/fors.c.obj
[595/670] Building C object CMakeFiles/nextssl.dir/src/pqc/sign/sphincs-shake-128f-simple/ref/thash_shake_simple.c.obj
[596/670] Building C object CMakeFiles/nextssl.dir/src/pqc/sign/sphincs-shake-128f-simple/ref/sign.c.obj
[597/670] Building C object CMakeFiles/nextssl.dir/src/pqc/sign/sphincs-shake-128f-simple/ref/utilsx1.c.obj
[598/670] Building C object CMakeFiles/nextssl.dir/src/pqc/sign/sphincs-shake-128f-simple/ref/utils.c.obj
[599/670] Building C object CMakeFiles/nextssl.dir/src/pqc/sign/sphincs-shake-128f-simple/ref/wots.c.obj
[600/670] Building C object CMakeFiles/nextssl.dir/src/pqc/sign/sphincs-shake-128f-simple/ref/wotsx1.c.obj
[601/670] Building C object CMakeFiles/nextssl.dir/src/pqc/sign/sphincs-shake-128s-simple/ref/context_shake.c.obj
[602/670] Building C object CMakeFiles/nextssl.dir/src/pqc/sign/sphincs-shake-128s-simple/ref/address.c.obj
[603/670] Building C object CMakeFiles/nextssl.dir/src/pqc/sign/sphincs-shake-128s-simple/ref/hash_shake.c.obj
[604/670] Building C object CMakeFiles/nextssl.dir/src/pqc/sign/sphincs-shake-128s-simple/ref/fors.c.obj
[605/670] Building C object CMakeFiles/nextssl.dir/src/pqc/sign/sphincs-shake-128s-simple/ref/merkle.c.obj
[606/670] Building C object CMakeFiles/nextssl.dir/src/pqc/sign/sphincs-shake-128s-simple/ref/thash_shake_simple.c.obj
[607/670] Building C object CMakeFiles/nextssl.dir/src/pqc/sign/sphincs-shake-128s-simple/ref/utilsx1.c.obj
[608/670] Building C object CMakeFiles/nextssl.dir/src/pqc/sign/sphincs-shake-128s-simple/ref/sign.c.obj
[609/670] Building C object CMakeFiles/nextssl.dir/src/pqc/sign/sphincs-shake-128s-simple/ref/utils.c.obj
[610/670] Building C object CMakeFiles/nextssl.dir/src/pqc/sign/sphincs-shake-128s-simple/ref/wotsx1.c.obj
[611/670] Building C object CMakeFiles/nextssl.dir/src/pqc/sign/sphincs-shake-128s-simple/ref/wots.c.obj
[612/670] Building C object CMakeFiles/nextssl.dir/src/pqc/sign/sphincs-shake-192f-simple/ref/address.c.obj
[613/670] Building C object CMakeFiles/nextssl.dir/src/pqc/sign/sphincs-shake-192f-simple/ref/context_shake.c.obj
[614/670] Building C object CMakeFiles/nextssl.dir/src/pqc/sign/sphincs-shake-192f-simple/ref/hash_shake.c.obj
[615/670] Building C object CMakeFiles/nextssl.dir/src/pqc/sign/sphincs-shake-192f-simple/ref/fors.c.obj
[616/670] Building C object CMakeFiles/nextssl.dir/src/pqc/sign/sphincs-shake-192f-simple/ref/merkle.c.obj
[617/670] Building C object CMakeFiles/nextssl.dir/src/pqc/sign/sphincs-shake-192f-simple/ref/thash_shake_simple.c.obj
[618/670] Building C object CMakeFiles/nextssl.dir/src/pqc/sign/sphincs-shake-192f-simple/ref/sign.c.obj
[619/670] Building C object CMakeFiles/nextssl.dir/src/pqc/sign/sphincs-shake-192f-simple/ref/utils.c.obj
[620/670] Building C object CMakeFiles/nextssl.dir/src/pqc/sign/sphincs-shake-192f-simple/ref/utilsx1.c.obj
[621/670] Building C object CMakeFiles/nextssl.dir/src/pqc/sign/sphincs-shake-192f-simple/ref/wots.c.obj
[622/670] Building C object CMakeFiles/nextssl.dir/src/pqc/sign/sphincs-shake-192f-simple/ref/wotsx1.c.obj
[623/670] Building C object CMakeFiles/nextssl.dir/src/pqc/sign/sphincs-shake-192s-simple/ref/context_shake.c.obj
[624/670] Building C object CMakeFiles/nextssl.dir/src/pqc/sign/sphincs-shake-192s-simple/ref/address.c.obj
[625/670] Building C object CMakeFiles/nextssl.dir/src/pqc/sign/sphincs-shake-192s-simple/ref/merkle.c.obj
[626/670] Building C object CMakeFiles/nextssl.dir/src/pqc/sign/sphincs-shake-192s-simple/ref/hash_shake.c.obj
[627/670] Building C object CMakeFiles/nextssl.dir/src/pqc/sign/sphincs-shake-192s-simple/ref/fors.c.obj
[628/670] Building C object CMakeFiles/nextssl.dir/src/pqc/sign/sphincs-shake-192s-simple/ref/sign.c.obj
[629/670] Building C object CMakeFiles/nextssl.dir/src/pqc/sign/sphincs-shake-192s-simple/ref/thash_shake_simple.c.obj
[630/670] Building C object CMakeFiles/nextssl.dir/src/pqc/sign/sphincs-shake-192s-simple/ref/utilsx1.c.obj
[631/670] Building C object CMakeFiles/nextssl.dir/src/pqc/sign/sphincs-shake-192s-simple/ref/wots.c.obj
[632/670] Building C object CMakeFiles/nextssl.dir/src/pqc/sign/sphincs-shake-192s-simple/ref/utils.c.obj
[633/670] Building C object CMakeFiles/nextssl.dir/src/pqc/sign/sphincs-shake-256f-simple/ref/context_shake.c.obj
[634/670] Building C object CMakeFiles/nextssl.dir/src/pqc/sign/sphincs-shake-192s-simple/ref/wotsx1.c.obj
[635/670] Building C object CMakeFiles/nextssl.dir/src/pqc/sign/sphincs-shake-256f-simple/ref/address.c.obj
[636/670] Building C object CMakeFiles/nextssl.dir/src/pqc/sign/sphincs-shake-256f-simple/ref/merkle.c.obj
[637/670] Building C object CMakeFiles/nextssl.dir/src/pqc/sign/sphincs-shake-256f-simple/ref/hash_shake.c.obj
[638/670] Building C object CMakeFiles/nextssl.dir/src/pqc/sign/sphincs-shake-256f-simple/ref/fors.c.obj
[639/670] Building C object CMakeFiles/nextssl.dir/src/pqc/sign/sphincs-shake-256f-simple/ref/sign.c.obj
[640/670] Building C object CMakeFiles/nextssl.dir/src/pqc/sign/sphincs-shake-256f-simple/ref/thash_shake_simple.c.obj
[641/670] Building C object CMakeFiles/nextssl.dir/src/pqc/sign/sphincs-shake-256f-simple/ref/utilsx1.c.obj
[642/670] Building C object CMakeFiles/nextssl.dir/src/pqc/sign/sphincs-shake-256f-simple/ref/utils.c.obj
[643/670] Building C object CMakeFiles/nextssl.dir/src/pqc/sign/sphincs-shake-256f-simple/ref/wots.c.obj
[644/670] Building C object CMakeFiles/nextssl.dir/src/pqc/sign/sphincs-shake-256f-simple/ref/wotsx1.c.obj
[645/670] Building C object CMakeFiles/nextssl.dir/src/pqc/sign/sphincs-shake-256s-simple/ref/context_shake.c.obj
[646/670] Building C object CMakeFiles/nextssl.dir/src/pqc/sign/sphincs-shake-256s-simple/ref/address.c.obj
[647/670] Building C object CMakeFiles/nextssl.dir/src/pqc/sign/sphincs-shake-256s-simple/ref/hash_shake.c.obj
[648/670] Building C object CMakeFiles/nextssl.dir/src/pqc/sign/sphincs-shake-256s-simple/ref/merkle.c.obj
[649/670] Building C object CMakeFiles/nextssl.dir/src/pqc/sign/sphincs-shake-256s-simple/ref/fors.c.obj
[650/670] Building C object CMakeFiles/nextssl.dir/src/pqc/sign/sphincs-shake-256s-simple/ref/thash_shake_simple.c.obj
[651/670] Building C object CMakeFiles/nextssl.dir/src/pqc/sign/sphincs-shake-256s-simple/ref/sign.c.obj
[652/670] Building C object CMakeFiles/nextssl.dir/src/pqc/sign/sphincs-shake-256s-simple/ref/utilsx1.c.obj
[653/670] Building C object CMakeFiles/nextssl.dir/src/pqc/sign/sphincs-shake-256s-simple/ref/utils.c.obj
[654/670] Building C object CMakeFiles/nextssl.dir/src/pqc/sign/sphincs-shake-256s-simple/ref/wotsx1.c.obj
[655/670] Building C object CMakeFiles/nextssl.dir/src/pqc/sign/sphincs-shake-256s-simple/ref/wots.c.obj
[656/670] Building C object CMakeFiles/nextssl.dir/src/root/hash/root_hash.c.obj
[657/670] Building C object CMakeFiles/nextssl.dir/src/root/nextssl_init.c.obj
[658/670] Building C object CMakeFiles/nextssl.dir/src/root/hash/root_hash_record.c.obj
[659/670] Building C object CMakeFiles/nextssl.dir/src/root/pow/root_pow.c.obj
[660/670] Building C object CMakeFiles/nextssl.dir/src/root/seed/root_seed.c.obj
[661/670] Building C object CMakeFiles/nextssl.dir/src/root/pqc/root_pqc.c.obj
[662/670] Building C object CMakeFiles/nextssl.dir/src/seed/hash/hash_registry.c.obj
[663/670] Building C object CMakeFiles/nextssl.dir/src/seed/hash/hash_ops.c.obj
[664/670] Building C object CMakeFiles/nextssl.dir/src/seed/hash/seed_core.c.obj
[665/670] Building C object CMakeFiles/nextssl.dir/src/seed/random/seed_derive_random.c.obj
[666/670] Building C object CMakeFiles/nextssl.dir/src/seed/hash/ctr_mode.c.obj
[667/670] Building C object CMakeFiles/nextssl.dir/src/root/modern/root_modern.c.obj
[668/670] Building C object CMakeFiles/nextssl.dir/src/seed/random/entropy.c.obj
[669/670] Building C object CMakeFiles/nextssl.dir/src/seed/udbf/udbf.c.obj
[670/670] Linking C shared library D:\a\NextSSL\NextSSL\bin\win\x86_64-mingw\libnextssl.dll

==============================================================================
CMD: cmake --build D:\a\NextSSL\NextSSL\.ci_build\win\x86_64-mingw --config Release --parallel 6
CWD: D:\a\NextSSL\NextSSL
==============================================================================

