[1/679] Building C object CMakeFiles/nextssl.dir/src/encoding/base32.c.o
[2/679] Building C object CMakeFiles/nextssl.dir/src/encoding/base16.c.o
[3/679] Building C object CMakeFiles/nextssl.dir/src/common/sanitizer/nextssl_sanitizer.c.o
[4/679] Building C object CMakeFiles/nextssl.dir/src/encoding/base58check.c.o
[5/679] Building C object CMakeFiles/nextssl.dir/src/encoding/base64.c.o
[6/679] Building C object CMakeFiles/nextssl.dir/src/encoding/base58.c.o
[7/679] Building C object CMakeFiles/nextssl.dir/src/encoding/base62.c.o
[8/679] Building C object CMakeFiles/nextssl.dir/src/encoding/base64url.c.o
[9/679] Building C object CMakeFiles/nextssl.dir/src/encoding/base85.c.o
[10/679] Building C object CMakeFiles/nextssl.dir/src/encoding/crc32.c.o
[11/679] Building C object CMakeFiles/nextssl.dir/src/encoding/crc64.c.o
[12/679] Building C object CMakeFiles/nextssl.dir/src/encoding/bech32.c.o
[13/679] Building C object CMakeFiles/nextssl.dir/src/encoding/ff70.c.o
[14/679] Building C object CMakeFiles/nextssl.dir/src/encoding/hex.c.o
[15/679] Building C object CMakeFiles/nextssl.dir/src/hash/_argon2/argon2.c.o
[16/679] Building C object CMakeFiles/nextssl.dir/src/hash/_argon2/argon2_encoding.c.o
[17/679] Building C object CMakeFiles/nextssl.dir/src/encoding/radix_common.c.o
[18/679] Building C object CMakeFiles/nextssl.dir/src/hash/_argon2/blake2b.c.o
[19/679] Building C object CMakeFiles/nextssl.dir/src/encoding/pem.c.o
[20/679] Building C object CMakeFiles/nextssl.dir/src/hash/_argon2/core.c.o
[21/679] Building C object CMakeFiles/nextssl.dir/src/hash/_keccak/keccak.c.o
[22/679] Building C object CMakeFiles/nextssl.dir/src/hash/_argon2/thread.c.o
[23/679] Building C object CMakeFiles/nextssl.dir/src/hash/_skein/skein.c.o
[24/679] Building C object CMakeFiles/nextssl.dir/src/hash/_argon2/opt.c.o
[25/679] Building C object CMakeFiles/nextssl.dir/src/hash/_skein/skeinApi.c.o
[26/679] Building C object CMakeFiles/nextssl.dir/src/hash/_skein/skein_block.c.o
[27/679] Building C object CMakeFiles/nextssl.dir/src/hash/_skein/skein_ops.c.o
[28/679] Building C object CMakeFiles/nextssl.dir/src/hash/_skein/threefish256Block.c.o
[29/679] Building C object CMakeFiles/nextssl.dir/src/hash/_skein/threefish1024Block.c.o
[30/679] Building C object CMakeFiles/nextssl.dir/src/hash/adapters/argon2d_adapter.c.o
[31/679] Building C object CMakeFiles/nextssl.dir/src/hash/_skein/threefishApi.c.o
[32/679] Building C object CMakeFiles/nextssl.dir/src/hash/adapters/argon2_adapter.c.o
[33/679] Building C object CMakeFiles/nextssl.dir/src/hash/_skein/threefish512Block.c.o
[34/679] Building C object CMakeFiles/nextssl.dir/src/hash/adapters/argon2i_adapter.c.o
[35/679] Building C object CMakeFiles/nextssl.dir/src/hash/adapters/argon2id_adapter.c.o
[36/679] Building C object CMakeFiles/nextssl.dir/src/hash/adapters/balloon_adapter.c.o
[37/679] Building C object CMakeFiles/nextssl.dir/src/hash/adapters/bcrypt_adapter.c.o
[38/679] Building C object CMakeFiles/nextssl.dir/src/hash/adapters/catena_adapter.c.o
[39/679] Building C object CMakeFiles/nextssl.dir/src/hash/adapters/lyra2_adapter.c.o
[40/679] Building C object CMakeFiles/nextssl.dir/src/hash/adapters/makwa_adapter.c.o
[41/679] Building C object CMakeFiles/nextssl.dir/src/hash/adapters/pomelo_adapter.c.o
[42/679] Building C object CMakeFiles/nextssl.dir/src/hash/adapters/plain_hash_adapter.c.o
[43/679] Building C object CMakeFiles/nextssl.dir/src/hash/adapters/scrypt_adapter.c.o
[44/679] Building C object CMakeFiles/nextssl.dir/src/hash/adapters/yescrypt_adapter.c.o
[45/679] Building C object CMakeFiles/nextssl.dir/src/hash/argon2d/argon2d.c.o
[46/679] Building C object CMakeFiles/nextssl.dir/src/hash/argon2i/argon2i.c.o
[47/679] Building C object CMakeFiles/nextssl.dir/src/hash/argon2id/argon2id.c.o
[48/679] Building C object CMakeFiles/nextssl.dir/src/hash/balloon/balloon_openssl_compat.c.o
[49/679] Building C object CMakeFiles/nextssl.dir/src/hash/balloon/balloon_ops.c.o
[50/679] Building C object CMakeFiles/nextssl.dir/src/hash/balloon/bitstream.c.o
[51/679] Building C object CMakeFiles/nextssl.dir/src/hash/balloon/compress.c.o
[52/679] Building C object CMakeFiles/nextssl.dir/src/hash/balloon/encode.c.o
[53/679] Building C object CMakeFiles/nextssl.dir/src/hash/bcrypt/bcrypt_ops.c.o
[54/679] Building C object CMakeFiles/nextssl.dir/src/hash/balloon/hash_state.c.o
[55/679] Building C object CMakeFiles/nextssl.dir/src/hash/bcrypt/crypt_blowfish.c.o
[56/679] Building C object CMakeFiles/nextssl.dir/src/hash/bcrypt/crypt_gensalt.c.o
[57/679] Building C object CMakeFiles/nextssl.dir/src/hash/blake2b/blake2b.c.o
[58/679] Building C object CMakeFiles/nextssl.dir/src/hash/blake3/blake3.c.o
[59/679] Building C object CMakeFiles/nextssl.dir/src/hash/blake2s/blake2s.c.o
[60/679] Building C object CMakeFiles/nextssl.dir/src/hash/blake3/blake3_portable.c.o
[61/679] Building C object CMakeFiles/nextssl.dir/src/hash/blake3/blake3_avx2.c.o
[62/679] Building C object CMakeFiles/nextssl.dir/src/hash/blake3/blake3_avx512.c.o
[63/679] Building C object CMakeFiles/nextssl.dir/src/hash/blake3/blake3_dispatch.c.o
[64/679] Building C object CMakeFiles/nextssl.dir/src/hash/catena/blake2b-ref.c.o
[65/679] Building C object CMakeFiles/nextssl.dir/src/hash/blake3/blake3_sse2.c.o
[66/679] Building C object CMakeFiles/nextssl.dir/src/hash/blake3/blake3_sse41.c.o
[67/679] Building C object CMakeFiles/nextssl.dir/src/hash/catena/catena-BRG.c.o
[68/679] Building C object CMakeFiles/nextssl.dir/src/hash/catena/catena-blake2b-ref.c.o
[69/679] Building C object CMakeFiles/nextssl.dir/src/hash/catena/catena_ops.c.o
[70/679] Building C object CMakeFiles/nextssl.dir/src/hash/catena/catena-helpers.c.o
[71/679] Building C object CMakeFiles/nextssl.dir/src/hash/catena/catena.c.o
[72/679] Building C object CMakeFiles/nextssl.dir/src/hash/generic/nextssl_hash.c.o
[73/679] Building C object CMakeFiles/nextssl.dir/src/hash/cshake/cshake.c.o
[74/679] Building C object CMakeFiles/nextssl.dir/src/hash/interface/hash_ops_disabled_stubs.c.o
[75/679] Building C object CMakeFiles/nextssl.dir/src/hash/has160/has160.c.o
[76/679] Building C object CMakeFiles/nextssl.dir/src/hash/keccak256/keccak256.c.o
[77/679] Building C object CMakeFiles/nextssl.dir/src/hash/interface/hash_registry.c.o
[78/679] Building C object CMakeFiles/nextssl.dir/src/hash/kmac128/kmac128.c.o
[79/679] Building C object CMakeFiles/nextssl.dir/src/hash/kmac/kmac.c.o
[80/679] Building C object CMakeFiles/nextssl.dir/src/hash/kmac256/kmac256.c.o
[81/679] Building C object CMakeFiles/nextssl.dir/src/hash/lyra2/Lyra2.c.o
[82/679] Building C object CMakeFiles/nextssl.dir/src/hash/lyra2/Sponge.c.o
[83/679] Building C object CMakeFiles/nextssl.dir/src/hash/makwa/makwa_ops.c.o
[84/679] Building C object CMakeFiles/nextssl.dir/src/hash/makwa/makwa.c.o
[85/679] Building C object CMakeFiles/nextssl.dir/src/hash/lyra2/lyra2_ops.c.o
[86/679] Building C object CMakeFiles/nextssl.dir/src/hash/md4/md4.c.o
[87/679] Building C object CMakeFiles/nextssl.dir/src/hash/md2/md2.c.o
[88/679] Building C object CMakeFiles/nextssl.dir/src/hash/md5/md5.c.o
[89/679] Building C object CMakeFiles/nextssl.dir/src/hash/nt/nt.c.o
[90/679] Building C object CMakeFiles/nextssl.dir/src/hash/pomelo/pomelo.c.o
[91/679] Building C object CMakeFiles/nextssl.dir/src/hash/pomelo/pomelo_ops.c.o
[92/679] Building C object CMakeFiles/nextssl.dir/src/hash/parallelhash/parallelhash.c.o
[93/679] Building C object CMakeFiles/nextssl.dir/src/hash/record/lms/lmots.c.o
[94/679] Building C object CMakeFiles/nextssl.dir/src/hash/record/hash_record_core.c.o
[95/679] Building C object CMakeFiles/nextssl.dir/src/hash/record/lms/lms.c.o
[96/679] Building C object CMakeFiles/nextssl.dir/src/hash/record/lms/lms_params.c.o
[97/679] Building C object CMakeFiles/nextssl.dir/src/hash/ripemd128/ripemd128.c.o
[98/679] Building C object CMakeFiles/nextssl.dir/src/hash/ripemd160/ripemd160.c.o
[99/679] Building C object CMakeFiles/nextssl.dir/src/hash/ripemd256/ripemd256.c.o
[100/679] Building C object CMakeFiles/nextssl.dir/src/hash/root_functions/hash_root.c.o
[101/679] Building C object CMakeFiles/nextssl.dir/src/hash/scrypt/crypto_scrypt-ref.c.o
[102/679] Building C object CMakeFiles/nextssl.dir/src/hash/ripemd320/ripemd320.c.o
[103/679] Building C object CMakeFiles/nextssl.dir/src/hash/scrypt/insecure_memzero.c.o
[104/679] Building C object CMakeFiles/nextssl.dir/src/hash/scrypt/scrypt_ops.c.o
[105/679] Building C object CMakeFiles/nextssl.dir/src/hash/scrypt/sha256_portable.c.o
[106/679] Building C object CMakeFiles/nextssl.dir/src/hash/sha0/sha0.c.o
[107/679] Building C object CMakeFiles/nextssl.dir/src/hash/sha1/sha1.c.o
[108/679] Building C object CMakeFiles/nextssl.dir/src/hash/sha224/sha224.c.o
[109/679] Building C object CMakeFiles/nextssl.dir/src/hash/sha3_224/sha3_224.c.o
[110/679] Building C object CMakeFiles/nextssl.dir/src/hash/sha3_256/sha3.c.o
[111/679] Building C object CMakeFiles/nextssl.dir/src/hash/sha256/sha256.c.o
[112/679] Building C object CMakeFiles/nextssl.dir/src/hash/sha3_512/sha3_512.c.o
[113/679] Building C object CMakeFiles/nextssl.dir/src/hash/sha512/sha512.c.o
[114/679] Building C object CMakeFiles/nextssl.dir/src/hash/sha3_384/sha3_384.c.o
[115/679] Building C object CMakeFiles/nextssl.dir/src/hash/sha512_256/sha512_256.c.o
[116/679] Building C object CMakeFiles/nextssl.dir/src/hash/sha512_224/sha512_224.c.o
[117/679] Building C object CMakeFiles/nextssl.dir/src/hash/shake128/shake128.c.o
[118/679] Building C object CMakeFiles/nextssl.dir/src/hash/shake/shake.c.o
[119/679] Building C object CMakeFiles/nextssl.dir/src/hash/shake256/shake256.c.o
[120/679] Building C object CMakeFiles/nextssl.dir/src/hash/skein1024/skein1024.c.o
[121/679] Building C object CMakeFiles/nextssl.dir/src/hash/skein256/skein256.c.o
[122/679] Building C object CMakeFiles/nextssl.dir/src/hash/skein512/skein512.c.o
[123/679] Building C object CMakeFiles/nextssl.dir/src/hash/sm3/sm3_ext.c.o
[124/679] Building C object CMakeFiles/nextssl.dir/src/hash/sm3/sm3_impl.c.o
[125/679] Building C object CMakeFiles/nextssl.dir/src/hash/sm3/sm3_ops.c.o
[126/679] Building C object CMakeFiles/nextssl.dir/src/hash/tiger/tiger.c.o
[127/679] Building C object CMakeFiles/nextssl.dir/src/hash/tiger/tiger_sbox.c.o
[128/679] Building C object CMakeFiles/nextssl.dir/src/hash/tuplehash/tuplehash.c.o
[129/679] Building C object CMakeFiles/nextssl.dir/src/hash/yescrypt/yescrypt-common.c.o
[130/679] Building C object CMakeFiles/nextssl.dir/src/hash/whirlpool/whirlpool.c.o
[131/679] Building C object CMakeFiles/nextssl.dir/src/hash/yescrypt/yescrypt_ops.c.o
[132/679] Building C object CMakeFiles/nextssl.dir/src/modern/aead/_monocypher/monocypher.c.o
[133/679] Building C object CMakeFiles/nextssl.dir/src/hash/yescrypt/yescrypt-opt.c.o
[134/679] Building C object CMakeFiles/nextssl.dir/src/modern/aead/_monocypher/monocypher-ed25519.c.o
[135/679] Building C object CMakeFiles/nextssl.dir/src/modern/aead/aes_ccm/aes_ccm.c.o
[136/679] Building C object CMakeFiles/nextssl.dir/src/modern/aead/aes_gcm/aes_gcm.c.o
[137/679] Building C object CMakeFiles/nextssl.dir/src/modern/aead/aes_eax/aes_eax.c.o
[138/679] Building C object CMakeFiles/nextssl.dir/src/modern/aead/aes_gmac/aes_gmac.c.o
[139/679] Building C object CMakeFiles/nextssl.dir/src/modern/aead/aes_gcm_siv/aes_gcm_siv.c.o
[140/679] Building C object CMakeFiles/nextssl.dir/src/modern/aead/aes_siv/aes_siv.c.o
[141/679] Building C object CMakeFiles/nextssl.dir/src/modern/aead/aes_poly1305/aes_poly1305.c.o
[142/679] Building C object CMakeFiles/nextssl.dir/src/modern/aead/ascon/_ascon/ascon_core.c.o
[143/679] Building C object CMakeFiles/nextssl.dir/src/modern/aead/aes_ocb/aes_ocb.c.o
[144/679] Building C object CMakeFiles/nextssl.dir/src/modern/aead/ascon/aead128/ascon_aead128.c.o
[145/679] Building C object CMakeFiles/nextssl.dir/src/modern/aead/ascon/cxof128/ascon_cxof128.c.o
[146/679] Building C object CMakeFiles/nextssl.dir/src/modern/aead/ascon/hash256/ascon_hash256.c.o
[147/679] Building C object CMakeFiles/nextssl.dir/src/modern/aead/ascon/xof128/ascon_xof128.c.o
[148/679] Building C object CMakeFiles/nextssl.dir/src/modern/aead/chacha20_poly1305/chacha20_poly1305.c.o
[149/679] Building C object CMakeFiles/nextssl.dir/src/modern/asymmetric/_ed25519/add_scalar.c.o
[150/679] Building C object CMakeFiles/nextssl.dir/src/modern/asymmetric/_ed25519/fe.c.o
[151/679] Building C object CMakeFiles/nextssl.dir/src/modern/asymmetric/_ed25519/key_exchange.c.o
[152/679] Building C object CMakeFiles/nextssl.dir/src/modern/asymmetric/_ed25519/keypair.c.o
[153/679] Building C object CMakeFiles/nextssl.dir/src/modern/asymmetric/_ed25519/ge.c.o
[154/679] Building C object CMakeFiles/nextssl.dir/src/modern/asymmetric/_ed25519/sc.c.o
[155/679] Building C object CMakeFiles/nextssl.dir/src/modern/asymmetric/_ed25519/seed.c.o
[156/679] Building C object CMakeFiles/nextssl.dir/src/modern/asymmetric/_ed25519/sha512.c.o
[157/679] Building C object CMakeFiles/nextssl.dir/src/modern/asymmetric/_ed25519/sign.c.o
[158/679] Building C object CMakeFiles/nextssl.dir/src/modern/asymmetric/_nist_ecc/micro_ecc/uECC.c.o
[159/679] Building C object CMakeFiles/nextssl.dir/src/modern/asymmetric/_ed25519/verify.c.o
[160/679] Building C object CMakeFiles/nextssl.dir/src/modern/asymmetric/curve448/ed448.c.o
[161/679] Building C object CMakeFiles/nextssl.dir/src/modern/asymmetric/curve448/curve448.c.o
[162/679] Building C object CMakeFiles/nextssl.dir/src/modern/asymmetric/curve448/curve448_det.c.o
[163/679] Building C object CMakeFiles/nextssl.dir/src/modern/asymmetric/curve448/fe_448.c.o
[164/679] Building C object CMakeFiles/nextssl.dir/src/modern/asymmetric/det_ecdsa/det_ecdsa.c.o
[165/679] Building C object CMakeFiles/nextssl.dir/src/modern/asymmetric/curve448/ge_448.c.o
[166/679] Building C object CMakeFiles/nextssl.dir/src/modern/asymmetric/dsa/dsa.c.o
[167/679] Building C object CMakeFiles/nextssl.dir/src/modern/asymmetric/p256/p256.c.o
[168/679] Building C object CMakeFiles/nextssl.dir/src/modern/asymmetric/p384/p384.c.o
[169/679] Building C object CMakeFiles/nextssl.dir/src/modern/asymmetric/p521/p521.c.o
[170/679] Building C object CMakeFiles/nextssl.dir/src/modern/asymmetric/rsa/rsa.c.o
[171/679] Building C object CMakeFiles/nextssl.dir/src/modern/asymmetric/sm2/sm2.c.o
[172/679] Building C object CMakeFiles/nextssl.dir/src/modern/base_encryption.c.o
[173/679] Building C object CMakeFiles/nextssl.dir/src/modern/kdf/pbkdf2/pbkdf2.c.o
[174/679] Building C object CMakeFiles/nextssl.dir/src/modern/curve_math/ristretto255.c.o
[175/679] Building C object CMakeFiles/nextssl.dir/src/modern/curve_math/elligator2.c.o
[176/679] Building C object CMakeFiles/nextssl.dir/src/modern/kdf/hkdf/hkdf.c.o
[177/679] Building C object CMakeFiles/nextssl.dir/src/modern/mac/siphash/siphash.c.o
[178/679] Building C object CMakeFiles/nextssl.dir/src/modern/mac/poly1305/poly1305.c.o
[179/679] Building C object CMakeFiles/nextssl.dir/src/modern/symmetric/_aes/aes_core.c.o
[180/679] Building C object CMakeFiles/nextssl.dir/src/modern/mac/aes_cmac/aes_cmac.c.o
[181/679] Building C object CMakeFiles/nextssl.dir/src/modern/mac/hmac/hmac.c.o
[182/679] Building C object CMakeFiles/nextssl.dir/src/modern/symmetric/aes_cbc/aes_cbc.c.o
[183/679] Building C object CMakeFiles/nextssl.dir/src/modern/symmetric/aes_ecb/aes_ecb.c.o
[184/679] Building C object CMakeFiles/nextssl.dir/src/modern/symmetric/aes_cbc_cs/aes_cbc_cs.c.o
[185/679] Building C object CMakeFiles/nextssl.dir/src/modern/symmetric/aes_cfb/aes_cfb.c.o
[186/679] Building C object CMakeFiles/nextssl.dir/src/modern/symmetric/aes_ctr/aes_ctr.c.o
[187/679] Building C object CMakeFiles/nextssl.dir/src/modern/symmetric/aes_fpe/aes_fpe.c.o
[188/679] Building C object CMakeFiles/nextssl.dir/src/modern/symmetric/aes_kw/aes_kw.c.o
[189/679] Building C object CMakeFiles/nextssl.dir/src/modern/symmetric/aes_ofb/aes_ofb.c.o
[190/679] Building C object CMakeFiles/nextssl.dir/src/modern/symmetric/aes_xts/aes_xts.c.o
[191/679] Building C object CMakeFiles/nextssl.dir/src/modern/symmetric/aes_xpn/aes_xpn.c.o
[192/679] Building C object CMakeFiles/nextssl.dir/src/modern/symmetric/chacha20/chacha20.c.o
[193/679] Building C object CMakeFiles/nextssl.dir/src/pow/client/pow_reject.c.o
[194/679] Building C object CMakeFiles/nextssl.dir/src/pow/client/pow_solver.c.o
[195/679] Building C object CMakeFiles/nextssl.dir/src/pow/client/pow_timer.c.o
[196/679] Building C object CMakeFiles/nextssl.dir/src/modern/symmetric/sm4/sm4_impl.c.o
[197/679] Building C object CMakeFiles/nextssl.dir/src/modern/symmetric/three_des/three_des.c.o
[198/679] Building C object CMakeFiles/nextssl.dir/src/pow/client/pow_limits.c.o
[199/679] Building C object CMakeFiles/nextssl.dir/src/pow/core/pow_difficulty.c.o
[200/679] Building C object CMakeFiles/nextssl.dir/src/pow/core/pow_parser.c.o
[201/679] Building C object CMakeFiles/nextssl.dir/src/pow/dhcm/dhcm_core.c.o
[202/679] Building C object CMakeFiles/nextssl.dir/src/pow/dhcm/dhcm_difficulty.c.o
[203/679] Building C object CMakeFiles/nextssl.dir/src/pow/dhcm/dhcm_math.c.o
[204/679] Building C object CMakeFiles/nextssl.dir/src/pow/dhcm/hash_cost.c.o
[205/679] Building C object CMakeFiles/nextssl.dir/src/pow/dhcm/hash_cost_probe.c.o
[206/679] Building C object CMakeFiles/nextssl.dir/src/pow/dispatcher.c.o
[207/679] Building C object CMakeFiles/nextssl.dir/src/pow/server/pow_challenge.c.o
[208/679] Building C object CMakeFiles/nextssl.dir/src/pow/server/pow_verify.c.o
[209/679] Building C object CMakeFiles/nextssl.dir/src/pqc/common/aes.c.o
[210/679] Building C object CMakeFiles/nextssl.dir/src/pow/pow_engine.c.o
[211/679] Building C object CMakeFiles/nextssl.dir/src/pqc/common/drbg/drbg.c.o
[212/679] Building C object CMakeFiles/nextssl.dir/src/pqc/common/fips202.c.o
[213/679] Building C object CMakeFiles/nextssl.dir/src/pqc/common/nistseedexpander.c.o
[214/679] Building C object CMakeFiles/nextssl.dir/src/pqc/common/sha2.c.o
[215/679] Building C object CMakeFiles/nextssl.dir/src/pqc/common/hkdf/hkdf.c.o
[216/679] Building C object CMakeFiles/nextssl.dir/src/pqc/common/randombytes.c.o
[217/679] Building C object CMakeFiles/nextssl.dir/src/pqc/common/keccak4x/KeccakP-1600-times4-SIMD256.c.o
[218/679] Building C object CMakeFiles/nextssl.dir/src/pqc/common/sp800-185.c.o
[219/679] Building C object CMakeFiles/nextssl.dir/src/pqc/kem/hqc-128/ref/fft.c.o
[220/679] Building C object CMakeFiles/nextssl.dir/src/pqc/kem/hqc-128/ref/code.c.o
[221/679] Building C object CMakeFiles/nextssl.dir/src/pqc/kem/hqc-128/ref/gf.c.o
[222/679] Building C object CMakeFiles/nextssl.dir/src/pqc/kem/hqc-128/ref/gf2x.c.o
[223/679] Building C object CMakeFiles/nextssl.dir/src/pqc/kem/hqc-128/ref/hqc.c.o
[224/679] Building C object CMakeFiles/nextssl.dir/src/pqc/kem/hqc-128/ref/kem.c.o
[225/679] Building C object CMakeFiles/nextssl.dir/src/pqc/kem/hqc-128/ref/reed_muller.c.o
[226/679] Building C object CMakeFiles/nextssl.dir/src/pqc/kem/hqc-128/ref/parsing.c.o
[227/679] Building C object CMakeFiles/nextssl.dir/src/pqc/kem/hqc-128/ref/shake_prng.c.o
[228/679] Building C object CMakeFiles/nextssl.dir/src/pqc/kem/hqc-192/ref/code.c.o
[229/679] Building C object CMakeFiles/nextssl.dir/src/pqc/kem/hqc-128/ref/vector.c.o
[230/679] Building C object CMakeFiles/nextssl.dir/src/pqc/kem/hqc-128/ref/shake_ds.c.o
[231/679] Building C object CMakeFiles/nextssl.dir/src/pqc/kem/hqc-128/ref/reed_solomon.c.o
[232/679] Building C object CMakeFiles/nextssl.dir/src/pqc/kem/hqc-192/ref/fft.c.o
[233/679] Building C object CMakeFiles/nextssl.dir/src/pqc/kem/hqc-192/ref/gf.c.o
[234/679] Building C object CMakeFiles/nextssl.dir/src/pqc/kem/hqc-192/ref/hqc.c.o
[235/679] Building C object CMakeFiles/nextssl.dir/src/pqc/kem/hqc-192/ref/gf2x.c.o
[236/679] Building C object CMakeFiles/nextssl.dir/src/pqc/kem/hqc-192/ref/kem.c.o
[237/679] Building C object CMakeFiles/nextssl.dir/src/pqc/kem/hqc-192/ref/parsing.c.o
[238/679] Building C object CMakeFiles/nextssl.dir/src/pqc/kem/hqc-192/ref/reed_muller.c.o
[239/679] Building C object CMakeFiles/nextssl.dir/src/pqc/kem/hqc-192/ref/reed_solomon.c.o
[240/679] Building C object CMakeFiles/nextssl.dir/src/pqc/kem/hqc-192/ref/shake_prng.c.o
[241/679] Building C object CMakeFiles/nextssl.dir/src/pqc/kem/hqc-192/ref/vector.c.o
[242/679] Building C object CMakeFiles/nextssl.dir/src/pqc/kem/hqc-192/ref/shake_ds.c.o
[243/679] Building C object CMakeFiles/nextssl.dir/src/pqc/kem/hqc-256/ref/code.c.o
[244/679] Building C object CMakeFiles/nextssl.dir/src/pqc/kem/hqc-256/ref/fft.c.o
[245/679] Building C object CMakeFiles/nextssl.dir/src/pqc/kem/hqc-256/ref/gf.c.o
[246/679] Building C object CMakeFiles/nextssl.dir/src/pqc/kem/hqc-256/ref/gf2x.c.o
[247/679] Building C object CMakeFiles/nextssl.dir/src/pqc/kem/hqc-256/ref/hqc.c.o
[248/679] Building C object CMakeFiles/nextssl.dir/src/pqc/kem/hqc-256/ref/kem.c.o
[249/679] Building C object CMakeFiles/nextssl.dir/src/pqc/kem/hqc-256/ref/parsing.c.o
[250/679] Building C object CMakeFiles/nextssl.dir/src/pqc/kem/hqc-256/ref/reed_solomon.c.o
[251/679] Building C object CMakeFiles/nextssl.dir/src/pqc/kem/hqc-256/ref/shake_ds.c.o
[252/679] Building C object CMakeFiles/nextssl.dir/src/pqc/kem/hqc-256/ref/reed_muller.c.o
[253/679] Building C object CMakeFiles/nextssl.dir/src/pqc/kem/hqc-256/ref/vector.c.o
[254/679] Building C object CMakeFiles/nextssl.dir/src/pqc/kem/hqc-256/ref/shake_prng.c.o
[255/679] Building C object CMakeFiles/nextssl.dir/src/pqc/kem/mceliece348864/ref/aes256ctr.c.o
[256/679] Building C object CMakeFiles/nextssl.dir/src/pqc/kem/mceliece348864/ref/controlbits.c.o
[257/679] Building C object CMakeFiles/nextssl.dir/src/pqc/kem/mceliece348864/ref/benes.c.o
[258/679] Building C object CMakeFiles/nextssl.dir/src/pqc/kem/mceliece348864/ref/bm.c.o
[259/679] Building C object CMakeFiles/nextssl.dir/src/pqc/kem/mceliece348864/ref/crypto_int32.c.o
[260/679] Building C object CMakeFiles/nextssl.dir/src/pqc/kem/mceliece348864/ref/crypto_uint16.c.o
[261/679] Building C object CMakeFiles/nextssl.dir/src/pqc/kem/mceliece348864/ref/crypto_int16.c.o
[262/679] Building C object CMakeFiles/nextssl.dir/src/pqc/kem/mceliece348864/ref/crypto_uint64.c.o
[263/679] Building C object CMakeFiles/nextssl.dir/src/pqc/kem/mceliece348864/ref/crypto_uint32.c.o
[264/679] Building C object CMakeFiles/nextssl.dir/src/pqc/kem/mceliece348864/ref/decrypt.c.o
[265/679] Building C object CMakeFiles/nextssl.dir/src/pqc/kem/mceliece348864/ref/operations.c.o
[266/679] Building C object CMakeFiles/nextssl.dir/src/pqc/kem/mceliece348864/ref/encrypt.c.o
[267/679] Building C object CMakeFiles/nextssl.dir/src/pqc/kem/mceliece348864/ref/sk_gen.c.o
[268/679] Building C object CMakeFiles/nextssl.dir/src/pqc/kem/mceliece348864/ref/gf.c.o
[269/679] Building C object CMakeFiles/nextssl.dir/src/pqc/kem/mceliece348864/ref/pk_gen.c.o
[270/679] Building C object CMakeFiles/nextssl.dir/src/pqc/kem/mceliece348864/ref/root.c.o
[271/679] Building C object CMakeFiles/nextssl.dir/src/pqc/kem/mceliece348864/ref/synd.c.o
[272/679] Building C object CMakeFiles/nextssl.dir/src/pqc/kem/mceliece348864/ref/transpose.c.o
[273/679] Building C object CMakeFiles/nextssl.dir/src/pqc/kem/mceliece348864/ref/util.c.o
[274/679] Building C object CMakeFiles/nextssl.dir/src/pqc/kem/mceliece348864f/ref/aes256ctr.c.o
[275/679] Building C object CMakeFiles/nextssl.dir/src/pqc/kem/mceliece348864f/ref/benes.c.o
[276/679] Building C object CMakeFiles/nextssl.dir/src/pqc/kem/mceliece348864f/ref/bm.c.o
[277/679] Building C object CMakeFiles/nextssl.dir/src/pqc/kem/mceliece348864f/ref/crypto_int16.c.o
[278/679] Building C object CMakeFiles/nextssl.dir/src/pqc/kem/mceliece348864f/ref/crypto_int32.c.o
[279/679] Building C object CMakeFiles/nextssl.dir/src/pqc/kem/mceliece348864f/ref/controlbits.c.o
[280/679] Building C object CMakeFiles/nextssl.dir/src/pqc/kem/mceliece348864f/ref/crypto_uint16.c.o
[281/679] Building C object CMakeFiles/nextssl.dir/src/pqc/kem/mceliece348864f/ref/crypto_uint32.c.o
[282/679] Building C object CMakeFiles/nextssl.dir/src/pqc/kem/mceliece348864f/ref/crypto_uint64.c.o
[283/679] Building C object CMakeFiles/nextssl.dir/src/pqc/kem/mceliece348864f/ref/decrypt.c.o
[284/679] Building C object CMakeFiles/nextssl.dir/src/pqc/kem/mceliece348864f/ref/encrypt.c.o
[285/679] Building C object CMakeFiles/nextssl.dir/src/pqc/kem/mceliece348864f/ref/gf.c.o
[286/679] Building C object CMakeFiles/nextssl.dir/src/pqc/kem/mceliece348864f/ref/operations.c.o
[287/679] Building C object CMakeFiles/nextssl.dir/src/pqc/kem/mceliece348864f/ref/pk_gen.c.o
[288/679] Building C object CMakeFiles/nextssl.dir/src/pqc/kem/mceliece348864f/ref/root.c.o
[289/679] Building C object CMakeFiles/nextssl.dir/src/pqc/kem/mceliece348864f/ref/sk_gen.c.o
[290/679] Building C object CMakeFiles/nextssl.dir/src/pqc/kem/mceliece348864f/ref/synd.c.o
[291/679] Building C object CMakeFiles/nextssl.dir/src/pqc/kem/mceliece348864f/ref/transpose.c.o
[292/679] Building C object CMakeFiles/nextssl.dir/src/pqc/kem/mceliece348864f/ref/util.c.o
[293/679] Building C object CMakeFiles/nextssl.dir/src/pqc/kem/mceliece460896/ref/benes.c.o
[294/679] Building C object CMakeFiles/nextssl.dir/src/pqc/kem/mceliece460896/ref/aes256ctr.c.o
[295/679] Building C object CMakeFiles/nextssl.dir/src/pqc/kem/mceliece460896/ref/bm.c.o
[296/679] Building C object CMakeFiles/nextssl.dir/src/pqc/kem/mceliece460896/ref/controlbits.c.o
[297/679] Building C object CMakeFiles/nextssl.dir/src/pqc/kem/mceliece460896/ref/crypto_int16.c.o
[298/679] Building C object CMakeFiles/nextssl.dir/src/pqc/kem/mceliece460896/ref/crypto_int32.c.o
[299/679] Building C object CMakeFiles/nextssl.dir/src/pqc/kem/mceliece460896/ref/crypto_uint16.c.o
[300/679] Building C object CMakeFiles/nextssl.dir/src/pqc/kem/mceliece460896/ref/crypto_uint32.c.o
[301/679] Building C object CMakeFiles/nextssl.dir/src/pqc/kem/mceliece460896/ref/decrypt.c.o
[302/679] Building C object CMakeFiles/nextssl.dir/src/pqc/kem/mceliece460896/ref/gf.c.o
[303/679] Building C object CMakeFiles/nextssl.dir/src/pqc/kem/mceliece460896/ref/encrypt.c.o
[304/679] Building C object CMakeFiles/nextssl.dir/src/pqc/kem/mceliece460896/ref/pk_gen.c.o
[305/679] Building C object CMakeFiles/nextssl.dir/src/pqc/kem/mceliece460896/ref/crypto_uint64.c.o
[306/679] Building C object CMakeFiles/nextssl.dir/src/pqc/kem/mceliece460896/ref/operations.c.o
[307/679] Building C object CMakeFiles/nextssl.dir/src/pqc/kem/mceliece460896/ref/root.c.o
[308/679] Building C object CMakeFiles/nextssl.dir/src/pqc/kem/mceliece460896/ref/sk_gen.c.o
[309/679] Building C object CMakeFiles/nextssl.dir/src/pqc/kem/mceliece460896/ref/synd.c.o
[310/679] Building C object CMakeFiles/nextssl.dir/src/pqc/kem/mceliece460896/ref/transpose.c.o
[311/679] Building C object CMakeFiles/nextssl.dir/src/pqc/kem/mceliece460896/ref/util.c.o
[312/679] Building C object CMakeFiles/nextssl.dir/src/pqc/kem/mceliece460896f/ref/aes256ctr.c.o
[313/679] Building C object CMakeFiles/nextssl.dir/src/pqc/kem/mceliece460896f/ref/benes.c.o
[314/679] Building C object CMakeFiles/nextssl.dir/src/pqc/kem/mceliece460896f/ref/bm.c.o
[315/679] Building C object CMakeFiles/nextssl.dir/src/pqc/kem/mceliece460896f/ref/controlbits.c.o
[316/679] Building C object CMakeFiles/nextssl.dir/src/pqc/kem/mceliece460896f/ref/crypto_int32.c.o
[317/679] Building C object CMakeFiles/nextssl.dir/src/pqc/kem/mceliece460896f/ref/crypto_uint16.c.o
[318/679] Building C object CMakeFiles/nextssl.dir/src/pqc/kem/mceliece460896f/ref/crypto_int16.c.o
[319/679] Building C object CMakeFiles/nextssl.dir/src/pqc/kem/mceliece460896f/ref/crypto_uint32.c.o
[320/679] Building C object CMakeFiles/nextssl.dir/src/pqc/kem/mceliece460896f/ref/crypto_uint64.c.o
[321/679] Building C object CMakeFiles/nextssl.dir/src/pqc/kem/mceliece460896f/ref/decrypt.c.o
[322/679] Building C object CMakeFiles/nextssl.dir/src/pqc/kem/mceliece460896f/ref/encrypt.c.o
[323/679] Building C object CMakeFiles/nextssl.dir/src/pqc/kem/mceliece460896f/ref/gf.c.o
[324/679] Building C object CMakeFiles/nextssl.dir/src/pqc/kem/mceliece460896f/ref/sk_gen.c.o
[325/679] Building C object CMakeFiles/nextssl.dir/src/pqc/kem/mceliece460896f/ref/operations.c.o
[326/679] Building C object CMakeFiles/nextssl.dir/src/pqc/kem/mceliece460896f/ref/synd.c.o
[327/679] Building C object CMakeFiles/nextssl.dir/src/pqc/kem/mceliece460896f/ref/transpose.c.o
[328/679] Building C object CMakeFiles/nextssl.dir/src/pqc/kem/mceliece460896f/ref/pk_gen.c.o
[329/679] Building C object CMakeFiles/nextssl.dir/src/pqc/kem/mceliece460896f/ref/root.c.o
[330/679] Building C object CMakeFiles/nextssl.dir/src/pqc/kem/mceliece460896f/ref/util.c.o
[331/679] Building C object CMakeFiles/nextssl.dir/src/pqc/kem/mceliece6688128/ref/aes256ctr.c.o
[332/679] Building C object CMakeFiles/nextssl.dir/src/pqc/kem/mceliece6688128/ref/benes.c.o
[333/679] Building C object CMakeFiles/nextssl.dir/src/pqc/kem/mceliece6688128/ref/bm.c.o
[334/679] Building C object CMakeFiles/nextssl.dir/src/pqc/kem/mceliece6688128/ref/crypto_int16.c.o
[335/679] Building C object CMakeFiles/nextssl.dir/src/pqc/kem/mceliece6688128/ref/controlbits.c.o
[336/679] Building C object CMakeFiles/nextssl.dir/src/pqc/kem/mceliece6688128/ref/crypto_int32.c.o
[337/679] Building C object CMakeFiles/nextssl.dir/src/pqc/kem/mceliece6688128/ref/crypto_uint16.c.o
[338/679] Building C object CMakeFiles/nextssl.dir/src/pqc/kem/mceliece6688128/ref/crypto_uint32.c.o
[339/679] Building C object CMakeFiles/nextssl.dir/src/pqc/kem/mceliece6688128/ref/decrypt.c.o
[340/679] Building C object CMakeFiles/nextssl.dir/src/pqc/kem/mceliece6688128/ref/crypto_uint64.c.o
[341/679] Building C object CMakeFiles/nextssl.dir/src/pqc/kem/mceliece6688128/ref/gf.c.o
[342/679] Building C object CMakeFiles/nextssl.dir/src/pqc/kem/mceliece6688128/ref/encrypt.c.o
[343/679] Building C object CMakeFiles/nextssl.dir/src/pqc/kem/mceliece6688128/ref/operations.c.o
[344/679] Building C object CMakeFiles/nextssl.dir/src/pqc/kem/mceliece6688128/ref/pk_gen.c.o
[345/679] Building C object CMakeFiles/nextssl.dir/src/pqc/kem/mceliece6688128/ref/sk_gen.c.o
[346/679] Building C object CMakeFiles/nextssl.dir/src/pqc/kem/mceliece6688128/ref/root.c.o
[347/679] Building C object CMakeFiles/nextssl.dir/src/pqc/kem/mceliece6688128/ref/synd.c.o
[348/679] Building C object CMakeFiles/nextssl.dir/src/pqc/kem/mceliece6688128/ref/transpose.c.o
[349/679] Building C object CMakeFiles/nextssl.dir/src/pqc/kem/mceliece6688128/ref/util.c.o
[350/679] Building C object CMakeFiles/nextssl.dir/src/pqc/kem/mceliece6688128f/ref/aes256ctr.c.o
[351/679] Building C object CMakeFiles/nextssl.dir/src/pqc/kem/mceliece6688128f/ref/benes.c.o
[352/679] Building C object CMakeFiles/nextssl.dir/src/pqc/kem/mceliece6688128f/ref/bm.c.o
[353/679] Building C object CMakeFiles/nextssl.dir/src/pqc/kem/mceliece6688128f/ref/controlbits.c.o
[354/679] Building C object CMakeFiles/nextssl.dir/src/pqc/kem/mceliece6688128f/ref/crypto_int16.c.o
[355/679] Building C object CMakeFiles/nextssl.dir/src/pqc/kem/mceliece6688128f/ref/crypto_uint16.c.o
[356/679] Building C object CMakeFiles/nextssl.dir/src/pqc/kem/mceliece6688128f/ref/decrypt.c.o
[357/679] Building C object CMakeFiles/nextssl.dir/src/pqc/kem/mceliece6688128f/ref/crypto_int32.c.o
[358/679] Building C object CMakeFiles/nextssl.dir/src/pqc/kem/mceliece6688128f/ref/crypto_uint32.c.o
[359/679] Building C object CMakeFiles/nextssl.dir/src/pqc/kem/mceliece6688128f/ref/crypto_uint64.c.o
[360/679] Building C object CMakeFiles/nextssl.dir/src/pqc/kem/mceliece6688128f/ref/encrypt.c.o
[361/679] Building C object CMakeFiles/nextssl.dir/src/pqc/kem/mceliece6688128f/ref/gf.c.o
[362/679] Building C object CMakeFiles/nextssl.dir/src/pqc/kem/mceliece6688128f/ref/operations.c.o
[363/679] Building C object CMakeFiles/nextssl.dir/src/pqc/kem/mceliece6688128f/ref/pk_gen.c.o
[364/679] Building C object CMakeFiles/nextssl.dir/src/pqc/kem/mceliece6688128f/ref/root.c.o
[365/679] Building C object CMakeFiles/nextssl.dir/src/pqc/kem/mceliece6688128f/ref/sk_gen.c.o
[366/679] Building C object CMakeFiles/nextssl.dir/src/pqc/kem/mceliece6688128f/ref/synd.c.o
[367/679] Building C object CMakeFiles/nextssl.dir/src/pqc/kem/mceliece6688128f/ref/transpose.c.o
[368/679] Building C object CMakeFiles/nextssl.dir/src/pqc/kem/mceliece6960119/ref/aes256ctr.c.o
[369/679] Building C object CMakeFiles/nextssl.dir/src/pqc/kem/mceliece6688128f/ref/util.c.o
[370/679] Building C object CMakeFiles/nextssl.dir/src/pqc/kem/mceliece6960119/ref/benes.c.o
[371/679] Building C object CMakeFiles/nextssl.dir/src/pqc/kem/mceliece6960119/ref/controlbits.c.o
[372/679] Building C object CMakeFiles/nextssl.dir/src/pqc/kem/mceliece6960119/ref/crypto_int32.c.o
[373/679] Building C object CMakeFiles/nextssl.dir/src/pqc/kem/mceliece6960119/ref/crypto_uint32.c.o
[374/679] Building C object CMakeFiles/nextssl.dir/src/pqc/kem/mceliece6960119/ref/bm.c.o
[375/679] Building C object CMakeFiles/nextssl.dir/src/pqc/kem/mceliece6960119/ref/crypto_int16.c.o
[376/679] Building C object CMakeFiles/nextssl.dir/src/pqc/kem/mceliece6960119/ref/crypto_uint16.c.o
[377/679] Building C object CMakeFiles/nextssl.dir/src/pqc/kem/mceliece6960119/ref/crypto_uint64.c.o
[378/679] Building C object CMakeFiles/nextssl.dir/src/pqc/kem/mceliece6960119/ref/decrypt.c.o
[379/679] Building C object CMakeFiles/nextssl.dir/src/pqc/kem/mceliece6960119/ref/encrypt.c.o
[380/679] Building C object CMakeFiles/nextssl.dir/src/pqc/kem/mceliece6960119/ref/gf.c.o
[381/679] Building C object CMakeFiles/nextssl.dir/src/pqc/kem/mceliece6960119/ref/operations.c.o
[382/679] Building C object CMakeFiles/nextssl.dir/src/pqc/kem/mceliece6960119/ref/pk_gen.c.o
[383/679] Building C object CMakeFiles/nextssl.dir/src/pqc/kem/mceliece6960119/ref/sk_gen.c.o
[384/679] Building C object CMakeFiles/nextssl.dir/src/pqc/kem/mceliece6960119/ref/synd.c.o
[385/679] Building C object CMakeFiles/nextssl.dir/src/pqc/kem/mceliece6960119/ref/transpose.c.o
[386/679] Building C object CMakeFiles/nextssl.dir/src/pqc/kem/mceliece6960119/ref/root.c.o
[387/679] Building C object CMakeFiles/nextssl.dir/src/pqc/kem/mceliece6960119/ref/util.c.o
[388/679] Building C object CMakeFiles/nextssl.dir/src/pqc/kem/mceliece6960119f/ref/aes256ctr.c.o
[389/679] Building C object CMakeFiles/nextssl.dir/src/pqc/kem/mceliece6960119f/ref/benes.c.o
[390/679] Building C object CMakeFiles/nextssl.dir/src/pqc/kem/mceliece6960119f/ref/bm.c.o
[391/679] Building C object CMakeFiles/nextssl.dir/src/pqc/kem/mceliece6960119f/ref/controlbits.c.o
[392/679] Building C object CMakeFiles/nextssl.dir/src/pqc/kem/mceliece6960119f/ref/crypto_int32.c.o
[393/679] Building C object CMakeFiles/nextssl.dir/src/pqc/kem/mceliece6960119f/ref/crypto_uint32.c.o
[394/679] Building C object CMakeFiles/nextssl.dir/src/pqc/kem/mceliece6960119f/ref/crypto_int16.c.o
[395/679] Building C object CMakeFiles/nextssl.dir/src/pqc/kem/mceliece6960119f/ref/crypto_uint16.c.o
[396/679] Building C object CMakeFiles/nextssl.dir/src/pqc/kem/mceliece6960119f/ref/crypto_uint64.c.o
[397/679] Building C object CMakeFiles/nextssl.dir/src/pqc/kem/mceliece6960119f/ref/decrypt.c.o
[398/679] Building C object CMakeFiles/nextssl.dir/src/pqc/kem/mceliece6960119f/ref/encrypt.c.o
[399/679] Building C object CMakeFiles/nextssl.dir/src/pqc/kem/mceliece6960119f/ref/gf.c.o
[400/679] Building C object CMakeFiles/nextssl.dir/src/pqc/kem/mceliece6960119f/ref/operations.c.o
[401/679] Building C object CMakeFiles/nextssl.dir/src/pqc/kem/mceliece6960119f/ref/pk_gen.c.o
[402/679] Building C object CMakeFiles/nextssl.dir/src/pqc/kem/mceliece6960119f/ref/util.c.o
[403/679] Building C object CMakeFiles/nextssl.dir/src/pqc/kem/mceliece6960119f/ref/synd.c.o
[404/679] Building C object CMakeFiles/nextssl.dir/src/pqc/kem/mceliece6960119f/ref/root.c.o
[405/679] Building C object CMakeFiles/nextssl.dir/src/pqc/kem/mceliece6960119f/ref/sk_gen.c.o
[406/679] Building C object CMakeFiles/nextssl.dir/src/pqc/kem/mceliece8192128/ref/aes256ctr.c.o
[407/679] Building C object CMakeFiles/nextssl.dir/src/pqc/kem/mceliece6960119f/ref/transpose.c.o
[408/679] Building C object CMakeFiles/nextssl.dir/src/pqc/kem/mceliece8192128/ref/benes.c.o
[409/679] Building C object CMakeFiles/nextssl.dir/src/pqc/kem/mceliece8192128/ref/bm.c.o
[410/679] Building C object CMakeFiles/nextssl.dir/src/pqc/kem/mceliece8192128/ref/controlbits.c.o
[411/679] Building C object CMakeFiles/nextssl.dir/src/pqc/kem/mceliece8192128/ref/crypto_int16.c.o
[412/679] Building C object CMakeFiles/nextssl.dir/src/pqc/kem/mceliece8192128/ref/crypto_int32.c.o
[413/679] Building C object CMakeFiles/nextssl.dir/src/pqc/kem/mceliece8192128/ref/crypto_uint16.c.o
[414/679] Building C object CMakeFiles/nextssl.dir/src/pqc/kem/mceliece8192128/ref/crypto_uint32.c.o
[415/679] Building C object CMakeFiles/nextssl.dir/src/pqc/kem/mceliece8192128/ref/crypto_uint64.c.o
[416/679] Building C object CMakeFiles/nextssl.dir/src/pqc/kem/mceliece8192128/ref/decrypt.c.o
[417/679] Building C object CMakeFiles/nextssl.dir/src/pqc/kem/mceliece8192128/ref/encrypt.c.o
[418/679] Building C object CMakeFiles/nextssl.dir/src/pqc/kem/mceliece8192128/ref/operations.c.o
[419/679] Building C object CMakeFiles/nextssl.dir/src/pqc/kem/mceliece8192128/ref/pk_gen.c.o
[420/679] Building C object CMakeFiles/nextssl.dir/src/pqc/kem/mceliece8192128/ref/gf.c.o
[421/679] Building C object CMakeFiles/nextssl.dir/src/pqc/kem/mceliece8192128/ref/root.c.o
[422/679] Building C object CMakeFiles/nextssl.dir/src/pqc/kem/mceliece8192128/ref/sk_gen.c.o
[423/679] Building C object CMakeFiles/nextssl.dir/src/pqc/kem/mceliece8192128/ref/synd.c.o
[424/679] Building C object CMakeFiles/nextssl.dir/src/pqc/kem/mceliece8192128/ref/transpose.c.o
[425/679] Building C object CMakeFiles/nextssl.dir/src/pqc/kem/mceliece8192128/ref/util.c.o
[426/679] Building C object CMakeFiles/nextssl.dir/src/pqc/kem/mceliece8192128f/ref/benes.c.o
[427/679] Building C object CMakeFiles/nextssl.dir/src/pqc/kem/mceliece8192128f/ref/aes256ctr.c.o
[428/679] Building C object CMakeFiles/nextssl.dir/src/pqc/kem/mceliece8192128f/ref/bm.c.o
[429/679] Building C object CMakeFiles/nextssl.dir/src/pqc/kem/mceliece8192128f/ref/crypto_int16.c.o
[430/679] Building C object CMakeFiles/nextssl.dir/src/pqc/kem/mceliece8192128f/ref/controlbits.c.o
[431/679] Building C object CMakeFiles/nextssl.dir/src/pqc/kem/mceliece8192128f/ref/crypto_uint16.c.o
[432/679] Building C object CMakeFiles/nextssl.dir/src/pqc/kem/mceliece8192128f/ref/crypto_int32.c.o
[433/679] Building C object CMakeFiles/nextssl.dir/src/pqc/kem/mceliece8192128f/ref/crypto_uint32.c.o
[434/679] Building C object CMakeFiles/nextssl.dir/src/pqc/kem/mceliece8192128f/ref/crypto_uint64.c.o
[435/679] Building C object CMakeFiles/nextssl.dir/src/pqc/kem/mceliece8192128f/ref/decrypt.c.o
[436/679] Building C object CMakeFiles/nextssl.dir/src/pqc/kem/mceliece8192128f/ref/gf.c.o
[437/679] Building C object CMakeFiles/nextssl.dir/src/pqc/kem/mceliece8192128f/ref/encrypt.c.o
[438/679] Building C object CMakeFiles/nextssl.dir/src/pqc/kem/mceliece8192128f/ref/operations.c.o
[439/679] Building C object CMakeFiles/nextssl.dir/src/pqc/kem/mceliece8192128f/ref/pk_gen.c.o
[440/679] Building C object CMakeFiles/nextssl.dir/src/pqc/kem/mceliece8192128f/ref/root.c.o
[441/679] Building C object CMakeFiles/nextssl.dir/src/pqc/kem/mceliece8192128f/ref/sk_gen.c.o
[442/679] Building C object CMakeFiles/nextssl.dir/src/pqc/kem/mceliece8192128f/ref/synd.c.o
[443/679] Building C object CMakeFiles/nextssl.dir/src/pqc/kem/mceliece8192128f/ref/transpose.c.o
[444/679] Building C object CMakeFiles/nextssl.dir/src/pqc/kem/mceliece8192128f/ref/util.c.o
[445/679] Building C object CMakeFiles/nextssl.dir/src/pqc/kem/ml-kem-1024/ref/cbd.c.o
[446/679] Building C object CMakeFiles/nextssl.dir/src/pqc/kem/ml-kem-1024/ref/indcpa.c.o
[447/679] Building C object CMakeFiles/nextssl.dir/src/pqc/kem/ml-kem-1024/ref/kem.c.o
[448/679] Building C object CMakeFiles/nextssl.dir/src/pqc/kem/ml-kem-1024/ref/ntt.c.o
[449/679] Building C object CMakeFiles/nextssl.dir/src/pqc/kem/ml-kem-1024/ref/poly.c.o
[450/679] Building C object CMakeFiles/nextssl.dir/src/pqc/kem/ml-kem-1024/ref/polyvec.c.o
[451/679] Building C object CMakeFiles/nextssl.dir/src/pqc/kem/ml-kem-1024/ref/reduce.c.o
[452/679] Building C object CMakeFiles/nextssl.dir/src/pqc/kem/ml-kem-1024/ref/verify.c.o
[453/679] Building C object CMakeFiles/nextssl.dir/src/pqc/kem/ml-kem-1024/ref/symmetric-shake.c.o
[454/679] Building C object CMakeFiles/nextssl.dir/src/pqc/kem/ml-kem-512/ref/cbd.c.o
[455/679] Building C object CMakeFiles/nextssl.dir/src/pqc/kem/ml-kem-512/ref/kem.c.o
[456/679] Building C object CMakeFiles/nextssl.dir/src/pqc/kem/ml-kem-512/ref/indcpa.c.o
[457/679] Building C object CMakeFiles/nextssl.dir/src/pqc/kem/ml-kem-512/ref/ntt.c.o
[458/679] Building C object CMakeFiles/nextssl.dir/src/pqc/kem/ml-kem-512/ref/polyvec.c.o
[459/679] Building C object CMakeFiles/nextssl.dir/src/pqc/kem/ml-kem-512/ref/reduce.c.o
[460/679] Building C object CMakeFiles/nextssl.dir/src/pqc/kem/ml-kem-512/ref/symmetric-shake.c.o
[461/679] Building C object CMakeFiles/nextssl.dir/src/pqc/kem/ml-kem-512/ref/poly.c.o
[462/679] Building C object CMakeFiles/nextssl.dir/src/pqc/kem/ml-kem-512/ref/verify.c.o
[463/679] Building C object CMakeFiles/nextssl.dir/src/pqc/kem/ml-kem-768/ref/cbd.c.o
[464/679] Building C object CMakeFiles/nextssl.dir/src/pqc/kem/ml-kem-768/ref/indcpa.c.o
[465/679] Building C object CMakeFiles/nextssl.dir/src/pqc/kem/ml-kem-768/ref/kem.c.o
[466/679] Building C object CMakeFiles/nextssl.dir/src/pqc/kem/ml-kem-768/ref/ntt.c.o
[467/679] Building C object CMakeFiles/nextssl.dir/src/pqc/kem/ml-kem-768/ref/polyvec.c.o
[468/679] Building C object CMakeFiles/nextssl.dir/src/pqc/kem/ml-kem-768/ref/poly.c.o
[469/679] Building C object CMakeFiles/nextssl.dir/src/pqc/kem/ml-kem-768/ref/reduce.c.o
[470/679] Building C object CMakeFiles/nextssl.dir/src/pqc/kem/ml-kem-768/ref/symmetric-shake.c.o
[471/679] Building C object CMakeFiles/nextssl.dir/src/pqc/kem/ml-kem-768/ref/verify.c.o
[472/679] Building C object CMakeFiles/nextssl.dir/src/pqc/pqc_main.c.o
[473/679] Building C object CMakeFiles/nextssl.dir/src/pqc/sign/falcon-1024/ref/codec.c.o
[474/679] Building C object CMakeFiles/nextssl.dir/src/pqc/sign/falcon-1024/ref/common.c.o
[475/679] Building C object CMakeFiles/nextssl.dir/src/pqc/sign/falcon-1024/ref/falcon_wrap.c.o
[476/679] Building C object CMakeFiles/nextssl.dir/src/pqc/sign/falcon-1024/ref/fft.c.o
[477/679] Building C object CMakeFiles/nextssl.dir/src/pqc/sign/falcon-1024/ref/fpr.c.o
[478/679] Building C object CMakeFiles/nextssl.dir/src/pqc/sign/falcon-1024/ref/rng.c.o
[479/679] Building C object CMakeFiles/nextssl.dir/src/pqc/sign/falcon-1024/ref/vrfy.c.o
[480/679] Building C object CMakeFiles/nextssl.dir/src/pqc/sign/falcon-1024/ref/sign.c.o
[481/679] Building C object CMakeFiles/nextssl.dir/src/pqc/sign/falcon-1024/ref/keygen.c.o
[482/679] Building C object CMakeFiles/nextssl.dir/src/pqc/sign/falcon-512/ref/codec.c.o
[483/679] Building C object CMakeFiles/nextssl.dir/src/pqc/sign/falcon-512/ref/common.c.o
[484/679] Building C object CMakeFiles/nextssl.dir/src/pqc/sign/falcon-512/ref/falcon_wrap.c.o
[485/679] Building C object CMakeFiles/nextssl.dir/src/pqc/sign/falcon-512/ref/fpr.c.o
[486/679] Building C object CMakeFiles/nextssl.dir/src/pqc/sign/falcon-512/ref/fft.c.o
[487/679] Building C object CMakeFiles/nextssl.dir/src/pqc/sign/falcon-512/ref/sign.c.o
[488/679] Building C object CMakeFiles/nextssl.dir/src/pqc/sign/falcon-512/ref/rng.c.o
[489/679] Building C object CMakeFiles/nextssl.dir/src/pqc/sign/falcon-512/ref/keygen.c.o
[490/679] Building C object CMakeFiles/nextssl.dir/src/pqc/sign/falcon-padded-1024/ref/codec.c.o
[491/679] Building C object CMakeFiles/nextssl.dir/src/pqc/sign/falcon-padded-1024/ref/common.c.o
[492/679] Building C object CMakeFiles/nextssl.dir/src/pqc/sign/falcon-512/ref/vrfy.c.o
[493/679] Building C object CMakeFiles/nextssl.dir/src/pqc/sign/falcon-padded-1024/ref/falcon_wrap.c.o
[494/679] Building C object CMakeFiles/nextssl.dir/src/pqc/sign/falcon-padded-1024/ref/fft.c.o
[495/679] Building C object CMakeFiles/nextssl.dir/src/pqc/sign/falcon-padded-1024/ref/fpr.c.o
[496/679] Building C object CMakeFiles/nextssl.dir/src/pqc/sign/falcon-padded-1024/ref/keygen.c.o
[497/679] Building C object CMakeFiles/nextssl.dir/src/pqc/sign/falcon-padded-1024/ref/rng.c.o
[498/679] Building C object CMakeFiles/nextssl.dir/src/pqc/sign/falcon-padded-1024/ref/sign.c.o
[499/679] Building C object CMakeFiles/nextssl.dir/src/pqc/sign/falcon-padded-512/ref/fft.c.o
[500/679] Building C object CMakeFiles/nextssl.dir/src/pqc/sign/falcon-padded-512/ref/fpr.c.o
[501/679] Building C object CMakeFiles/nextssl.dir/src/pqc/sign/falcon-padded-1024/ref/vrfy.c.o
[502/679] Building C object CMakeFiles/nextssl.dir/src/pqc/sign/falcon-padded-512/ref/codec.c.o
[503/679] Building C object CMakeFiles/nextssl.dir/src/pqc/sign/falcon-padded-512/ref/common.c.o
[504/679] Building C object CMakeFiles/nextssl.dir/src/pqc/sign/falcon-padded-512/ref/falcon_wrap.c.o
[505/679] Building C object CMakeFiles/nextssl.dir/src/pqc/sign/falcon-padded-512/ref/rng.c.o
[506/679] Building C object CMakeFiles/nextssl.dir/src/pqc/sign/falcon-padded-512/ref/keygen.c.o
[507/679] Building C object CMakeFiles/nextssl.dir/src/pqc/sign/falcon-padded-512/ref/sign.c.o
[508/679] Building C object CMakeFiles/nextssl.dir/src/pqc/sign/ml-dsa-44/ref/packing.c.o
[509/679] Building C object CMakeFiles/nextssl.dir/src/pqc/sign/falcon-padded-512/ref/vrfy.c.o
[510/679] Building C object CMakeFiles/nextssl.dir/src/pqc/sign/ml-dsa-44/ref/poly.c.o
[511/679] Building C object CMakeFiles/nextssl.dir/src/pqc/sign/ml-dsa-44/ref/polyvec.c.o
[512/679] Building C object CMakeFiles/nextssl.dir/src/pqc/sign/ml-dsa-44/ref/ntt.c.o
[513/679] Building C object CMakeFiles/nextssl.dir/src/pqc/sign/ml-dsa-44/ref/reduce.c.o
[514/679] Building C object CMakeFiles/nextssl.dir/src/pqc/sign/ml-dsa-44/ref/sign.c.o
[515/679] Building C object CMakeFiles/nextssl.dir/src/pqc/sign/ml-dsa-44/ref/symmetric-shake.c.o
[516/679] Building C object CMakeFiles/nextssl.dir/src/pqc/sign/ml-dsa-44/ref/rounding.c.o
[517/679] Building C object CMakeFiles/nextssl.dir/src/pqc/sign/ml-dsa-65/ref/ntt.c.o
[518/679] Building C object CMakeFiles/nextssl.dir/src/pqc/sign/ml-dsa-65/ref/packing.c.o
[519/679] Building C object CMakeFiles/nextssl.dir/src/pqc/sign/ml-dsa-65/ref/poly.c.o
[520/679] Building C object CMakeFiles/nextssl.dir/src/pqc/sign/ml-dsa-65/ref/polyvec.c.o
[521/679] Building C object CMakeFiles/nextssl.dir/src/pqc/sign/ml-dsa-65/ref/rounding.c.o
[522/679] Building C object CMakeFiles/nextssl.dir/src/pqc/sign/ml-dsa-65/ref/reduce.c.o
[523/679] Building C object CMakeFiles/nextssl.dir/src/pqc/sign/ml-dsa-65/ref/sign.c.o
[524/679] Building C object CMakeFiles/nextssl.dir/src/pqc/sign/ml-dsa-65/ref/symmetric-shake.c.o
[525/679] Building C object CMakeFiles/nextssl.dir/src/pqc/sign/ml-dsa-87/ref/ntt.c.o
[526/679] Building C object CMakeFiles/nextssl.dir/src/pqc/sign/ml-dsa-87/ref/polyvec.c.o
[527/679] Building C object CMakeFiles/nextssl.dir/src/pqc/sign/ml-dsa-87/ref/rounding.c.o
[528/679] Building C object CMakeFiles/nextssl.dir/src/pqc/sign/ml-dsa-87/ref/poly.c.o
[529/679] Building C object CMakeFiles/nextssl.dir/src/pqc/sign/ml-dsa-87/ref/packing.c.o
[530/679] Building C object CMakeFiles/nextssl.dir/src/pqc/sign/ml-dsa-87/ref/reduce.c.o
[531/679] Building C object CMakeFiles/nextssl.dir/src/pqc/sign/ml-dsa-87/ref/sign.c.o
[532/679] Building C object CMakeFiles/nextssl.dir/src/pqc/sign/ml-dsa-87/ref/symmetric-shake.c.o
[533/679] Building C object CMakeFiles/nextssl.dir/src/pqc/sign/sphincs-sha2-128f-simple/ref/context_sha2.c.o
[534/679] Building C object CMakeFiles/nextssl.dir/src/pqc/sign/sphincs-sha2-128f-simple/ref/hash_sha2.c.o
[535/679] Building C object CMakeFiles/nextssl.dir/src/pqc/sign/sphincs-sha2-128f-simple/ref/address.c.o
[536/679] Building C object CMakeFiles/nextssl.dir/src/pqc/sign/sphincs-sha2-128f-simple/ref/fors.c.o
[537/679] Building C object CMakeFiles/nextssl.dir/src/pqc/sign/sphincs-sha2-128f-simple/ref/merkle.c.o
[538/679] Building C object CMakeFiles/nextssl.dir/src/pqc/sign/sphincs-sha2-128f-simple/ref/utils.c.o
[539/679] Building C object CMakeFiles/nextssl.dir/src/pqc/sign/sphincs-sha2-128f-simple/ref/sign.c.o
[540/679] Building C object CMakeFiles/nextssl.dir/src/pqc/sign/sphincs-sha2-128f-simple/ref/thash_sha2_simple.c.o
[541/679] Building C object CMakeFiles/nextssl.dir/src/pqc/sign/sphincs-sha2-128f-simple/ref/wotsx1.c.o
[542/679] Building C object CMakeFiles/nextssl.dir/src/pqc/sign/sphincs-sha2-128f-simple/ref/wots.c.o
[543/679] Building C object CMakeFiles/nextssl.dir/src/pqc/sign/sphincs-sha2-128f-simple/ref/utilsx1.c.o
[544/679] Building C object CMakeFiles/nextssl.dir/src/pqc/sign/sphincs-sha2-128s-simple/ref/address.c.o
[545/679] Building C object CMakeFiles/nextssl.dir/src/pqc/sign/sphincs-sha2-128s-simple/ref/context_sha2.c.o
[546/679] Building C object CMakeFiles/nextssl.dir/src/pqc/sign/sphincs-sha2-128s-simple/ref/fors.c.o
[547/679] Building C object CMakeFiles/nextssl.dir/src/pqc/sign/sphincs-sha2-128s-simple/ref/hash_sha2.c.o
[548/679] Building C object CMakeFiles/nextssl.dir/src/pqc/sign/sphincs-sha2-128s-simple/ref/merkle.c.o
[549/679] Building C object CMakeFiles/nextssl.dir/src/pqc/sign/sphincs-sha2-128s-simple/ref/sign.c.o
[550/679] Building C object CMakeFiles/nextssl.dir/src/pqc/sign/sphincs-sha2-128s-simple/ref/thash_sha2_simple.c.o
[551/679] Building C object CMakeFiles/nextssl.dir/src/pqc/sign/sphincs-sha2-128s-simple/ref/utils.c.o
[552/679] Building C object CMakeFiles/nextssl.dir/src/pqc/sign/sphincs-sha2-128s-simple/ref/utilsx1.c.o
[553/679] Building C object CMakeFiles/nextssl.dir/src/pqc/sign/sphincs-sha2-192f-simple/ref/context_sha2.c.o
[554/679] Building C object CMakeFiles/nextssl.dir/src/pqc/sign/sphincs-sha2-128s-simple/ref/wots.c.o
[555/679] Building C object CMakeFiles/nextssl.dir/src/pqc/sign/sphincs-sha2-128s-simple/ref/wotsx1.c.o
[556/679] Building C object CMakeFiles/nextssl.dir/src/pqc/sign/sphincs-sha2-192f-simple/ref/hash_sha2.c.o
[557/679] Building C object CMakeFiles/nextssl.dir/src/pqc/sign/sphincs-sha2-192f-simple/ref/fors.c.o
[558/679] Building C object CMakeFiles/nextssl.dir/src/pqc/sign/sphincs-sha2-192f-simple/ref/address.c.o
[559/679] Building C object CMakeFiles/nextssl.dir/src/pqc/sign/sphincs-sha2-192f-simple/ref/merkle.c.o
[560/679] Building C object CMakeFiles/nextssl.dir/src/pqc/sign/sphincs-sha2-192f-simple/ref/sign.c.o
[561/679] Building C object CMakeFiles/nextssl.dir/src/pqc/sign/sphincs-sha2-192f-simple/ref/thash_sha2_simple.c.o
[562/679] Building C object CMakeFiles/nextssl.dir/src/pqc/sign/sphincs-sha2-192f-simple/ref/utils.c.o
[563/679] Building C object CMakeFiles/nextssl.dir/src/pqc/sign/sphincs-sha2-192f-simple/ref/utilsx1.c.o
[564/679] Building C object CMakeFiles/nextssl.dir/src/pqc/sign/sphincs-sha2-192f-simple/ref/wotsx1.c.o
[565/679] Building C object CMakeFiles/nextssl.dir/src/pqc/sign/sphincs-sha2-192f-simple/ref/wots.c.o
[566/679] Building C object CMakeFiles/nextssl.dir/src/pqc/sign/sphincs-sha2-192s-simple/ref/address.c.o
[567/679] Building C object CMakeFiles/nextssl.dir/src/pqc/sign/sphincs-sha2-192s-simple/ref/hash_sha2.c.o
[568/679] Building C object CMakeFiles/nextssl.dir/src/pqc/sign/sphincs-sha2-192s-simple/ref/context_sha2.c.o
[569/679] Building C object CMakeFiles/nextssl.dir/src/pqc/sign/sphincs-sha2-192s-simple/ref/fors.c.o
[570/679] Building C object CMakeFiles/nextssl.dir/src/pqc/sign/sphincs-sha2-192s-simple/ref/sign.c.o
[571/679] Building C object CMakeFiles/nextssl.dir/src/pqc/sign/sphincs-sha2-192s-simple/ref/thash_sha2_simple.c.o
[572/679] Building C object CMakeFiles/nextssl.dir/src/pqc/sign/sphincs-sha2-192s-simple/ref/utils.c.o
[573/679] Building C object CMakeFiles/nextssl.dir/src/pqc/sign/sphincs-sha2-192s-simple/ref/merkle.c.o
[574/679] Building C object CMakeFiles/nextssl.dir/src/pqc/sign/sphincs-sha2-192s-simple/ref/utilsx1.c.o
[575/679] Building C object CMakeFiles/nextssl.dir/src/pqc/sign/sphincs-sha2-192s-simple/ref/wots.c.o
[576/679] Building C object CMakeFiles/nextssl.dir/src/pqc/sign/sphincs-sha2-192s-simple/ref/wotsx1.c.o
[577/679] Building C object CMakeFiles/nextssl.dir/src/pqc/sign/sphincs-sha2-256f-simple/ref/address.c.o
[578/679] Building C object CMakeFiles/nextssl.dir/src/pqc/sign/sphincs-sha2-256f-simple/ref/context_sha2.c.o
[579/679] Building C object CMakeFiles/nextssl.dir/src/pqc/sign/sphincs-sha2-256f-simple/ref/fors.c.o
[580/679] Building C object CMakeFiles/nextssl.dir/src/pqc/sign/sphincs-sha2-256f-simple/ref/hash_sha2.c.o
[581/679] Building C object CMakeFiles/nextssl.dir/src/pqc/sign/sphincs-sha2-256f-simple/ref/merkle.c.o
[582/679] Building C object CMakeFiles/nextssl.dir/src/pqc/sign/sphincs-sha2-256f-simple/ref/utils.c.o
[583/679] Building C object CMakeFiles/nextssl.dir/src/pqc/sign/sphincs-sha2-256f-simple/ref/utilsx1.c.o
[584/679] Building C object CMakeFiles/nextssl.dir/src/pqc/sign/sphincs-sha2-256f-simple/ref/sign.c.o
[585/679] Building C object CMakeFiles/nextssl.dir/src/pqc/sign/sphincs-sha2-256f-simple/ref/thash_sha2_simple.c.o
[586/679] Building C object CMakeFiles/nextssl.dir/src/pqc/sign/sphincs-sha2-256f-simple/ref/wotsx1.c.o
[587/679] Building C object CMakeFiles/nextssl.dir/src/pqc/sign/sphincs-sha2-256f-simple/ref/wots.c.o
[588/679] Building C object CMakeFiles/nextssl.dir/src/pqc/sign/sphincs-sha2-256s-simple/ref/fors.c.o
[589/679] Building C object CMakeFiles/nextssl.dir/src/pqc/sign/sphincs-sha2-256s-simple/ref/address.c.o
[590/679] Building C object CMakeFiles/nextssl.dir/src/pqc/sign/sphincs-sha2-256s-simple/ref/context_sha2.c.o
[591/679] Building C object CMakeFiles/nextssl.dir/src/pqc/sign/sphincs-sha2-256s-simple/ref/hash_sha2.c.o
[592/679] Building C object CMakeFiles/nextssl.dir/src/pqc/sign/sphincs-sha2-256s-simple/ref/merkle.c.o
[593/679] Building C object CMakeFiles/nextssl.dir/src/pqc/sign/sphincs-sha2-256s-simple/ref/thash_sha2_simple.c.o
[594/679] Building C object CMakeFiles/nextssl.dir/src/pqc/sign/sphincs-sha2-256s-simple/ref/utils.c.o
[595/679] Building C object CMakeFiles/nextssl.dir/src/pqc/sign/sphincs-sha2-256s-simple/ref/utilsx1.c.o
[596/679] Building C object CMakeFiles/nextssl.dir/src/pqc/sign/sphincs-sha2-256s-simple/ref/wots.c.o
[597/679] Building C object CMakeFiles/nextssl.dir/src/pqc/sign/sphincs-sha2-256s-simple/ref/sign.c.o
[598/679] Building C object CMakeFiles/nextssl.dir/src/pqc/sign/sphincs-sha2-256s-simple/ref/wotsx1.c.o
[599/679] Building C object CMakeFiles/nextssl.dir/src/pqc/sign/sphincs-shake-128f-simple/ref/address.c.o
[600/679] Building C object CMakeFiles/nextssl.dir/src/pqc/sign/sphincs-shake-128f-simple/ref/context_shake.c.o
[601/679] Building C object CMakeFiles/nextssl.dir/src/pqc/sign/sphincs-shake-128f-simple/ref/fors.c.o
[602/679] Building C object CMakeFiles/nextssl.dir/src/pqc/sign/sphincs-shake-128f-simple/ref/hash_shake.c.o
[603/679] Building C object CMakeFiles/nextssl.dir/src/pqc/sign/sphincs-shake-128f-simple/ref/sign.c.o
[604/679] Building C object CMakeFiles/nextssl.dir/src/pqc/sign/sphincs-shake-128f-simple/ref/merkle.c.o
[605/679] Building C object CMakeFiles/nextssl.dir/src/pqc/sign/sphincs-shake-128f-simple/ref/thash_shake_simple.c.o
[606/679] Building C object CMakeFiles/nextssl.dir/src/pqc/sign/sphincs-shake-128f-simple/ref/utils.c.o
[607/679] Building C object CMakeFiles/nextssl.dir/src/pqc/sign/sphincs-shake-128f-simple/ref/utilsx1.c.o
[608/679] Building C object CMakeFiles/nextssl.dir/src/pqc/sign/sphincs-shake-128f-simple/ref/wots.c.o
[609/679] Building C object CMakeFiles/nextssl.dir/src/pqc/sign/sphincs-shake-128f-simple/ref/wotsx1.c.o
[610/679] Building C object CMakeFiles/nextssl.dir/src/pqc/sign/sphincs-shake-128s-simple/ref/address.c.o
[611/679] Building C object CMakeFiles/nextssl.dir/src/pqc/sign/sphincs-shake-128s-simple/ref/fors.c.o
[612/679] Building C object CMakeFiles/nextssl.dir/src/pqc/sign/sphincs-shake-128s-simple/ref/context_shake.c.o
[613/679] Building C object CMakeFiles/nextssl.dir/src/pqc/sign/sphincs-shake-128s-simple/ref/hash_shake.c.o
[614/679] Building C object CMakeFiles/nextssl.dir/src/pqc/sign/sphincs-shake-128s-simple/ref/merkle.c.o
[615/679] Building C object CMakeFiles/nextssl.dir/src/pqc/sign/sphincs-shake-128s-simple/ref/sign.c.o
[616/679] Building C object CMakeFiles/nextssl.dir/src/pqc/sign/sphincs-shake-128s-simple/ref/thash_shake_simple.c.o
[617/679] Building C object CMakeFiles/nextssl.dir/src/pqc/sign/sphincs-shake-128s-simple/ref/wots.c.o
[618/679] Building C object CMakeFiles/nextssl.dir/src/pqc/sign/sphincs-shake-128s-simple/ref/utils.c.o
[619/679] Building C object CMakeFiles/nextssl.dir/src/pqc/sign/sphincs-shake-128s-simple/ref/utilsx1.c.o
[620/679] Building C object CMakeFiles/nextssl.dir/src/pqc/sign/sphincs-shake-128s-simple/ref/wotsx1.c.o
[621/679] Building C object CMakeFiles/nextssl.dir/src/pqc/sign/sphincs-shake-192f-simple/ref/context_shake.c.o
[622/679] Building C object CMakeFiles/nextssl.dir/src/pqc/sign/sphincs-shake-192f-simple/ref/address.c.o
[623/679] Building C object CMakeFiles/nextssl.dir/src/pqc/sign/sphincs-shake-192f-simple/ref/hash_shake.c.o
[624/679] Building C object CMakeFiles/nextssl.dir/src/pqc/sign/sphincs-shake-192f-simple/ref/fors.c.o
[625/679] Building C object CMakeFiles/nextssl.dir/src/pqc/sign/sphincs-shake-192f-simple/ref/sign.c.o
[626/679] Building C object CMakeFiles/nextssl.dir/src/pqc/sign/sphincs-shake-192f-simple/ref/merkle.c.o
[627/679] Building C object CMakeFiles/nextssl.dir/src/pqc/sign/sphincs-shake-192f-simple/ref/utils.c.o
[628/679] Building C object CMakeFiles/nextssl.dir/src/pqc/sign/sphincs-shake-192f-simple/ref/thash_shake_simple.c.o
[629/679] Building C object CMakeFiles/nextssl.dir/src/pqc/sign/sphincs-shake-192f-simple/ref/utilsx1.c.o
[630/679] Building C object CMakeFiles/nextssl.dir/src/pqc/sign/sphincs-shake-192f-simple/ref/wotsx1.c.o
[631/679] Building C object CMakeFiles/nextssl.dir/src/pqc/sign/sphincs-shake-192s-simple/ref/context_shake.c.o
[632/679] Building C object CMakeFiles/nextssl.dir/src/pqc/sign/sphincs-shake-192s-simple/ref/fors.c.o
[633/679] Building C object CMakeFiles/nextssl.dir/src/pqc/sign/sphincs-shake-192s-simple/ref/address.c.o
[634/679] Building C object CMakeFiles/nextssl.dir/src/pqc/sign/sphincs-shake-192s-simple/ref/hash_shake.c.o
[635/679] Building C object CMakeFiles/nextssl.dir/src/pqc/sign/sphincs-shake-192f-simple/ref/wots.c.o
[636/679] Building C object CMakeFiles/nextssl.dir/src/pqc/sign/sphincs-shake-192s-simple/ref/merkle.c.o
[637/679] Building C object CMakeFiles/nextssl.dir/src/pqc/sign/sphincs-shake-192s-simple/ref/utils.c.o
[638/679] Building C object CMakeFiles/nextssl.dir/src/pqc/sign/sphincs-shake-192s-simple/ref/sign.c.o
[639/679] Building C object CMakeFiles/nextssl.dir/src/pqc/sign/sphincs-shake-192s-simple/ref/thash_shake_simple.c.o
[640/679] Building C object CMakeFiles/nextssl.dir/src/pqc/sign/sphincs-shake-192s-simple/ref/utilsx1.c.o
[641/679] Building C object CMakeFiles/nextssl.dir/src/pqc/sign/sphincs-shake-192s-simple/ref/wotsx1.c.o
[642/679] Building C object CMakeFiles/nextssl.dir/src/pqc/sign/sphincs-shake-192s-simple/ref/wots.c.o
[643/679] Building C object CMakeFiles/nextssl.dir/src/pqc/sign/sphincs-shake-256f-simple/ref/address.c.o
[644/679] Building C object CMakeFiles/nextssl.dir/src/pqc/sign/sphincs-shake-256f-simple/ref/fors.c.o
[645/679] Building C object CMakeFiles/nextssl.dir/src/pqc/sign/sphincs-shake-256f-simple/ref/context_shake.c.o
[646/679] Building C object CMakeFiles/nextssl.dir/src/pqc/sign/sphincs-shake-256f-simple/ref/merkle.c.o
[647/679] Building C object CMakeFiles/nextssl.dir/src/pqc/sign/sphincs-shake-256f-simple/ref/hash_shake.c.o
[648/679] Building C object CMakeFiles/nextssl.dir/src/pqc/sign/sphincs-shake-256f-simple/ref/sign.c.o
[649/679] Building C object CMakeFiles/nextssl.dir/src/pqc/sign/sphincs-shake-256f-simple/ref/thash_shake_simple.c.o
[650/679] Building C object CMakeFiles/nextssl.dir/src/pqc/sign/sphincs-shake-256f-simple/ref/utilsx1.c.o
[651/679] Building C object CMakeFiles/nextssl.dir/src/pqc/sign/sphincs-shake-256f-simple/ref/utils.c.o
[652/679] Building C object CMakeFiles/nextssl.dir/src/pqc/sign/sphincs-shake-256f-simple/ref/wots.c.o
[653/679] Building C object CMakeFiles/nextssl.dir/src/pqc/sign/sphincs-shake-256f-simple/ref/wotsx1.c.o
[654/679] Building C object CMakeFiles/nextssl.dir/src/pqc/sign/sphincs-shake-256s-simple/ref/address.c.o
[655/679] Building C object CMakeFiles/nextssl.dir/src/pqc/sign/sphincs-shake-256s-simple/ref/context_shake.c.o
[656/679] Building C object CMakeFiles/nextssl.dir/src/pqc/sign/sphincs-shake-256s-simple/ref/fors.c.o
[657/679] Building C object CMakeFiles/nextssl.dir/src/pqc/sign/sphincs-shake-256s-simple/ref/hash_shake.c.o
[658/679] Building C object CMakeFiles/nextssl.dir/src/pqc/sign/sphincs-shake-256s-simple/ref/merkle.c.o
[659/679] Building C object CMakeFiles/nextssl.dir/src/pqc/sign/sphincs-shake-256s-simple/ref/sign.c.o
[660/679] Building C object CMakeFiles/nextssl.dir/src/pqc/sign/sphincs-shake-256s-simple/ref/thash_shake_simple.c.o
[661/679] Building C object CMakeFiles/nextssl.dir/src/pqc/sign/sphincs-shake-256s-simple/ref/utils.c.o
[662/679] Building C object CMakeFiles/nextssl.dir/src/pqc/sign/sphincs-shake-256s-simple/ref/utilsx1.c.o
[663/679] Building C object CMakeFiles/nextssl.dir/src/pqc/sign/sphincs-shake-256s-simple/ref/wots.c.o
[664/679] Building C object CMakeFiles/nextssl.dir/src/pqc/sign/sphincs-shake-256s-simple/ref/wotsx1.c.o
[665/679] Building C object CMakeFiles/nextssl.dir/src/root/pow/root_pow.c.o
[666/679] Building C object CMakeFiles/nextssl.dir/src/root/hash/root_hash_record.c.o
[667/679] Building C object CMakeFiles/nextssl.dir/src/root/hash/root_hash.c.o
[668/679] Building C object CMakeFiles/nextssl.dir/src/root/pqc/root_pqc.c.o
[669/679] Building C object CMakeFiles/nextssl.dir/src/root/modern/root_modern.c.o
[670/679] Building C object CMakeFiles/nextssl.dir/src/root/nextssl_init.c.o
[671/679] Building C object CMakeFiles/nextssl.dir/src/root/seed/root_seed.c.o
[672/679] Building C object CMakeFiles/nextssl.dir/src/seed/hash/ctr_mode.c.o
[673/679] Building C object CMakeFiles/nextssl.dir/src/seed/hash/hash_ops.c.o
[674/679] Building C object CMakeFiles/nextssl.dir/src/seed/hash/hash_registry.c.o
[675/679] Building C object CMakeFiles/nextssl.dir/src/seed/hash/seed_core.c.o
[676/679] Building C object CMakeFiles/nextssl.dir/src/seed/random/entropy.c.o
[677/679] Building C object CMakeFiles/nextssl.dir/src/seed/random/seed_derive_random.c.o
[678/679] Building C object CMakeFiles/nextssl.dir/src/seed/udbf/udbf.c.o
[679/679] Linking C shared library /home/runner/work/NextSSL/NextSSL/bin/linux-glibc/x86/libnextssl.so

==============================================================================
CMD: cmake --build /home/runner/work/NextSSL/NextSSL/.ci_build/linux-glibc/x86 --parallel 6
CWD: /home/runner/work/NextSSL/NextSSL
==============================================================================

