[1/670] Building C object CMakeFiles/nextssl.dir/src/encoding/base58check.c.o
[2/670] Building C object CMakeFiles/nextssl.dir/src/encoding/base16.c.o
[3/670] Building C object CMakeFiles/nextssl.dir/src/common/sanitizer/nextssl_sanitizer.c.o
[4/670] Building C object CMakeFiles/nextssl.dir/src/encoding/base58.c.o
[5/670] Building C object CMakeFiles/nextssl.dir/src/encoding/base64.c.o
[6/670] Building C object CMakeFiles/nextssl.dir/src/encoding/base62.c.o
[7/670] Building C object CMakeFiles/nextssl.dir/src/encoding/base64url.c.o
[8/670] Building C object CMakeFiles/nextssl.dir/src/encoding/base32.c.o
[9/670] Building C object CMakeFiles/nextssl.dir/src/encoding/base85.c.o
[10/670] Building C object CMakeFiles/nextssl.dir/src/encoding/hex.c.o
[11/670] Building C object CMakeFiles/nextssl.dir/src/encoding/crc32.c.o
[12/670] Building C object CMakeFiles/nextssl.dir/src/encoding/crc64.c.o
[13/670] Building C object CMakeFiles/nextssl.dir/src/hash/adapters/argon2_adapter.c.o
[14/670] Building C object CMakeFiles/nextssl.dir/src/encoding/radix_common.c.o
[15/670] Building C object CMakeFiles/nextssl.dir/src/hash/adapters/argon2d_adapter.c.o
[16/670] Building C object CMakeFiles/nextssl.dir/src/hash/adapters/argon2i_adapter.c.o
[17/670] Building C object CMakeFiles/nextssl.dir/src/encoding/bech32.c.o
[18/670] Building C object CMakeFiles/nextssl.dir/src/hash/adapters/argon2id_adapter.c.o
[19/670] Building C object CMakeFiles/nextssl.dir/src/hash/adapters/balloon_adapter.c.o
[20/670] Building C object CMakeFiles/nextssl.dir/src/hash/adapters/bcrypt_adapter.c.o
[21/670] Building C object CMakeFiles/nextssl.dir/src/hash/adapters/catena_adapter.c.o
[22/670] Building C object CMakeFiles/nextssl.dir/src/encoding/pem.c.o
[23/670] Building C object CMakeFiles/nextssl.dir/src/hash/adapters/lyra2_adapter.c.o
[24/670] Building C object CMakeFiles/nextssl.dir/src/hash/adapters/makwa_adapter.c.o
[25/670] Building C object CMakeFiles/nextssl.dir/src/hash/adapters/plain_hash_adapter.c.o
[26/670] Building C object CMakeFiles/nextssl.dir/src/hash/adapters/pomelo_adapter.c.o
[27/670] Building C object CMakeFiles/nextssl.dir/src/hash/adapters/scrypt_adapter.c.o
[28/670] Building C object CMakeFiles/nextssl.dir/src/hash/blake/blake2b.c.o
[29/670] Building C object CMakeFiles/nextssl.dir/src/hash/adapters/yescrypt_adapter.c.o
[30/670] Building C object CMakeFiles/nextssl.dir/src/hash/blake/blake2s.c.o
[31/670] Building C object CMakeFiles/nextssl.dir/src/encoding/ff70.c.o
[32/670] Building C object CMakeFiles/nextssl.dir/src/hash/blake/blake3_portable.c.o
[33/670] Building C object CMakeFiles/nextssl.dir/src/hash/blake/blake3.c.o
[34/670] Building C object CMakeFiles/nextssl.dir/src/hash/fast/sha224.c.o
[35/670] Building C object CMakeFiles/nextssl.dir/src/hash/fast/sha256.c.o
[36/670] Building C object CMakeFiles/nextssl.dir/src/hash/fast/sha512.c.o
[37/670] Building C object CMakeFiles/nextssl.dir/src/hash/fast/sha512_224.c.o
[38/670] Building C object CMakeFiles/nextssl.dir/src/hash/fast/sha512_256.c.o
[39/670] Building C object CMakeFiles/nextssl.dir/src/hash/fast/sm3/sm3_ext.c.o
[40/670] Building C object CMakeFiles/nextssl.dir/src/hash/fast/sm3/sm3_impl.c.o
[41/670] Building C object CMakeFiles/nextssl.dir/src/hash/fast/sm3/sm3_ops.c.o
[42/670] Building C object CMakeFiles/nextssl.dir/src/hash/generic/nextssl_hash.c.o
[43/670] Building C object CMakeFiles/nextssl.dir/src/hash/interface/hash_ops_disabled_stubs.c.o
[44/670] Building C object CMakeFiles/nextssl.dir/src/hash/blake/blake3_sse2.c.o
[45/670] Building C object CMakeFiles/nextssl.dir/src/hash/legacy/has160.c.o
[46/670] Building C object CMakeFiles/nextssl.dir/src/hash/blake/blake3_dispatch.c.o
[47/670] Building C object CMakeFiles/nextssl.dir/src/hash/blake/blake3_sse41.c.o
[48/670] Building C object CMakeFiles/nextssl.dir/src/hash/blake/blake3_avx512.c.o
[49/670] Building C object CMakeFiles/nextssl.dir/src/hash/legacy/md2.c.o
[50/670] Building C object CMakeFiles/nextssl.dir/src/hash/legacy/md4.c.o
[51/670] Building C object CMakeFiles/nextssl.dir/src/hash/legacy/md5.c.o
[52/670] Building C object CMakeFiles/nextssl.dir/src/hash/legacy/nt.c.o
[53/670] Building C object CMakeFiles/nextssl.dir/src/hash/blake/blake3_avx2.c.o
[54/670] Building C object CMakeFiles/nextssl.dir/src/hash/legacy/ripemd128.c.o
[55/670] Building C object CMakeFiles/nextssl.dir/src/hash/legacy/ripemd160.c.o
[56/670] Building C object CMakeFiles/nextssl.dir/src/hash/legacy/ripemd256.c.o
[57/670] Building C object CMakeFiles/nextssl.dir/src/hash/legacy/sha0.c.o
[58/670] Building C object CMakeFiles/nextssl.dir/src/hash/legacy/tiger.c.o
[59/670] Building C object CMakeFiles/nextssl.dir/src/hash/interface/hash_registry.c.o
[60/670] Building C object CMakeFiles/nextssl.dir/src/hash/legacy/tiger_sbox.c.o
[61/670] Building C object CMakeFiles/nextssl.dir/src/hash/legacy/sha1.c.o
[62/670] Building C object CMakeFiles/nextssl.dir/src/hash/legacy/whirlpool.c.o
[63/670] Building C object CMakeFiles/nextssl.dir/src/hash/memory_hard/argon2d.c.o
[64/670] Building C object CMakeFiles/nextssl.dir/src/hash/memory_hard/argon2i.c.o
[65/670] Building C object CMakeFiles/nextssl.dir/src/hash/legacy/ripemd320.c.o
[66/670] Building C object CMakeFiles/nextssl.dir/src/hash/memory_hard/argon2id.c.o
[67/670] Building C object CMakeFiles/nextssl.dir/src/hash/memory_hard/balloon/balloon_ops.c.o
[68/670] Building C object CMakeFiles/nextssl.dir/src/hash/memory_hard/balloon/balloon_openssl_compat.c.o
[69/670] Building C object CMakeFiles/nextssl.dir/src/hash/memory_hard/balloon/encode.c.o
[70/670] Building C object CMakeFiles/nextssl.dir/src/hash/memory_hard/balloon/bitstream.c.o
[71/670] Building C object CMakeFiles/nextssl.dir/src/hash/memory_hard/bcrypt/bcrypt_ops.c.o
[72/670] Building C object CMakeFiles/nextssl.dir/src/hash/memory_hard/balloon/hash_state.c.o
[73/670] Building C object CMakeFiles/nextssl.dir/src/hash/memory_hard/balloon/compress.c.o
[74/670] Building C object CMakeFiles/nextssl.dir/src/hash/memory_hard/bcrypt/crypt_blowfish.c.o
[75/670] Building C object CMakeFiles/nextssl.dir/src/hash/memory_hard/bcrypt/crypt_gensalt.c.o
[76/670] Building C object CMakeFiles/nextssl.dir/src/hash/memory_hard/argon2.c.o
[77/670] Building C object CMakeFiles/nextssl.dir/src/hash/memory_hard/blake2b.c.o
[78/670] Building C object CMakeFiles/nextssl.dir/src/hash/memory_hard/catena/catena-blake2b-ref.c.o
[79/670] Building C object CMakeFiles/nextssl.dir/src/hash/memory_hard/catena/catena-BRG.c.o
[80/670] Building C object CMakeFiles/nextssl.dir/src/hash/memory_hard/catena/blake2b-ref.c.o
[81/670] Building C object CMakeFiles/nextssl.dir/src/hash/memory_hard/catena/catena_ops.c.o
[82/670] Building C object CMakeFiles/nextssl.dir/src/hash/memory_hard/lyra2/Lyra2.c.o
[83/670] Building C object CMakeFiles/nextssl.dir/src/hash/memory_hard/catena/catena.c.o
[84/670] Building C object CMakeFiles/nextssl.dir/src/hash/memory_hard/core.c.o
[85/670] Building C object CMakeFiles/nextssl.dir/src/hash/memory_hard/lyra2/lyra2_ops.c.o
[86/670] Building C object CMakeFiles/nextssl.dir/src/hash/memory_hard/catena/catena-helpers.c.o
[87/670] Building C object CMakeFiles/nextssl.dir/src/hash/memory_hard/lyra2/Sponge.c.o
[88/670] Building C object CMakeFiles/nextssl.dir/src/hash/memory_hard/makwa/makwa.c.o
[89/670] Building C object CMakeFiles/nextssl.dir/src/hash/memory_hard/argon2_encoding.c.o
[90/670] Building C object CMakeFiles/nextssl.dir/src/hash/memory_hard/makwa/makwa_ops.c.o
[91/670] Building C object CMakeFiles/nextssl.dir/src/hash/memory_hard/pomelo/pomelo_ops.c.o
[92/670] Building C object CMakeFiles/nextssl.dir/src/hash/memory_hard/scrypt/crypto_scrypt-ref.c.o
[93/670] Building C object CMakeFiles/nextssl.dir/src/hash/memory_hard/scrypt/insecure_memzero.c.o
[94/670] Building C object CMakeFiles/nextssl.dir/src/hash/memory_hard/pomelo/pomelo.c.o
[95/670] Building C object CMakeFiles/nextssl.dir/src/hash/memory_hard/scrypt/scrypt_ops.c.o
[96/670] Building C object CMakeFiles/nextssl.dir/src/hash/memory_hard/scrypt/sha256_portable.c.o
[97/670] Building C object CMakeFiles/nextssl.dir/src/hash/memory_hard/thread.c.o
[98/670] Building C object CMakeFiles/nextssl.dir/src/hash/memory_hard/yescrypt/yescrypt-common.c.o
[99/670] Building C object CMakeFiles/nextssl.dir/src/hash/memory_hard/opt.c.o
[100/670] Building C object CMakeFiles/nextssl.dir/src/hash/memory_hard/yescrypt/yescrypt_ops.c.o
[101/670] Building C object CMakeFiles/nextssl.dir/src/hash/record/lms/lms_params.c.o
[102/670] Building C object CMakeFiles/nextssl.dir/src/hash/memory_hard/yescrypt/yescrypt-opt.c.o
[103/670] Building C object CMakeFiles/nextssl.dir/src/hash/root_functions/hash_root.c.o
[104/670] Building C object CMakeFiles/nextssl.dir/src/hash/skein/skein.c.o
[105/670] Building C object CMakeFiles/nextssl.dir/src/hash/skein/skeinApi.c.o
[106/670] Building C object CMakeFiles/nextssl.dir/src/hash/skein/skein_block.c.o
[107/670] Building C object CMakeFiles/nextssl.dir/src/hash/skein/skein_ops.c.o
[108/670] Building C object CMakeFiles/nextssl.dir/src/hash/skein/threefish1024Block.c.o
[109/670] Building C object CMakeFiles/nextssl.dir/src/hash/skein/threefish256Block.c.o
[110/670] Building C object CMakeFiles/nextssl.dir/src/hash/skein/threefish512Block.c.o
[111/670] Building C object CMakeFiles/nextssl.dir/src/hash/sponge/keccak.c.o
[112/670] Building C object CMakeFiles/nextssl.dir/src/hash/record/lms/lms.c.o
[113/670] Building C object CMakeFiles/nextssl.dir/src/hash/record/lms/lmots.c.o
/home/runner/work/NextSSL/NextSSL/src/hash/record/lms/lmots.c: In function ‘coef’:
/home/runner/work/NextSSL/NextSSL/src/hash/record/lms/lmots.c:38:12: warning: unused variable ‘byte_idx’ [-Wunused-variable]
   38 |     size_t byte_idx = (i * w) / 8;
      |            ^~~~~~~~
/home/runner/work/NextSSL/NextSSL/src/hash/record/lms/lmots.c: At top level:
/home/runner/work/NextSSL/NextSSL/src/hash/record/lms/lmots.c:26:13: warning: ‘H2’ defined but not used [-Wunused-function]
   26 | static void H2(const uint8_t *a, size_t alen, const uint8_t *b, size_t blen, uint8_t out[32])
      |             ^~
[114/670] Building C object CMakeFiles/nextssl.dir/src/hash/skein/threefishApi.c.o
[115/670] Building C object CMakeFiles/nextssl.dir/src/hash/sponge/shake.c.o
[116/670] Building C object CMakeFiles/nextssl.dir/src/hash/sponge/sha3_224.c.o
[117/670] Building C object CMakeFiles/nextssl.dir/src/hash/sponge/sha3.c.o
[118/670] Building C object CMakeFiles/nextssl.dir/src/hash/sponge/sha3_384.c.o
[119/670] Building C object CMakeFiles/nextssl.dir/src/hash/sponge/sp800_185/kmac.c.o
[120/670] Building C object CMakeFiles/nextssl.dir/src/modern/aead/aes_ccm.c.o
[121/670] Building C object CMakeFiles/nextssl.dir/src/modern/aead/aes_eax.c.o
[122/670] Building C object CMakeFiles/nextssl.dir/src/modern/aead/aes_gcm.c.o
[123/670] Building C object CMakeFiles/nextssl.dir/src/modern/aead/aes_gcm_siv.c.o
[124/670] Building C object CMakeFiles/nextssl.dir/src/hash/record/hash_record_core.c.o
[125/670] Building C object CMakeFiles/nextssl.dir/src/hash/sponge/sp800_185/tuplehash.c.o
[126/670] Building C object CMakeFiles/nextssl.dir/src/modern/aead/aes_ocb.c.o
[127/670] Building C object CMakeFiles/nextssl.dir/src/modern/aead/aes_poly1305.c.o
[128/670] Building C object CMakeFiles/nextssl.dir/src/modern/aead/aes_siv.c.o
[129/670] Building C object CMakeFiles/nextssl.dir/src/hash/sponge/sp800_185/cshake.c.o
[130/670] Building C object CMakeFiles/nextssl.dir/src/modern/aead/aes_gmac.c.o
[131/670] Building C object CMakeFiles/nextssl.dir/src/hash/sponge/sp800_185/parallelhash.c.o
[132/670] Building C object CMakeFiles/nextssl.dir/src/modern/aead/chacha20_poly1305.c.o
[133/670] Building C object CMakeFiles/nextssl.dir/src/modern/aead/ascon/ascon_hash256.c.o
[134/670] Building C object CMakeFiles/nextssl.dir/src/modern/aead/monocypher-ed25519.c.o
[135/670] Building C object CMakeFiles/nextssl.dir/src/modern/aead/monocypher.c.o
[136/670] Building C object CMakeFiles/nextssl.dir/src/modern/aead/ascon/ascon_cxof128.c.o
[137/670] Building C object CMakeFiles/nextssl.dir/src/modern/aead/ascon/ascon_core.c.o
[138/670] Building C object CMakeFiles/nextssl.dir/src/modern/asymmetric/add_scalar.c.o
[139/670] Building C object CMakeFiles/nextssl.dir/src/modern/aead/ascon/ascon_aead128.c.o
[140/670] Building C object CMakeFiles/nextssl.dir/src/modern/aead/ascon/ascon_xof128.c.o
[141/670] Building C object CMakeFiles/nextssl.dir/src/modern/asymmetric/curve448/curve448_det.c.o
FAILED: [code=1] CMakeFiles/nextssl.dir/src/modern/asymmetric/curve448/curve448_det.c.o 
/usr/bin/ccache /usr/bin/cc -DENABLE_CATENA -DENABLE_FALCON -DENABLE_HQC -DENABLE_LYRA2 -DENABLE_MCELIECE -DENABLE_ML_DSA -DENABLE_ML_KEM -DENABLE_SCRYPT -DENABLE_SPHINCS -DENABLE_YESCRYPT -DHAVE_CURVE448 -DHAVE_ED448 -DNEXTSSL_BUILDING_DLL -DNEXTSSL_HAS_BALLOON -DNEXTSSL_HAS_MAKWA -DNEXTSSL_HAS_POMELO -DNEXTSSL_SUPPRESS_UPSTREAM_WARNINGS -Dnextssl_EXPORTS -I/home/runner/work/NextSSL/NextSSL/src/root -I/home/runner/work/NextSSL/NextSSL/src -I/home/runner/work/NextSSL/NextSSL/src/encoding -I/home/runner/work/NextSSL/NextSSL/src/common -I/home/runner/work/NextSSL/NextSSL/src/common/sanitizer -I/home/runner/work/NextSSL/NextSSL/src/hash -I/home/runner/work/NextSSL/NextSSL/src/hash/interface -I/home/runner/work/NextSSL/NextSSL/src/hash/fast -I/home/runner/work/NextSSL/NextSSL/src/hash/blake -I/home/runner/work/NextSSL/NextSSL/src/hash/legacy -I/home/runner/work/NextSSL/NextSSL/src/hash/memory_hard -I/home/runner/work/NextSSL/NextSSL/src/hash/skein -I/home/runner/work/NextSSL/NextSSL/src/hash/sponge -I/home/runner/work/NextSSL/NextSSL/src/hash/adapters -I/home/runner/work/NextSSL/NextSSL/src/hash/generic -I/home/runner/work/NextSSL/NextSSL/src/hash/root_functions -I/home/runner/work/NextSSL/NextSSL/src/seed -I/home/runner/work/NextSSL/NextSSL/src/seed/hash -I/home/runner/work/NextSSL/NextSSL/src/seed/random -I/home/runner/work/NextSSL/NextSSL/src/seed/rng -I/home/runner/work/NextSSL/NextSSL/src/seed/drbg -I/home/runner/work/NextSSL/NextSSL/src/seed/udbf -I/home/runner/work/NextSSL/NextSSL/src/modern -I/home/runner/work/NextSSL/NextSSL/src/modern/symmetric -I/home/runner/work/NextSSL/NextSSL/src/modern/aead -I/home/runner/work/NextSSL/NextSSL/src/modern/mac -I/home/runner/work/NextSSL/NextSSL/src/modern/kdf -I/home/runner/work/NextSSL/NextSSL/src/modern/curve_math -I/home/runner/work/NextSSL/NextSSL/src/modern/asymmetric -I/home/runner/work/NextSSL/NextSSL/src/modern/asymmetric/curve448 -I/home/runner/work/NextSSL/NextSSL/src/modern/asymmetric/rsa -I/home/runner/work/NextSSL/NextSSL/src/modern/asymmetric/micro_ecc -I/home/runner/work/NextSSL/NextSSL/src/pow -I/home/runner/work/NextSSL/NextSSL/src/pow/core -I/home/runner/work/NextSSL/NextSSL/src/pow/client -I/home/runner/work/NextSSL/NextSSL/src/pow/server -I/home/runner/work/NextSSL/NextSSL/src/pow/dhcm -I/home/runner/work/NextSSL/NextSSL/src/pqc -I/home/runner/work/NextSSL/NextSSL/src/pqc/common -I/home/runner/work/NextSSL/NextSSL/src/root/hash -I/home/runner/work/NextSSL/NextSSL/src/root/seed -I/home/runner/work/NextSSL/NextSSL/src/root/modern -I/home/runner/work/NextSSL/NextSSL/src/root/pqc -I/home/runner/work/NextSSL/NextSSL/src/root/pow -I/home/runner/work/NextSSL/NextSSL/src/hash/memory_hard/balloon -O3 -DNDEBUG -std=gnu11 -fPIC -Wall -Wextra -Wno-unused-parameter -Wno-sign-compare -Wno-missing-field-initializers -O3 -MD -MT CMakeFiles/nextssl.dir/src/modern/asymmetric/curve448/curve448_det.c.o -MF CMakeFiles/nextssl.dir/src/modern/asymmetric/curve448/curve448_det.c.o.d -o CMakeFiles/nextssl.dir/src/modern/asymmetric/curve448/curve448_det.c.o -c /home/runner/work/NextSSL/NextSSL/src/modern/asymmetric/curve448/curve448_det.c
/home/runner/work/NextSSL/NextSSL/src/modern/asymmetric/curve448/curve448_det.c:2:10: fatal error: ../../../../seed/drbg/drbg.h: No such file or directory
    2 | #include "../../../../seed/drbg/drbg.h"
      |          ^~~~~~~~~~~~~~~~~~~~~~~~~~~~~~
compilation terminated.
[142/670] Building C object CMakeFiles/nextssl.dir/src/modern/asymmetric/det_ecdsa.c.o
[143/670] Building C object CMakeFiles/nextssl.dir/src/modern/asymmetric/curve448/curve448.c.o
[144/670] Building C object CMakeFiles/nextssl.dir/src/modern/asymmetric/curve448/ed448.c.o
[145/670] Building C object CMakeFiles/nextssl.dir/src/modern/asymmetric/curve448/fe_448.c.o
[146/670] Building C object CMakeFiles/nextssl.dir/src/modern/asymmetric/curve448/ge_448.c.o
ninja: build stopped: subcommand failed.

==============================================================================
CMD: cmake --build /home/runner/work/NextSSL/NextSSL/.ci_build/linux-glibc/x86_64 --parallel 6
CWD: /home/runner/work/NextSSL/NextSSL
==============================================================================

