2026-03-01 03:41:01,657 - INFO - Successfully built pow_server
2026-03-01 03:41:05,041 - INFO - Successfully built pow_client
2026-03-01 03:41:08,397 - INFO - Successfully built pow_combined
2026-03-01 03:41:08,397 - INFO - [PASS] WASM present: /home/runner/work/NextSSL/NextSSL/bin/web/main/pow_client.wasm
2026-03-01 03:41:08,397 - INFO - [PASS] WASM present: /home/runner/work/NextSSL/NextSSL/bin/web/main/pow_server.wasm
2026-03-01 03:41:08,404 - INFO - [PASS] WASM execute ok: /home/runner/work/NextSSL/NextSSL/bin/web/main/pow_client.wasm
2026-03-01 03:41:08,410 - INFO - [PASS] WASM execute ok: /home/runner/work/NextSSL/NextSSL/bin/web/main/pow_server.wasm
2026-03-01 23:11:17,713 - INFO - Successfully built pow_server
2026-03-01 23:11:20,974 - INFO - Successfully built pow_client
2026-03-01 23:11:24,193 - INFO - Successfully built pow_combined
2026-03-01 23:11:24,194 - INFO - [PASS] WASM present: /home/runner/work/NextSSL/NextSSL/bin/web/main/pow_client.wasm
2026-03-01 23:11:24,194 - INFO - [PASS] WASM present: /home/runner/work/NextSSL/NextSSL/bin/web/main/pow_server.wasm
2026-03-01 23:11:24,200 - INFO - [PASS] WASM execute ok: /home/runner/work/NextSSL/NextSSL/bin/web/main/pow_client.wasm
2026-03-01 23:11:24,205 - INFO - [PASS] WASM execute ok: /home/runner/work/NextSSL/NextSSL/bin/web/main/pow_server.wasm
2026-03-02 19:36:11,326 - INFO - Successfully built pow_server
2026-03-02 19:36:14,486 - INFO - Successfully built pow_client
2026-03-02 19:36:17,639 - INFO - Successfully built pow_combined
2026-03-02 19:36:17,639 - INFO - [PASS] WASM present: /home/runner/work/NextSSL/NextSSL/bin/web/main/pow_client.wasm
2026-03-02 19:36:17,639 - INFO - [PASS] WASM present: /home/runner/work/NextSSL/NextSSL/bin/web/main/pow_server.wasm
2026-03-02 19:36:17,645 - INFO - [PASS] WASM execute ok: /home/runner/work/NextSSL/NextSSL/bin/web/main/pow_client.wasm
2026-03-02 19:36:17,651 - INFO - [PASS] WASM execute ok: /home/runner/work/NextSSL/NextSSL/bin/web/main/pow_server.wasm
