[1/649] Building C object CMakeFiles/nextssl.dir/src/common/encoding/base16.c.o
[2/649] Building C object CMakeFiles/nextssl.dir/src/common/encoding/base64.c.o
[3/649] Building C object CMakeFiles/nextssl.dir/src/common/encoding/base32.c.o
[4/649] Building C object CMakeFiles/nextssl.dir/src/common/encoding/base58.c.o
[5/649] Building C object CMakeFiles/nextssl.dir/src/common/encoding/radix_common.c.o
[6/649] Building C object CMakeFiles/nextssl.dir/src/common/encoding/base64url.c.o
[7/649] Building C object CMakeFiles/nextssl.dir/src/common/encoding/hex.c.o
[8/649] Building C object CMakeFiles/nextssl.dir/src/common/sanitizer/nextssl_sanitizer.c.o
[9/649] Building C object CMakeFiles/nextssl.dir/src/hash/adapters/argon2d_adapter.c.o
[10/649] Building C object CMakeFiles/nextssl.dir/src/hash/adapters/argon2_adapter.c.o
[11/649] Building C object CMakeFiles/nextssl.dir/src/hash/adapters/argon2i_adapter.c.o
[12/649] Building C object CMakeFiles/nextssl.dir/src/common/encoding/ff70.c.o
[13/649] Building C object CMakeFiles/nextssl.dir/src/hash/adapters/argon2id_adapter.c.o
[14/649] Building C object CMakeFiles/nextssl.dir/src/hash/adapters/balloon_adapter.c.o
[15/649] Building C object CMakeFiles/nextssl.dir/src/hash/adapters/bcrypt_adapter.c.o
[16/649] Building C object CMakeFiles/nextssl.dir/src/hash/adapters/catena_adapter.c.o
[17/649] Building C object CMakeFiles/nextssl.dir/src/hash/adapters/lyra2_adapter.c.o
[18/649] Building C object CMakeFiles/nextssl.dir/src/hash/adapters/makwa_adapter.c.o
[19/649] Building C object CMakeFiles/nextssl.dir/src/hash/adapters/plain_hash_adapter.c.o
[20/649] Building C object CMakeFiles/nextssl.dir/src/hash/adapters/pomelo_adapter.c.o
[21/649] Building C object CMakeFiles/nextssl.dir/src/hash/adapters/scrypt_adapter.c.o
[22/649] Building C object CMakeFiles/nextssl.dir/src/hash/adapters/yescrypt_adapter.c.o
[23/649] Building C object CMakeFiles/nextssl.dir/src/hash/blake/blake3_dispatch.c.o
[24/649] Building C object CMakeFiles/nextssl.dir/src/hash/blake/blake2s.c.o
[25/649] Building C object CMakeFiles/nextssl.dir/src/hash/blake/blake3.c.o
[26/649] Building C object CMakeFiles/nextssl.dir/src/hash/blake/blake3_portable.c.o
[27/649] Building C object CMakeFiles/nextssl.dir/src/hash/blake/blake2b.c.o
[28/649] Building C object CMakeFiles/nextssl.dir/src/hash/fast/sha512_224.c.o
[29/649] Building C object CMakeFiles/nextssl.dir/src/hash/fast/sha512_256.c.o
[30/649] Building C object CMakeFiles/nextssl.dir/src/hash/fast/sm3/sm3_ext.c.o
[31/649] Building C object CMakeFiles/nextssl.dir/src/hash/fast/sha512.c.o
[32/649] Building C object CMakeFiles/nextssl.dir/src/hash/fast/sm3/sm3_ops.c.o
[33/649] Building C object CMakeFiles/nextssl.dir/src/hash/generic/nextssl_hash.c.o
[34/649] Building C object CMakeFiles/nextssl.dir/src/hash/fast/sha224.c.o
[35/649] Building C object CMakeFiles/nextssl.dir/src/hash/interface/hash_ops_disabled_stubs.c.o
[36/649] Building C object CMakeFiles/nextssl.dir/src/hash/fast/sha256.c.o
[37/649] Building C object CMakeFiles/nextssl.dir/src/hash/interface/hash_registry.c.o
[38/649] Building C object CMakeFiles/nextssl.dir/src/hash/legacy/has160.c.o
[39/649] Building C object CMakeFiles/nextssl.dir/src/hash/fast/sm3/sm3_impl.c.o
[40/649] Building C object CMakeFiles/nextssl.dir/src/hash/legacy/md4.c.o
[41/649] Building C object CMakeFiles/nextssl.dir/src/hash/legacy/md5.c.o
[42/649] Building C object CMakeFiles/nextssl.dir/src/hash/legacy/nt.c.o
[43/649] Building C object CMakeFiles/nextssl.dir/src/hash/legacy/md2.c.o
[44/649] Building C object CMakeFiles/nextssl.dir/src/hash/legacy/ripemd128.c.o
[45/649] Building C object CMakeFiles/nextssl.dir/src/hash/legacy/ripemd256.c.o
[46/649] Building C object CMakeFiles/nextssl.dir/src/hash/legacy/ripemd160.c.o
[47/649] Building C object CMakeFiles/nextssl.dir/src/hash/legacy/tiger.c.o
[48/649] Building C object CMakeFiles/nextssl.dir/src/hash/legacy/tiger_sbox.c.o
[49/649] Building C object CMakeFiles/nextssl.dir/src/hash/legacy/sha0.c.o
[50/649] Building C object CMakeFiles/nextssl.dir/src/hash/legacy/ripemd320.c.o
[51/649] Building C object CMakeFiles/nextssl.dir/src/hash/memory_hard/argon2d.c.o
[52/649] Building C object CMakeFiles/nextssl.dir/src/hash/memory_hard/argon2i.c.o
[53/649] Building C object CMakeFiles/nextssl.dir/src/hash/legacy/sha1.c.o
[54/649] Building C object CMakeFiles/nextssl.dir/src/hash/memory_hard/argon2.c.o
[55/649] Building C object CMakeFiles/nextssl.dir/src/hash/memory_hard/argon2id.c.o
[56/649] Building C object CMakeFiles/nextssl.dir/src/hash/memory_hard/balloon/balloon_openssl_compat.c.o
[57/649] Building C object CMakeFiles/nextssl.dir/src/hash/memory_hard/balloon/balloon_ops.c.o
[58/649] Building C object CMakeFiles/nextssl.dir/src/hash/memory_hard/balloon/bitstream.c.o
[59/649] Building C object CMakeFiles/nextssl.dir/src/hash/memory_hard/balloon/encode.c.o
[60/649] Building C object CMakeFiles/nextssl.dir/src/hash/memory_hard/balloon/compress.c.o
[61/649] Building C object CMakeFiles/nextssl.dir/src/hash/memory_hard/bcrypt/bcrypt_ops.c.o
[62/649] Building C object CMakeFiles/nextssl.dir/src/hash/memory_hard/balloon/hash_state.c.o
[63/649] Building C object CMakeFiles/nextssl.dir/src/hash/memory_hard/bcrypt/crypt_gensalt.c.o
[64/649] Building C object CMakeFiles/nextssl.dir/src/hash/memory_hard/blake2b.c.o
[65/649] Building C object CMakeFiles/nextssl.dir/src/hash/legacy/whirlpool.c.o
[66/649] Building C object CMakeFiles/nextssl.dir/src/hash/memory_hard/catena/catena-BRG.c.o
[67/649] Building C object CMakeFiles/nextssl.dir/src/hash/memory_hard/catena/catena-blake2b-ref.c.o
[68/649] Building C object CMakeFiles/nextssl.dir/src/hash/memory_hard/catena/blake2b-ref.c.o
[69/649] Building C object CMakeFiles/nextssl.dir/src/hash/memory_hard/bcrypt/crypt_blowfish.c.o
[70/649] Building C object CMakeFiles/nextssl.dir/src/hash/memory_hard/catena/catena_ops.c.o
[71/649] Building C object CMakeFiles/nextssl.dir/src/hash/memory_hard/catena/catena-helpers.c.o
[72/649] Building C object CMakeFiles/nextssl.dir/src/hash/memory_hard/encoding.c.o
[73/649] Building C object CMakeFiles/nextssl.dir/src/hash/memory_hard/lyra2/Lyra2.c.o
[74/649] Building C object CMakeFiles/nextssl.dir/src/hash/memory_hard/catena/catena.c.o
[75/649] Building C object CMakeFiles/nextssl.dir/src/hash/memory_hard/lyra2/lyra2_ops.c.o
[76/649] Building C object CMakeFiles/nextssl.dir/src/hash/memory_hard/makwa/makwa_ops.c.o
[77/649] Building C object CMakeFiles/nextssl.dir/src/hash/memory_hard/core.c.o
[78/649] Building C object CMakeFiles/nextssl.dir/src/hash/memory_hard/pomelo/pomelo.c.o
[79/649] Building C object CMakeFiles/nextssl.dir/src/hash/memory_hard/pomelo/pomelo_ops.c.o
[80/649] Building C object CMakeFiles/nextssl.dir/src/hash/memory_hard/lyra2/Sponge.c.o
[81/649] Building C object CMakeFiles/nextssl.dir/src/hash/memory_hard/scrypt/insecure_memzero.c.o
[82/649] Building C object CMakeFiles/nextssl.dir/src/hash/memory_hard/scrypt/scrypt_ops.c.o
[83/649] Building C object CMakeFiles/nextssl.dir/src/hash/memory_hard/scrypt/crypto_scrypt-ref.c.o
[84/649] Building C object CMakeFiles/nextssl.dir/src/hash/memory_hard/makwa/makwa.c.o
[85/649] Building C object CMakeFiles/nextssl.dir/src/hash/memory_hard/thread.c.o
[86/649] Building C object CMakeFiles/nextssl.dir/src/hash/memory_hard/scrypt/sha256_portable.c.o
[87/649] Building C object CMakeFiles/nextssl.dir/src/hash/memory_hard/yescrypt/yescrypt-common.c.o
[88/649] Building C object CMakeFiles/nextssl.dir/src/hash/memory_hard/yescrypt/yescrypt_ops.c.o
[89/649] Building C object CMakeFiles/nextssl.dir/src/hash/root_functions/hash_root.c.o
[90/649] Building C object CMakeFiles/nextssl.dir/src/hash/record/hash_record_core.c.o
[91/649] Building C object CMakeFiles/nextssl.dir/src/hash/skein/skeinApi.c.o
[92/649] Building C object CMakeFiles/nextssl.dir/src/hash/skein/skein.c.o
[93/649] Building C object CMakeFiles/nextssl.dir/src/hash/skein/skein_ops.c.o
[94/649] Building C object CMakeFiles/nextssl.dir/src/hash/memory_hard/ref.c.o
[95/649] Building C object CMakeFiles/nextssl.dir/src/hash/skein/threefish256Block.c.o
[96/649] Building C object CMakeFiles/nextssl.dir/src/hash/memory_hard/yescrypt/yescrypt-opt.c.o
[97/649] Building C object CMakeFiles/nextssl.dir/src/hash/skein/threefishApi.c.o
[98/649] Building C object CMakeFiles/nextssl.dir/src/hash/skein/skein_block.c.o
[99/649] Building C object CMakeFiles/nextssl.dir/src/hash/skein/threefish512Block.c.o
[100/649] Building C object CMakeFiles/nextssl.dir/src/hash/sponge/keccak.c.o
[101/649] Building C object CMakeFiles/nextssl.dir/src/hash/sponge/sha3_384.c.o
[102/649] Building C object CMakeFiles/nextssl.dir/src/hash/sponge/sha3_224.c.o
[103/649] Building C object CMakeFiles/nextssl.dir/src/hash/sponge/sha3.c.o
[104/649] Building C object CMakeFiles/nextssl.dir/src/hash/sponge/shake.c.o
[105/649] Building C object CMakeFiles/nextssl.dir/src/hash/sponge/sp800_185/kmac.c.o
[106/649] Building C object CMakeFiles/nextssl.dir/src/hash/skein/threefish1024Block.c.o
[107/649] Building C object CMakeFiles/nextssl.dir/src/modern/aead/aes_ccm.c.o
[108/649] Building C object CMakeFiles/nextssl.dir/src/modern/aead/aes_eax.c.o
[109/649] Building C object CMakeFiles/nextssl.dir/src/modern/aead/aes_gcm.c.o
[110/649] Building C object CMakeFiles/nextssl.dir/src/modern/aead/aes_gcm_siv.c.o
[111/649] Building C object CMakeFiles/nextssl.dir/src/modern/aead/aes_ocb.c.o
[112/649] Building C object CMakeFiles/nextssl.dir/src/modern/aead/aes_poly1305.c.o
[113/649] Building C object CMakeFiles/nextssl.dir/src/modern/aead/chacha20_poly1305.c.o
[114/649] Building C object CMakeFiles/nextssl.dir/src/modern/aead/aes_siv.c.o
[115/649] Building C object CMakeFiles/nextssl.dir/src/modern/asymmetric/add_scalar.c.o
[116/649] Building C object CMakeFiles/nextssl.dir/src/modern/asymmetric/curve448_det.c.o
[117/649] Building C object CMakeFiles/nextssl.dir/src/modern/aead/monocypher-ed25519.c.o
[118/649] Building C object CMakeFiles/nextssl.dir/src/modern/asymmetric/curve448.c.o
[119/649] Building C object CMakeFiles/nextssl.dir/src/modern/asymmetric/ed448.c.o
[120/649] Building C object CMakeFiles/nextssl.dir/src/modern/asymmetric/ge.c.o
[121/649] Building C object CMakeFiles/nextssl.dir/src/modern/asymmetric/fe_448.c.o
[122/649] Building C object CMakeFiles/nextssl.dir/src/modern/asymmetric/key_exchange.c.o
[123/649] Building C object CMakeFiles/nextssl.dir/src/modern/asymmetric/keypair.c.o
[124/649] Building C object CMakeFiles/nextssl.dir/src/modern/asymmetric/fe.c.o
[125/649] Building C object CMakeFiles/nextssl.dir/src/modern/asymmetric/p256.c.o
[126/649] Building C object CMakeFiles/nextssl.dir/src/modern/asymmetric/p384.c.o
[127/649] Building C object CMakeFiles/nextssl.dir/src/modern/asymmetric/p521.c.o
[128/649] Building C object CMakeFiles/nextssl.dir/src/modern/asymmetric/rsa/rsa.c.o
[129/649] Building C object CMakeFiles/nextssl.dir/src/modern/asymmetric/sc.c.o
[130/649] Building C object CMakeFiles/nextssl.dir/src/modern/asymmetric/seed.c.o
[131/649] Building C object CMakeFiles/nextssl.dir/src/modern/asymmetric/ge_448.c.o
[132/649] Building C object CMakeFiles/nextssl.dir/src/modern/asymmetric/sign.c.o
[133/649] Building C object CMakeFiles/nextssl.dir/src/modern/asymmetric/sm2/sm2.c.o
[134/649] Building C object CMakeFiles/nextssl.dir/src/modern/asymmetric/verify.c.o
[135/649] Building C object CMakeFiles/nextssl.dir/src/modern/base_encryption.c.o
[136/649] Building C object CMakeFiles/nextssl.dir/src/modern/curve_math/elligator2.c.o
[137/649] Building C object CMakeFiles/nextssl.dir/src/modern/asymmetric/sha512.c.o
[138/649] Building C object CMakeFiles/nextssl.dir/src/modern/curve_math/ristretto255.c.o
[139/649] Building C object CMakeFiles/nextssl.dir/src/modern/encoding/base58check.c.o
[140/649] Building C object CMakeFiles/nextssl.dir/src/modern/encoding/base85.c.o
[141/649] Building C object CMakeFiles/nextssl.dir/src/modern/encoding/base62.c.o
[142/649] Building C object CMakeFiles/nextssl.dir/src/modern/encoding/crc32.c.o
[143/649] Building C object CMakeFiles/nextssl.dir/src/modern/encoding/crc64.c.o
[144/649] Building C object CMakeFiles/nextssl.dir/src/modern/encoding/bech32.c.o
/home/runner/work/NextSSL/NextSSL/src/modern/encoding/bech32.c: In function ‘compute_checksum.part.0’:
/home/runner/work/NextSSL/NextSSL/src/modern/encoding/bech32.c:65:52: warning: writing 16 bytes into a region of size 5 [-Wstringop-overflow=]
   65 |     for (size_t i = 0; i < hrplen; i++) buf[pos++] = (uint8_t)(hrp[i] & 0x1F);
      |                                         ~~~~~~~~~~~^~~~~~~~~~~~~~~~~~~~~~~~~~
/home/runner/work/NextSSL/NextSSL/src/modern/encoding/bech32.c:56:13: note: at offset [241, 246] into destination object ‘buf’ of size 246
   56 |     uint8_t buf[BECH32_MAX_HRP_LEN * 2 + 2 + 64 + 6 + 8]; /* generous */
      |             ^~~
/home/runner/work/NextSSL/NextSSL/src/modern/encoding/bech32.c:65:52: warning: writing 16 bytes into a region of size 0 [-Wstringop-overflow=]
   65 |     for (size_t i = 0; i < hrplen; i++) buf[pos++] = (uint8_t)(hrp[i] & 0x1F);
      |                                         ~~~~~~~~~~~^~~~~~~~~~~~~~~~~~~~~~~~~~
/home/runner/work/NextSSL/NextSSL/src/modern/encoding/bech32.c:56:13: note: at offset [257, 470] into destination object ‘buf’ of size 246
   56 |     uint8_t buf[BECH32_MAX_HRP_LEN * 2 + 2 + 64 + 6 + 8]; /* generous */
      |             ^~~
[145/649] Building C object CMakeFiles/nextssl.dir/src/modern/encoding/pem.c.o
[146/649] Building C object CMakeFiles/nextssl.dir/src/modern/kdf/hkdf.c.o
[147/649] Building C object CMakeFiles/nextssl.dir/src/modern/mac/aes_cmac.c.o
[148/649] Building C object CMakeFiles/nextssl.dir/src/modern/kdf/pbkdf2.c.o
[149/649] Building C object CMakeFiles/nextssl.dir/src/modern/mac/poly1305.c.o
[150/649] Building C object CMakeFiles/nextssl.dir/src/modern/mac/siphash.c.o
[151/649] Building C object CMakeFiles/nextssl.dir/src/modern/symmetric/aes_cbc.c.o
[152/649] Building C object CMakeFiles/nextssl.dir/src/modern/mac/hmac.c.o
[153/649] Building C object CMakeFiles/nextssl.dir/src/modern/symmetric/aes_cfb.c.o
[154/649] Building C object CMakeFiles/nextssl.dir/src/modern/symmetric/aes_ctr.c.o
[155/649] Building C object CMakeFiles/nextssl.dir/src/modern/symmetric/aes_ecb.c.o
[156/649] Building C object CMakeFiles/nextssl.dir/src/modern/symmetric/aes_fpe.c.o
[157/649] Building C object CMakeFiles/nextssl.dir/src/modern/symmetric/aes_core.c.o
[158/649] Building C object CMakeFiles/nextssl.dir/src/modern/symmetric/aes_kw.c.o
[159/649] Building C object CMakeFiles/nextssl.dir/src/modern/symmetric/aes_ofb.c.o
[160/649] Building C object CMakeFiles/nextssl.dir/src/modern/symmetric/aes_xts.c.o
[161/649] Building C object CMakeFiles/nextssl.dir/src/modern/symmetric/chacha20.c.o
[162/649] Building C object CMakeFiles/nextssl.dir/src/modern/symmetric/three_des.c.o
[163/649] Building C object CMakeFiles/nextssl.dir/src/pow/client/pow_limits.c.o
[164/649] Building C object CMakeFiles/nextssl.dir/src/pow/client/pow_reject.c.o
[165/649] Building C object CMakeFiles/nextssl.dir/src/pow/client/pow_solver.c.o
[166/649] Building C object CMakeFiles/nextssl.dir/src/pow/client/pow_timer.c.o
[167/649] Building C object CMakeFiles/nextssl.dir/src/pow/core/pow_difficulty.c.o
[168/649] Building C object CMakeFiles/nextssl.dir/src/modern/symmetric/sm4/sm4_impl.c.o
[169/649] Building C object CMakeFiles/nextssl.dir/src/modern/asymmetric/micro_ecc/uECC.c.o
[170/649] Building C object CMakeFiles/nextssl.dir/src/pow/core/pow_parser.c.o
[171/649] Building C object CMakeFiles/nextssl.dir/src/pow/dhcm/dhcm_difficulty.c.o
[172/649] Building C object CMakeFiles/nextssl.dir/src/pow/dhcm/dhcm_core.c.o
[173/649] Building C object CMakeFiles/nextssl.dir/src/pow/dhcm/dhcm_math.c.o
[174/649] Building C object CMakeFiles/nextssl.dir/src/pow/dispatcher.c.o
[175/649] Building C object CMakeFiles/nextssl.dir/src/modern/aead/monocypher.c.o
[176/649] Building C object CMakeFiles/nextssl.dir/src/pow/dhcm/hash_cost_probe.c.o
[177/649] Building C object CMakeFiles/nextssl.dir/src/pow/pow_engine.c.o
[178/649] Building C object CMakeFiles/nextssl.dir/src/pow/server/pow_challenge.c.o
[179/649] Building C object CMakeFiles/nextssl.dir/src/pow/server/pow_verify.c.o
[180/649] Building C object CMakeFiles/nextssl.dir/src/pqc/common/drbg/drbg.c.o
[181/649] Building C object CMakeFiles/nextssl.dir/src/pow/dhcm/hash_cost.c.o
[182/649] Building C object CMakeFiles/nextssl.dir/src/pqc/common/nistseedexpander.c.o
[183/649] Building C object CMakeFiles/nextssl.dir/src/pqc/common/randombytes.c.o
[184/649] Building C object CMakeFiles/nextssl.dir/src/pqc/common/hkdf/hkdf.c.o
[185/649] Building C object CMakeFiles/nextssl.dir/src/pqc/common/sp800-185.c.o
[186/649] Building C object CMakeFiles/nextssl.dir/src/pqc/kem/hqc-128/ref/code.c.o
[187/649] Building C object CMakeFiles/nextssl.dir/src/pqc/common/aes.c.o
[188/649] Building C object CMakeFiles/nextssl.dir/src/pqc/kem/hqc-128/ref/fft.c.o
[189/649] Building C object CMakeFiles/nextssl.dir/src/pqc/kem/hqc-128/ref/gf.c.o
[190/649] Building C object CMakeFiles/nextssl.dir/src/pqc/kem/hqc-128/ref/hqc.c.o
[191/649] Building C object CMakeFiles/nextssl.dir/src/pqc/common/fips202.c.o
[192/649] Building C object CMakeFiles/nextssl.dir/src/pqc/kem/hqc-128/ref/parsing.c.o
[193/649] Building C object CMakeFiles/nextssl.dir/src/pqc/kem/hqc-128/ref/kem.c.o
[194/649] Building C object CMakeFiles/nextssl.dir/src/pqc/kem/hqc-128/ref/reed_solomon.c.o
[195/649] Building C object CMakeFiles/nextssl.dir/src/pqc/kem/hqc-128/ref/shake_ds.c.o
[196/649] Building C object CMakeFiles/nextssl.dir/src/pqc/kem/hqc-128/ref/shake_prng.c.o
[197/649] Building C object CMakeFiles/nextssl.dir/src/pqc/kem/hqc-128/ref/gf2x.c.o
[198/649] Building C object CMakeFiles/nextssl.dir/src/pqc/kem/hqc-192/ref/code.c.o
[199/649] Building C object CMakeFiles/nextssl.dir/src/pqc/kem/hqc-192/ref/fft.c.o
[200/649] Building C object CMakeFiles/nextssl.dir/src/pqc/common/sha2.c.o
[201/649] Building C object CMakeFiles/nextssl.dir/src/pqc/kem/hqc-192/ref/gf.c.o
[202/649] Building C object CMakeFiles/nextssl.dir/src/pqc/kem/hqc-128/ref/reed_muller.c.o
[203/649] Building C object CMakeFiles/nextssl.dir/src/pqc/kem/hqc-192/ref/hqc.c.o
[204/649] Building C object CMakeFiles/nextssl.dir/src/pqc/kem/hqc-192/ref/kem.c.o
[205/649] Building C object CMakeFiles/nextssl.dir/src/pqc/kem/hqc-192/ref/parsing.c.o
[206/649] Building C object CMakeFiles/nextssl.dir/src/pqc/kem/hqc-128/ref/vector.c.o
[207/649] Building C object CMakeFiles/nextssl.dir/src/pqc/kem/hqc-192/ref/shake_ds.c.o
[208/649] Building C object CMakeFiles/nextssl.dir/src/pqc/kem/hqc-192/ref/shake_prng.c.o
[209/649] Building C object CMakeFiles/nextssl.dir/src/pqc/kem/hqc-192/ref/reed_solomon.c.o
[210/649] Building C object CMakeFiles/nextssl.dir/src/pqc/kem/hqc-256/ref/code.c.o
[211/649] Building C object CMakeFiles/nextssl.dir/src/pqc/kem/hqc-192/ref/gf2x.c.o
[212/649] Building C object CMakeFiles/nextssl.dir/src/pqc/kem/hqc-256/ref/gf.c.o
[213/649] Building C object CMakeFiles/nextssl.dir/src/pqc/kem/hqc-192/ref/reed_muller.c.o
[214/649] Building C object CMakeFiles/nextssl.dir/src/pqc/kem/hqc-256/ref/fft.c.o
[215/649] Building C object CMakeFiles/nextssl.dir/src/pqc/kem/hqc-256/ref/hqc.c.o
[216/649] Building C object CMakeFiles/nextssl.dir/src/pqc/kem/hqc-256/ref/kem.c.o
[217/649] Building C object CMakeFiles/nextssl.dir/src/pqc/kem/hqc-256/ref/parsing.c.o
[218/649] Building C object CMakeFiles/nextssl.dir/src/pqc/kem/hqc-192/ref/vector.c.o
[219/649] Building C object CMakeFiles/nextssl.dir/src/pqc/kem/hqc-256/ref/shake_ds.c.o
[220/649] Building C object CMakeFiles/nextssl.dir/src/pqc/kem/hqc-256/ref/shake_prng.c.o
[221/649] Building C object CMakeFiles/nextssl.dir/src/pqc/kem/hqc-256/ref/reed_muller.c.o
[222/649] Building C object CMakeFiles/nextssl.dir/src/pqc/kem/mceliece348864/ref/aes256ctr.c.o
[223/649] Building C object CMakeFiles/nextssl.dir/src/pqc/kem/hqc-256/ref/reed_solomon.c.o
[224/649] Building C object CMakeFiles/nextssl.dir/src/pqc/kem/hqc-256/ref/vector.c.o
[225/649] Building C object CMakeFiles/nextssl.dir/src/pqc/kem/mceliece348864/ref/bm.c.o
[226/649] Building C object CMakeFiles/nextssl.dir/src/pqc/kem/mceliece348864/ref/benes.c.o
[227/649] Building C object CMakeFiles/nextssl.dir/src/pqc/kem/mceliece348864/ref/crypto_int16.c.o
[228/649] Building C object CMakeFiles/nextssl.dir/src/pqc/kem/mceliece348864/ref/crypto_int32.c.o
[229/649] Building C object CMakeFiles/nextssl.dir/src/pqc/kem/hqc-256/ref/gf2x.c.o
[230/649] Building C object CMakeFiles/nextssl.dir/src/pqc/kem/mceliece348864/ref/crypto_uint16.c.o
[231/649] Building C object CMakeFiles/nextssl.dir/src/pqc/kem/mceliece348864/ref/crypto_uint32.c.o
[232/649] Building C object CMakeFiles/nextssl.dir/src/pqc/kem/mceliece348864/ref/crypto_uint64.c.o
[233/649] Building C object CMakeFiles/nextssl.dir/src/pqc/kem/mceliece348864/ref/decrypt.c.o
[234/649] Building C object CMakeFiles/nextssl.dir/src/pqc/kem/mceliece348864/ref/gf.c.o
[235/649] Building C object CMakeFiles/nextssl.dir/src/pqc/kem/mceliece348864/ref/operations.c.o
[236/649] Building C object CMakeFiles/nextssl.dir/src/pqc/kem/mceliece348864/ref/root.c.o
[237/649] Building C object CMakeFiles/nextssl.dir/src/pqc/kem/mceliece348864/ref/sk_gen.c.o
[238/649] Building C object CMakeFiles/nextssl.dir/src/pqc/kem/mceliece348864/ref/synd.c.o
[239/649] Building C object CMakeFiles/nextssl.dir/src/pqc/kem/mceliece348864/ref/controlbits.c.o
[240/649] Building C object CMakeFiles/nextssl.dir/src/pqc/kem/mceliece348864/ref/transpose.c.o
[241/649] Building C object CMakeFiles/nextssl.dir/src/pqc/kem/mceliece348864/ref/util.c.o
[242/649] Building C object CMakeFiles/nextssl.dir/src/pqc/kem/mceliece348864f/ref/aes256ctr.c.o
[243/649] Building C object CMakeFiles/nextssl.dir/src/pqc/kem/mceliece348864f/ref/bm.c.o
[244/649] Building C object CMakeFiles/nextssl.dir/src/pqc/kem/mceliece348864f/ref/benes.c.o
[245/649] Building C object CMakeFiles/nextssl.dir/src/pqc/kem/mceliece348864f/ref/crypto_int16.c.o
[246/649] Building C object CMakeFiles/nextssl.dir/src/pqc/kem/mceliece348864f/ref/crypto_int32.c.o
[247/649] Building C object CMakeFiles/nextssl.dir/src/pqc/kem/mceliece348864f/ref/crypto_uint16.c.o
[248/649] Building C object CMakeFiles/nextssl.dir/src/pqc/kem/mceliece348864f/ref/crypto_uint32.c.o
[249/649] Building C object CMakeFiles/nextssl.dir/src/pqc/kem/mceliece348864f/ref/crypto_uint64.c.o
[250/649] Building C object CMakeFiles/nextssl.dir/src/pqc/kem/mceliece348864/ref/pk_gen.c.o
[251/649] Building C object CMakeFiles/nextssl.dir/src/pqc/kem/mceliece348864f/ref/decrypt.c.o
[252/649] Building C object CMakeFiles/nextssl.dir/src/pqc/kem/mceliece348864f/ref/gf.c.o
[253/649] Building C object CMakeFiles/nextssl.dir/src/pqc/kem/mceliece348864f/ref/controlbits.c.o
[254/649] Building C object CMakeFiles/nextssl.dir/src/pqc/kem/mceliece348864f/ref/operations.c.o
[255/649] Building C object CMakeFiles/nextssl.dir/src/pqc/kem/mceliece348864/ref/encrypt.c.o
[256/649] Building C object CMakeFiles/nextssl.dir/src/pqc/kem/mceliece348864f/ref/root.c.o
[257/649] Building C object CMakeFiles/nextssl.dir/src/pqc/kem/mceliece348864f/ref/synd.c.o
[258/649] Building C object CMakeFiles/nextssl.dir/src/pqc/kem/mceliece348864f/ref/sk_gen.c.o
[259/649] Building C object CMakeFiles/nextssl.dir/src/pqc/kem/mceliece348864f/ref/transpose.c.o
[260/649] Building C object CMakeFiles/nextssl.dir/src/pqc/kem/mceliece348864f/ref/util.c.o
[261/649] Building C object CMakeFiles/nextssl.dir/src/pqc/kem/mceliece460896/ref/aes256ctr.c.o
[262/649] Building C object CMakeFiles/nextssl.dir/src/pqc/kem/mceliece460896/ref/bm.c.o
[263/649] Building C object CMakeFiles/nextssl.dir/src/pqc/kem/mceliece460896/ref/benes.c.o
[264/649] Building C object CMakeFiles/nextssl.dir/src/pqc/kem/mceliece460896/ref/crypto_int16.c.o
[265/649] Building C object CMakeFiles/nextssl.dir/src/pqc/kem/mceliece460896/ref/crypto_int32.c.o
[266/649] Building C object CMakeFiles/nextssl.dir/src/pqc/kem/mceliece460896/ref/crypto_uint16.c.o
[267/649] Building C object CMakeFiles/nextssl.dir/src/pqc/kem/mceliece460896/ref/crypto_uint32.c.o
[268/649] Building C object CMakeFiles/nextssl.dir/src/pqc/kem/mceliece460896/ref/crypto_uint64.c.o
[269/649] Building C object CMakeFiles/nextssl.dir/src/pqc/kem/mceliece460896/ref/decrypt.c.o
[270/649] Building C object CMakeFiles/nextssl.dir/src/pqc/kem/mceliece460896/ref/encrypt.c.o
[271/649] Building C object CMakeFiles/nextssl.dir/src/pqc/kem/mceliece460896/ref/controlbits.c.o
[272/649] Building C object CMakeFiles/nextssl.dir/src/pqc/kem/mceliece460896/ref/operations.c.o
[273/649] Building C object CMakeFiles/nextssl.dir/src/pqc/kem/mceliece348864f/ref/encrypt.c.o
[274/649] Building C object CMakeFiles/nextssl.dir/src/pqc/kem/mceliece460896/ref/root.c.o
[275/649] Building C object CMakeFiles/nextssl.dir/src/pqc/kem/mceliece460896/ref/gf.c.o
[276/649] Building C object CMakeFiles/nextssl.dir/src/pqc/kem/mceliece348864f/ref/pk_gen.c.o
[277/649] Building C object CMakeFiles/nextssl.dir/src/pqc/kem/mceliece460896/ref/synd.c.o
[278/649] Building C object CMakeFiles/nextssl.dir/src/pqc/kem/mceliece460896/ref/sk_gen.c.o
[279/649] Building C object CMakeFiles/nextssl.dir/src/pqc/kem/mceliece460896/ref/util.c.o
[280/649] Building C object CMakeFiles/nextssl.dir/src/pqc/kem/mceliece460896f/ref/aes256ctr.c.o
[281/649] Building C object CMakeFiles/nextssl.dir/src/pqc/kem/mceliece460896/ref/transpose.c.o
[282/649] Building C object CMakeFiles/nextssl.dir/src/pqc/kem/mceliece460896f/ref/bm.c.o
[283/649] Building C object CMakeFiles/nextssl.dir/src/pqc/kem/mceliece460896f/ref/crypto_int16.c.o
[284/649] Building C object CMakeFiles/nextssl.dir/src/pqc/kem/mceliece460896f/ref/crypto_int32.c.o
[285/649] Building C object CMakeFiles/nextssl.dir/src/pqc/kem/mceliece460896f/ref/benes.c.o
[286/649] Building C object CMakeFiles/nextssl.dir/src/pqc/kem/mceliece460896f/ref/crypto_uint16.c.o
[287/649] Building C object CMakeFiles/nextssl.dir/src/pqc/kem/mceliece460896f/ref/crypto_uint32.c.o
[288/649] Building C object CMakeFiles/nextssl.dir/src/pqc/kem/mceliece460896f/ref/crypto_uint64.c.o
[289/649] Building C object CMakeFiles/nextssl.dir/src/pqc/kem/mceliece460896f/ref/decrypt.c.o
[290/649] Building C object CMakeFiles/nextssl.dir/src/pqc/kem/mceliece460896f/ref/encrypt.c.o
[291/649] Building C object CMakeFiles/nextssl.dir/src/pqc/kem/mceliece460896f/ref/operations.c.o
[292/649] Building C object CMakeFiles/nextssl.dir/src/pqc/kem/mceliece460896f/ref/gf.c.o
[293/649] Building C object CMakeFiles/nextssl.dir/src/pqc/kem/mceliece460896f/ref/controlbits.c.o
[294/649] Building C object CMakeFiles/nextssl.dir/src/pqc/kem/mceliece460896f/ref/root.c.o
[295/649] Building C object CMakeFiles/nextssl.dir/src/pqc/kem/mceliece460896f/ref/synd.c.o
[296/649] Building C object CMakeFiles/nextssl.dir/src/pqc/kem/mceliece460896f/ref/sk_gen.c.o
[297/649] Building C object CMakeFiles/nextssl.dir/src/pqc/kem/mceliece460896f/ref/util.c.o
[298/649] Building C object CMakeFiles/nextssl.dir/src/pqc/kem/mceliece460896f/ref/transpose.c.o
[299/649] Building C object CMakeFiles/nextssl.dir/src/pqc/kem/mceliece6688128/ref/aes256ctr.c.o
[300/649] Building C object CMakeFiles/nextssl.dir/src/pqc/kem/mceliece460896/ref/pk_gen.c.o
[301/649] Building C object CMakeFiles/nextssl.dir/src/pqc/kem/mceliece6688128/ref/bm.c.o
[302/649] Building C object CMakeFiles/nextssl.dir/src/pqc/kem/mceliece6688128/ref/crypto_int16.c.o
[303/649] Building C object CMakeFiles/nextssl.dir/src/pqc/kem/mceliece6688128/ref/benes.c.o
[304/649] Building C object CMakeFiles/nextssl.dir/src/pqc/kem/mceliece6688128/ref/crypto_int32.c.o
[305/649] Building C object CMakeFiles/nextssl.dir/src/pqc/kem/mceliece6688128/ref/crypto_uint16.c.o
[306/649] Building C object CMakeFiles/nextssl.dir/src/pqc/kem/mceliece6688128/ref/crypto_uint32.c.o
[307/649] Building C object CMakeFiles/nextssl.dir/src/pqc/kem/mceliece6688128/ref/crypto_uint64.c.o
[308/649] Building C object CMakeFiles/nextssl.dir/src/pqc/kem/mceliece6688128/ref/decrypt.c.o
[309/649] Building C object CMakeFiles/nextssl.dir/src/pqc/kem/mceliece6688128/ref/gf.c.o
[310/649] Building C object CMakeFiles/nextssl.dir/src/pqc/kem/mceliece6688128/ref/encrypt.c.o
[311/649] Building C object CMakeFiles/nextssl.dir/src/pqc/kem/mceliece6688128/ref/operations.c.o
[312/649] Building C object CMakeFiles/nextssl.dir/src/pqc/kem/mceliece6688128/ref/root.c.o
[313/649] Building C object CMakeFiles/nextssl.dir/src/pqc/kem/mceliece6688128/ref/controlbits.c.o
[314/649] Building C object CMakeFiles/nextssl.dir/src/pqc/kem/mceliece6688128/ref/sk_gen.c.o
[315/649] Building C object CMakeFiles/nextssl.dir/src/pqc/kem/mceliece6688128/ref/synd.c.o
[316/649] Building C object CMakeFiles/nextssl.dir/src/pqc/kem/mceliece6688128/ref/transpose.c.o
[317/649] Building C object CMakeFiles/nextssl.dir/src/pqc/kem/mceliece6688128/ref/util.c.o
[318/649] Building C object CMakeFiles/nextssl.dir/src/pqc/kem/mceliece6688128f/ref/aes256ctr.c.o
[319/649] Building C object CMakeFiles/nextssl.dir/src/pqc/kem/mceliece6688128f/ref/bm.c.o
[320/649] Building C object CMakeFiles/nextssl.dir/src/pqc/kem/mceliece6688128f/ref/benes.c.o
[321/649] Building C object CMakeFiles/nextssl.dir/src/pqc/kem/mceliece6688128f/ref/crypto_int16.c.o
[322/649] Building C object CMakeFiles/nextssl.dir/src/pqc/kem/mceliece6688128f/ref/crypto_int32.c.o
[323/649] Building C object CMakeFiles/nextssl.dir/src/pqc/kem/mceliece6688128f/ref/crypto_uint16.c.o
[324/649] Building C object CMakeFiles/nextssl.dir/src/pqc/kem/mceliece6688128f/ref/crypto_uint32.c.o
[325/649] Building C object CMakeFiles/nextssl.dir/src/pqc/kem/mceliece460896f/ref/pk_gen.c.o
[326/649] Building C object CMakeFiles/nextssl.dir/src/pqc/kem/mceliece6688128f/ref/crypto_uint64.c.o
[327/649] Building C object CMakeFiles/nextssl.dir/src/pqc/kem/mceliece6688128f/ref/decrypt.c.o
[328/649] Building C object CMakeFiles/nextssl.dir/src/pqc/kem/mceliece6688128f/ref/encrypt.c.o
[329/649] Building C object CMakeFiles/nextssl.dir/src/pqc/kem/mceliece6688128f/ref/gf.c.o
[330/649] Building C object CMakeFiles/nextssl.dir/src/pqc/kem/mceliece6688128f/ref/controlbits.c.o
[331/649] Building C object CMakeFiles/nextssl.dir/src/pqc/kem/mceliece6688128f/ref/operations.c.o
[332/649] Building C object CMakeFiles/nextssl.dir/src/pqc/kem/mceliece6688128f/ref/root.c.o
[333/649] Building C object CMakeFiles/nextssl.dir/src/pqc/kem/mceliece6688128/ref/pk_gen.c.o
[334/649] Building C object CMakeFiles/nextssl.dir/src/pqc/kem/mceliece6688128f/ref/synd.c.o
[335/649] Building C object CMakeFiles/nextssl.dir/src/pqc/kem/mceliece6688128f/ref/sk_gen.c.o
[336/649] Building C object CMakeFiles/nextssl.dir/src/pqc/kem/mceliece6688128f/ref/util.c.o
[337/649] Building C object CMakeFiles/nextssl.dir/src/pqc/kem/mceliece6960119/ref/aes256ctr.c.o
[338/649] Building C object CMakeFiles/nextssl.dir/src/pqc/kem/mceliece6688128f/ref/transpose.c.o
[339/649] Building C object CMakeFiles/nextssl.dir/src/pqc/kem/mceliece6960119/ref/bm.c.o
[340/649] Building C object CMakeFiles/nextssl.dir/src/pqc/kem/mceliece6960119/ref/crypto_int16.c.o
[341/649] Building C object CMakeFiles/nextssl.dir/src/pqc/kem/mceliece6960119/ref/benes.c.o
[342/649] Building C object CMakeFiles/nextssl.dir/src/pqc/kem/mceliece6960119/ref/crypto_int32.c.o
[343/649] Building C object CMakeFiles/nextssl.dir/src/pqc/kem/mceliece6960119/ref/crypto_uint16.c.o
[344/649] Building C object CMakeFiles/nextssl.dir/src/pqc/kem/mceliece6960119/ref/crypto_uint32.c.o
[345/649] Building C object CMakeFiles/nextssl.dir/src/pqc/kem/mceliece6960119/ref/crypto_uint64.c.o
[346/649] Building C object CMakeFiles/nextssl.dir/src/pqc/kem/mceliece6960119/ref/decrypt.c.o
[347/649] Building C object CMakeFiles/nextssl.dir/src/pqc/kem/mceliece6960119/ref/gf.c.o
[348/649] Building C object CMakeFiles/nextssl.dir/src/pqc/kem/mceliece6960119/ref/encrypt.c.o
[349/649] Building C object CMakeFiles/nextssl.dir/src/pqc/kem/mceliece6960119/ref/operations.c.o
[350/649] Building C object CMakeFiles/nextssl.dir/src/pqc/kem/mceliece6960119/ref/controlbits.c.o
[351/649] Building C object CMakeFiles/nextssl.dir/src/pqc/kem/mceliece6960119/ref/root.c.o
[352/649] Building C object CMakeFiles/nextssl.dir/src/pqc/kem/mceliece6960119/ref/sk_gen.c.o
[353/649] Building C object CMakeFiles/nextssl.dir/src/pqc/kem/mceliece6960119/ref/synd.c.o
[354/649] Building C object CMakeFiles/nextssl.dir/src/pqc/kem/mceliece6960119/ref/util.c.o
[355/649] Building C object CMakeFiles/nextssl.dir/src/pqc/kem/mceliece6960119/ref/transpose.c.o
[356/649] Building C object CMakeFiles/nextssl.dir/src/pqc/kem/mceliece6960119f/ref/aes256ctr.c.o
[357/649] Building C object CMakeFiles/nextssl.dir/src/pqc/kem/mceliece6960119f/ref/bm.c.o
[358/649] Building C object CMakeFiles/nextssl.dir/src/pqc/kem/mceliece6960119f/ref/benes.c.o
[359/649] Building C object CMakeFiles/nextssl.dir/src/pqc/kem/mceliece6960119f/ref/crypto_int16.c.o
[360/649] Building C object CMakeFiles/nextssl.dir/src/pqc/kem/mceliece6960119f/ref/crypto_int32.c.o
[361/649] Building C object CMakeFiles/nextssl.dir/src/pqc/kem/mceliece6960119f/ref/crypto_uint16.c.o
[362/649] Building C object CMakeFiles/nextssl.dir/src/pqc/kem/mceliece6960119f/ref/crypto_uint32.c.o
[363/649] Building C object CMakeFiles/nextssl.dir/src/pqc/kem/mceliece6960119f/ref/crypto_uint64.c.o
[364/649] Building C object CMakeFiles/nextssl.dir/src/pqc/kem/mceliece6960119f/ref/decrypt.c.o
[365/649] Building C object CMakeFiles/nextssl.dir/src/pqc/kem/mceliece6688128f/ref/pk_gen.c.o
[366/649] Building C object CMakeFiles/nextssl.dir/src/pqc/kem/mceliece6960119f/ref/gf.c.o
[367/649] Building C object CMakeFiles/nextssl.dir/src/pqc/kem/mceliece6960119f/ref/controlbits.c.o
[368/649] Building C object CMakeFiles/nextssl.dir/src/pqc/kem/mceliece6960119f/ref/encrypt.c.o
[369/649] Building C object CMakeFiles/nextssl.dir/src/pqc/kem/mceliece6960119f/ref/root.c.o
[370/649] Building C object CMakeFiles/nextssl.dir/src/pqc/kem/mceliece6960119f/ref/operations.c.o
[371/649] Building C object CMakeFiles/nextssl.dir/src/pqc/kem/mceliece6960119f/ref/sk_gen.c.o
[372/649] Building C object CMakeFiles/nextssl.dir/src/pqc/kem/mceliece6960119f/ref/synd.c.o
[373/649] Building C object CMakeFiles/nextssl.dir/src/pqc/kem/mceliece6960119f/ref/util.c.o
[374/649] Building C object CMakeFiles/nextssl.dir/src/pqc/kem/mceliece6960119f/ref/transpose.c.o
[375/649] Building C object CMakeFiles/nextssl.dir/src/pqc/kem/mceliece8192128/ref/aes256ctr.c.o
[376/649] Building C object CMakeFiles/nextssl.dir/src/pqc/kem/mceliece8192128/ref/bm.c.o
[377/649] Building C object CMakeFiles/nextssl.dir/src/pqc/kem/mceliece6960119/ref/pk_gen.c.o
[378/649] Building C object CMakeFiles/nextssl.dir/src/pqc/kem/mceliece8192128/ref/benes.c.o
[379/649] Building C object CMakeFiles/nextssl.dir/src/pqc/kem/mceliece8192128/ref/crypto_int16.c.o
[380/649] Building C object CMakeFiles/nextssl.dir/src/pqc/kem/mceliece8192128/ref/crypto_int32.c.o
[381/649] Building C object CMakeFiles/nextssl.dir/src/pqc/kem/mceliece8192128/ref/crypto_uint16.c.o
[382/649] Building C object CMakeFiles/nextssl.dir/src/pqc/kem/mceliece8192128/ref/crypto_uint32.c.o
[383/649] Building C object CMakeFiles/nextssl.dir/src/pqc/kem/mceliece8192128/ref/crypto_uint64.c.o
[384/649] Building C object CMakeFiles/nextssl.dir/src/pqc/kem/mceliece8192128/ref/decrypt.c.o
[385/649] Building C object CMakeFiles/nextssl.dir/src/pqc/kem/mceliece8192128/ref/encrypt.c.o
[386/649] Building C object CMakeFiles/nextssl.dir/src/pqc/kem/mceliece8192128/ref/gf.c.o
[387/649] Building C object CMakeFiles/nextssl.dir/src/pqc/kem/mceliece8192128/ref/operations.c.o
[388/649] Building C object CMakeFiles/nextssl.dir/src/pqc/kem/mceliece8192128/ref/root.c.o
[389/649] Building C object CMakeFiles/nextssl.dir/src/pqc/kem/mceliece8192128/ref/controlbits.c.o
[390/649] Building C object CMakeFiles/nextssl.dir/src/pqc/kem/mceliece8192128/ref/sk_gen.c.o
[391/649] Building C object CMakeFiles/nextssl.dir/src/pqc/kem/mceliece8192128/ref/synd.c.o
[392/649] Building C object CMakeFiles/nextssl.dir/src/pqc/kem/mceliece8192128/ref/util.c.o
[393/649] Building C object CMakeFiles/nextssl.dir/src/pqc/kem/mceliece8192128/ref/transpose.c.o
[394/649] Building C object CMakeFiles/nextssl.dir/src/pqc/kem/mceliece8192128f/ref/aes256ctr.c.o
[395/649] Building C object CMakeFiles/nextssl.dir/src/pqc/kem/mceliece8192128f/ref/bm.c.o
[396/649] Building C object CMakeFiles/nextssl.dir/src/pqc/kem/mceliece8192128f/ref/benes.c.o
[397/649] Building C object CMakeFiles/nextssl.dir/src/pqc/kem/mceliece8192128f/ref/crypto_int16.c.o
[398/649] Building C object CMakeFiles/nextssl.dir/src/pqc/kem/mceliece8192128f/ref/crypto_int32.c.o
[399/649] Building C object CMakeFiles/nextssl.dir/src/pqc/kem/mceliece8192128f/ref/crypto_uint16.c.o
[400/649] Building C object CMakeFiles/nextssl.dir/src/pqc/kem/mceliece8192128f/ref/crypto_uint32.c.o
[401/649] Building C object CMakeFiles/nextssl.dir/src/pqc/kem/mceliece8192128f/ref/crypto_uint64.c.o
[402/649] Building C object CMakeFiles/nextssl.dir/src/pqc/kem/mceliece8192128f/ref/decrypt.c.o
[403/649] Building C object CMakeFiles/nextssl.dir/src/pqc/kem/mceliece8192128f/ref/encrypt.c.o
[404/649] Building C object CMakeFiles/nextssl.dir/src/pqc/kem/mceliece6960119f/ref/pk_gen.c.o
[405/649] Building C object CMakeFiles/nextssl.dir/src/pqc/kem/mceliece8192128f/ref/controlbits.c.o
[406/649] Building C object CMakeFiles/nextssl.dir/src/pqc/kem/mceliece8192128f/ref/gf.c.o
[407/649] Building C object CMakeFiles/nextssl.dir/src/pqc/kem/mceliece8192128f/ref/root.c.o
[408/649] Building C object CMakeFiles/nextssl.dir/src/pqc/kem/mceliece8192128f/ref/operations.c.o
[409/649] Building C object CMakeFiles/nextssl.dir/src/pqc/kem/mceliece8192128/ref/pk_gen.c.o
[410/649] Building C object CMakeFiles/nextssl.dir/src/pqc/kem/mceliece8192128f/ref/sk_gen.c.o
[411/649] Building C object CMakeFiles/nextssl.dir/src/pqc/kem/mceliece8192128f/ref/synd.c.o
[412/649] Building C object CMakeFiles/nextssl.dir/src/pqc/kem/mceliece8192128f/ref/transpose.c.o
[413/649] Building C object CMakeFiles/nextssl.dir/src/pqc/kem/mceliece8192128f/ref/util.c.o
[414/649] Building C object CMakeFiles/nextssl.dir/src/pqc/kem/ml-kem-1024/ref/kem.c.o
[415/649] Building C object CMakeFiles/nextssl.dir/src/pqc/kem/ml-kem-1024/ref/indcpa.c.o
[416/649] Building C object CMakeFiles/nextssl.dir/src/pqc/kem/ml-kem-1024/ref/ntt.c.o
[417/649] Building C object CMakeFiles/nextssl.dir/src/pqc/kem/ml-kem-1024/ref/cbd.c.o
[418/649] Building C object CMakeFiles/nextssl.dir/src/pqc/kem/ml-kem-1024/ref/reduce.c.o
[419/649] Building C object CMakeFiles/nextssl.dir/src/pqc/kem/ml-kem-1024/ref/symmetric-shake.c.o
[420/649] Building C object CMakeFiles/nextssl.dir/src/pqc/kem/ml-kem-1024/ref/verify.c.o
[421/649] Building C object CMakeFiles/nextssl.dir/src/pqc/kem/ml-kem-512/ref/cbd.c.o
[422/649] Building C object CMakeFiles/nextssl.dir/src/pqc/kem/ml-kem-512/ref/indcpa.c.o
[423/649] Building C object CMakeFiles/nextssl.dir/src/pqc/kem/ml-kem-512/ref/kem.c.o
[424/649] Building C object CMakeFiles/nextssl.dir/src/pqc/kem/ml-kem-512/ref/ntt.c.o
[425/649] Building C object CMakeFiles/nextssl.dir/src/pqc/kem/mceliece8192128f/ref/pk_gen.c.o
[426/649] Building C object CMakeFiles/nextssl.dir/src/pqc/kem/ml-kem-1024/ref/poly.c.o
[427/649] Building C object CMakeFiles/nextssl.dir/src/pqc/kem/ml-kem-512/ref/reduce.c.o
[428/649] Building C object CMakeFiles/nextssl.dir/src/pqc/kem/ml-kem-512/ref/symmetric-shake.c.o
[429/649] Building C object CMakeFiles/nextssl.dir/src/pqc/kem/ml-kem-512/ref/verify.c.o
[430/649] Building C object CMakeFiles/nextssl.dir/src/pqc/kem/ml-kem-1024/ref/polyvec.c.o
[431/649] Building C object CMakeFiles/nextssl.dir/src/pqc/kem/ml-kem-768/ref/cbd.c.o
[432/649] Building C object CMakeFiles/nextssl.dir/src/pqc/kem/ml-kem-768/ref/indcpa.c.o
[433/649] Building C object CMakeFiles/nextssl.dir/src/pqc/kem/ml-kem-768/ref/kem.c.o
[434/649] Building C object CMakeFiles/nextssl.dir/src/pqc/kem/ml-kem-768/ref/ntt.c.o
[435/649] Building C object CMakeFiles/nextssl.dir/src/pqc/kem/ml-kem-512/ref/poly.c.o
[436/649] Building C object CMakeFiles/nextssl.dir/src/pqc/kem/ml-kem-768/ref/reduce.c.o
[437/649] Building C object CMakeFiles/nextssl.dir/src/pqc/kem/ml-kem-768/ref/symmetric-shake.c.o
[438/649] Building C object CMakeFiles/nextssl.dir/src/pqc/kem/ml-kem-768/ref/verify.c.o
[439/649] Building C object CMakeFiles/nextssl.dir/src/pqc/pqc_main.c.o
[440/649] Building C object CMakeFiles/nextssl.dir/src/pqc/kem/ml-kem-512/ref/polyvec.c.o
[441/649] Building C object CMakeFiles/nextssl.dir/src/pqc/sign/falcon-1024/ref/common.c.o
[442/649] Building C object CMakeFiles/nextssl.dir/src/pqc/kem/ml-kem-768/ref/poly.c.o
[443/649] Building C object CMakeFiles/nextssl.dir/src/pqc/sign/falcon-1024/ref/codec.c.o
[444/649] Building C object CMakeFiles/nextssl.dir/src/pqc/sign/falcon-1024/ref/falcon_wrap.c.o
[445/649] Building C object CMakeFiles/nextssl.dir/src/pqc/sign/falcon-1024/ref/fft.c.o
[446/649] Building C object CMakeFiles/nextssl.dir/src/pqc/sign/falcon-1024/ref/fpr.c.o
[447/649] Building C object CMakeFiles/nextssl.dir/src/pqc/kem/ml-kem-768/ref/polyvec.c.o
[448/649] Building C object CMakeFiles/nextssl.dir/src/pqc/sign/falcon-1024/ref/rng.c.o
[449/649] Building C object CMakeFiles/nextssl.dir/src/pqc/sign/falcon-512/ref/codec.c.o
[450/649] Building C object CMakeFiles/nextssl.dir/src/pqc/sign/falcon-512/ref/common.c.o
[451/649] Building C object CMakeFiles/nextssl.dir/src/pqc/sign/falcon-512/ref/falcon_wrap.c.o
[452/649] Building C object CMakeFiles/nextssl.dir/src/pqc/sign/falcon-1024/ref/sign.c.o
[453/649] Building C object CMakeFiles/nextssl.dir/src/pqc/sign/falcon-512/ref/fft.c.o
[454/649] Building C object CMakeFiles/nextssl.dir/src/pqc/sign/falcon-512/ref/fpr.c.o
[455/649] Building C object CMakeFiles/nextssl.dir/src/pqc/sign/falcon-1024/ref/vrfy.c.o
[456/649] Building C object CMakeFiles/nextssl.dir/src/pqc/sign/falcon-512/ref/rng.c.o
[457/649] Building C object CMakeFiles/nextssl.dir/src/pqc/sign/falcon-512/ref/sign.c.o
[458/649] Building C object CMakeFiles/nextssl.dir/src/pqc/sign/falcon-padded-1024/ref/codec.c.o
[459/649] Building C object CMakeFiles/nextssl.dir/src/pqc/sign/falcon-padded-1024/ref/common.c.o
[460/649] Building C object CMakeFiles/nextssl.dir/src/pqc/sign/falcon-padded-1024/ref/falcon_wrap.c.o
[461/649] Building C object CMakeFiles/nextssl.dir/src/pqc/sign/falcon-512/ref/vrfy.c.o
[462/649] Building C object CMakeFiles/nextssl.dir/src/pqc/sign/falcon-padded-1024/ref/fft.c.o
[463/649] Building C object CMakeFiles/nextssl.dir/src/pqc/sign/falcon-padded-1024/ref/fpr.c.o
[464/649] Building C object CMakeFiles/nextssl.dir/src/pqc/sign/falcon-padded-1024/ref/rng.c.o
[465/649] Building C object CMakeFiles/nextssl.dir/src/pqc/sign/falcon-padded-1024/ref/sign.c.o
[466/649] Building C object CMakeFiles/nextssl.dir/src/pqc/sign/falcon-1024/ref/keygen.c.o
[467/649] Building C object CMakeFiles/nextssl.dir/src/pqc/sign/falcon-padded-512/ref/codec.c.o
[468/649] Building C object CMakeFiles/nextssl.dir/src/pqc/sign/falcon-padded-512/ref/common.c.o
[469/649] Building C object CMakeFiles/nextssl.dir/src/pqc/sign/falcon-padded-512/ref/falcon_wrap.c.o
[470/649] Building C object CMakeFiles/nextssl.dir/src/pqc/sign/falcon-padded-512/ref/fft.c.o
[471/649] Building C object CMakeFiles/nextssl.dir/src/pqc/sign/falcon-padded-1024/ref/vrfy.c.o
[472/649] Building C object CMakeFiles/nextssl.dir/src/pqc/sign/falcon-padded-512/ref/fpr.c.o
[473/649] Building C object CMakeFiles/nextssl.dir/src/pqc/sign/falcon-512/ref/keygen.c.o
[474/649] Building C object CMakeFiles/nextssl.dir/src/pqc/sign/falcon-padded-512/ref/rng.c.o
[475/649] Building C object CMakeFiles/nextssl.dir/src/pqc/sign/falcon-padded-512/ref/sign.c.o
[476/649] Building C object CMakeFiles/nextssl.dir/src/pqc/sign/ml-dsa-44/ref/ntt.c.o
[477/649] Building C object CMakeFiles/nextssl.dir/src/pqc/sign/ml-dsa-44/ref/packing.c.o
[478/649] Building C object CMakeFiles/nextssl.dir/src/pqc/sign/falcon-padded-512/ref/vrfy.c.o
[479/649] Building C object CMakeFiles/nextssl.dir/src/pqc/sign/ml-dsa-44/ref/polyvec.c.o
[480/649] Building C object CMakeFiles/nextssl.dir/src/pqc/sign/ml-dsa-44/ref/reduce.c.o
[481/649] Building C object CMakeFiles/nextssl.dir/src/pqc/sign/ml-dsa-44/ref/rounding.c.o
[482/649] Building C object CMakeFiles/nextssl.dir/src/pqc/sign/ml-dsa-44/ref/sign.c.o
[483/649] Building C object CMakeFiles/nextssl.dir/src/pqc/sign/ml-dsa-44/ref/symmetric-shake.c.o
[484/649] Building C object CMakeFiles/nextssl.dir/src/pqc/sign/falcon-padded-1024/ref/keygen.c.o
[485/649] Building C object CMakeFiles/nextssl.dir/src/pqc/sign/ml-dsa-65/ref/ntt.c.o
[486/649] Building C object CMakeFiles/nextssl.dir/src/pqc/sign/ml-dsa-65/ref/packing.c.o
[487/649] Building C object CMakeFiles/nextssl.dir/src/pqc/sign/ml-dsa-65/ref/polyvec.c.o
[488/649] Building C object CMakeFiles/nextssl.dir/src/pqc/sign/ml-dsa-65/ref/reduce.c.o
[489/649] Building C object CMakeFiles/nextssl.dir/src/pqc/sign/ml-dsa-65/ref/rounding.c.o
[490/649] Building C object CMakeFiles/nextssl.dir/src/pqc/sign/ml-dsa-65/ref/sign.c.o
[491/649] Building C object CMakeFiles/nextssl.dir/src/pqc/sign/ml-dsa-65/ref/symmetric-shake.c.o
[492/649] Building C object CMakeFiles/nextssl.dir/src/pqc/sign/ml-dsa-87/ref/ntt.c.o
[493/649] Building C object CMakeFiles/nextssl.dir/src/pqc/sign/ml-dsa-87/ref/packing.c.o
[494/649] Building C object CMakeFiles/nextssl.dir/src/pqc/sign/falcon-padded-512/ref/keygen.c.o
[495/649] Building C object CMakeFiles/nextssl.dir/src/pqc/sign/ml-dsa-65/ref/poly.c.o
[496/649] Building C object CMakeFiles/nextssl.dir/src/pqc/sign/ml-dsa-87/ref/reduce.c.o
[497/649] Building C object CMakeFiles/nextssl.dir/src/pqc/sign/ml-dsa-87/ref/polyvec.c.o
[498/649] Building C object CMakeFiles/nextssl.dir/src/pqc/sign/ml-dsa-87/ref/rounding.c.o
[499/649] Building C object CMakeFiles/nextssl.dir/src/pqc/sign/ml-dsa-87/ref/symmetric-shake.c.o
[500/649] Building C object CMakeFiles/nextssl.dir/src/pqc/sign/sphincs-sha2-128f-simple/ref/address.c.o
[501/649] Building C object CMakeFiles/nextssl.dir/src/pqc/sign/ml-dsa-87/ref/sign.c.o
[502/649] Building C object CMakeFiles/nextssl.dir/src/pqc/sign/sphincs-sha2-128f-simple/ref/context_sha2.c.o
[503/649] Building C object CMakeFiles/nextssl.dir/src/pqc/sign/sphincs-sha2-128f-simple/ref/hash_sha2.c.o
[504/649] Building C object CMakeFiles/nextssl.dir/src/pqc/sign/sphincs-sha2-128f-simple/ref/merkle.c.o
[505/649] Building C object CMakeFiles/nextssl.dir/src/pqc/sign/sphincs-sha2-128f-simple/ref/sign.c.o
[506/649] Building C object CMakeFiles/nextssl.dir/src/pqc/sign/sphincs-sha2-128f-simple/ref/thash_sha2_simple.c.o
[507/649] Building C object CMakeFiles/nextssl.dir/src/pqc/sign/sphincs-sha2-128f-simple/ref/utils.c.o
[508/649] Building C object CMakeFiles/nextssl.dir/src/pqc/sign/sphincs-sha2-128f-simple/ref/utilsx1.c.o
[509/649] Building C object CMakeFiles/nextssl.dir/src/pqc/sign/sphincs-sha2-128f-simple/ref/wots.c.o
[510/649] Building C object CMakeFiles/nextssl.dir/src/pqc/sign/sphincs-sha2-128f-simple/ref/wotsx1.c.o
[511/649] Building C object CMakeFiles/nextssl.dir/src/pqc/sign/sphincs-sha2-128s-simple/ref/address.c.o
[512/649] Building C object CMakeFiles/nextssl.dir/src/pqc/sign/sphincs-sha2-128s-simple/ref/context_sha2.c.o
[513/649] Building C object CMakeFiles/nextssl.dir/src/pqc/sign/ml-dsa-44/ref/poly.c.o
[514/649] Building C object CMakeFiles/nextssl.dir/src/pqc/sign/sphincs-sha2-128s-simple/ref/hash_sha2.c.o
[515/649] Building C object CMakeFiles/nextssl.dir/src/pqc/sign/sphincs-sha2-128f-simple/ref/fors.c.o
[516/649] Building C object CMakeFiles/nextssl.dir/src/pqc/sign/sphincs-sha2-128s-simple/ref/fors.c.o
[517/649] Building C object CMakeFiles/nextssl.dir/src/pqc/sign/sphincs-sha2-128s-simple/ref/merkle.c.o
[518/649] Building C object CMakeFiles/nextssl.dir/src/pqc/sign/sphincs-sha2-128s-simple/ref/thash_sha2_simple.c.o
[519/649] Building C object CMakeFiles/nextssl.dir/src/pqc/sign/sphincs-sha2-128s-simple/ref/sign.c.o
[520/649] Building C object CMakeFiles/nextssl.dir/src/pqc/sign/sphincs-sha2-128s-simple/ref/utilsx1.c.o
[521/649] Building C object CMakeFiles/nextssl.dir/src/pqc/sign/sphincs-sha2-128s-simple/ref/utils.c.o
[522/649] Building C object CMakeFiles/nextssl.dir/src/pqc/sign/sphincs-sha2-128s-simple/ref/wots.c.o
[523/649] Building C object CMakeFiles/nextssl.dir/src/pqc/sign/sphincs-sha2-128s-simple/ref/wotsx1.c.o
[524/649] Building C object CMakeFiles/nextssl.dir/src/pqc/sign/sphincs-sha2-192f-simple/ref/address.c.o
[525/649] Building C object CMakeFiles/nextssl.dir/src/pqc/sign/sphincs-sha2-192f-simple/ref/context_sha2.c.o
[526/649] Building C object CMakeFiles/nextssl.dir/src/pqc/sign/sphincs-sha2-192f-simple/ref/merkle.c.o
[527/649] Building C object CMakeFiles/nextssl.dir/src/pqc/sign/sphincs-sha2-192f-simple/ref/hash_sha2.c.o
[528/649] Building C object CMakeFiles/nextssl.dir/src/pqc/sign/sphincs-sha2-192f-simple/ref/fors.c.o
[529/649] Building C object CMakeFiles/nextssl.dir/src/pqc/sign/sphincs-sha2-192f-simple/ref/thash_sha2_simple.c.o
[530/649] Building C object CMakeFiles/nextssl.dir/src/pqc/sign/sphincs-sha2-192f-simple/ref/sign.c.o
[531/649] Building C object CMakeFiles/nextssl.dir/src/pqc/sign/ml-dsa-87/ref/poly.c.o
[532/649] Building C object CMakeFiles/nextssl.dir/src/pqc/sign/sphincs-sha2-192f-simple/ref/utilsx1.c.o
[533/649] Building C object CMakeFiles/nextssl.dir/src/pqc/sign/sphincs-sha2-192f-simple/ref/wots.c.o
[534/649] Building C object CMakeFiles/nextssl.dir/src/pqc/sign/sphincs-sha2-192f-simple/ref/utils.c.o
[535/649] Building C object CMakeFiles/nextssl.dir/src/pqc/sign/sphincs-sha2-192f-simple/ref/wotsx1.c.o
[536/649] Building C object CMakeFiles/nextssl.dir/src/pqc/sign/sphincs-sha2-192s-simple/ref/address.c.o
[537/649] Building C object CMakeFiles/nextssl.dir/src/pqc/sign/sphincs-sha2-192s-simple/ref/context_sha2.c.o
[538/649] Building C object CMakeFiles/nextssl.dir/src/pqc/sign/sphincs-sha2-192s-simple/ref/merkle.c.o
[539/649] Building C object CMakeFiles/nextssl.dir/src/pqc/sign/sphincs-sha2-192s-simple/ref/hash_sha2.c.o
[540/649] Building C object CMakeFiles/nextssl.dir/src/pqc/sign/sphincs-sha2-192s-simple/ref/thash_sha2_simple.c.o
[541/649] Building C object CMakeFiles/nextssl.dir/src/pqc/sign/sphincs-sha2-192s-simple/ref/sign.c.o
[542/649] Building C object CMakeFiles/nextssl.dir/src/pqc/sign/sphincs-sha2-192s-simple/ref/utilsx1.c.o
[543/649] Building C object CMakeFiles/nextssl.dir/src/pqc/sign/sphincs-sha2-192s-simple/ref/wots.c.o
[544/649] Building C object CMakeFiles/nextssl.dir/src/pqc/sign/sphincs-sha2-192s-simple/ref/utils.c.o
[545/649] Building C object CMakeFiles/nextssl.dir/src/pqc/sign/sphincs-sha2-192s-simple/ref/wotsx1.c.o
[546/649] Building C object CMakeFiles/nextssl.dir/src/pqc/sign/sphincs-sha2-256f-simple/ref/address.c.o
[547/649] Building C object CMakeFiles/nextssl.dir/src/pqc/sign/sphincs-sha2-256f-simple/ref/context_sha2.c.o
[548/649] Building C object CMakeFiles/nextssl.dir/src/pqc/sign/sphincs-sha2-256f-simple/ref/merkle.c.o
[549/649] Building C object CMakeFiles/nextssl.dir/src/pqc/sign/sphincs-sha2-256f-simple/ref/hash_sha2.c.o
[550/649] Building C object CMakeFiles/nextssl.dir/src/pqc/sign/sphincs-sha2-256f-simple/ref/thash_sha2_simple.c.o
[551/649] Building C object CMakeFiles/nextssl.dir/src/pqc/sign/sphincs-sha2-256f-simple/ref/sign.c.o
[552/649] Building C object CMakeFiles/nextssl.dir/src/pqc/sign/sphincs-sha2-256f-simple/ref/utilsx1.c.o
[553/649] Building C object CMakeFiles/nextssl.dir/src/pqc/sign/sphincs-sha2-256f-simple/ref/utils.c.o
[554/649] Building C object CMakeFiles/nextssl.dir/src/pqc/sign/sphincs-sha2-256f-simple/ref/wots.c.o
[555/649] Building C object CMakeFiles/nextssl.dir/src/pqc/sign/sphincs-sha2-256f-simple/ref/wotsx1.c.o
[556/649] Building C object CMakeFiles/nextssl.dir/src/pqc/sign/sphincs-sha2-256f-simple/ref/fors.c.o
[557/649] Building C object CMakeFiles/nextssl.dir/src/pqc/sign/sphincs-sha2-256s-simple/ref/address.c.o
[558/649] Building C object CMakeFiles/nextssl.dir/src/pqc/sign/sphincs-sha2-256s-simple/ref/context_sha2.c.o
[559/649] Building C object CMakeFiles/nextssl.dir/src/pqc/sign/sphincs-sha2-256s-simple/ref/merkle.c.o
[560/649] Building C object CMakeFiles/nextssl.dir/src/pqc/sign/sphincs-sha2-256s-simple/ref/hash_sha2.c.o
[561/649] Building C object CMakeFiles/nextssl.dir/src/pqc/sign/sphincs-sha2-256s-simple/ref/thash_sha2_simple.c.o
[562/649] Building C object CMakeFiles/nextssl.dir/src/pqc/sign/sphincs-sha2-192s-simple/ref/fors.c.o
[563/649] Building C object CMakeFiles/nextssl.dir/src/pqc/sign/sphincs-sha2-256s-simple/ref/sign.c.o
[564/649] Building C object CMakeFiles/nextssl.dir/src/pqc/sign/sphincs-sha2-256s-simple/ref/utilsx1.c.o
[565/649] Building C object CMakeFiles/nextssl.dir/src/pqc/sign/sphincs-sha2-256s-simple/ref/wots.c.o
[566/649] Building C object CMakeFiles/nextssl.dir/src/pqc/sign/sphincs-sha2-256s-simple/ref/utils.c.o
[567/649] Building C object CMakeFiles/nextssl.dir/src/pqc/sign/sphincs-sha2-256s-simple/ref/wotsx1.c.o
[568/649] Building C object CMakeFiles/nextssl.dir/src/pqc/sign/sphincs-shake-128f-simple/ref/address.c.o
[569/649] Building C object CMakeFiles/nextssl.dir/src/pqc/sign/sphincs-shake-128f-simple/ref/context_shake.c.o
[570/649] Building C object CMakeFiles/nextssl.dir/src/pqc/sign/sphincs-shake-128f-simple/ref/hash_shake.c.o
[571/649] Building C object CMakeFiles/nextssl.dir/src/pqc/sign/sphincs-shake-128f-simple/ref/merkle.c.o
[572/649] Building C object CMakeFiles/nextssl.dir/src/pqc/sign/sphincs-shake-128f-simple/ref/thash_shake_simple.c.o
[573/649] Building C object CMakeFiles/nextssl.dir/src/pqc/sign/sphincs-shake-128f-simple/ref/sign.c.o
[574/649] Building C object CMakeFiles/nextssl.dir/src/pqc/sign/sphincs-sha2-256s-simple/ref/fors.c.o
[575/649] Building C object CMakeFiles/nextssl.dir/src/pqc/sign/sphincs-shake-128f-simple/ref/utilsx1.c.o
[576/649] Building C object CMakeFiles/nextssl.dir/src/pqc/sign/sphincs-shake-128f-simple/ref/wots.c.o
[577/649] Building C object CMakeFiles/nextssl.dir/src/pqc/sign/sphincs-shake-128f-simple/ref/utils.c.o
[578/649] Building C object CMakeFiles/nextssl.dir/src/pqc/sign/sphincs-shake-128f-simple/ref/wotsx1.c.o
[579/649] Building C object CMakeFiles/nextssl.dir/src/pqc/sign/sphincs-shake-128s-simple/ref/context_shake.c.o
[580/649] Building C object CMakeFiles/nextssl.dir/src/pqc/sign/sphincs-shake-128s-simple/ref/address.c.o
[581/649] Building C object CMakeFiles/nextssl.dir/src/pqc/sign/sphincs-shake-128s-simple/ref/hash_shake.c.o
[582/649] Building C object CMakeFiles/nextssl.dir/src/pqc/sign/sphincs-shake-128s-simple/ref/merkle.c.o
[583/649] Building C object CMakeFiles/nextssl.dir/src/pqc/sign/sphincs-shake-128s-simple/ref/thash_shake_simple.c.o
[584/649] Building C object CMakeFiles/nextssl.dir/src/pqc/sign/sphincs-shake-128s-simple/ref/sign.c.o
[585/649] Building C object CMakeFiles/nextssl.dir/src/pqc/sign/sphincs-shake-128s-simple/ref/fors.c.o
[586/649] Building C object CMakeFiles/nextssl.dir/src/pqc/sign/sphincs-shake-128s-simple/ref/utilsx1.c.o
[587/649] Building C object CMakeFiles/nextssl.dir/src/pqc/sign/sphincs-shake-128s-simple/ref/utils.c.o
[588/649] Building C object CMakeFiles/nextssl.dir/src/pqc/sign/sphincs-shake-128s-simple/ref/wots.c.o
[589/649] Building C object CMakeFiles/nextssl.dir/src/pqc/sign/sphincs-shake-128s-simple/ref/wotsx1.c.o
[590/649] Building C object CMakeFiles/nextssl.dir/src/pqc/sign/sphincs-shake-192f-simple/ref/address.c.o
[591/649] Building C object CMakeFiles/nextssl.dir/src/pqc/sign/sphincs-shake-192f-simple/ref/context_shake.c.o
[592/649] Building C object CMakeFiles/nextssl.dir/src/pqc/sign/sphincs-shake-192f-simple/ref/merkle.c.o
[593/649] Building C object CMakeFiles/nextssl.dir/src/pqc/sign/sphincs-shake-192f-simple/ref/hash_shake.c.o
[594/649] Building C object CMakeFiles/nextssl.dir/src/pqc/sign/sphincs-shake-192f-simple/ref/thash_shake_simple.c.o
[595/649] Building C object CMakeFiles/nextssl.dir/src/pqc/sign/sphincs-shake-192f-simple/ref/fors.c.o
[596/649] Building C object CMakeFiles/nextssl.dir/src/pqc/sign/sphincs-shake-192f-simple/ref/sign.c.o
[597/649] Building C object CMakeFiles/nextssl.dir/src/pqc/sign/sphincs-shake-192f-simple/ref/utilsx1.c.o
[598/649] Building C object CMakeFiles/nextssl.dir/src/pqc/sign/sphincs-shake-192f-simple/ref/wots.c.o
[599/649] Building C object CMakeFiles/nextssl.dir/src/pqc/sign/sphincs-shake-192f-simple/ref/utils.c.o
[600/649] Building C object CMakeFiles/nextssl.dir/src/pqc/sign/sphincs-shake-192s-simple/ref/context_shake.c.o
[601/649] Building C object CMakeFiles/nextssl.dir/src/pqc/sign/sphincs-shake-192f-simple/ref/wotsx1.c.o
[602/649] Building C object CMakeFiles/nextssl.dir/src/pqc/sign/sphincs-shake-192s-simple/ref/address.c.o
[603/649] Building C object CMakeFiles/nextssl.dir/src/pqc/sign/sphincs-shake-192s-simple/ref/merkle.c.o
[604/649] Building C object CMakeFiles/nextssl.dir/src/pqc/sign/sphincs-shake-192s-simple/ref/hash_shake.c.o
[605/649] Building C object CMakeFiles/nextssl.dir/src/pqc/sign/sphincs-shake-128f-simple/ref/fors.c.o
[606/649] Building C object CMakeFiles/nextssl.dir/src/pqc/sign/sphincs-shake-192s-simple/ref/thash_shake_simple.c.o
[607/649] Building C object CMakeFiles/nextssl.dir/src/pqc/sign/sphincs-shake-192s-simple/ref/sign.c.o
[608/649] Building C object CMakeFiles/nextssl.dir/src/pqc/sign/sphincs-shake-192s-simple/ref/utilsx1.c.o
[609/649] Building C object CMakeFiles/nextssl.dir/src/pqc/sign/sphincs-shake-192s-simple/ref/utils.c.o
[610/649] Building C object CMakeFiles/nextssl.dir/src/pqc/sign/sphincs-shake-192s-simple/ref/wots.c.o
[611/649] Building C object CMakeFiles/nextssl.dir/src/pqc/sign/sphincs-shake-192s-simple/ref/wotsx1.c.o
[612/649] Building C object CMakeFiles/nextssl.dir/src/pqc/sign/sphincs-shake-256f-simple/ref/context_shake.c.o
[613/649] Building C object CMakeFiles/nextssl.dir/src/pqc/sign/sphincs-shake-256f-simple/ref/address.c.o
[614/649] Building C object CMakeFiles/nextssl.dir/src/pqc/sign/sphincs-shake-256f-simple/ref/hash_shake.c.o
[615/649] Building C object CMakeFiles/nextssl.dir/src/pqc/sign/sphincs-shake-256f-simple/ref/merkle.c.o
[616/649] Building C object CMakeFiles/nextssl.dir/src/pqc/sign/sphincs-shake-256f-simple/ref/thash_shake_simple.c.o
[617/649] Building C object CMakeFiles/nextssl.dir/src/pqc/sign/sphincs-shake-256f-simple/ref/sign.c.o
[618/649] Building C object CMakeFiles/nextssl.dir/src/pqc/sign/sphincs-shake-256f-simple/ref/utilsx1.c.o
[619/649] Building C object CMakeFiles/nextssl.dir/src/pqc/sign/sphincs-shake-256f-simple/ref/utils.c.o
[620/649] Building C object CMakeFiles/nextssl.dir/src/pqc/sign/sphincs-shake-256f-simple/ref/wotsx1.c.o
[621/649] Building C object CMakeFiles/nextssl.dir/src/pqc/sign/sphincs-shake-256f-simple/ref/wots.c.o
[622/649] Building C object CMakeFiles/nextssl.dir/src/pqc/sign/sphincs-shake-256f-simple/ref/fors.c.o
[623/649] Building C object CMakeFiles/nextssl.dir/src/pqc/sign/sphincs-shake-256s-simple/ref/context_shake.c.o
[624/649] Building C object CMakeFiles/nextssl.dir/src/pqc/sign/sphincs-shake-256s-simple/ref/address.c.o
[625/649] Building C object CMakeFiles/nextssl.dir/src/pqc/sign/sphincs-shake-256s-simple/ref/hash_shake.c.o
[626/649] Building C object CMakeFiles/nextssl.dir/src/pqc/sign/sphincs-shake-256s-simple/ref/merkle.c.o
[627/649] Building C object CMakeFiles/nextssl.dir/src/pqc/sign/sphincs-shake-256s-simple/ref/thash_shake_simple.c.o
[628/649] Building C object CMakeFiles/nextssl.dir/src/pqc/sign/sphincs-shake-192s-simple/ref/fors.c.o
[629/649] Building C object CMakeFiles/nextssl.dir/src/pqc/sign/sphincs-shake-256s-simple/ref/sign.c.o
[630/649] Building C object CMakeFiles/nextssl.dir/src/pqc/sign/sphincs-shake-256s-simple/ref/utilsx1.c.o
[631/649] Building C object CMakeFiles/nextssl.dir/src/pqc/sign/sphincs-shake-256s-simple/ref/wots.c.o
[632/649] Building C object CMakeFiles/nextssl.dir/src/pqc/sign/sphincs-shake-256s-simple/ref/utils.c.o
[633/649] Building C object CMakeFiles/nextssl.dir/src/pqc/sign/sphincs-shake-256s-simple/ref/wotsx1.c.o
[634/649] Building C object CMakeFiles/nextssl.dir/src/root/hash/root_hash.c.o
[635/649] Building C object CMakeFiles/nextssl.dir/src/root/nextssl_init.c.o
[636/649] Building C object CMakeFiles/nextssl.dir/src/root/hash/root_hash_record.c.o
[637/649] Building C object CMakeFiles/nextssl.dir/src/pqc/sign/sphincs-shake-256s-simple/ref/fors.c.o
[638/649] Building C object CMakeFiles/nextssl.dir/src/root/pow/root_pow.c.o
[639/649] Building C object CMakeFiles/nextssl.dir/src/root/seed/root_seed.c.o
[640/649] Building C object CMakeFiles/nextssl.dir/src/seed/hash/hash_ops.c.o
[641/649] Building C object CMakeFiles/nextssl.dir/src/seed/hash/ctr_mode.c.o
[642/649] Building C object CMakeFiles/nextssl.dir/src/seed/hash/hash_registry.c.o
[643/649] Building C object CMakeFiles/nextssl.dir/src/seed/hash/seed_core.c.o
[644/649] Building C object CMakeFiles/nextssl.dir/src/root/modern/root_modern.c.o
[645/649] Building C object CMakeFiles/nextssl.dir/src/seed/random/entropy.c.o
[646/649] Building C object CMakeFiles/nextssl.dir/src/seed/random/seed_derive_random.c.o
[647/649] Building C object CMakeFiles/nextssl.dir/src/root/pqc/root_pqc.c.o
[648/649] Building C object CMakeFiles/nextssl.dir/src/seed/udbf/udbf.c.o
[649/649] Linking C shared library /home/runner/work/NextSSL/NextSSL/bin/linux-glibc/s390x/libnextssl.so

==============================================================================
CMD: cmake --build /home/runner/work/NextSSL/NextSSL/.ci_build/linux-glibc/s390x --parallel 4
CWD: /home/runner/work/NextSSL/NextSSL
==============================================================================

