2026-03-01 03:40:00,456 - INFO - Successfully built pow_server_primitive
2026-03-01 03:40:02,623 - INFO - Successfully built pow_client_primitive
2026-03-01 03:40:04,189 - INFO - Successfully built pow_server_legacy
2026-03-01 03:40:05,758 - INFO - Successfully built pow_client_legacy
2026-03-01 03:40:08,982 - INFO - Successfully built pow_combined
2026-03-01 03:40:08,982 - INFO - [PASS] WASM present: /home/runner/work/NextSSL/NextSSL/bin/web/base/pow_client_primitive.wasm
2026-03-01 03:40:08,982 - INFO - [PASS] WASM present: /home/runner/work/NextSSL/NextSSL/bin/web/base/pow_server_primitive.wasm
2026-03-01 03:40:08,982 - INFO - [PASS] WASM present: /home/runner/work/NextSSL/NextSSL/bin/web/base/pow_client_legacy.wasm
2026-03-01 03:40:08,982 - INFO - [PASS] WASM present: /home/runner/work/NextSSL/NextSSL/bin/web/base/pow_server_legacy.wasm
2026-03-01 03:40:08,982 - INFO - [PASS] WASM present: /home/runner/work/NextSSL/NextSSL/bin/web/base/pow_combined.wasm
2026-03-01 03:40:08,988 - INFO - [PASS] WASM execute ok: /home/runner/work/NextSSL/NextSSL/bin/web/base/pow_client_primitive.wasm
2026-03-01 03:40:08,994 - INFO - [PASS] WASM execute ok: /home/runner/work/NextSSL/NextSSL/bin/web/base/pow_server_primitive.wasm
2026-03-01 03:40:09,000 - INFO - [PASS] WASM execute ok: /home/runner/work/NextSSL/NextSSL/bin/web/base/pow_client_legacy.wasm
2026-03-01 03:40:09,006 - INFO - [PASS] WASM execute ok: /home/runner/work/NextSSL/NextSSL/bin/web/base/pow_server_legacy.wasm
2026-03-01 03:40:09,012 - INFO - [PASS] WASM execute ok: /home/runner/work/NextSSL/NextSSL/bin/web/base/pow_combined.wasm
2026-03-01 23:10:21,176 - INFO - Successfully built pow_server_primitive
2026-03-01 23:10:23,287 - INFO - Successfully built pow_client_primitive
2026-03-01 23:10:24,810 - INFO - Successfully built pow_server_legacy
2026-03-01 23:10:26,360 - INFO - Successfully built pow_client_legacy
2026-03-01 23:10:29,531 - INFO - Successfully built pow_combined
2026-03-01 23:10:29,531 - INFO - [PASS] WASM present: /home/runner/work/NextSSL/NextSSL/bin/web/base/pow_client_primitive.wasm
2026-03-01 23:10:29,531 - INFO - [PASS] WASM present: /home/runner/work/NextSSL/NextSSL/bin/web/base/pow_server_primitive.wasm
2026-03-01 23:10:29,531 - INFO - [PASS] WASM present: /home/runner/work/NextSSL/NextSSL/bin/web/base/pow_client_legacy.wasm
2026-03-01 23:10:29,531 - INFO - [PASS] WASM present: /home/runner/work/NextSSL/NextSSL/bin/web/base/pow_server_legacy.wasm
2026-03-01 23:10:29,531 - INFO - [PASS] WASM present: /home/runner/work/NextSSL/NextSSL/bin/web/base/pow_combined.wasm
2026-03-01 23:10:29,537 - INFO - [PASS] WASM execute ok: /home/runner/work/NextSSL/NextSSL/bin/web/base/pow_client_primitive.wasm
2026-03-01 23:10:29,543 - INFO - [PASS] WASM execute ok: /home/runner/work/NextSSL/NextSSL/bin/web/base/pow_server_primitive.wasm
2026-03-01 23:10:29,548 - INFO - [PASS] WASM execute ok: /home/runner/work/NextSSL/NextSSL/bin/web/base/pow_client_legacy.wasm
2026-03-01 23:10:29,553 - INFO - [PASS] WASM execute ok: /home/runner/work/NextSSL/NextSSL/bin/web/base/pow_server_legacy.wasm
2026-03-01 23:10:29,558 - INFO - [PASS] WASM execute ok: /home/runner/work/NextSSL/NextSSL/bin/web/base/pow_combined.wasm
2026-03-02 19:35:18,521 - INFO - Successfully built pow_server_primitive
2026-03-02 19:35:20,289 - INFO - Successfully built pow_client_primitive
2026-03-02 19:35:21,551 - INFO - Successfully built pow_server_legacy
2026-03-02 19:35:22,820 - INFO - Successfully built pow_client_legacy
2026-03-02 19:35:25,478 - INFO - Successfully built pow_combined
2026-03-02 19:35:25,479 - INFO - [PASS] WASM present: /home/runner/work/NextSSL/NextSSL/bin/web/base/pow_client_primitive.wasm
2026-03-02 19:35:25,479 - INFO - [PASS] WASM present: /home/runner/work/NextSSL/NextSSL/bin/web/base/pow_server_primitive.wasm
2026-03-02 19:35:25,479 - INFO - [PASS] WASM present: /home/runner/work/NextSSL/NextSSL/bin/web/base/pow_client_legacy.wasm
2026-03-02 19:35:25,479 - INFO - [PASS] WASM present: /home/runner/work/NextSSL/NextSSL/bin/web/base/pow_server_legacy.wasm
2026-03-02 19:35:25,479 - INFO - [PASS] WASM present: /home/runner/work/NextSSL/NextSSL/bin/web/base/pow_combined.wasm
2026-03-02 19:35:25,483 - INFO - [PASS] WASM execute ok: /home/runner/work/NextSSL/NextSSL/bin/web/base/pow_client_primitive.wasm
2026-03-02 19:35:25,487 - INFO - [PASS] WASM execute ok: /home/runner/work/NextSSL/NextSSL/bin/web/base/pow_server_primitive.wasm
2026-03-02 19:35:25,491 - INFO - [PASS] WASM execute ok: /home/runner/work/NextSSL/NextSSL/bin/web/base/pow_client_legacy.wasm
2026-03-02 19:35:25,495 - INFO - [PASS] WASM execute ok: /home/runner/work/NextSSL/NextSSL/bin/web/base/pow_server_legacy.wasm
2026-03-02 19:35:25,499 - INFO - [PASS] WASM execute ok: /home/runner/work/NextSSL/NextSSL/bin/web/base/pow_combined.wasm
