2026-03-07 00:38:19,776 - INFO - Successfully built main
2026-03-07 00:38:25,376 - INFO - === Running 2 test suites... ===
2026-03-07 00:38:25,376 - INFO - -> Running script.test.primary.system
2026-03-07 00:38:25,376 - INFO - -> Loading /home/runner/work/NextSSL/NextSSL/bin/linux/primary/main.so
2026-03-07 00:38:25,376 - INFO - [PASS] DLL Loaded
2026-03-07 00:38:25,377 - INFO - [PASS] SHA256 utility OK
2026-03-07 00:38:25,377 - INFO - [PASS] DHCM OK
2026-03-07 00:38:25,377 - INFO - [PASS] nextssl_root_pow challenge/solve/verify (d=4, sha256) OK
2026-03-07 00:38:25,377 - INFO - [PASS] PQC symbols OK
2026-03-07 00:38:25,377 - INFO - [PASS] AES-CBC OK
2026-03-07 00:38:25,377 - INFO - [PASS] nextssl_init(MODERN) + nextssl_hash OK
2026-03-07 00:38:25,377 - INFO - [PASS] nextssl_encrypt/decrypt round-trip OK
2026-03-07 00:38:25,378 - INFO - [PASS] nextssl_init_custom + security_level 'custom' OK
2026-03-07 00:38:25,378 - INFO - [PASS] nextssl_root_hash_sha256 KAT OK
2026-03-07 00:38:25,378 - INFO - [PASS] nextssl_root_hash_sha512 KAT OK
2026-03-07 00:38:25,378 - INFO - [PASS] nextssl_root_hash_blake3 KAT OK
2026-03-07 00:38:25,378 - INFO - [PASS] nextssl_root_hash_sha3_256 KAT OK
2026-03-07 00:38:25,378 - INFO - [PASS] nextssl_root_legacy_alive_sha1 KAT OK
2026-03-07 00:38:25,378 - INFO - [PASS] nextssl_root_legacy_alive_md5 KAT OK
2026-03-07 00:38:25,379 - INFO - [PASS] nextssl_root_aead AES-256-GCM round-trip OK
2026-03-07 00:38:25,379 - INFO - [PASS] nextssl_root_aead ChaCha20-Poly1305 round-trip OK
2026-03-07 00:38:25,379 - INFO - [PASS] nextssl_root_ecc_ed25519 sign/verify OK
2026-03-07 00:38:25,380 - INFO - [PASS] nextssl_root_ecc_x25519 ECDH round-trip OK
2026-03-07 00:38:25,380 - INFO - [PASS] nextssl_root_pqc_kem_mlkem768 KEM OK
2026-03-07 00:38:25,381 - INFO - [PASS] nextssl_root_pqc_sign_mldsa65 sign/verify OK
2026-03-07 00:38:25,383 - INFO - [PASS] nextssl_root_pqc_sign_mldsa87 sign/verify OK
2026-03-07 00:38:25,436 - INFO - [PASS] nextssl_root_hash_argon2id OK
2026-03-07 00:38:25,436 - INFO - [PASS] Main unified DLL OK
2026-03-07 00:38:25,436 - INFO - -> Running script.test.primary.system_lite
2026-03-07 00:38:25,437 - INFO - -> Loading /home/runner/work/NextSSL/NextSSL/bin/linux/primary/main_lite.so
2026-03-07 00:38:25,437 - INFO - [PASS] DLL Loaded
2026-03-07 00:38:25,437 - INFO - [PASS] nextssl_hash (SHA-256) OK
2026-03-07 00:38:25,437 - INFO - [PASS] nextssl_encrypt/decrypt (AES-256-GCM) OK
2026-03-07 00:38:25,538 - INFO - [PASS] nextssl_password_hash/verify (Argon2id) OK
2026-03-07 00:38:25,539 - INFO - [PASS] nextssl_keygen/keyexchange (X25519) OK
2026-03-07 00:38:25,539 - INFO - [PASS] nextssl_sign/verify (Ed25519) OK
2026-03-07 00:38:25,539 - INFO - [PASS] nextssl_pow_solve/verify OK
2026-03-07 00:38:25,539 - INFO - [PASS] nextssl_variant() == 'lite' OK
2026-03-07 00:38:25,539 - INFO - [PASS] nextssl_init(MODERN) + security_level OK
2026-03-07 00:38:25,539 - INFO - [PASS] nextssl_init second call idempotent OK
2026-03-07 00:38:25,539 - INFO - [PASS] nextssl_has_algorithm (known algos) OK
2026-03-07 00:38:25,539 - INFO - [PASS] nextssl_has_algorithm (unknown algo) returns 0 OK
2026-03-07 00:38:25,539 - INFO - [PASS] nextssl_hash_ex (SHA-512) OK
2026-03-07 00:38:25,539 - INFO - [PASS] nextssl_encrypt_ex/decrypt_ex (ChaCha20-Poly1305) OK
2026-03-07 00:38:25,540 - INFO - [PASS] nextssl_version() = NextSSL v0.1.0-beta-lite OK
2026-03-07 00:38:25,540 - INFO - [PASS] nextssl_init(PQC) + hash BLAKE3 dispatch OK
2026-03-07 00:38:25,540 - INFO - [PASS] nextssl_init_custom + security_level 'custom' OK
2026-03-07 00:38:25,540 - INFO - [PASS] nextssl_root_hash_sha256 KAT OK
2026-03-07 00:38:25,540 - INFO - [PASS] nextssl_root_hash_blake3 KAT OK
2026-03-07 00:38:25,540 - INFO - [PASS] nextssl_root_aead_aesgcm encrypt/decrypt round-trip OK
2026-03-07 00:38:25,540 - INFO - [PASS] nextssl_root_aead_chacha20 encrypt/decrypt round-trip OK
2026-03-07 00:38:25,540 - INFO - [PASS] nextssl_root_ecc_ed25519 keygen/sign/verify OK
2026-03-07 00:38:25,542 - INFO - [PASS] nextssl_root_pqc_sign_mldsa87 keygen/sign/verify OK
2026-03-07 00:38:25,547 - INFO - [PASS] nextssl_root_hash_argon2id OK
2026-03-07 00:38:25,547 - INFO - [PASS] nextssl_root_hash_sha512 KAT OK
2026-03-07 00:38:25,553 - INFO - [PASS] nextssl_root_hash_argon2id (explicit t/m/p) OK
2026-03-07 00:38:25,553 - INFO - [PASS] nextssl_root_aead_aesgcm encrypt/decrypt with AAD OK
2026-03-07 00:38:25,553 - INFO - [PASS] nextssl_root_aead_chacha20 encrypt/decrypt with AAD OK
2026-03-07 00:38:25,553 - INFO - [PASS] nextssl_root_ecc_ed25519_keygen/sign/verify OK
2026-03-07 00:38:25,554 - INFO - [PASS] nextssl_root_ecc_x25519_keygen/exchange OK
2026-03-07 00:38:25,554 - INFO - [PASS] nextssl_root_pqc_kem_mlkem1024 keygen/encaps/decaps OK
2026-03-07 00:38:25,555 - INFO - [PASS] nextssl_root_pqc_sign_mldsa87 keygen/sign/verify OK
2026-03-07 00:38:25,556 - INFO - [PASS] nextssl_root_pow challenge/solve/verify (d=4, sha256) OK
2026-03-07 00:38:25,556 - INFO - [PASS] Lite unified DLL OK
2026-03-07 00:38:25,556 - INFO - [PASS] ALL TESTS PASSED
2026-03-07 00:46:43,161 - INFO - Successfully built main
2026-03-07 00:46:48,924 - INFO - === Running 2 test suites... ===
2026-03-07 00:46:48,924 - INFO - -> Running script.test.primary.system
2026-03-07 00:46:48,925 - INFO - -> Loading /home/runner/work/NextSSL/NextSSL/bin/linux/primary/main.so
2026-03-07 00:46:48,925 - INFO - [PASS] DLL Loaded
2026-03-07 00:46:48,925 - INFO - [PASS] SHA256 utility OK
2026-03-07 00:46:48,926 - INFO - [PASS] DHCM OK
2026-03-07 00:46:48,926 - INFO - [PASS] nextssl_root_pow challenge/solve/verify (d=4, sha256) OK
2026-03-07 00:46:48,926 - INFO - [PASS] PQC symbols OK
2026-03-07 00:46:48,926 - INFO - [PASS] AES-CBC OK
2026-03-07 00:46:48,926 - INFO - [PASS] nextssl_init(MODERN) + nextssl_hash OK
2026-03-07 00:46:48,926 - INFO - [PASS] nextssl_encrypt/decrypt round-trip OK
2026-03-07 00:46:48,927 - INFO - [PASS] nextssl_init_custom + security_level 'custom' OK
2026-03-07 00:46:48,927 - INFO - [PASS] nextssl_root_hash_sha256 KAT OK
2026-03-07 00:46:48,927 - INFO - [PASS] nextssl_root_hash_sha512 KAT OK
2026-03-07 00:46:48,927 - INFO - [PASS] nextssl_root_hash_blake3 KAT OK
2026-03-07 00:46:48,927 - INFO - [PASS] nextssl_root_hash_sha3_256 KAT OK
2026-03-07 00:46:48,927 - INFO - [PASS] nextssl_root_legacy_alive_sha1 KAT OK
2026-03-07 00:46:48,927 - INFO - [PASS] nextssl_root_legacy_alive_md5 KAT OK
2026-03-07 00:46:48,928 - INFO - [PASS] nextssl_root_aead AES-256-GCM round-trip OK
2026-03-07 00:46:48,928 - INFO - [PASS] nextssl_root_aead ChaCha20-Poly1305 round-trip OK
2026-03-07 00:46:48,929 - INFO - [PASS] nextssl_root_ecc_ed25519 sign/verify OK
2026-03-07 00:46:48,929 - INFO - [PASS] nextssl_root_ecc_x25519 ECDH round-trip OK
2026-03-07 00:46:48,930 - INFO - [PASS] nextssl_root_pqc_kem_mlkem768 KEM OK
2026-03-07 00:46:48,931 - INFO - [PASS] nextssl_root_pqc_sign_mldsa65 sign/verify OK
2026-03-07 00:46:48,933 - INFO - [PASS] nextssl_root_pqc_sign_mldsa87 sign/verify OK
2026-03-07 00:46:48,986 - INFO - [PASS] nextssl_root_hash_argon2id OK
2026-03-07 00:46:48,986 - INFO - [PASS] Main unified DLL OK
2026-03-07 00:46:48,986 - INFO - -> Running script.test.primary.system_lite
2026-03-07 00:46:48,986 - INFO - -> Loading /home/runner/work/NextSSL/NextSSL/bin/linux/primary/main_lite.so
2026-03-07 00:46:48,987 - INFO - [PASS] DLL Loaded
2026-03-07 00:46:48,987 - INFO - [PASS] nextssl_hash (SHA-256) OK
2026-03-07 00:46:48,987 - INFO - [PASS] nextssl_encrypt/decrypt (AES-256-GCM) OK
2026-03-07 00:46:49,100 - INFO - [PASS] nextssl_password_hash/verify (Argon2id) OK
2026-03-07 00:46:49,101 - INFO - [PASS] nextssl_keygen/keyexchange (X25519) OK
2026-03-07 00:46:49,101 - INFO - [PASS] nextssl_sign/verify (Ed25519) OK
2026-03-07 00:46:49,101 - INFO - [PASS] nextssl_pow_solve/verify OK
2026-03-07 00:46:49,101 - INFO - [PASS] nextssl_variant() == 'lite' OK
2026-03-07 00:46:49,101 - INFO - [PASS] nextssl_init(MODERN) + security_level OK
2026-03-07 00:46:49,101 - INFO - [PASS] nextssl_init second call idempotent OK
2026-03-07 00:46:49,101 - INFO - [PASS] nextssl_has_algorithm (known algos) OK
2026-03-07 00:46:49,101 - INFO - [PASS] nextssl_has_algorithm (unknown algo) returns 0 OK
2026-03-07 00:46:49,102 - INFO - [PASS] nextssl_hash_ex (SHA-512) OK
2026-03-07 00:46:49,102 - INFO - [PASS] nextssl_encrypt_ex/decrypt_ex (ChaCha20-Poly1305) OK
2026-03-07 00:46:49,102 - INFO - [PASS] nextssl_version() = NextSSL v0.1.0-beta-lite OK
2026-03-07 00:46:49,102 - INFO - [PASS] nextssl_init(PQC) + hash BLAKE3 dispatch OK
2026-03-07 00:46:49,102 - INFO - [PASS] nextssl_init_custom + security_level 'custom' OK
2026-03-07 00:46:49,102 - INFO - [PASS] nextssl_root_hash_sha256 KAT OK
2026-03-07 00:46:49,102 - INFO - [PASS] nextssl_root_hash_blake3 KAT OK
2026-03-07 00:46:49,102 - INFO - [PASS] nextssl_root_aead_aesgcm encrypt/decrypt round-trip OK
2026-03-07 00:46:49,102 - INFO - [PASS] nextssl_root_aead_chacha20 encrypt/decrypt round-trip OK
2026-03-07 00:46:49,103 - INFO - [PASS] nextssl_root_ecc_ed25519 keygen/sign/verify OK
2026-03-07 00:46:49,104 - INFO - [PASS] nextssl_root_pqc_sign_mldsa87 keygen/sign/verify OK
2026-03-07 00:46:49,110 - INFO - [PASS] nextssl_root_hash_argon2id OK
2026-03-07 00:46:49,110 - INFO - [PASS] nextssl_root_hash_sha512 KAT OK
2026-03-07 00:46:49,116 - INFO - [PASS] nextssl_root_hash_argon2id (explicit t/m/p) OK
2026-03-07 00:46:49,116 - INFO - [PASS] nextssl_root_aead_aesgcm encrypt/decrypt with AAD OK
2026-03-07 00:46:49,117 - INFO - [PASS] nextssl_root_aead_chacha20 encrypt/decrypt with AAD OK
2026-03-07 00:46:49,117 - INFO - [PASS] nextssl_root_ecc_ed25519_keygen/sign/verify OK
2026-03-07 00:46:49,117 - INFO - [PASS] nextssl_root_ecc_x25519_keygen/exchange OK
2026-03-07 00:46:49,118 - INFO - [PASS] nextssl_root_pqc_kem_mlkem1024 keygen/encaps/decaps OK
2026-03-07 00:46:49,119 - INFO - [PASS] nextssl_root_pqc_sign_mldsa87 keygen/sign/verify OK
2026-03-07 00:46:49,119 - INFO - [PASS] nextssl_root_pow challenge/solve/verify (d=4, sha256) OK
2026-03-07 00:46:49,119 - INFO - [PASS] Lite unified DLL OK
2026-03-07 00:46:49,119 - INFO - [PASS] ALL TESTS PASSED
2026-03-07 00:59:12,315 - INFO - Successfully built main
2026-03-07 00:59:17,892 - INFO - === Running 2 test suites... ===
2026-03-07 00:59:17,892 - INFO - -> Running script.test.primary.system
2026-03-07 00:59:17,892 - INFO - -> Loading /home/runner/work/NextSSL/NextSSL/bin/linux/primary/main.so
2026-03-07 00:59:17,893 - INFO - [PASS] DLL Loaded
2026-03-07 00:59:17,893 - INFO - [PASS] SHA256 utility OK
2026-03-07 00:59:17,893 - INFO - [PASS] DHCM OK
2026-03-07 00:59:17,894 - INFO - [PASS] nextssl_root_pow challenge/solve/verify (d=4, sha256) OK
2026-03-07 00:59:17,894 - INFO - [PASS] PQC symbols OK
2026-03-07 00:59:17,894 - INFO - [PASS] AES-CBC OK
2026-03-07 00:59:17,894 - INFO - [PASS] nextssl_init(MODERN) + nextssl_hash OK
2026-03-07 00:59:17,894 - INFO - [PASS] nextssl_encrypt/decrypt round-trip OK
2026-03-07 00:59:17,894 - INFO - [PASS] nextssl_init_custom + security_level 'custom' OK
2026-03-07 00:59:17,894 - INFO - [PASS] nextssl_root_hash_sha256 KAT OK
2026-03-07 00:59:17,894 - INFO - [PASS] nextssl_root_hash_sha512 KAT OK
2026-03-07 00:59:17,895 - INFO - [PASS] nextssl_root_hash_blake3 KAT OK
2026-03-07 00:59:17,895 - INFO - [PASS] nextssl_root_hash_sha3_256 KAT OK
2026-03-07 00:59:17,895 - INFO - [PASS] nextssl_root_legacy_alive_sha1 KAT OK
2026-03-07 00:59:17,895 - INFO - [PASS] nextssl_root_legacy_alive_md5 KAT OK
2026-03-07 00:59:17,895 - INFO - [PASS] nextssl_root_aead AES-256-GCM round-trip OK
2026-03-07 00:59:17,896 - INFO - [PASS] nextssl_root_aead ChaCha20-Poly1305 round-trip OK
2026-03-07 00:59:17,896 - INFO - [PASS] nextssl_root_ecc_ed25519 sign/verify OK
2026-03-07 00:59:17,896 - INFO - [PASS] nextssl_root_ecc_x25519 ECDH round-trip OK
2026-03-07 00:59:17,897 - INFO - [PASS] nextssl_root_pqc_kem_mlkem768 KEM OK
2026-03-07 00:59:17,899 - INFO - [PASS] nextssl_root_pqc_sign_mldsa65 sign/verify OK
2026-03-07 00:59:17,902 - INFO - [PASS] nextssl_root_pqc_sign_mldsa87 sign/verify OK
2026-03-07 00:59:17,953 - INFO - [PASS] nextssl_root_hash_argon2id OK
2026-03-07 00:59:17,953 - INFO - [PASS] Main unified DLL OK
2026-03-07 00:59:17,953 - INFO - -> Running script.test.primary.system_lite
2026-03-07 00:59:17,953 - INFO - -> Loading /home/runner/work/NextSSL/NextSSL/bin/linux/primary/main_lite.so
2026-03-07 00:59:17,953 - INFO - [PASS] DLL Loaded
2026-03-07 00:59:17,954 - INFO - [PASS] nextssl_hash (SHA-256) OK
2026-03-07 00:59:17,954 - INFO - [PASS] nextssl_encrypt/decrypt (AES-256-GCM) OK
2026-03-07 00:59:18,052 - INFO - [PASS] nextssl_password_hash/verify (Argon2id) OK
2026-03-07 00:59:18,053 - INFO - [PASS] nextssl_keygen/keyexchange (X25519) OK
2026-03-07 00:59:18,053 - INFO - [PASS] nextssl_sign/verify (Ed25519) OK
2026-03-07 00:59:18,053 - INFO - [PASS] nextssl_pow_solve/verify OK
2026-03-07 00:59:18,054 - INFO - [PASS] nextssl_variant() == 'lite' OK
2026-03-07 00:59:18,054 - INFO - [PASS] nextssl_init(MODERN) + security_level OK
2026-03-07 00:59:18,054 - INFO - [PASS] nextssl_init second call idempotent OK
2026-03-07 00:59:18,054 - INFO - [PASS] nextssl_has_algorithm (known algos) OK
2026-03-07 00:59:18,054 - INFO - [PASS] nextssl_has_algorithm (unknown algo) returns 0 OK
2026-03-07 00:59:18,054 - INFO - [PASS] nextssl_hash_ex (SHA-512) OK
2026-03-07 00:59:18,054 - INFO - [PASS] nextssl_encrypt_ex/decrypt_ex (ChaCha20-Poly1305) OK
2026-03-07 00:59:18,054 - INFO - [PASS] nextssl_version() = NextSSL v0.1.0-beta-lite OK
2026-03-07 00:59:18,054 - INFO - [PASS] nextssl_init(PQC) + hash BLAKE3 dispatch OK
2026-03-07 00:59:18,054 - INFO - [PASS] nextssl_init_custom + security_level 'custom' OK
2026-03-07 00:59:18,054 - INFO - [PASS] nextssl_root_hash_sha256 KAT OK
2026-03-07 00:59:18,054 - INFO - [PASS] nextssl_root_hash_blake3 KAT OK
2026-03-07 00:59:18,055 - INFO - [PASS] nextssl_root_aead_aesgcm encrypt/decrypt round-trip OK
2026-03-07 00:59:18,055 - INFO - [PASS] nextssl_root_aead_chacha20 encrypt/decrypt round-trip OK
2026-03-07 00:59:18,055 - INFO - [PASS] nextssl_root_ecc_ed25519 keygen/sign/verify OK
2026-03-07 00:59:18,057 - INFO - [PASS] nextssl_root_pqc_sign_mldsa87 keygen/sign/verify OK
2026-03-07 00:59:18,062 - INFO - [PASS] nextssl_root_hash_argon2id OK
2026-03-07 00:59:18,062 - INFO - [PASS] nextssl_root_hash_sha512 KAT OK
2026-03-07 00:59:18,067 - INFO - [PASS] nextssl_root_hash_argon2id (explicit t/m/p) OK
2026-03-07 00:59:18,068 - INFO - [PASS] nextssl_root_aead_aesgcm encrypt/decrypt with AAD OK
2026-03-07 00:59:18,068 - INFO - [PASS] nextssl_root_aead_chacha20 encrypt/decrypt with AAD OK
2026-03-07 00:59:18,068 - INFO - [PASS] nextssl_root_ecc_ed25519_keygen/sign/verify OK
2026-03-07 00:59:18,069 - INFO - [PASS] nextssl_root_ecc_x25519_keygen/exchange OK
2026-03-07 00:59:18,069 - INFO - [PASS] nextssl_root_pqc_kem_mlkem1024 keygen/encaps/decaps OK
2026-03-07 00:59:18,071 - INFO - [PASS] nextssl_root_pqc_sign_mldsa87 keygen/sign/verify OK
2026-03-07 00:59:18,072 - INFO - [PASS] nextssl_root_pow challenge/solve/verify (d=4, sha256) OK
2026-03-07 00:59:18,072 - INFO - [PASS] Lite unified DLL OK
2026-03-07 00:59:18,072 - INFO - [PASS] ALL TESTS PASSED
