-- Selecting Windows SDK version 10.0.26100.0 to target Windows 10.0.26200.
-- The C compiler identification is MSVC 19.44.35207.1
-- Detecting C compiler ABI info
-- Detecting C compiler ABI info - done
-- Check for working C compiler: C:/Program Files (x86)/Microsoft Visual Studio/2022/BuildTools/VC/Tools/MSVC/14.44.35207/bin/Hostx64/x64/cl.exe - skipped
-- Detecting C compile features
-- Detecting C compile features - done
-- NextSSL build configuration:
--   Type        : Release
--   Shared lib  : ON
--   ML-KEM      : ON
--   ML-DSA      : ON
--   Falcon      : ON
--   HQC         : ON
--   McEliece    : ON
--   SPHINCS+    : ON
--   GmSSL       : OFF
--   Ed448/X448  : ON
--   Balloon     : ON (always)
--   Pomelo      : ON (always)
--   Makwa       : ON (always)
-- Configuring done (1.6s)
-- Generating done (0.1s)
-- Build files have been written to: C:/Users/Unkn0/Desktop/VScode/Python.py/Anon-leyline/.ci_build/win/x86_64

==============================================================================
CMD: cmake -S C:\Users\Unkn0\Desktop\VScode\Python.py\Anon-leyline -B C:\Users\Unkn0\Desktop\VScode\Python.py\Anon-leyline\.ci_build\win\x86_64 -G "Visual Studio 17 2022" -A x64 -DCMAKE_BUILD_TYPE=Release -DNEXTSSL_SHARED=ON -DCMAKE_RUNTIME_OUTPUT_DIRECTORY=C:\Users\Unkn0\Desktop\VScode\Python.py\Anon-leyline\bin\win\x86_64 -DCMAKE_LIBRARY_OUTPUT_DIRECTORY=C:\Users\Unkn0\Desktop\VScode\Python.py\Anon-leyline\bin\win\x86_64 -DCMAKE_ARCHIVE_OUTPUT_DIRECTORY=C:\Users\Unkn0\Desktop\VScode\Python.py\Anon-leyline\bin\win\x86_64
CWD: C:\Users\Unkn0\Desktop\VScode\Python.py\Anon-leyline
==============================================================================

