2026-03-01 23:13:35,160 - INFO - Successfully built dhcm_primitive
2026-03-01 23:13:35,936 - INFO - Successfully built dhcm_legacy
2026-03-01 23:13:35,937 - INFO - === Running 2 test suites... ===
2026-03-01 23:13:35,937 - INFO - -> Running script.test.base.dhcm_primitive_main
2026-03-01 23:13:35,937 - INFO - -> Loading D:\a\NextSSL\NextSSL\bin\windows\base\dhcm_primitive.dll
2026-03-01 23:13:35,939 - INFO - [PASS] DLL Loaded
2026-03-01 23:13:35,939 - INFO - [PASS] SHA-256 OK
2026-03-01 23:13:35,939 - INFO - [PASS] Argon2id OK
2026-03-01 23:13:35,939 - INFO - [PASS] SHA3-256 OK
2026-03-01 23:13:35,939 - INFO - [PASS] DHCM Base Primitive: 3 passed
2026-03-01 23:13:35,939 - INFO - -> Running script.test.base.dhcm_legacy_main
2026-03-01 23:13:35,939 - INFO - -> Loading D:\a\NextSSL\NextSSL\bin\windows\base\dhcm_legacy.dll
2026-03-01 23:13:35,939 - INFO - [PASS] DLL Loaded
2026-03-01 23:13:35,939 - INFO - [PASS] MD5 OK
2026-03-01 23:13:35,939 - INFO - [PASS] MD2 OK
2026-03-01 23:13:35,939 - INFO - [PASS] DHCM Base Legacy: 2 passed
2026-03-01 23:13:35,941 - INFO - [PASS] ALL TESTS PASSED
2026-03-02 19:38:27,776 - INFO - Successfully built dhcm_primitive
2026-03-02 19:38:28,615 - INFO - Successfully built dhcm_legacy
2026-03-02 19:38:28,617 - INFO - === Running 2 test suites... ===
2026-03-02 19:38:28,617 - INFO - -> Running script.test.base.dhcm_primitive_main
2026-03-02 19:38:28,617 - INFO - -> Loading D:\a\NextSSL\NextSSL\bin\windows\base\dhcm_primitive.dll
2026-03-02 19:38:28,617 - INFO - [PASS] DLL Loaded
2026-03-02 19:38:28,617 - INFO - [PASS] SHA-256 OK
2026-03-02 19:38:28,617 - INFO - [PASS] Argon2id OK
2026-03-02 19:38:28,617 - INFO - [PASS] SHA3-256 OK
2026-03-02 19:38:28,617 - INFO - [PASS] DHCM Base Primitive: 3 passed
2026-03-02 19:38:28,619 - INFO - -> Running script.test.base.dhcm_legacy_main
2026-03-02 19:38:28,619 - INFO - -> Loading D:\a\NextSSL\NextSSL\bin\windows\base\dhcm_legacy.dll
2026-03-02 19:38:28,619 - INFO - [PASS] DLL Loaded
2026-03-02 19:38:28,619 - INFO - [PASS] MD5 OK
2026-03-02 19:38:28,619 - INFO - [PASS] MD2 OK
2026-03-02 19:38:28,619 - INFO - [PASS] DHCM Base Legacy: 2 passed
2026-03-02 19:38:28,619 - INFO - [PASS] ALL TESTS PASSED
