-- The C compiler identification is GNU 11.4.0
-- Detecting C compiler ABI info
-- Detecting C compiler ABI info - done
-- Check for working C compiler: /usr/bin/cc - skipped
-- Detecting C compile features
-- Detecting C compile features - done
-- NextSSL build configuration:
--   Type        : Release
--   Shared lib  : ON
--   ML-KEM      : ON
--   ML-DSA      : ON
--   Falcon      : ON
--   HQC         : ON
--   McEliece    : ON
--   SPHINCS+    : ON
--   GmSSL       : OFF
--   Ed448/X448  : ON
--   Balloon     : ON (always)
--   Pomelo      : ON (always)
--   Makwa       : ON (always)
-- Configuring done (1.4s)
-- Generating done (0.1s)
-- Build files have been written to: /home/runner/work/NextSSL/NextSSL/.ci_build/linux/x86_64

==============================================================================
CMD: cmake -S /home/runner/work/NextSSL/NextSSL -B /home/runner/work/NextSSL/NextSSL/.ci_build/linux/x86_64 -G Ninja -DCMAKE_BUILD_TYPE=Release -DNEXTSSL_SHARED=ON -DCMAKE_RUNTIME_OUTPUT_DIRECTORY=/home/runner/work/NextSSL/NextSSL/bin/linux/x86_64 -DCMAKE_LIBRARY_OUTPUT_DIRECTORY=/home/runner/work/NextSSL/NextSSL/bin/linux/x86_64 -DCMAKE_ARCHIVE_OUTPUT_DIRECTORY=/home/runner/work/NextSSL/NextSSL/bin/linux/x86_64 -DCMAKE_C_COMPILER_LAUNCHER=/usr/bin/ccache -DCMAKE_CXX_COMPILER_LAUNCHER=/usr/bin/ccache
CWD: /home/runner/work/NextSSL/NextSSL
==============================================================================

