MSBuild version 17.14.40+3e7442088 for .NET Framework

  1>Checking Build System
  Building Custom Rule D:/a/NextSSL/NextSSL/CMakeLists.txt
  base16.c
  base32.c
  base58.c
  base64.c
  base64url.c
  ff70.c
  hex.c
  radix_common.c
  nextssl_sanitizer.c
  argon2_adapter.c
D:\a\NextSSL\NextSSL\src\common\encoding\ff70.c(117,52): warning C4267: 'initializing': conversion from 'size_t' to 'uint32_t', possible loss of data [D:\a\NextSSL\NextSSL\.ci_build\win\arm64-msvc\nextssl.vcxproj]
  argon2d_adapter.c
  argon2i_adapter.c
  argon2id_adapter.c
  balloon_adapter.c
  bcrypt_adapter.c
  catena_adapter.c
  lyra2_adapter.c
D:\a\NextSSL\NextSSL\src\hash\adapters\lyra2_adapter.c(31,37): warning C4267: 'function': conversion from 'size_t' to 'unsigned int', possible loss of data [D:\a\NextSSL\NextSSL\.ci_build\win\arm64-msvc\nextssl.vcxproj]
D:\a\NextSSL\NextSSL\src\hash\adapters\lyra2_adapter.c(32,38): warning C4267: 'function': conversion from 'size_t' to 'unsigned int', possible loss of data [D:\a\NextSSL\NextSSL\.ci_build\win\arm64-msvc\nextssl.vcxproj]
D:\a\NextSSL\NextSSL\src\hash\adapters\lyra2_adapter.c(33,35): warning C4267: 'function': conversion from 'size_t' to 'unsigned int', possible loss of data [D:\a\NextSSL\NextSSL\.ci_build\win\arm64-msvc\nextssl.vcxproj]
D:\a\NextSSL\NextSSL\src\hash\adapters\lyra2_adapter.c(34,23): warning C4244: 'function': conversion from 'uint64_t' to 'unsigned int', possible loss of data [D:\a\NextSSL\NextSSL\.ci_build\win\arm64-msvc\nextssl.vcxproj]
D:\a\NextSSL\NextSSL\src\hash\adapters\lyra2_adapter.c(37,33): warning C4267: 'function': conversion from 'size_t' to 'unsigned int', possible loss of data [D:\a\NextSSL\NextSSL\.ci_build\win\arm64-msvc\nextssl.vcxproj]
D:\a\NextSSL\NextSSL\src\hash\adapters\lyra2_adapter.c(38,34): warning C4267: 'function': conversion from 'size_t' to 'unsigned int', possible loss of data [D:\a\NextSSL\NextSSL\.ci_build\win\arm64-msvc\nextssl.vcxproj]
D:\a\NextSSL\NextSSL\src\hash\adapters\lyra2_adapter.c(39,31): warning C4267: 'function': conversion from 'size_t' to 'unsigned int', possible loss of data [D:\a\NextSSL\NextSSL\.ci_build\win\arm64-msvc\nextssl.vcxproj]
D:\a\NextSSL\NextSSL\src\hash\adapters\lyra2_adapter.c(40,19): warning C4244: 'function': conversion from 'uint64_t' to 'unsigned int', possible loss of data [D:\a\NextSSL\NextSSL\.ci_build\win\arm64-msvc\nextssl.vcxproj]
  makwa_adapter.c
  plain_hash_adapter.c
  pomelo_adapter.c
  Generating Code...
  Compiling...
  scrypt_adapter.c
  yescrypt_adapter.c
  blake2s.c
  blake3.c
  blake3_dispatch.c
  blake3_portable.c
  sha224.c
  sha256.c
D:\a\NextSSL\NextSSL\src\hash\fast\sha256.c(194,24): warning C4244: '=': conversion from 'uint64_t' to 'uint8_t', possible loss of data [D:\a\NextSSL\NextSSL\.ci_build\win\arm64-msvc\nextssl.vcxproj]
D:\a\NextSSL\NextSSL\src\hash\fast\sha256.c(195,33): warning C4244: '=': conversion from 'uint64_t' to 'uint8_t', possible loss of data [D:\a\NextSSL\NextSSL\.ci_build\win\arm64-msvc\nextssl.vcxproj]
D:\a\NextSSL\NextSSL\src\hash\fast\sha256.c(196,33): warning C4244: '=': conversion from 'uint64_t' to 'uint8_t', possible loss of data [D:\a\NextSSL\NextSSL\.ci_build\win\arm64-msvc\nextssl.vcxproj]
D:\a\NextSSL\NextSSL\src\hash\fast\sha256.c(197,33): warning C4244: '=': conversion from 'uint64_t' to 'uint8_t', possible loss of data [D:\a\NextSSL\NextSSL\.ci_build\win\arm64-msvc\nextssl.vcxproj]
D:\a\NextSSL\NextSSL\src\hash\fast\sha256.c(198,33): warning C4244: '=': conversion from 'uint64_t' to 'uint8_t', possible loss of data [D:\a\NextSSL\NextSSL\.ci_build\win\arm64-msvc\nextssl.vcxproj]
D:\a\NextSSL\NextSSL\src\hash\fast\sha256.c(199,33): warning C4244: '=': conversion from 'uint64_t' to 'uint8_t', possible loss of data [D:\a\NextSSL\NextSSL\.ci_build\win\arm64-msvc\nextssl.vcxproj]
D:\a\NextSSL\NextSSL\src\hash\fast\sha256.c(200,33): warning C4244: '=': conversion from 'uint64_t' to 'uint8_t', possible loss of data [D:\a\NextSSL\NextSSL\.ci_build\win\arm64-msvc\nextssl.vcxproj]
  sha512_224.c
  sha512_256.c
  sm3_ext.c
  sm3_impl.c
  sm3_ops.c
  nextssl_hash.c
  hash_ops_disabled_stubs.c
  has160.c
  md2.c
D:\a\NextSSL\NextSSL\src\hash\legacy\md2.c(79,27): warning C4267: '+=': conversion from 'size_t' to 'uint32_t', possible loss of data [D:\a\NextSSL\NextSSL\.ci_build\win\arm64-msvc\nextssl.vcxproj]
D:\a\NextSSL\NextSSL\src\hash\legacy\md2.c(99,22): warning C4267: '=': conversion from 'size_t' to 'uint32_t', possible loss of data [D:\a\NextSSL\NextSSL\.ci_build\win\arm64-msvc\nextssl.vcxproj]
D:\a\NextSSL\NextSSL\src\hash\legacy\md2.c(109,21): warning C4267: 'function': conversion from 'size_t' to 'int', possible loss of data [D:\a\NextSSL\NextSSL\.ci_build\win\arm64-msvc\nextssl.vcxproj]
  md4.c
  md5.c
  nt.c
  Generating Code...
  Compiling...
  ripemd128.c
  ripemd160.c
  ripemd256.c
  ripemd320.c
  sha0.c
  sha1.c
  tiger.c
  tiger_sbox.c
  whirlpool.c
  argon2.c
  argon2d.c
  argon2i.c
  argon2id.c
  balloon_openssl_compat.c
  balloon_ops.c
  bitstream.c
D:\a\NextSSL\NextSSL\src\hash\memory_hard\balloon\bitstream.c(119,28): warning C4267: 'initializing': conversion from 'size_t' to 'const int', possible loss of data [D:\a\NextSSL\NextSSL\.ci_build\win\arm64-msvc\nextssl.vcxproj]
  compress.c
  encode.c
D:\a\NextSSL\NextSSL\src\hash\memory_hard\balloon\encode.c(26,23): warning C4267: 'initializing': conversion from 'size_t' to 'int', possible loss of data [D:\a\NextSSL\NextSSL\.ci_build\win\arm64-msvc\nextssl.vcxproj]
  hash_state.c
  bcrypt_ops.c
  Generating Code...
  Compiling...
  crypt_blowfish.c
D:\a\NextSSL\NextSSL\src\hash\memory_hard\bcrypt\crypt_blowfish.c(899,18): warning C4244: '=': conversion from 'unsigned long' to 'char', possible loss of data [D:\a\NextSSL\NextSSL\.ci_build\win\arm64-msvc\nextssl.vcxproj]
  crypt_gensalt.c
  blake2b-ref.c
D:\a\NextSSL\NextSSL\src\hash\memory_hard\catena\blake2b-ref.c(296,20): warning C4267: '+=': conversion from 'size_t' to 'unsigned int', possible loss of data [D:\a\NextSSL\NextSSL\.ci_build\win\arm64-msvc\nextssl.vcxproj]
D:\a\NextSSL\NextSSL\src\hash\memory_hard\catena\blake2b-ref.c(307,20): warning C4244: '+=': conversion from 'uint64_t' to 'unsigned int', possible loss of data [D:\a\NextSSL\NextSSL\.ci_build\win\arm64-msvc\nextssl.vcxproj]
  catena-BRG.c
  catena-blake2b-ref.c
D:\a\NextSSL\NextSSL\src\hash\memory_hard\catena\catena-blake2b-ref.c(238,9): warning C4068: unknown pragma 'GCC' [D:\a\NextSSL\NextSSL\.ci_build\win\arm64-msvc\nextssl.vcxproj]
D:\a\NextSSL\NextSSL\src\hash\memory_hard\catena\catena-blake2b-ref.c(243,9): warning C4068: unknown pragma 'GCC' [D:\a\NextSSL\NextSSL\.ci_build\win\arm64-msvc\nextssl.vcxproj]
  catena-helpers.c
D:\a\NextSSL\NextSSL\src\hash\memory_hard\catena\catena-helpers.c(29,16): warning C4244: 'function': conversion from 'uint64_t' to 'int', possible loss of data [D:\a\NextSSL\NextSSL\.ci_build\win\arm64-msvc\nextssl.vcxproj]
D:\a\NextSSL\NextSSL\src\hash\memory_hard\catena\catena-helpers.c(54,16): warning C4244: 'function': conversion from 'uint64_t' to 'int', possible loss of data [D:\a\NextSSL\NextSSL\.ci_build\win\arm64-msvc\nextssl.vcxproj]
D:\a\NextSSL\NextSSL\src\hash\memory_hard\catena\catena-helpers.c(85,23): warning C4244: 'function': conversion from 'const uint16_t' to 'const uint8_t', possible loss of data [D:\a\NextSSL\NextSSL\.ci_build\win\arm64-msvc\nextssl.vcxproj]
  catena.c
D:\a\NextSSL\NextSSL\src\hash\memory_hard\catena\catena.c(67,23): warning C4267: 'function': conversion from 'size_t' to 'const uint32_t', possible loss of data [D:\a\NextSSL\NextSSL\.ci_build\win\arm64-msvc\nextssl.vcxproj]
D:\a\NextSSL\NextSSL\src\hash\memory_hard\catena\catena.c(123,38): warning C4267: 'function': conversion from 'size_t' to 'const uint32_t', possible loss of data [D:\a\NextSSL\NextSSL\.ci_build\win\arm64-msvc\nextssl.vcxproj]
D:\a\NextSSL\NextSSL\src\hash\memory_hard\catena\catena.c(124,25): warning C4267: 'function': conversion from 'size_t' to 'const uint8_t', possible loss of data [D:\a\NextSSL\NextSSL\.ci_build\win\arm64-msvc\nextssl.vcxproj]
D:\a\NextSSL\NextSSL\src\hash\memory_hard\catena\catena.c(125,25): warning C4267: 'function': conversion from 'size_t' to 'const uint32_t', possible loss of data [D:\a\NextSSL\NextSSL\.ci_build\win\arm64-msvc\nextssl.vcxproj]
D:\a\NextSSL\NextSSL\src\hash\memory_hard\catena\catena.c(323,9): warning C4068: unknown pragma 'GCC' [D:\a\NextSSL\NextSSL\.ci_build\win\arm64-msvc\nextssl.vcxproj]
D:\a\NextSSL\NextSSL\src\hash\memory_hard\catena\catena.c(332,41): warning C4267: 'function': conversion from 'size_t' to 'const uint32_t', possible loss of data [D:\a\NextSSL\NextSSL\.ci_build\win\arm64-msvc\nextssl.vcxproj]
D:\a\NextSSL\NextSSL\src\hash\memory_hard\catena\catena.c(332,54): warning C4267: 'function': conversion from 'size_t' to 'const uint8_t', possible loss of data [D:\a\NextSSL\NextSSL\.ci_build\win\arm64-msvc\nextssl.vcxproj]
D:\a\NextSSL\NextSSL\src\hash\memory_hard\catena\catena.c(333,36): warning C4267: 'function': conversion from 'size_t' to 'const uint8_t', possible loss of data [D:\a\NextSSL\NextSSL\.ci_build\win\arm64-msvc\nextssl.vcxproj]
D:\a\NextSSL\NextSSL\src\hash\memory_hard\catena\catena.c(337,9): warning C4068: unknown pragma 'GCC' [D:\a\NextSSL\NextSSL\.ci_build\win\arm64-msvc\nextssl.vcxproj]
  catena_ops.c
  core.c
  encoding.c
  Lyra2.c
D:\a\NextSSL\NextSSL\src\hash\memory_hard\lyra2\Lyra2.c(57,23): warning C4267: 'function': conversion from 'size_t' to 'unsigned int', possible loss of data [D:\a\NextSSL\NextSSL\.ci_build\win\arm64-msvc\nextssl.vcxproj]
D:\a\NextSSL\NextSSL\src\hash\memory_hard\lyra2\Lyra2.c(57,35): warning C4267: 'function': conversion from 'size_t' to 'unsigned int', possible loss of data [D:\a\NextSSL\NextSSL\.ci_build\win\arm64-msvc\nextssl.vcxproj]
D:\a\NextSSL\NextSSL\src\hash\memory_hard\lyra2\Lyra2.c(57,48): warning C4267: 'function': conversion from 'size_t' to 'unsigned int', possible loss of data [D:\a\NextSSL\NextSSL\.ci_build\win\arm64-msvc\nextssl.vcxproj]
  Sponge.c
D:\a\NextSSL\NextSSL\src\hash\memory_hard\lyra2\Sponge.c(408,19): warning C4018: '<': signed/unsigned mismatch [D:\a\NextSSL\NextSSL\.ci_build\win\arm64-msvc\nextssl.vcxproj]
  lyra2_ops.c
  makwa.c
  makwa_ops.c
  pomelo.c
D:\a\NextSSL\NextSSL\src\hash\memory_hard\pomelo\pomelo.c(52,32): warning C4267: '=': conversion from 'size_t' to 'unsigned char', possible loss of data [D:\a\NextSSL\NextSSL\.ci_build\win\arm64-msvc\nextssl.vcxproj]
D:\a\NextSSL\NextSSL\src\hash\memory_hard\pomelo\pomelo.c(53,32): warning C4267: '=': conversion from 'size_t' to 'unsigned char', possible loss of data [D:\a\NextSSL\NextSSL\.ci_build\win\arm64-msvc\nextssl.vcxproj]
D:\a\NextSSL\NextSSL\src\hash\memory_hard\pomelo\pomelo.c(54,32): warning C4267: '=': conversion from 'size_t' to 'unsigned char', possible loss of data [D:\a\NextSSL\NextSSL\.ci_build\win\arm64-msvc\nextssl.vcxproj]
D:\a\NextSSL\NextSSL\src\hash\memory_hard\pomelo\pomelo.c(65,24): warning C4334: '<<': result of 32-bit shift implicitly converted to 64 bits (was 64-bit shift intended?) [D:\a\NextSSL\NextSSL\.ci_build\win\arm64-msvc\nextssl.vcxproj]
D:\a\NextSSL\NextSSL\src\hash\memory_hard\pomelo\pomelo.c(91,24): warning C4334: '<<': result of 32-bit shift implicitly converted to 64 bits (was 64-bit shift intended?) [D:\a\NextSSL\NextSSL\.ci_build\win\arm64-msvc\nextssl.vcxproj]
  pomelo_ops.c
  ref.c
  crypto_scrypt-ref.c
  insecure_memzero.c
  Generating Code...
  Compiling...
  scrypt_ops.c
  sha256_portable.c
  thread.c
  yescrypt-common.c
D:\a\NextSSL\NextSSL\src\hash\memory_hard\yescrypt\yescrypt-common.c(289,10): warning C4267: '=': conversion from 'size_t' to 'unsigned char', possible loss of data [D:\a\NextSSL\NextSSL\.ci_build\win\arm64-msvc\nextssl.vcxproj]
  yescrypt-opt.c
D:\a\NextSSL\NextSSL\src\hash\memory_hard\yescrypt\yescrypt-opt.c(131,2): warning C4244: '=': conversion from 'const uint64_t' to 'uint32_t', possible loss of data [D:\a\NextSSL\NextSSL\.ci_build\win\arm64-msvc\nextssl.vcxproj]
D:\a\NextSSL\NextSSL\src\hash\memory_hard\yescrypt\yescrypt-opt.c(132,2): warning C4244: '=': conversion from 'const uint64_t' to 'uint32_t', possible loss of data [D:\a\NextSSL\NextSSL\.ci_build\win\arm64-msvc\nextssl.vcxproj]
D:\a\NextSSL\NextSSL\src\hash\memory_hard\yescrypt\yescrypt-opt.c(133,2): warning C4244: '=': conversion from 'const uint64_t' to 'uint32_t', possible loss of data [D:\a\NextSSL\NextSSL\.ci_build\win\arm64-msvc\nextssl.vcxproj]
D:\a\NextSSL\NextSSL\src\hash\memory_hard\yescrypt\yescrypt-opt.c(134,2): warning C4244: '=': conversion from 'const uint64_t' to 'uint32_t', possible loss of data [D:\a\NextSSL\NextSSL\.ci_build\win\arm64-msvc\nextssl.vcxproj]
D:\a\NextSSL\NextSSL\src\hash\memory_hard\yescrypt\yescrypt-opt.c(135,2): warning C4244: '=': conversion from 'const uint64_t' to 'uint32_t', possible loss of data [D:\a\NextSSL\NextSSL\.ci_build\win\arm64-msvc\nextssl.vcxproj]
D:\a\NextSSL\NextSSL\src\hash\memory_hard\yescrypt\yescrypt-opt.c(136,2): warning C4244: '=': conversion from 'const uint64_t' to 'uint32_t', possible loss of data [D:\a\NextSSL\NextSSL\.ci_build\win\arm64-msvc\nextssl.vcxproj]
D:\a\NextSSL\NextSSL\src\hash\memory_hard\yescrypt\yescrypt-opt.c(137,2): warning C4244: '=': conversion from 'const uint64_t' to 'uint32_t', possible loss of data [D:\a\NextSSL\NextSSL\.ci_build\win\arm64-msvc\nextssl.vcxproj]
D:\a\NextSSL\NextSSL\src\hash\memory_hard\yescrypt\yescrypt-opt.c(138,2): warning C4244: '=': conversion from 'const uint64_t' to 'uint32_t', possible loss of data [D:\a\NextSSL\NextSSL\.ci_build\win\arm64-msvc\nextssl.vcxproj]
D:\a\NextSSL\NextSSL\src\hash\memory_hard\yescrypt\yescrypt-opt.c(1079,16): warning C4244: 'function': conversion from 'uint64_t' to 'uint32_t', possible loss of data [D:\a\NextSSL\NextSSL\.ci_build\win\arm64-msvc\nextssl.vcxproj]
D:\a\NextSSL\NextSSL\src\hash\memory_hard\yescrypt\yescrypt-opt.c(1286,14): warning C4244: 'function': conversion from 'uint64_t' to 'uint32_t', possible loss of data [D:\a\NextSSL\NextSSL\.ci_build\win\arm64-msvc\nextssl.vcxproj]
D:\a\NextSSL\NextSSL\src\hash\memory_hard\yescrypt\yescrypt-opt.c(1286,33): warning C4244: 'function': conversion from 'uint64_t' to 'uint32_t', possible loss of data [D:\a\NextSSL\NextSSL\.ci_build\win\arm64-msvc\nextssl.vcxproj]
D:\a\NextSSL\NextSSL\src\hash\memory_hard\yescrypt\yescrypt-opt.c(1299,37): warning C4244: 'function': conversion from 'uint64_t' to 'uint32_t', possible loss of data [D:\a\NextSSL\NextSSL\.ci_build\win\arm64-msvc\nextssl.vcxproj]
D:\a\NextSSL\NextSSL\src\hash\memory_hard\yescrypt\yescrypt-opt.c(1300,8): warning C4244: 'function': conversion from 'uint64_t' to 'uint32_t', possible loss of data [D:\a\NextSSL\NextSSL\.ci_build\win\arm64-msvc\nextssl.vcxproj]
  yescrypt_ops.c
  hash_record_core.c
  hash_root.c
  skein.c
  skeinApi.c
  skein_block.c
  skein_ops.c
  threefish1024Block.c
  threefish256Block.c
  threefish512Block.c
  threefishApi.c
  keccak.c
  sha3.c
  sha3_224.c
  sha3_384.c
  Generating Code...
  Compiling...
  shake.c
  kmac.c
  aes_ccm.c
  aes_eax.c
  aes_gcm.c
  aes_gcm_siv.c
  aes_ocb.c
D:\a\NextSSL\NextSSL\src\modern\aead\aes_ocb.c(75,51): warning C4267: 'function': conversion from 'size_t' to 'uint8_t', possible loss of data [D:\a\NextSSL\NextSSL\.ci_build\win\arm64-msvc\nextssl.vcxproj]
  aes_poly1305.c
D:\a\NextSSL\NextSSL\src\modern\aead\aes_poly1305.c(67,18): warning C4267: '=': conversion from 'size_t' to 'uint8_t', possible loss of data [D:\a\NextSSL\NextSSL\.ci_build\win\arm64-msvc\nextssl.vcxproj]
D:\a\NextSSL\NextSSL\src\modern\aead\aes_poly1305.c(85,23): warning C4267: 'function': conversion from 'size_t' to 'int32_t', possible loss of data [D:\a\NextSSL\NextSSL\.ci_build\win\arm64-msvc\nextssl.vcxproj]
  aes_siv.c
  chacha20_poly1305.c
  monocypher-ed25519.c
  monocypher.c
  add_scalar.c
  curve448.c
  curve448_det.c
  ed448.c
  fe.c
  fe_448.c
  ge.c
  ge_448.c
  Generating Code...
  Compiling...
  key_exchange.c
  keypair.c
  uECC.c
  p256.c
  p384.c
  p521.c
  rsa.c
  sc.c
  seed.c
  sm2.c
  base_encryption.c
  elligator2.c
D:\a\NextSSL\NextSSL\src\modern\asymmetric\fixedint.h(26,35): warning C4142: 'uint32_t': benign redefinition of type [D:\a\NextSSL\NextSSL\.ci_build\win\arm64-msvc\nextssl.vcxproj]
  (compiling source file '../../../src/modern/curve_math/elligator2.c')
      C:\Program Files\Microsoft Visual Studio\2022\Enterprise\VC\Tools\MSVC\14.44.35207\include\stdint.h(24,28):
      see declaration of 'uint32_t'
  
D:\a\NextSSL\NextSSL\src\modern\asymmetric\fixedint.h(37,33): warning C4142: 'int32_t': benign redefinition of type [D:\a\NextSSL\NextSSL\.ci_build\win\arm64-msvc\nextssl.vcxproj]
  (compiling source file '../../../src/modern/curve_math/elligator2.c')
      C:\Program Files\Microsoft Visual Studio\2022\Enterprise\VC\Tools\MSVC\14.44.35207\include\stdint.h(20,28):
      see declaration of 'int32_t'
  
D:\a\NextSSL\NextSSL\src\modern\asymmetric\fixedint.h(69,17): warning C4005: 'UINT64_C': macro redefinition [D:\a\NextSSL\NextSSL\.ci_build\win\arm64-msvc\nextssl.vcxproj]
  (compiling source file '../../../src/modern/curve_math/elligator2.c')
      C:\Program Files\Microsoft Visual Studio\2022\Enterprise\VC\Tools\MSVC\14.44.35207\include\stdint.h(131,9):
      see previous definition of 'UINT64_C'
  
D:\a\NextSSL\NextSSL\src\modern\asymmetric\fixedint.h(70,17): warning C4005: 'INT64_C': macro redefinition [D:\a\NextSSL\NextSSL\.ci_build\win\arm64-msvc\nextssl.vcxproj]
  (compiling source file '../../../src/modern/curve_math/elligator2.c')
      C:\Program Files\Microsoft Visual Studio\2022\Enterprise\VC\Tools\MSVC\14.44.35207\include\stdint.h(126,9):
      see previous definition of 'INT64_C'
  
  ristretto255.c
  base58check.c
  base62.c
  base85.c
  bech32.c
  crc32.c
  crc64.c
  pem.c
  Generating Code...
  Compiling...
  pbkdf2.c
  aes_cmac.c
  hmac.c
  poly1305.c
  siphash.c
  aes_cbc.c
  aes_cfb.c
  aes_core.c
  aes_ctr.c
  aes_ecb.c
  aes_fpe.c
  aes_kw.c
  aes_ofb.c
  aes_xts.c
  chacha20.c
  sm4_impl.c
  three_des.c
  pow_limits.c
  pow_reject.c
  pow_solver.c
  Generating Code...
  Compiling...
  pow_timer.c
  pow_difficulty.c
  pow_parser.c
  dhcm_core.c
  dhcm_difficulty.c
  dhcm_math.c
  hash_cost.c
  hash_cost_probe.c
  dispatcher.c
  pow_engine.c
  pow_challenge.c
  pow_verify.c
  aes.c
  drbg.c
  fips202.c
  nistseedexpander.c
  randombytes.c
D:\a\NextSSL\NextSSL\src\pqc\common\randombytes.c(110,29): warning C4267: 'function': conversion from 'size_t' to 'unsigned long', possible loss of data [D:\a\NextSSL\NextSSL\.ci_build\win\arm64-msvc\nextssl.vcxproj]
  sha2.c
  sp800-185.c
  pqc_main.c
  Generating Code...
  Compiling...
  root_hash.c
  root_hash_record.c
  root_modern.c
  nextssl_init.c
  root_pow.c
  root_pqc.c
  root_seed.c
  ctr_mode.c
  hash_ops.c
  seed_core.c
  entropy.c
  seed_derive_random.c
  udbf.c
  Generating Code...
  blake2b.c
  sha512.c
  hash_registry.c
  blake2b.c
  sha512.c
  sign.c
  verify.c
  hkdf.c
  hkdf.c
  fips202x2.c
  code.c
  fft.c
  gf.c
  gf2x.c
  hqc.c
  kem.c
  parsing.c
  reed_muller.c
  reed_solomon.c
  shake_ds.c
  shake_prng.c
  vector.c
  code.c
  fft.c
  gf.c
  gf2x.c
  hqc.c
  kem.c
  parsing.c
  reed_muller.c
  reed_solomon.c
  shake_ds.c
  shake_prng.c
  vector.c
  code.c
  fft.c
  gf.c
  gf2x.c
  hqc.c
  kem.c
  parsing.c
  reed_muller.c
  reed_solomon.c
  shake_ds.c
  shake_prng.c
  vector.c
  aes256ctr.c
  benes.c
  bm.c
  controlbits.c
  crypto_int16.c
  crypto_int32.c
  crypto_uint16.c
  crypto_uint32.c
D:\a\NextSSL\NextSSL\src\pqc\kem\mceliece348864\ref\crypto_uint32.c(8,101): warning C4146: unary minus operator applied to unsigned type, result still unsigned [D:\a\NextSSL\NextSSL\.ci_build\win\arm64-msvc\nextssl.vcxproj]
  crypto_uint64.c
D:\a\NextSSL\NextSSL\src\pqc\kem\mceliece348864\ref\crypto_uint64.c(8,101): warning C4146: unary minus operator applied to unsigned type, result still unsigned [D:\a\NextSSL\NextSSL\.ci_build\win\arm64-msvc\nextssl.vcxproj]
  decrypt.c
  encrypt.c
D:\a\NextSSL\NextSSL\src\pqc\kem\mceliece348864\ref\encrypt.c(40,12): warning C4146: unary minus operator applied to unsigned type, result still unsigned [D:\a\NextSSL\NextSSL\.ci_build\win\arm64-msvc\nextssl.vcxproj]
  gf.c
  operations.c
  pk_gen.c
D:\a\NextSSL\NextSSL\src\pqc\kem\mceliece348864\ref\uint64_sort.h(34,17): warning C4146: unary minus operator applied to unsigned type, result still unsigned [D:\a\NextSSL\NextSSL\.ci_build\win\arm64-msvc\nextssl.vcxproj]
  (compiling source file '../../../src/pqc/kem/mceliece348864/ref/pk_gen.c')
  
D:\a\NextSSL\NextSSL\src\pqc\kem\mceliece348864\ref\uint64_sort.h(43,25): warning C4146: unary minus operator applied to unsigned type, result still unsigned [D:\a\NextSSL\NextSSL\.ci_build\win\arm64-msvc\nextssl.vcxproj]
  (compiling source file '../../../src/pqc/kem/mceliece348864/ref/pk_gen.c')
  
  root.c
  sk_gen.c
  synd.c
  transpose.c
  util.c
  aes256ctr.c
  benes.c
  bm.c
  controlbits.c
  crypto_int16.c
  crypto_int32.c
  crypto_uint16.c
  crypto_uint32.c
D:\a\NextSSL\NextSSL\src\pqc\kem\mceliece348864f\ref\crypto_uint32.c(8,101): warning C4146: unary minus operator applied to unsigned type, result still unsigned [D:\a\NextSSL\NextSSL\.ci_build\win\arm64-msvc\nextssl.vcxproj]
  crypto_uint64.c
D:\a\NextSSL\NextSSL\src\pqc\kem\mceliece348864f\ref\crypto_uint64.c(8,101): warning C4146: unary minus operator applied to unsigned type, result still unsigned [D:\a\NextSSL\NextSSL\.ci_build\win\arm64-msvc\nextssl.vcxproj]
  decrypt.c
  encrypt.c
D:\a\NextSSL\NextSSL\src\pqc\kem\mceliece348864f\ref\encrypt.c(40,12): warning C4146: unary minus operator applied to unsigned type, result still unsigned [D:\a\NextSSL\NextSSL\.ci_build\win\arm64-msvc\nextssl.vcxproj]
  gf.c
  operations.c
  pk_gen.c
D:\a\NextSSL\NextSSL\src\pqc\kem\mceliece348864f\ref\uint64_sort.h(34,17): warning C4146: unary minus operator applied to unsigned type, result still unsigned [D:\a\NextSSL\NextSSL\.ci_build\win\arm64-msvc\nextssl.vcxproj]
  (compiling source file '../../../src/pqc/kem/mceliece348864f/ref/pk_gen.c')
  
D:\a\NextSSL\NextSSL\src\pqc\kem\mceliece348864f\ref\uint64_sort.h(43,25): warning C4146: unary minus operator applied to unsigned type, result still unsigned [D:\a\NextSSL\NextSSL\.ci_build\win\arm64-msvc\nextssl.vcxproj]
  (compiling source file '../../../src/pqc/kem/mceliece348864f/ref/pk_gen.c')
  
D:\a\NextSSL\NextSSL\src\pqc\kem\mceliece348864f\ref\pk_gen.c(53,12): warning C4146: unary minus operator applied to unsigned type, result still unsigned [D:\a\NextSSL\NextSSL\.ci_build\win\arm64-msvc\nextssl.vcxproj]
D:\a\NextSSL\NextSSL\src\pqc\kem\mceliece348864f\ref\pk_gen.c(96,20): warning C4146: unary minus operator applied to unsigned type, result still unsigned [D:\a\NextSSL\NextSSL\.ci_build\win\arm64-msvc\nextssl.vcxproj]
  root.c
  sk_gen.c
  synd.c
  transpose.c
  util.c
  aes256ctr.c
  benes.c
  bm.c
  controlbits.c
  crypto_int16.c
  crypto_int32.c
  crypto_uint16.c
  crypto_uint32.c
D:\a\NextSSL\NextSSL\src\pqc\kem\mceliece460896\ref\crypto_uint32.c(8,101): warning C4146: unary minus operator applied to unsigned type, result still unsigned [D:\a\NextSSL\NextSSL\.ci_build\win\arm64-msvc\nextssl.vcxproj]
  crypto_uint64.c
D:\a\NextSSL\NextSSL\src\pqc\kem\mceliece460896\ref\crypto_uint64.c(8,101): warning C4146: unary minus operator applied to unsigned type, result still unsigned [D:\a\NextSSL\NextSSL\.ci_build\win\arm64-msvc\nextssl.vcxproj]
  decrypt.c
  encrypt.c
D:\a\NextSSL\NextSSL\src\pqc\kem\mceliece460896\ref\encrypt.c(40,12): warning C4146: unary minus operator applied to unsigned type, result still unsigned [D:\a\NextSSL\NextSSL\.ci_build\win\arm64-msvc\nextssl.vcxproj]
  gf.c
  operations.c
  pk_gen.c
D:\a\NextSSL\NextSSL\src\pqc\kem\mceliece460896\ref\uint64_sort.h(34,17): warning C4146: unary minus operator applied to unsigned type, result still unsigned [D:\a\NextSSL\NextSSL\.ci_build\win\arm64-msvc\nextssl.vcxproj]
  (compiling source file '../../../src/pqc/kem/mceliece460896/ref/pk_gen.c')
  
D:\a\NextSSL\NextSSL\src\pqc\kem\mceliece460896\ref\uint64_sort.h(43,25): warning C4146: unary minus operator applied to unsigned type, result still unsigned [D:\a\NextSSL\NextSSL\.ci_build\win\arm64-msvc\nextssl.vcxproj]
  (compiling source file '../../../src/pqc/kem/mceliece460896/ref/pk_gen.c')
  
  root.c
  sk_gen.c
  synd.c
  transpose.c
  util.c
  aes256ctr.c
  benes.c
  bm.c
  controlbits.c
  crypto_int16.c
  crypto_int32.c
  crypto_uint16.c
  crypto_uint32.c
D:\a\NextSSL\NextSSL\src\pqc\kem\mceliece460896f\ref\crypto_uint32.c(8,101): warning C4146: unary minus operator applied to unsigned type, result still unsigned [D:\a\NextSSL\NextSSL\.ci_build\win\arm64-msvc\nextssl.vcxproj]
  crypto_uint64.c
D:\a\NextSSL\NextSSL\src\pqc\kem\mceliece460896f\ref\crypto_uint64.c(8,101): warning C4146: unary minus operator applied to unsigned type, result still unsigned [D:\a\NextSSL\NextSSL\.ci_build\win\arm64-msvc\nextssl.vcxproj]
  decrypt.c
  encrypt.c
D:\a\NextSSL\NextSSL\src\pqc\kem\mceliece460896f\ref\encrypt.c(40,12): warning C4146: unary minus operator applied to unsigned type, result still unsigned [D:\a\NextSSL\NextSSL\.ci_build\win\arm64-msvc\nextssl.vcxproj]
  gf.c
  operations.c
  pk_gen.c
D:\a\NextSSL\NextSSL\src\pqc\kem\mceliece460896f\ref\uint64_sort.h(34,17): warning C4146: unary minus operator applied to unsigned type, result still unsigned [D:\a\NextSSL\NextSSL\.ci_build\win\arm64-msvc\nextssl.vcxproj]
  (compiling source file '../../../src/pqc/kem/mceliece460896f/ref/pk_gen.c')
  
D:\a\NextSSL\NextSSL\src\pqc\kem\mceliece460896f\ref\uint64_sort.h(43,25): warning C4146: unary minus operator applied to unsigned type, result still unsigned [D:\a\NextSSL\NextSSL\.ci_build\win\arm64-msvc\nextssl.vcxproj]
  (compiling source file '../../../src/pqc/kem/mceliece460896f/ref/pk_gen.c')
  
D:\a\NextSSL\NextSSL\src\pqc\kem\mceliece460896f\ref\pk_gen.c(53,12): warning C4146: unary minus operator applied to unsigned type, result still unsigned [D:\a\NextSSL\NextSSL\.ci_build\win\arm64-msvc\nextssl.vcxproj]
D:\a\NextSSL\NextSSL\src\pqc\kem\mceliece460896f\ref\pk_gen.c(96,20): warning C4146: unary minus operator applied to unsigned type, result still unsigned [D:\a\NextSSL\NextSSL\.ci_build\win\arm64-msvc\nextssl.vcxproj]
  root.c
  sk_gen.c
  synd.c
  transpose.c
  util.c
  aes256ctr.c
  benes.c
  bm.c
  controlbits.c
  crypto_int16.c
  crypto_int32.c
  crypto_uint16.c
  crypto_uint32.c
D:\a\NextSSL\NextSSL\src\pqc\kem\mceliece6688128\ref\crypto_uint32.c(8,101): warning C4146: unary minus operator applied to unsigned type, result still unsigned [D:\a\NextSSL\NextSSL\.ci_build\win\arm64-msvc\nextssl.vcxproj]
  crypto_uint64.c
D:\a\NextSSL\NextSSL\src\pqc\kem\mceliece6688128\ref\crypto_uint64.c(8,101): warning C4146: unary minus operator applied to unsigned type, result still unsigned [D:\a\NextSSL\NextSSL\.ci_build\win\arm64-msvc\nextssl.vcxproj]
  decrypt.c
  encrypt.c
D:\a\NextSSL\NextSSL\src\pqc\kem\mceliece6688128\ref\encrypt.c(40,12): warning C4146: unary minus operator applied to unsigned type, result still unsigned [D:\a\NextSSL\NextSSL\.ci_build\win\arm64-msvc\nextssl.vcxproj]
  gf.c
  operations.c
  pk_gen.c
D:\a\NextSSL\NextSSL\src\pqc\kem\mceliece6688128\ref\uint64_sort.h(34,17): warning C4146: unary minus operator applied to unsigned type, result still unsigned [D:\a\NextSSL\NextSSL\.ci_build\win\arm64-msvc\nextssl.vcxproj]
  (compiling source file '../../../src/pqc/kem/mceliece6688128/ref/pk_gen.c')
  
D:\a\NextSSL\NextSSL\src\pqc\kem\mceliece6688128\ref\uint64_sort.h(43,25): warning C4146: unary minus operator applied to unsigned type, result still unsigned [D:\a\NextSSL\NextSSL\.ci_build\win\arm64-msvc\nextssl.vcxproj]
  (compiling source file '../../../src/pqc/kem/mceliece6688128/ref/pk_gen.c')
  
  root.c
  sk_gen.c
  synd.c
  transpose.c
  util.c
  aes256ctr.c
  benes.c
  bm.c
  controlbits.c
  crypto_int16.c
  crypto_int32.c
  crypto_uint16.c
  crypto_uint32.c
D:\a\NextSSL\NextSSL\src\pqc\kem\mceliece6688128f\ref\crypto_uint32.c(8,101): warning C4146: unary minus operator applied to unsigned type, result still unsigned [D:\a\NextSSL\NextSSL\.ci_build\win\arm64-msvc\nextssl.vcxproj]
  crypto_uint64.c
D:\a\NextSSL\NextSSL\src\pqc\kem\mceliece6688128f\ref\crypto_uint64.c(8,101): warning C4146: unary minus operator applied to unsigned type, result still unsigned [D:\a\NextSSL\NextSSL\.ci_build\win\arm64-msvc\nextssl.vcxproj]
  decrypt.c
  encrypt.c
D:\a\NextSSL\NextSSL\src\pqc\kem\mceliece6688128f\ref\encrypt.c(40,12): warning C4146: unary minus operator applied to unsigned type, result still unsigned [D:\a\NextSSL\NextSSL\.ci_build\win\arm64-msvc\nextssl.vcxproj]
  gf.c
  operations.c
  pk_gen.c
D:\a\NextSSL\NextSSL\src\pqc\kem\mceliece6688128f\ref\uint64_sort.h(34,17): warning C4146: unary minus operator applied to unsigned type, result still unsigned [D:\a\NextSSL\NextSSL\.ci_build\win\arm64-msvc\nextssl.vcxproj]
  (compiling source file '../../../src/pqc/kem/mceliece6688128f/ref/pk_gen.c')
  
D:\a\NextSSL\NextSSL\src\pqc\kem\mceliece6688128f\ref\uint64_sort.h(43,25): warning C4146: unary minus operator applied to unsigned type, result still unsigned [D:\a\NextSSL\NextSSL\.ci_build\win\arm64-msvc\nextssl.vcxproj]
  (compiling source file '../../../src/pqc/kem/mceliece6688128f/ref/pk_gen.c')
  
D:\a\NextSSL\NextSSL\src\pqc\kem\mceliece6688128f\ref\pk_gen.c(53,12): warning C4146: unary minus operator applied to unsigned type, result still unsigned [D:\a\NextSSL\NextSSL\.ci_build\win\arm64-msvc\nextssl.vcxproj]
D:\a\NextSSL\NextSSL\src\pqc\kem\mceliece6688128f\ref\pk_gen.c(96,20): warning C4146: unary minus operator applied to unsigned type, result still unsigned [D:\a\NextSSL\NextSSL\.ci_build\win\arm64-msvc\nextssl.vcxproj]
  root.c
  sk_gen.c
  synd.c
  transpose.c
  util.c
  aes256ctr.c
  benes.c
  bm.c
  controlbits.c
  crypto_int16.c
  crypto_int32.c
  crypto_uint16.c
  crypto_uint32.c
D:\a\NextSSL\NextSSL\src\pqc\kem\mceliece6960119\ref\crypto_uint32.c(8,101): warning C4146: unary minus operator applied to unsigned type, result still unsigned [D:\a\NextSSL\NextSSL\.ci_build\win\arm64-msvc\nextssl.vcxproj]
  crypto_uint64.c
D:\a\NextSSL\NextSSL\src\pqc\kem\mceliece6960119\ref\crypto_uint64.c(8,101): warning C4146: unary minus operator applied to unsigned type, result still unsigned [D:\a\NextSSL\NextSSL\.ci_build\win\arm64-msvc\nextssl.vcxproj]
  decrypt.c
  encrypt.c
D:\a\NextSSL\NextSSL\src\pqc\kem\mceliece6960119\ref\encrypt.c(40,12): warning C4146: unary minus operator applied to unsigned type, result still unsigned [D:\a\NextSSL\NextSSL\.ci_build\win\arm64-msvc\nextssl.vcxproj]
  gf.c
  operations.c
  pk_gen.c
D:\a\NextSSL\NextSSL\src\pqc\kem\mceliece6960119\ref\uint64_sort.h(34,17): warning C4146: unary minus operator applied to unsigned type, result still unsigned [D:\a\NextSSL\NextSSL\.ci_build\win\arm64-msvc\nextssl.vcxproj]
  (compiling source file '../../../src/pqc/kem/mceliece6960119/ref/pk_gen.c')
  
D:\a\NextSSL\NextSSL\src\pqc\kem\mceliece6960119\ref\uint64_sort.h(43,25): warning C4146: unary minus operator applied to unsigned type, result still unsigned [D:\a\NextSSL\NextSSL\.ci_build\win\arm64-msvc\nextssl.vcxproj]
  (compiling source file '../../../src/pqc/kem/mceliece6960119/ref/pk_gen.c')
  
  root.c
  sk_gen.c
  synd.c
  transpose.c
  util.c
  aes256ctr.c
  benes.c
  bm.c
  controlbits.c
  crypto_int16.c
  crypto_int32.c
  crypto_uint16.c
  crypto_uint32.c
D:\a\NextSSL\NextSSL\src\pqc\kem\mceliece6960119f\ref\crypto_uint32.c(8,101): warning C4146: unary minus operator applied to unsigned type, result still unsigned [D:\a\NextSSL\NextSSL\.ci_build\win\arm64-msvc\nextssl.vcxproj]
  crypto_uint64.c
D:\a\NextSSL\NextSSL\src\pqc\kem\mceliece6960119f\ref\crypto_uint64.c(8,101): warning C4146: unary minus operator applied to unsigned type, result still unsigned [D:\a\NextSSL\NextSSL\.ci_build\win\arm64-msvc\nextssl.vcxproj]
  decrypt.c
  encrypt.c
D:\a\NextSSL\NextSSL\src\pqc\kem\mceliece6960119f\ref\encrypt.c(40,12): warning C4146: unary minus operator applied to unsigned type, result still unsigned [D:\a\NextSSL\NextSSL\.ci_build\win\arm64-msvc\nextssl.vcxproj]
  gf.c
  operations.c
  pk_gen.c
D:\a\NextSSL\NextSSL\src\pqc\kem\mceliece6960119f\ref\uint64_sort.h(34,17): warning C4146: unary minus operator applied to unsigned type, result still unsigned [D:\a\NextSSL\NextSSL\.ci_build\win\arm64-msvc\nextssl.vcxproj]
  (compiling source file '../../../src/pqc/kem/mceliece6960119f/ref/pk_gen.c')
  
D:\a\NextSSL\NextSSL\src\pqc\kem\mceliece6960119f\ref\uint64_sort.h(43,25): warning C4146: unary minus operator applied to unsigned type, result still unsigned [D:\a\NextSSL\NextSSL\.ci_build\win\arm64-msvc\nextssl.vcxproj]
  (compiling source file '../../../src/pqc/kem/mceliece6960119f/ref/pk_gen.c')
  
D:\a\NextSSL\NextSSL\src\pqc\kem\mceliece6960119f\ref\pk_gen.c(53,12): warning C4146: unary minus operator applied to unsigned type, result still unsigned [D:\a\NextSSL\NextSSL\.ci_build\win\arm64-msvc\nextssl.vcxproj]
D:\a\NextSSL\NextSSL\src\pqc\kem\mceliece6960119f\ref\pk_gen.c(105,20): warning C4146: unary minus operator applied to unsigned type, result still unsigned [D:\a\NextSSL\NextSSL\.ci_build\win\arm64-msvc\nextssl.vcxproj]
  root.c
  sk_gen.c
  synd.c
  transpose.c
  util.c
  aes256ctr.c
  benes.c
  bm.c
  controlbits.c
  crypto_int16.c
  crypto_int32.c
  crypto_uint16.c
  crypto_uint32.c
D:\a\NextSSL\NextSSL\src\pqc\kem\mceliece8192128\ref\crypto_uint32.c(8,101): warning C4146: unary minus operator applied to unsigned type, result still unsigned [D:\a\NextSSL\NextSSL\.ci_build\win\arm64-msvc\nextssl.vcxproj]
  crypto_uint64.c
D:\a\NextSSL\NextSSL\src\pqc\kem\mceliece8192128\ref\crypto_uint64.c(8,101): warning C4146: unary minus operator applied to unsigned type, result still unsigned [D:\a\NextSSL\NextSSL\.ci_build\win\arm64-msvc\nextssl.vcxproj]
  decrypt.c
  encrypt.c
D:\a\NextSSL\NextSSL\src\pqc\kem\mceliece8192128\ref\encrypt.c(33,12): warning C4146: unary minus operator applied to unsigned type, result still unsigned [D:\a\NextSSL\NextSSL\.ci_build\win\arm64-msvc\nextssl.vcxproj]
  gf.c
  operations.c
  pk_gen.c
D:\a\NextSSL\NextSSL\src\pqc\kem\mceliece8192128\ref\uint64_sort.h(34,17): warning C4146: unary minus operator applied to unsigned type, result still unsigned [D:\a\NextSSL\NextSSL\.ci_build\win\arm64-msvc\nextssl.vcxproj]
  (compiling source file '../../../src/pqc/kem/mceliece8192128/ref/pk_gen.c')
  
D:\a\NextSSL\NextSSL\src\pqc\kem\mceliece8192128\ref\uint64_sort.h(43,25): warning C4146: unary minus operator applied to unsigned type, result still unsigned [D:\a\NextSSL\NextSSL\.ci_build\win\arm64-msvc\nextssl.vcxproj]
  (compiling source file '../../../src/pqc/kem/mceliece8192128/ref/pk_gen.c')
  
  root.c
  sk_gen.c
  synd.c
  transpose.c
  util.c
  aes256ctr.c
  benes.c
  bm.c
  controlbits.c
  crypto_int16.c
  crypto_int32.c
  crypto_uint16.c
  crypto_uint32.c
D:\a\NextSSL\NextSSL\src\pqc\kem\mceliece8192128f\ref\crypto_uint32.c(8,101): warning C4146: unary minus operator applied to unsigned type, result still unsigned [D:\a\NextSSL\NextSSL\.ci_build\win\arm64-msvc\nextssl.vcxproj]
  crypto_uint64.c
D:\a\NextSSL\NextSSL\src\pqc\kem\mceliece8192128f\ref\crypto_uint64.c(8,101): warning C4146: unary minus operator applied to unsigned type, result still unsigned [D:\a\NextSSL\NextSSL\.ci_build\win\arm64-msvc\nextssl.vcxproj]
  decrypt.c
  encrypt.c
D:\a\NextSSL\NextSSL\src\pqc\kem\mceliece8192128f\ref\encrypt.c(33,12): warning C4146: unary minus operator applied to unsigned type, result still unsigned [D:\a\NextSSL\NextSSL\.ci_build\win\arm64-msvc\nextssl.vcxproj]
  gf.c
  operations.c
  pk_gen.c
D:\a\NextSSL\NextSSL\src\pqc\kem\mceliece8192128f\ref\uint64_sort.h(34,17): warning C4146: unary minus operator applied to unsigned type, result still unsigned [D:\a\NextSSL\NextSSL\.ci_build\win\arm64-msvc\nextssl.vcxproj]
  (compiling source file '../../../src/pqc/kem/mceliece8192128f/ref/pk_gen.c')
  
D:\a\NextSSL\NextSSL\src\pqc\kem\mceliece8192128f\ref\uint64_sort.h(43,25): warning C4146: unary minus operator applied to unsigned type, result still unsigned [D:\a\NextSSL\NextSSL\.ci_build\win\arm64-msvc\nextssl.vcxproj]
  (compiling source file '../../../src/pqc/kem/mceliece8192128f/ref/pk_gen.c')
  
D:\a\NextSSL\NextSSL\src\pqc\kem\mceliece8192128f\ref\pk_gen.c(53,12): warning C4146: unary minus operator applied to unsigned type, result still unsigned [D:\a\NextSSL\NextSSL\.ci_build\win\arm64-msvc\nextssl.vcxproj]
D:\a\NextSSL\NextSSL\src\pqc\kem\mceliece8192128f\ref\pk_gen.c(96,20): warning C4146: unary minus operator applied to unsigned type, result still unsigned [D:\a\NextSSL\NextSSL\.ci_build\win\arm64-msvc\nextssl.vcxproj]
  root.c
  sk_gen.c
  synd.c
  transpose.c
  util.c
  cbd.c
D:\a\NextSSL\NextSSL\src\pqc\kem\ml-kem-1024\aarch64\cbd.c(75,9): error C2440: 'type cast': cannot convert from '__n128' to 'int16x8_t' [D:\a\NextSSL\NextSSL\.ci_build\win\arm64-msvc\nextssl.vcxproj]
D:\a\NextSSL\NextSSL\src\pqc\kem\ml-kem-1024\aarch64\cbd.c(76,9): error C2440: 'type cast': cannot convert from '__n128' to 'int16x8_t' [D:\a\NextSSL\NextSSL\.ci_build\win\arm64-msvc\nextssl.vcxproj]
D:\a\NextSSL\NextSSL\src\pqc\kem\ml-kem-1024\aarch64\cbd.c(80,9): error C2440: 'type cast': cannot convert from '__n128' to 'int16x8_t' [D:\a\NextSSL\NextSSL\.ci_build\win\arm64-msvc\nextssl.vcxproj]
D:\a\NextSSL\NextSSL\src\pqc\kem\ml-kem-1024\aarch64\cbd.c(81,9): error C2440: 'type cast': cannot convert from '__n128' to 'int16x8_t' [D:\a\NextSSL\NextSSL\.ci_build\win\arm64-msvc\nextssl.vcxproj]
D:\a\NextSSL\NextSSL\src\pqc\kem\ml-kem-1024\aarch64\cbd.c(96,9): error C2440: 'type cast': cannot convert from '__n128' to 'int16x8_t' [D:\a\NextSSL\NextSSL\.ci_build\win\arm64-msvc\nextssl.vcxproj]
D:\a\NextSSL\NextSSL\src\pqc\kem\ml-kem-1024\aarch64\cbd.c(97,9): error C2440: 'type cast': cannot convert from '__n128' to 'int16x8_t' [D:\a\NextSSL\NextSSL\.ci_build\win\arm64-msvc\nextssl.vcxproj]
D:\a\NextSSL\NextSSL\src\pqc\kem\ml-kem-1024\aarch64\cbd.c(101,9): error C2440: 'type cast': cannot convert from '__n128' to 'int16x8_t' [D:\a\NextSSL\NextSSL\.ci_build\win\arm64-msvc\nextssl.vcxproj]
D:\a\NextSSL\NextSSL\src\pqc\kem\ml-kem-1024\aarch64\cbd.c(102,9): error C2440: 'type cast': cannot convert from '__n128' to 'int16x8_t' [D:\a\NextSSL\NextSSL\.ci_build\win\arm64-msvc\nextssl.vcxproj]

==============================================================================
CMD: cmake --build D:\a\NextSSL\NextSSL\.ci_build\win\arm64-msvc --config Release --parallel 4
CWD: D:\a\NextSSL\NextSSL
==============================================================================

