2026-03-07 00:38:18,974 - INFO - Successfully built core
2026-03-07 00:38:19,147 - INFO - === Running 1 test suites... ===
2026-03-07 00:38:19,147 - INFO - -> Running script.test.main.core
2026-03-07 00:38:19,147 - INFO - -> Loading D:\a\NextSSL\NextSSL\bin\windows\main\core.dll
2026-03-07 00:38:19,150 - INFO - [PASS] DLL Loaded
2026-03-07 00:38:19,150 - INFO - -> Verifying AES-CBC
2026-03-07 00:38:19,151 - INFO - [PASS] AES-CBC OK
2026-03-07 00:38:19,151 - INFO - -> Verifying AES-GCM
2026-03-07 00:38:19,151 - INFO - [PASS] AES-GCM OK
2026-03-07 00:38:19,151 - INFO - -> Verifying ChaCha20-Poly1305
2026-03-07 00:38:19,151 - INFO - -> Verifying HMAC-SHA256
2026-03-07 00:38:19,151 - INFO - -> Verifying Ed25519
2026-03-07 00:38:19,152 - INFO - [PASS] Ed25519 OK
2026-03-07 00:38:19,152 - INFO - [PASS] Core Main: 5 passed
2026-03-07 00:38:19,152 - INFO - [PASS] ALL TESTS PASSED
2026-03-07 00:47:00,129 - INFO - Successfully built core
2026-03-07 00:47:00,305 - INFO - === Running 1 test suites... ===
2026-03-07 00:47:00,305 - INFO - -> Running script.test.main.core
2026-03-07 00:47:00,305 - INFO - -> Loading D:\a\NextSSL\NextSSL\bin\windows\main\core.dll
2026-03-07 00:47:00,306 - INFO - [PASS] DLL Loaded
2026-03-07 00:47:00,306 - INFO - -> Verifying AES-CBC
2026-03-07 00:47:00,307 - INFO - [PASS] AES-CBC OK
2026-03-07 00:47:00,307 - INFO - -> Verifying AES-GCM
2026-03-07 00:47:00,307 - INFO - [PASS] AES-GCM OK
2026-03-07 00:47:00,307 - INFO - -> Verifying ChaCha20-Poly1305
2026-03-07 00:47:00,307 - INFO - -> Verifying HMAC-SHA256
2026-03-07 00:47:00,307 - INFO - -> Verifying Ed25519
2026-03-07 00:47:00,307 - INFO - [PASS] Ed25519 OK
2026-03-07 00:47:00,308 - INFO - [PASS] Core Main: 5 passed
2026-03-07 00:47:00,308 - INFO - [PASS] ALL TESTS PASSED
2026-03-07 00:59:02,226 - INFO - Successfully built core
2026-03-07 00:59:02,466 - INFO - === Running 1 test suites... ===
2026-03-07 00:59:02,466 - INFO - -> Running script.test.main.core
2026-03-07 00:59:02,466 - INFO - -> Loading D:\a\NextSSL\NextSSL\bin\windows\main\core.dll
2026-03-07 00:59:02,466 - INFO - [PASS] DLL Loaded
2026-03-07 00:59:02,468 - INFO - -> Verifying AES-CBC
2026-03-07 00:59:02,468 - INFO - [PASS] AES-CBC OK
2026-03-07 00:59:02,468 - INFO - -> Verifying AES-GCM
2026-03-07 00:59:02,468 - INFO - [PASS] AES-GCM OK
2026-03-07 00:59:02,468 - INFO - -> Verifying ChaCha20-Poly1305
2026-03-07 00:59:02,468 - INFO - -> Verifying HMAC-SHA256
2026-03-07 00:59:02,468 - INFO - -> Verifying Ed25519
2026-03-07 00:59:02,468 - INFO - [PASS] Ed25519 OK
2026-03-07 00:59:02,468 - INFO - [PASS] Core Main: 5 passed
2026-03-07 00:59:02,468 - INFO - [PASS] ALL TESTS PASSED
