2026-03-01 23:20:07,070 - INFO - Successfully built dhcm
2026-03-01 23:20:07,070 - INFO - === Running 1 test suites... ===
2026-03-01 23:20:07,070 - INFO - -> Running script.test.main.dhcm
2026-03-01 23:20:07,070 - INFO - -> Loading D:\a\NextSSL\NextSSL\bin\windows\main\dhcm.dll
2026-03-01 23:20:07,072 - INFO - [PASS] DLL Loaded
2026-03-01 23:20:07,072 - INFO - [PASS] SHA-256 OK
2026-03-01 23:20:07,072 - INFO - [PASS] Argon2id OK
2026-03-01 23:20:07,072 - INFO - [PASS] SHA3-256 OK
2026-03-01 23:20:07,072 - INFO - [PASS] MD5 OK
2026-03-01 23:20:07,072 - INFO - [PASS] MD2 OK
2026-03-01 23:20:07,072 - INFO - [PASS] DHCM Main: 5 passed
2026-03-01 23:20:07,072 - INFO - [PASS] ALL TESTS PASSED
2026-03-02 19:45:31,565 - INFO - Successfully built dhcm
2026-03-02 19:45:31,565 - INFO - === Running 1 test suites... ===
2026-03-02 19:45:31,565 - INFO - -> Running script.test.main.dhcm
2026-03-02 19:45:31,565 - INFO - -> Loading D:\a\NextSSL\NextSSL\bin\windows\main\dhcm.dll
2026-03-02 19:45:31,567 - INFO - [PASS] DLL Loaded
2026-03-02 19:45:31,567 - INFO - [PASS] SHA-256 OK
2026-03-02 19:45:31,567 - INFO - [PASS] Argon2id OK
2026-03-02 19:45:31,567 - INFO - [PASS] SHA3-256 OK
2026-03-02 19:45:31,567 - INFO - [PASS] MD5 OK
2026-03-02 19:45:31,567 - INFO - [PASS] MD2 OK
2026-03-02 19:45:31,567 - INFO - [PASS] DHCM Main: 5 passed
2026-03-02 19:45:31,567 - INFO - [PASS] ALL TESTS PASSED
