2026-03-07 00:38:05,626 - ERROR - Compilation failed for pow:
2026-03-07 00:38:05,626 - ERROR - D:/a/NextSSL/NextSSL/src/PoW/core/pow_parser.c: In function 'pow_parser_encode_challenge':
D:/a/NextSSL/NextSSL/src/PoW/core/pow_parser.c:70:10: warning: unused variable 'json_str' [-Wunused-variable]
   70 |     char json_str[4096];
      |          ^~~~~~~~
C:/mingw64/bin/../lib/gcc/x86_64-w64-mingw32/15.2.0/../../../../x86_64-w64-mingw32/bin/ld.exe: C:\Users\RUNNER~1\AppData\Local\Temp\cclvCuEQ.o:main.c:(.text+0x0): multiple definition of `nextssl_pow_server_generate_challenge'; C:\Users\RUNNER~1\AppData\Local\Temp\ccbJXY2U.o:api.c:(.text+0x0): first defined here
C:/mingw64/bin/../lib/gcc/x86_64-w64-mingw32/15.2.0/../../../../x86_64-w64-mingw32/bin/ld.exe: C:\Users\RUNNER~1\AppData\Local\Temp\cclvCuEQ.o:main.c:(.text+0x10): multiple definition of `nextssl_pow_server_verify_solution'; C:\Users\RUNNER~1\AppData\Local\Temp\ccbJXY2U.o:api.c:(.text+0x10): first defined here
C:/mingw64/bin/../lib/gcc/x86_64-w64-mingw32/15.2.0/../../../../x86_64-w64-mingw32/bin/ld.exe: C:\Users\RUNNER~1\AppData\Local\Temp\cclvCuEQ.o:main.c:(.text+0x20): multiple definition of `nextssl_pow_client_solve'; C:\Users\RUNNER~1\AppData\Local\Temp\cch8OWUu.o:api.c:(.text+0x0): first defined here
C:/mingw64/bin/../lib/gcc/x86_64-w64-mingw32/15.2.0/../../../../x86_64-w64-mingw32/bin/ld.exe: C:\Users\RUNNER~1\AppData\Local\Temp\cclvCuEQ.o:main.c:(.text+0x30): multiple definition of `nextssl_pow_client_check_limits'; C:\Users\RUNNER~1\AppData\Local\Temp\cch8OWUu.o:api.c:(.text+0x10): first defined here
C:/mingw64/bin/../lib/gcc/x86_64-w64-mingw32/15.2.0/../../../../x86_64-w64-mingw32/bin/ld.exe: C:\Users\RUNNER~1\AppData\Local\Temp\cclvCuEQ.o:main.c:(.text+0x40): multiple definition of `nextssl_pow_client_parse_challenge'; C:\Users\RUNNER~1\AppData\Local\Temp\cch8OWUu.o:api.c:(.text+0x20): first defined here
collect2.exe: error: ld returned 1 exit status

2026-03-07 00:38:07,348 - INFO - Successfully built dhcm
2026-03-07 00:38:07,574 - INFO - === Running 1 test suites... ===
2026-03-07 00:38:07,574 - INFO - -> Running script.test.main.pow
2026-03-07 00:38:07,574 - INFO - === === PoW + DHCM Main Tier Test === ===
2026-03-07 00:38:07,574 - INFO - === ── PoW pair (server+client) ── ===
2026-03-07 00:38:07,575 - INFO - [WARN] Skipping PoW pair: DLL not found
2026-03-07 00:38:07,575 - INFO - === ── PoW combined (single DLL) ── ===
2026-03-07 00:38:07,575 - INFO - [WARN] Skipping pow combined: DLL not found
2026-03-07 00:38:07,575 - INFO - === ── DHCM ── ===
2026-03-07 00:38:07,576 - INFO - [PASS] DHCM SHA-256 OK
2026-03-07 00:38:07,576 - INFO - [PASS] DHCM Argon2id OK
2026-03-07 00:38:07,577 - INFO - [PASS] DHCM SHA3-256 OK
2026-03-07 00:38:07,577 - INFO - [PASS] DHCM MD5 OK
2026-03-07 00:38:07,577 - INFO - [PASS] DHCM MD2 OK
2026-03-07 00:38:07,577 - INFO - [PASS] DHCM: 5 passed
2026-03-07 00:38:07,577 - INFO - [PASS] All PoW+DHCM tests passed
2026-03-07 00:38:07,577 - INFO - [PASS] ALL TESTS PASSED
2026-03-07 00:46:45,692 - ERROR - Compilation failed for pow:
2026-03-07 00:46:45,692 - ERROR - D:/a/NextSSL/NextSSL/src/PoW/core/pow_parser.c: In function 'pow_parser_encode_challenge':
D:/a/NextSSL/NextSSL/src/PoW/core/pow_parser.c:70:10: warning: unused variable 'json_str' [-Wunused-variable]
   70 |     char json_str[4096];
      |          ^~~~~~~~
C:/mingw64/bin/../lib/gcc/x86_64-w64-mingw32/15.2.0/../../../../x86_64-w64-mingw32/bin/ld.exe: C:\Users\RUNNER~1\AppData\Local\Temp\ccxjiZtT.o:main.c:(.text+0x0): multiple definition of `nextssl_pow_server_generate_challenge'; C:\Users\RUNNER~1\AppData\Local\Temp\cccxoQKM.o:api.c:(.text+0x0): first defined here
C:/mingw64/bin/../lib/gcc/x86_64-w64-mingw32/15.2.0/../../../../x86_64-w64-mingw32/bin/ld.exe: C:\Users\RUNNER~1\AppData\Local\Temp\ccxjiZtT.o:main.c:(.text+0x10): multiple definition of `nextssl_pow_server_verify_solution'; C:\Users\RUNNER~1\AppData\Local\Temp\cccxoQKM.o:api.c:(.text+0x10): first defined here
C:/mingw64/bin/../lib/gcc/x86_64-w64-mingw32/15.2.0/../../../../x86_64-w64-mingw32/bin/ld.exe: C:\Users\RUNNER~1\AppData\Local\Temp\ccxjiZtT.o:main.c:(.text+0x20): multiple definition of `nextssl_pow_client_solve'; C:\Users\RUNNER~1\AppData\Local\Temp\ccqGV6ph.o:api.c:(.text+0x0): first defined here
C:/mingw64/bin/../lib/gcc/x86_64-w64-mingw32/15.2.0/../../../../x86_64-w64-mingw32/bin/ld.exe: C:\Users\RUNNER~1\AppData\Local\Temp\ccxjiZtT.o:main.c:(.text+0x30): multiple definition of `nextssl_pow_client_check_limits'; C:\Users\RUNNER~1\AppData\Local\Temp\ccqGV6ph.o:api.c:(.text+0x10): first defined here
C:/mingw64/bin/../lib/gcc/x86_64-w64-mingw32/15.2.0/../../../../x86_64-w64-mingw32/bin/ld.exe: C:\Users\RUNNER~1\AppData\Local\Temp\ccxjiZtT.o:main.c:(.text+0x40): multiple definition of `nextssl_pow_client_parse_challenge'; C:\Users\RUNNER~1\AppData\Local\Temp\ccqGV6ph.o:api.c:(.text+0x20): first defined here
collect2.exe: error: ld returned 1 exit status

2026-03-07 00:46:47,081 - INFO - Successfully built dhcm
2026-03-07 00:46:47,245 - INFO - === Running 1 test suites... ===
2026-03-07 00:46:47,245 - INFO - -> Running script.test.main.pow
2026-03-07 00:46:47,245 - INFO - === === PoW + DHCM Main Tier Test === ===
2026-03-07 00:46:47,245 - INFO - === ── PoW pair (server+client) ── ===
2026-03-07 00:46:47,245 - INFO - [WARN] Skipping PoW pair: DLL not found
2026-03-07 00:46:47,245 - INFO - === ── PoW combined (single DLL) ── ===
2026-03-07 00:46:47,245 - INFO - [WARN] Skipping pow combined: DLL not found
2026-03-07 00:46:47,246 - INFO - === ── DHCM ── ===
2026-03-07 00:46:47,246 - INFO - [PASS] DHCM SHA-256 OK
2026-03-07 00:46:47,246 - INFO - [PASS] DHCM Argon2id OK
2026-03-07 00:46:47,246 - INFO - [PASS] DHCM SHA3-256 OK
2026-03-07 00:46:47,246 - INFO - [PASS] DHCM MD5 OK
2026-03-07 00:46:47,246 - INFO - [PASS] DHCM MD2 OK
2026-03-07 00:46:47,246 - INFO - [PASS] DHCM: 5 passed
2026-03-07 00:46:47,246 - INFO - [PASS] All PoW+DHCM tests passed
2026-03-07 00:46:47,246 - INFO - [PASS] ALL TESTS PASSED
2026-03-07 00:59:43,545 - INFO - Successfully built pow
2026-03-07 00:59:45,702 - INFO - Successfully built dhcm
2026-03-07 00:59:45,907 - INFO - === Running 1 test suites... ===
2026-03-07 00:59:45,907 - INFO - -> Running script.test.main.pow
2026-03-07 00:59:45,907 - INFO - === === PoW + DHCM Main Tier Test === ===
2026-03-07 00:59:45,907 - INFO - === ── PoW pair (server+client) ── ===
2026-03-07 00:59:45,907 - INFO - -> Testing sha256 (d=1)...
2026-03-07 00:59:45,913 - INFO - [PASS] sha256 OK
2026-03-07 00:59:45,913 - INFO - -> Testing sha512 (d=1)...
2026-03-07 00:59:45,913 - INFO - [PASS] sha512 OK
2026-03-07 00:59:45,913 - INFO - -> Testing blake3 (d=1)...
2026-03-07 00:59:45,913 - INFO - [PASS] blake3 OK
2026-03-07 00:59:45,913 - INFO - -> Testing blake2b (d=1)...
2026-03-07 00:59:45,915 - INFO - [PASS] blake2b OK
2026-03-07 00:59:45,915 - INFO - -> Testing blake2s (d=1)...
2026-03-07 00:59:45,915 - INFO - [PASS] blake2s OK
2026-03-07 00:59:45,915 - INFO - -> Testing argon2id (d=1)...
2026-03-07 00:59:45,916 - INFO - [PASS] argon2id OK
2026-03-07 00:59:45,916 - INFO - -> Testing argon2i (d=1)...
2026-03-07 00:59:45,916 - INFO - [PASS] argon2i OK
2026-03-07 00:59:45,916 - INFO - -> Testing argon2d (d=1)...
2026-03-07 00:59:45,918 - INFO - [PASS] argon2d OK
2026-03-07 00:59:45,918 - INFO - -> Testing shake128 (d=1)...
2026-03-07 00:59:45,918 - INFO - [PASS] shake128 OK
2026-03-07 00:59:45,918 - INFO - -> Testing shake256 (d=1)...
2026-03-07 00:59:45,920 - INFO - [PASS] shake256 OK
2026-03-07 00:59:45,920 - INFO - -> Testing sha3_256 (d=1)...
2026-03-07 00:59:45,920 - INFO - [PASS] sha3_256 OK
2026-03-07 00:59:45,920 - INFO - -> Testing sha3_512 (d=1)...
2026-03-07 00:59:45,921 - INFO - [PASS] sha3_512 OK
2026-03-07 00:59:45,921 - INFO - -> Testing keccak_256 (d=1)...
2026-03-07 00:59:45,922 - INFO - [PASS] keccak_256 OK
2026-03-07 00:59:45,922 - INFO - -> Testing md5 (d=1)...
2026-03-07 00:59:45,922 - INFO - [PASS] md5 OK
2026-03-07 00:59:45,922 - INFO - -> Testing sha1 (d=1)...
2026-03-07 00:59:45,922 - INFO - [PASS] sha1 OK
2026-03-07 00:59:45,922 - INFO - -> Testing ripemd160 (d=1)...
2026-03-07 00:59:45,922 - INFO - [PASS] ripemd160 OK
2026-03-07 00:59:45,922 - INFO - -> Testing whirlpool (d=1)...
2026-03-07 00:59:45,922 - INFO - [PASS] whirlpool OK
2026-03-07 00:59:45,922 - INFO - -> Testing nt (d=1)...
2026-03-07 00:59:45,922 - INFO - [PASS] nt OK
2026-03-07 00:59:45,924 - INFO - -> Testing md2 (d=1)...
2026-03-07 00:59:45,924 - INFO - [PASS] md2 OK
2026-03-07 00:59:45,924 - INFO - -> Testing md4 (d=1)...
2026-03-07 00:59:45,924 - INFO - [PASS] md4 OK
2026-03-07 00:59:45,924 - INFO - -> Testing sha0 (d=1)...
2026-03-07 00:59:45,926 - INFO - [PASS] sha0 OK
2026-03-07 00:59:45,926 - INFO - -> Testing has160 (d=1)...
2026-03-07 00:59:45,927 - INFO - [PASS] has160 OK
2026-03-07 00:59:45,927 - INFO - -> Testing ripemd128 (d=1)...
2026-03-07 00:59:45,927 - INFO - [PASS] ripemd128 OK
2026-03-07 00:59:45,927 - INFO - -> Testing ripemd256 (d=1)...
2026-03-07 00:59:45,928 - INFO - [PASS] ripemd256 OK
2026-03-07 00:59:45,928 - INFO - -> Testing ripemd320 (d=1)...
2026-03-07 00:59:45,929 - INFO - [PASS] ripemd320 OK
2026-03-07 00:59:45,929 - INFO - -> Testing sha256 (d=4)...
2026-03-07 00:59:45,929 - INFO - [PASS] sha256 OK
2026-03-07 00:59:45,929 - INFO - -> Testing sha512 (d=4)...
2026-03-07 00:59:45,929 - INFO - [PASS] sha512 OK
2026-03-07 00:59:45,930 - INFO - -> Testing blake3 (d=4)...
2026-03-07 00:59:45,930 - INFO - [PASS] blake3 OK
2026-03-07 00:59:45,930 - INFO - -> Testing blake2b (d=4)...
2026-03-07 00:59:45,930 - INFO - [PASS] blake2b OK
2026-03-07 00:59:45,931 - INFO - -> Testing blake2s (d=4)...
2026-03-07 00:59:45,931 - INFO - [PASS] blake2s OK
2026-03-07 00:59:45,931 - INFO - -> Testing argon2id (d=4)...
2026-03-07 00:59:45,933 - INFO - [PASS] argon2id OK
2026-03-07 00:59:45,933 - INFO - -> Testing argon2i (d=4)...
2026-03-07 00:59:45,936 - INFO - [PASS] argon2i OK
2026-03-07 00:59:45,936 - INFO - -> Testing argon2d (d=4)...
2026-03-07 00:59:45,937 - INFO - [PASS] argon2d OK
2026-03-07 00:59:45,937 - INFO - -> Testing shake128 (d=4)...
2026-03-07 00:59:45,938 - INFO - [PASS] shake128 OK
2026-03-07 00:59:45,938 - INFO - -> Testing shake256 (d=4)...
2026-03-07 00:59:45,938 - INFO - [PASS] shake256 OK
2026-03-07 00:59:45,939 - INFO - -> Testing sha3_256 (d=4)...
2026-03-07 00:59:45,939 - INFO - [PASS] sha3_256 OK
2026-03-07 00:59:45,939 - INFO - -> Testing sha3_512 (d=4)...
2026-03-07 00:59:45,939 - INFO - [PASS] sha3_512 OK
2026-03-07 00:59:45,939 - INFO - -> Testing keccak_256 (d=4)...
2026-03-07 00:59:45,940 - INFO - [PASS] keccak_256 OK
2026-03-07 00:59:45,940 - INFO - -> Testing md5 (d=4)...
2026-03-07 00:59:45,940 - INFO - [PASS] md5 OK
2026-03-07 00:59:45,940 - INFO - -> Testing sha1 (d=4)...
2026-03-07 00:59:45,941 - INFO - [PASS] sha1 OK
2026-03-07 00:59:45,941 - INFO - -> Testing ripemd160 (d=4)...
2026-03-07 00:59:45,942 - INFO - [PASS] ripemd160 OK
2026-03-07 00:59:45,942 - INFO - -> Testing whirlpool (d=4)...
2026-03-07 00:59:45,942 - INFO - [PASS] whirlpool OK
2026-03-07 00:59:45,943 - INFO - -> Testing nt (d=4)...
2026-03-07 00:59:45,943 - INFO - [PASS] nt OK
2026-03-07 00:59:45,943 - INFO - -> Testing md2 (d=4)...
2026-03-07 00:59:45,943 - INFO - [PASS] md2 OK
2026-03-07 00:59:45,943 - INFO - -> Testing md4 (d=4)...
2026-03-07 00:59:45,944 - INFO - [PASS] md4 OK
2026-03-07 00:59:45,944 - INFO - -> Testing sha0 (d=4)...
2026-03-07 00:59:45,946 - INFO - [PASS] sha0 OK
2026-03-07 00:59:45,946 - INFO - -> Testing has160 (d=4)...
2026-03-07 00:59:45,947 - INFO - [PASS] has160 OK
2026-03-07 00:59:45,947 - INFO - -> Testing ripemd128 (d=4)...
2026-03-07 00:59:45,948 - INFO - [PASS] ripemd128 OK
2026-03-07 00:59:45,948 - INFO - -> Testing ripemd256 (d=4)...
2026-03-07 00:59:45,949 - INFO - [PASS] ripemd256 OK
2026-03-07 00:59:45,949 - INFO - -> Testing ripemd320 (d=4)...
2026-03-07 00:59:45,949 - INFO - [PASS] ripemd320 OK
2026-03-07 00:59:45,949 - INFO - === ── PoW combined (single DLL) ── ===
2026-03-07 00:59:45,950 - INFO - -> Testing sha256 (d=1)...
2026-03-07 00:59:45,950 - INFO - [PASS] sha256 OK
2026-03-07 00:59:45,950 - INFO - -> Testing sha512 (d=1)...
2026-03-07 00:59:45,951 - INFO - [PASS] sha512 OK
2026-03-07 00:59:45,951 - INFO - -> Testing blake3 (d=1)...
2026-03-07 00:59:45,952 - INFO - [PASS] blake3 OK
2026-03-07 00:59:45,952 - INFO - -> Testing blake2b (d=1)...
2026-03-07 00:59:45,952 - INFO - [PASS] blake2b OK
2026-03-07 00:59:45,952 - INFO - -> Testing blake2s (d=1)...
2026-03-07 00:59:45,953 - INFO - [PASS] blake2s OK
2026-03-07 00:59:45,953 - INFO - -> Testing argon2id (d=1)...
2026-03-07 00:59:45,953 - INFO - [PASS] argon2id OK
2026-03-07 00:59:45,953 - INFO - -> Testing argon2i (d=1)...
2026-03-07 00:59:45,954 - INFO - [PASS] argon2i OK
2026-03-07 00:59:45,954 - INFO - -> Testing argon2d (d=1)...
2026-03-07 00:59:45,954 - INFO - [PASS] argon2d OK
2026-03-07 00:59:45,955 - INFO - -> Testing shake128 (d=1)...
2026-03-07 00:59:45,955 - INFO - [PASS] shake128 OK
2026-03-07 00:59:45,955 - INFO - -> Testing shake256 (d=1)...
2026-03-07 00:59:45,956 - INFO - [PASS] shake256 OK
2026-03-07 00:59:45,956 - INFO - -> Testing sha3_256 (d=1)...
2026-03-07 00:59:45,958 - INFO - [PASS] sha3_256 OK
2026-03-07 00:59:45,958 - INFO - -> Testing sha3_512 (d=1)...
2026-03-07 00:59:45,959 - INFO - [PASS] sha3_512 OK
2026-03-07 00:59:45,959 - INFO - -> Testing keccak_256 (d=1)...
2026-03-07 00:59:45,960 - INFO - [PASS] keccak_256 OK
2026-03-07 00:59:45,960 - INFO - -> Testing md5 (d=1)...
2026-03-07 00:59:45,960 - INFO - [PASS] md5 OK
2026-03-07 00:59:45,960 - INFO - -> Testing sha1 (d=1)...
2026-03-07 00:59:45,961 - INFO - [PASS] sha1 OK
2026-03-07 00:59:45,961 - INFO - -> Testing ripemd160 (d=1)...
2026-03-07 00:59:45,961 - INFO - [PASS] ripemd160 OK
2026-03-07 00:59:45,962 - INFO - -> Testing whirlpool (d=1)...
2026-03-07 00:59:45,962 - INFO - [PASS] whirlpool OK
2026-03-07 00:59:45,962 - INFO - -> Testing nt (d=1)...
2026-03-07 00:59:45,963 - INFO - [PASS] nt OK
2026-03-07 00:59:45,963 - INFO - -> Testing md2 (d=1)...
2026-03-07 00:59:45,963 - INFO - [PASS] md2 OK
2026-03-07 00:59:45,964 - INFO - -> Testing md4 (d=1)...
2026-03-07 00:59:45,964 - INFO - [PASS] md4 OK
2026-03-07 00:59:45,964 - INFO - -> Testing sha0 (d=1)...
2026-03-07 00:59:45,964 - INFO - [PASS] sha0 OK
2026-03-07 00:59:45,964 - INFO - -> Testing has160 (d=1)...
2026-03-07 00:59:45,964 - INFO - [PASS] has160 OK
2026-03-07 00:59:45,964 - INFO - -> Testing ripemd128 (d=1)...
2026-03-07 00:59:45,966 - INFO - [PASS] ripemd128 OK
2026-03-07 00:59:45,966 - INFO - -> Testing ripemd256 (d=1)...
2026-03-07 00:59:45,966 - INFO - [PASS] ripemd256 OK
2026-03-07 00:59:45,966 - INFO - -> Testing ripemd320 (d=1)...
2026-03-07 00:59:45,966 - INFO - [PASS] ripemd320 OK
2026-03-07 00:59:45,966 - INFO - -> Testing sha256 (d=4)...
2026-03-07 00:59:45,967 - INFO - [PASS] sha256 OK
2026-03-07 00:59:45,967 - INFO - -> Testing sha512 (d=4)...
2026-03-07 00:59:45,968 - INFO - [PASS] sha512 OK
2026-03-07 00:59:45,968 - INFO - -> Testing blake3 (d=4)...
2026-03-07 00:59:45,968 - INFO - [PASS] blake3 OK
2026-03-07 00:59:45,968 - INFO - -> Testing blake2b (d=4)...
2026-03-07 00:59:45,968 - INFO - [PASS] blake2b OK
2026-03-07 00:59:45,969 - INFO - -> Testing blake2s (d=4)...
2026-03-07 00:59:45,969 - INFO - [PASS] blake2s OK
2026-03-07 00:59:45,970 - INFO - -> Testing argon2id (d=4)...
2026-03-07 00:59:45,973 - INFO - [PASS] argon2id OK
2026-03-07 00:59:45,973 - INFO - -> Testing argon2i (d=4)...
2026-03-07 00:59:45,975 - INFO - [PASS] argon2i OK
2026-03-07 00:59:45,975 - INFO - -> Testing argon2d (d=4)...
2026-03-07 00:59:45,976 - INFO - [PASS] argon2d OK
2026-03-07 00:59:45,976 - INFO - -> Testing shake128 (d=4)...
2026-03-07 00:59:45,976 - INFO - [PASS] shake128 OK
2026-03-07 00:59:45,976 - INFO - -> Testing shake256 (d=4)...
2026-03-07 00:59:45,977 - INFO - [PASS] shake256 OK
2026-03-07 00:59:45,977 - INFO - -> Testing sha3_256 (d=4)...
2026-03-07 00:59:45,977 - INFO - [PASS] sha3_256 OK
2026-03-07 00:59:45,977 - INFO - -> Testing sha3_512 (d=4)...
2026-03-07 00:59:45,978 - INFO - [PASS] sha3_512 OK
2026-03-07 00:59:45,978 - INFO - -> Testing keccak_256 (d=4)...
2026-03-07 00:59:45,978 - INFO - [PASS] keccak_256 OK
2026-03-07 00:59:45,978 - INFO - -> Testing md5 (d=4)...
2026-03-07 00:59:45,978 - INFO - [PASS] md5 OK
2026-03-07 00:59:45,978 - INFO - -> Testing sha1 (d=4)...
2026-03-07 00:59:45,979 - INFO - [PASS] sha1 OK
2026-03-07 00:59:45,979 - INFO - -> Testing ripemd160 (d=4)...
2026-03-07 00:59:45,980 - INFO - [PASS] ripemd160 OK
2026-03-07 00:59:45,980 - INFO - -> Testing whirlpool (d=4)...
2026-03-07 00:59:45,980 - INFO - [PASS] whirlpool OK
2026-03-07 00:59:45,980 - INFO - -> Testing nt (d=4)...
2026-03-07 00:59:45,982 - INFO - [PASS] nt OK
2026-03-07 00:59:45,982 - INFO - -> Testing md2 (d=4)...
2026-03-07 00:59:45,983 - INFO - [PASS] md2 OK
2026-03-07 00:59:45,983 - INFO - -> Testing md4 (d=4)...
2026-03-07 00:59:45,983 - INFO - [PASS] md4 OK
2026-03-07 00:59:45,983 - INFO - -> Testing sha0 (d=4)...
2026-03-07 00:59:45,984 - INFO - [PASS] sha0 OK
2026-03-07 00:59:45,984 - INFO - -> Testing has160 (d=4)...
2026-03-07 00:59:45,984 - INFO - [PASS] has160 OK
2026-03-07 00:59:45,984 - INFO - -> Testing ripemd128 (d=4)...
2026-03-07 00:59:45,985 - INFO - [PASS] ripemd128 OK
2026-03-07 00:59:45,985 - INFO - -> Testing ripemd256 (d=4)...
2026-03-07 00:59:45,985 - INFO - [PASS] ripemd256 OK
2026-03-07 00:59:45,985 - INFO - -> Testing ripemd320 (d=4)...
2026-03-07 00:59:45,986 - INFO - [PASS] ripemd320 OK
2026-03-07 00:59:45,986 - INFO - === ── DHCM ── ===
2026-03-07 00:59:45,987 - INFO - [PASS] DHCM SHA-256 OK
2026-03-07 00:59:45,987 - INFO - [PASS] DHCM Argon2id OK
2026-03-07 00:59:45,987 - INFO - [PASS] DHCM SHA3-256 OK
2026-03-07 00:59:45,987 - INFO - [PASS] DHCM MD5 OK
2026-03-07 00:59:45,988 - INFO - [PASS] DHCM MD2 OK
2026-03-07 00:59:45,988 - INFO - [PASS] DHCM: 5 passed
2026-03-07 00:59:45,988 - INFO - [PASS] All PoW+DHCM tests passed
2026-03-07 00:59:45,988 - INFO - [PASS] ALL TESTS PASSED
