2026-03-01 03:39:02,299 - INFO - Successfully built primitive_fast
2026-03-01 03:39:02,457 - INFO - Successfully built primitive_memory_hard
2026-03-01 03:39:02,628 - INFO - Successfully built primitive_sponge_xof
2026-03-01 03:39:02,793 - INFO - Successfully built legacy_alive
2026-03-01 03:39:02,991 - INFO - Successfully built legacy_unsafe
2026-03-01 03:39:02,991 - INFO - === Running 5 test suites... ===
2026-03-01 03:39:02,991 - INFO - -> Running script.test.partial.dhcm.primitive_fast
2026-03-01 03:39:02,991 - INFO - -> Loading /Users/runner/work/NextSSL/NextSSL/bin/mac/partial/dhcm/primitive_fast.dylib
2026-03-01 03:39:02,992 - INFO - [PASS] DLL Loaded
2026-03-01 03:39:02,992 - INFO - -> Testing SHA-256 Cost
2026-03-01 03:39:02,992 - INFO - [PASS] SHA-256 Cost (64B)
2026-03-01 03:39:02,992 - INFO - [INFO] SHA-256.algo: SHA-256
2026-03-01 03:39:02,992 - INFO - [INFO] SHA-256.wu_per_eval: 2000
2026-03-01 03:39:02,992 - INFO - [INFO] SHA-256.mu_per_eval: 1
2026-03-01 03:39:02,992 - INFO - [INFO] SHA-256.expected_trials: 1.0
2026-03-01 03:39:02,992 - INFO - [INFO] SHA-256.total_wu: 2000
2026-03-01 03:39:02,992 - INFO - -> Testing Target-Based Difficulty (20 bits)
2026-03-01 03:39:02,992 - INFO - [PASS] Target Difficulty (20 bits)
2026-03-01 03:39:02,992 - INFO - [INFO] TargetDiff.algo: SHA-256
2026-03-01 03:39:02,992 - INFO - [INFO] TargetDiff.wu_per_eval: 2000
2026-03-01 03:39:02,992 - INFO - [INFO] TargetDiff.mu_per_eval: 1
2026-03-01 03:39:02,992 - INFO - [INFO] TargetDiff.expected_trials: 1048576.0
2026-03-01 03:39:02,992 - INFO - [INFO] TargetDiff.total_wu: 2097152000
2026-03-01 03:39:02,992 - INFO - [PASS] DHCM Fast: 2 passed
2026-03-01 03:39:02,992 - INFO - -> Running script.test.partial.dhcm.primitive_memory_hard
2026-03-01 03:39:02,993 - INFO - -> Loading /Users/runner/work/NextSSL/NextSSL/bin/mac/partial/dhcm/primitive_memory_hard.dylib
2026-03-01 03:39:02,993 - INFO - [PASS] DLL Loaded
2026-03-01 03:39:02,993 - INFO - -> Testing Argon2id (Low Memory)
2026-03-01 03:39:02,993 - INFO - [PASS] Argon2id Low Mem
2026-03-01 03:39:02,993 - INFO - [INFO] Argon2id_Low.algo: Argon2id
2026-03-01 03:39:02,993 - INFO - [INFO] Argon2id_Low.wu: 9830400
2026-03-01 03:39:02,993 - INFO - [INFO] Argon2id_Low.mu: 4096
2026-03-01 03:39:02,993 - INFO - -> Testing Argon2id (High Memory)
2026-03-01 03:39:02,993 - INFO - [PASS] Argon2id High Mem
2026-03-01 03:39:02,993 - INFO - [INFO] Argon2id_High.algo: Argon2id
2026-03-01 03:39:02,993 - INFO - [INFO] Argon2id_High.wu: 629145600
2026-03-01 03:39:02,993 - INFO - [INFO] Argon2id_High.mu: 65536
2026-03-01 03:39:02,993 - INFO - [PASS] DHCM MemHard: 2 passed
2026-03-01 03:39:02,993 - INFO - -> Running script.test.partial.dhcm.primitive_sponge_xof
2026-03-01 03:39:02,994 - INFO - -> Loading /Users/runner/work/NextSSL/NextSSL/bin/mac/partial/dhcm/primitive_sponge_xof.dylib
2026-03-01 03:39:02,994 - INFO - [PASS] DLL Loaded
2026-03-01 03:39:02,994 - INFO - -> Testing SHA3-256 (64B)
2026-03-01 03:39:02,994 - INFO - [PASS] SHA3-256 (64B)
2026-03-01 03:39:02,994 - INFO - [INFO] SHA3_256.algo: SHA3-256
2026-03-01 03:39:02,994 - INFO - [INFO] SHA3_256.wu: 1500
2026-03-01 03:39:02,994 - INFO - -> Testing SHAKE-128 (200B Output)
2026-03-01 03:39:02,994 - INFO - [PASS] SHAKE-128 (200B)
2026-03-01 03:39:02,994 - INFO - [INFO] SHAKE128.algo: SHAKE-128
2026-03-01 03:39:02,994 - INFO - [INFO] SHAKE128.wu: 2800
2026-03-01 03:39:02,994 - INFO - [PASS] DHCM Sponge: 2 passed
2026-03-01 03:39:02,994 - INFO - -> Running script.test.partial.dhcm.legacy_alive
2026-03-01 03:39:02,994 - INFO - -> Loading /Users/runner/work/NextSSL/NextSSL/bin/mac/partial/dhcm/legacy_alive.dylib
2026-03-01 03:39:02,995 - INFO - [PASS] DLL Loaded
2026-03-01 03:39:02,995 - INFO - -> Testing MD5
2026-03-01 03:39:02,995 - INFO - [PASS] MD5 (32B)
2026-03-01 03:39:02,995 - INFO - -> Testing SHA-1
2026-03-01 03:39:02,995 - INFO - [PASS] SHA-1 (32B)
2026-03-01 03:39:02,995 - INFO - [PASS] DHCM Legacy Alive: 2 passed
2026-03-01 03:39:02,995 - INFO - -> Running script.test.partial.dhcm.legacy_unsafe
2026-03-01 03:39:02,995 - INFO - -> Loading /Users/runner/work/NextSSL/NextSSL/bin/mac/partial/dhcm/legacy_unsafe.dylib
2026-03-01 03:39:02,995 - INFO - [PASS] DLL Loaded
2026-03-01 03:39:02,995 - INFO - -> Testing MD2
2026-03-01 03:39:02,995 - INFO - [PASS] MD2 (16B)
2026-03-01 03:39:02,995 - INFO - -> Testing MD4
2026-03-01 03:39:02,995 - INFO - [PASS] MD4 (32B)
2026-03-01 03:39:02,995 - INFO - [PASS] DHCM Legacy Unsafe: 2 passed
2026-03-01 03:39:02,995 - INFO - [PASS] ALL TESTS PASSED
2026-03-01 23:09:37,040 - INFO - Successfully built primitive_fast
2026-03-01 23:09:37,190 - INFO - Successfully built primitive_memory_hard
2026-03-01 23:09:37,363 - INFO - Successfully built primitive_sponge_xof
2026-03-01 23:09:37,527 - INFO - Successfully built legacy_alive
2026-03-01 23:09:37,748 - INFO - Successfully built legacy_unsafe
2026-03-01 23:09:37,749 - INFO - === Running 5 test suites... ===
2026-03-01 23:09:37,749 - INFO - -> Running script.test.partial.dhcm.primitive_fast
2026-03-01 23:09:37,749 - INFO - -> Loading /Users/runner/work/NextSSL/NextSSL/bin/mac/partial/dhcm/primitive_fast.dylib
2026-03-01 23:09:37,750 - INFO - [PASS] DLL Loaded
2026-03-01 23:09:37,750 - INFO - -> Testing SHA-256 Cost
2026-03-01 23:09:37,750 - INFO - [PASS] SHA-256 Cost (64B)
2026-03-01 23:09:37,750 - INFO - [INFO] SHA-256.algo: SHA-256
2026-03-01 23:09:37,750 - INFO - [INFO] SHA-256.wu_per_eval: 2000
2026-03-01 23:09:37,750 - INFO - [INFO] SHA-256.mu_per_eval: 1
2026-03-01 23:09:37,750 - INFO - [INFO] SHA-256.expected_trials: 1.0
2026-03-01 23:09:37,750 - INFO - [INFO] SHA-256.total_wu: 2000
2026-03-01 23:09:37,750 - INFO - -> Testing Target-Based Difficulty (20 bits)
2026-03-01 23:09:37,750 - INFO - [PASS] Target Difficulty (20 bits)
2026-03-01 23:09:37,750 - INFO - [INFO] TargetDiff.algo: SHA-256
2026-03-01 23:09:37,750 - INFO - [INFO] TargetDiff.wu_per_eval: 2000
2026-03-01 23:09:37,750 - INFO - [INFO] TargetDiff.mu_per_eval: 1
2026-03-01 23:09:37,750 - INFO - [INFO] TargetDiff.expected_trials: 1048576.0
2026-03-01 23:09:37,750 - INFO - [INFO] TargetDiff.total_wu: 2097152000
2026-03-01 23:09:37,750 - INFO - [PASS] DHCM Fast: 2 passed
2026-03-01 23:09:37,750 - INFO - -> Running script.test.partial.dhcm.primitive_memory_hard
2026-03-01 23:09:37,750 - INFO - -> Loading /Users/runner/work/NextSSL/NextSSL/bin/mac/partial/dhcm/primitive_memory_hard.dylib
2026-03-01 23:09:37,751 - INFO - [PASS] DLL Loaded
2026-03-01 23:09:37,751 - INFO - -> Testing Argon2id (Low Memory)
2026-03-01 23:09:37,751 - INFO - [PASS] Argon2id Low Mem
2026-03-01 23:09:37,751 - INFO - [INFO] Argon2id_Low.algo: Argon2id
2026-03-01 23:09:37,751 - INFO - [INFO] Argon2id_Low.wu: 9830400
2026-03-01 23:09:37,751 - INFO - [INFO] Argon2id_Low.mu: 4096
2026-03-01 23:09:37,751 - INFO - -> Testing Argon2id (High Memory)
2026-03-01 23:09:37,751 - INFO - [PASS] Argon2id High Mem
2026-03-01 23:09:37,751 - INFO - [INFO] Argon2id_High.algo: Argon2id
2026-03-01 23:09:37,751 - INFO - [INFO] Argon2id_High.wu: 629145600
2026-03-01 23:09:37,751 - INFO - [INFO] Argon2id_High.mu: 65536
2026-03-01 23:09:37,751 - INFO - [PASS] DHCM MemHard: 2 passed
2026-03-01 23:09:37,751 - INFO - -> Running script.test.partial.dhcm.primitive_sponge_xof
2026-03-01 23:09:37,751 - INFO - -> Loading /Users/runner/work/NextSSL/NextSSL/bin/mac/partial/dhcm/primitive_sponge_xof.dylib
2026-03-01 23:09:37,752 - INFO - [PASS] DLL Loaded
2026-03-01 23:09:37,752 - INFO - -> Testing SHA3-256 (64B)
2026-03-01 23:09:37,752 - INFO - [PASS] SHA3-256 (64B)
2026-03-01 23:09:37,752 - INFO - [INFO] SHA3_256.algo: SHA3-256
2026-03-01 23:09:37,752 - INFO - [INFO] SHA3_256.wu: 1500
2026-03-01 23:09:37,752 - INFO - -> Testing SHAKE-128 (200B Output)
2026-03-01 23:09:37,752 - INFO - [PASS] SHAKE-128 (200B)
2026-03-01 23:09:37,752 - INFO - [INFO] SHAKE128.algo: SHAKE-128
2026-03-01 23:09:37,752 - INFO - [INFO] SHAKE128.wu: 2800
2026-03-01 23:09:37,752 - INFO - [PASS] DHCM Sponge: 2 passed
2026-03-01 23:09:37,752 - INFO - -> Running script.test.partial.dhcm.legacy_alive
2026-03-01 23:09:37,752 - INFO - -> Loading /Users/runner/work/NextSSL/NextSSL/bin/mac/partial/dhcm/legacy_alive.dylib
2026-03-01 23:09:37,753 - INFO - [PASS] DLL Loaded
2026-03-01 23:09:37,753 - INFO - -> Testing MD5
2026-03-01 23:09:37,753 - INFO - [PASS] MD5 (32B)
2026-03-01 23:09:37,753 - INFO - -> Testing SHA-1
2026-03-01 23:09:37,753 - INFO - [PASS] SHA-1 (32B)
2026-03-01 23:09:37,753 - INFO - [PASS] DHCM Legacy Alive: 2 passed
2026-03-01 23:09:37,753 - INFO - -> Running script.test.partial.dhcm.legacy_unsafe
2026-03-01 23:09:37,753 - INFO - -> Loading /Users/runner/work/NextSSL/NextSSL/bin/mac/partial/dhcm/legacy_unsafe.dylib
2026-03-01 23:09:37,753 - INFO - [PASS] DLL Loaded
2026-03-01 23:09:37,753 - INFO - -> Testing MD2
2026-03-01 23:09:37,753 - INFO - [PASS] MD2 (16B)
2026-03-01 23:09:37,754 - INFO - -> Testing MD4
2026-03-01 23:09:37,754 - INFO - [PASS] MD4 (32B)
2026-03-01 23:09:37,754 - INFO - [PASS] DHCM Legacy Unsafe: 2 passed
2026-03-01 23:09:37,754 - INFO - [PASS] ALL TESTS PASSED
2026-03-02 19:34:57,012 - INFO - Successfully built primitive_fast
2026-03-02 19:34:57,158 - INFO - Successfully built primitive_memory_hard
2026-03-02 19:34:57,341 - INFO - Successfully built primitive_sponge_xof
2026-03-02 19:34:57,511 - INFO - Successfully built legacy_alive
2026-03-02 19:34:57,707 - INFO - Successfully built legacy_unsafe
2026-03-02 19:34:57,708 - INFO - === Running 5 test suites... ===
2026-03-02 19:34:57,708 - INFO - -> Running script.test.partial.dhcm.primitive_fast
2026-03-02 19:34:57,708 - INFO - -> Loading /Users/runner/work/NextSSL/NextSSL/bin/mac/partial/dhcm/primitive_fast.dylib
2026-03-02 19:34:57,709 - INFO - [PASS] DLL Loaded
2026-03-02 19:34:57,709 - INFO - -> Testing SHA-256 Cost
2026-03-02 19:34:57,709 - INFO - [PASS] SHA-256 Cost (64B)
2026-03-02 19:34:57,709 - INFO - [INFO] SHA-256.algo: SHA-256
2026-03-02 19:34:57,709 - INFO - [INFO] SHA-256.wu_per_eval: 2000
2026-03-02 19:34:57,709 - INFO - [INFO] SHA-256.mu_per_eval: 1
2026-03-02 19:34:57,709 - INFO - [INFO] SHA-256.expected_trials: 1.0
2026-03-02 19:34:57,709 - INFO - [INFO] SHA-256.total_wu: 2000
2026-03-02 19:34:57,709 - INFO - -> Testing Target-Based Difficulty (20 bits)
2026-03-02 19:34:57,709 - INFO - [PASS] Target Difficulty (20 bits)
2026-03-02 19:34:57,709 - INFO - [INFO] TargetDiff.algo: SHA-256
2026-03-02 19:34:57,709 - INFO - [INFO] TargetDiff.wu_per_eval: 2000
2026-03-02 19:34:57,709 - INFO - [INFO] TargetDiff.mu_per_eval: 1
2026-03-02 19:34:57,709 - INFO - [INFO] TargetDiff.expected_trials: 1048576.0
2026-03-02 19:34:57,709 - INFO - [INFO] TargetDiff.total_wu: 2097152000
2026-03-02 19:34:57,710 - INFO - [PASS] DHCM Fast: 2 passed
2026-03-02 19:34:57,710 - INFO - -> Running script.test.partial.dhcm.primitive_memory_hard
2026-03-02 19:34:57,710 - INFO - -> Loading /Users/runner/work/NextSSL/NextSSL/bin/mac/partial/dhcm/primitive_memory_hard.dylib
2026-03-02 19:34:57,710 - INFO - [PASS] DLL Loaded
2026-03-02 19:34:57,710 - INFO - -> Testing Argon2id (Low Memory)
2026-03-02 19:34:57,710 - INFO - [PASS] Argon2id Low Mem
2026-03-02 19:34:57,710 - INFO - [INFO] Argon2id_Low.algo: Argon2id
2026-03-02 19:34:57,710 - INFO - [INFO] Argon2id_Low.wu: 9830400
2026-03-02 19:34:57,710 - INFO - [INFO] Argon2id_Low.mu: 4096
2026-03-02 19:34:57,710 - INFO - -> Testing Argon2id (High Memory)
2026-03-02 19:34:57,710 - INFO - [PASS] Argon2id High Mem
2026-03-02 19:34:57,711 - INFO - [INFO] Argon2id_High.algo: Argon2id
2026-03-02 19:34:57,711 - INFO - [INFO] Argon2id_High.wu: 629145600
2026-03-02 19:34:57,711 - INFO - [INFO] Argon2id_High.mu: 65536
2026-03-02 19:34:57,711 - INFO - [PASS] DHCM MemHard: 2 passed
2026-03-02 19:34:57,711 - INFO - -> Running script.test.partial.dhcm.primitive_sponge_xof
2026-03-02 19:34:57,711 - INFO - -> Loading /Users/runner/work/NextSSL/NextSSL/bin/mac/partial/dhcm/primitive_sponge_xof.dylib
2026-03-02 19:34:57,712 - INFO - [PASS] DLL Loaded
2026-03-02 19:34:57,712 - INFO - -> Testing SHA3-256 (64B)
2026-03-02 19:34:57,712 - INFO - [PASS] SHA3-256 (64B)
2026-03-02 19:34:57,712 - INFO - [INFO] SHA3_256.algo: SHA3-256
2026-03-02 19:34:57,712 - INFO - [INFO] SHA3_256.wu: 1500
2026-03-02 19:34:57,712 - INFO - -> Testing SHAKE-128 (200B Output)
2026-03-02 19:34:57,712 - INFO - [PASS] SHAKE-128 (200B)
2026-03-02 19:34:57,712 - INFO - [INFO] SHAKE128.algo: SHAKE-128
2026-03-02 19:34:57,712 - INFO - [INFO] SHAKE128.wu: 2800
2026-03-02 19:34:57,712 - INFO - [PASS] DHCM Sponge: 2 passed
2026-03-02 19:34:57,712 - INFO - -> Running script.test.partial.dhcm.legacy_alive
2026-03-02 19:34:57,712 - INFO - -> Loading /Users/runner/work/NextSSL/NextSSL/bin/mac/partial/dhcm/legacy_alive.dylib
2026-03-02 19:34:57,713 - INFO - [PASS] DLL Loaded
2026-03-02 19:34:57,713 - INFO - -> Testing MD5
2026-03-02 19:34:57,713 - INFO - [PASS] MD5 (32B)
2026-03-02 19:34:57,713 - INFO - -> Testing SHA-1
2026-03-02 19:34:57,713 - INFO - [PASS] SHA-1 (32B)
2026-03-02 19:34:57,713 - INFO - [PASS] DHCM Legacy Alive: 2 passed
2026-03-02 19:34:57,713 - INFO - -> Running script.test.partial.dhcm.legacy_unsafe
2026-03-02 19:34:57,713 - INFO - -> Loading /Users/runner/work/NextSSL/NextSSL/bin/mac/partial/dhcm/legacy_unsafe.dylib
2026-03-02 19:34:57,713 - INFO - [PASS] DLL Loaded
2026-03-02 19:34:57,713 - INFO - -> Testing MD2
2026-03-02 19:34:57,713 - INFO - [PASS] MD2 (16B)
2026-03-02 19:34:57,713 - INFO - -> Testing MD4
2026-03-02 19:34:57,713 - INFO - [PASS] MD4 (32B)
2026-03-02 19:34:57,713 - INFO - [PASS] DHCM Legacy Unsafe: 2 passed
2026-03-02 19:34:57,713 - INFO - [PASS] ALL TESTS PASSED
