-- The C compiler identification is Clang 19.1.7
-- Detecting C compiler ABI info
-- Detecting C compiler ABI info - done
-- Check for working C compiler: /home/runner/.cache/nextssl-tools/zig/zig-linux-x86_64-0.14.0/zig - skipped
-- Detecting C compile features
-- Detecting C compile features - done
-- NextSSL build configuration:
--   Type        : Release
--   Shared lib  : ON
--   ML-KEM      : ON
--   ML-DSA      : ON
--   Falcon      : ON
--   HQC         : ON
--   McEliece    : ON
--   SPHINCS+    : ON
--   GmSSL       : OFF
--   Ed448/X448  : ON
--   Balloon     : ON (always)
--   Pomelo      : ON (always)
--   Makwa       : ON (always)
-- Configuring done (0.9s)
-- Generating done (0.1s)
-- Build files have been written to: /home/runner/work/NextSSL/NextSSL/.ci_build/linux-musl/armv7

==============================================================================
CMD: cmake -S /home/runner/work/NextSSL/NextSSL -B /home/runner/work/NextSSL/NextSSL/.ci_build/linux-musl/armv7 -G Ninja -DCMAKE_BUILD_TYPE=Release -DNEXTSSL_SHARED=ON -DNEXTSSL_OUTPUT_ARCH=armv7 -DCMAKE_RUNTIME_OUTPUT_DIRECTORY=/home/runner/work/NextSSL/NextSSL/bin/linux-musl/armv7 -DCMAKE_LIBRARY_OUTPUT_DIRECTORY=/home/runner/work/NextSSL/NextSSL/bin/linux-musl/armv7 -DCMAKE_ARCHIVE_OUTPUT_DIRECTORY=/home/runner/work/NextSSL/NextSSL/bin/linux-musl/armv7 -DCMAKE_C_COMPILER_LAUNCHER=/usr/bin/ccache -DCMAKE_CXX_COMPILER_LAUNCHER=/usr/bin/ccache -DCMAKE_SYSTEM_NAME=Linux -DCMAKE_SYSTEM_PROCESSOR=armv7 -DCMAKE_C_COMPILER=/home/runner/.cache/nextssl-tools/zig/zig-linux-x86_64-0.14.0/zig -DCMAKE_C_COMPILER_ARG1=cc -DCMAKE_C_COMPILER_TARGET=arm-linux-musleabihf -DCMAKE_TRY_COMPILE_TARGET_TYPE=STATIC_LIBRARY
CWD: /home/runner/work/NextSSL/NextSSL
==============================================================================

