2026-03-01 08:57:04,803 - INFO - Successfully built dhcm_primitive
2026-03-01 08:57:05,119 - INFO - Successfully built dhcm_legacy
2026-03-01 08:57:05,120 - INFO - === Running 2 test suites... ===
2026-03-01 08:57:05,120 - INFO - -> Running script.test.base.dhcm_primitive_main
2026-03-01 08:57:05,120 - INFO - -> Loading /Users/runner/work/NextSSL/NextSSL/bin/mac/base/dhcm_primitive.dylib
2026-03-01 08:57:05,121 - INFO - [PASS] DLL Loaded
2026-03-01 08:57:05,121 - INFO - [PASS] SHA-256 OK
2026-03-01 08:57:05,121 - INFO - [PASS] Argon2id OK
2026-03-01 08:57:05,121 - INFO - [PASS] SHA3-256 OK
2026-03-01 08:57:05,121 - INFO - [PASS] DHCM Base Primitive: 3 passed
2026-03-01 08:57:05,121 - INFO - -> Running script.test.base.dhcm_legacy_main
2026-03-01 08:57:05,121 - INFO - -> Loading /Users/runner/work/NextSSL/NextSSL/bin/mac/base/dhcm_legacy.dylib
2026-03-01 08:57:05,121 - INFO - [PASS] DLL Loaded
2026-03-01 08:57:05,122 - INFO - [PASS] MD5 OK
2026-03-01 08:57:05,122 - INFO - [PASS] MD2 OK
2026-03-01 08:57:05,122 - INFO - [PASS] DHCM Base Legacy: 2 passed
2026-03-01 08:57:05,122 - INFO - [PASS] ALL TESTS PASSED
2026-03-01 23:10:12,529 - INFO - Successfully built dhcm_primitive
2026-03-01 23:10:12,744 - INFO - Successfully built dhcm_legacy
2026-03-01 23:10:12,745 - INFO - === Running 2 test suites... ===
2026-03-01 23:10:12,745 - INFO - -> Running script.test.base.dhcm_primitive_main
2026-03-01 23:10:12,745 - INFO - -> Loading /Users/runner/work/NextSSL/NextSSL/bin/mac/base/dhcm_primitive.dylib
2026-03-01 23:10:12,745 - INFO - [PASS] DLL Loaded
2026-03-01 23:10:12,745 - INFO - [PASS] SHA-256 OK
2026-03-01 23:10:12,746 - INFO - [PASS] Argon2id OK
2026-03-01 23:10:12,746 - INFO - [PASS] SHA3-256 OK
2026-03-01 23:10:12,746 - INFO - [PASS] DHCM Base Primitive: 3 passed
2026-03-01 23:10:12,746 - INFO - -> Running script.test.base.dhcm_legacy_main
2026-03-01 23:10:12,746 - INFO - -> Loading /Users/runner/work/NextSSL/NextSSL/bin/mac/base/dhcm_legacy.dylib
2026-03-01 23:10:12,746 - INFO - [PASS] DLL Loaded
2026-03-01 23:10:12,746 - INFO - [PASS] MD5 OK
2026-03-01 23:10:12,746 - INFO - [PASS] MD2 OK
2026-03-01 23:10:12,746 - INFO - [PASS] DHCM Base Legacy: 2 passed
2026-03-01 23:10:12,746 - INFO - [PASS] ALL TESTS PASSED
2026-03-02 19:35:51,533 - INFO - Successfully built dhcm_primitive
2026-03-02 19:35:51,936 - INFO - Successfully built dhcm_legacy
2026-03-02 19:35:51,936 - INFO - === Running 2 test suites... ===
2026-03-02 19:35:51,936 - INFO - -> Running script.test.base.dhcm_primitive_main
2026-03-02 19:35:51,936 - INFO - -> Loading /Users/runner/work/NextSSL/NextSSL/bin/mac/base/dhcm_primitive.dylib
2026-03-02 19:35:51,937 - INFO - [PASS] DLL Loaded
2026-03-02 19:35:51,937 - INFO - [PASS] SHA-256 OK
2026-03-02 19:35:51,937 - INFO - [PASS] Argon2id OK
2026-03-02 19:35:51,937 - INFO - [PASS] SHA3-256 OK
2026-03-02 19:35:51,937 - INFO - [PASS] DHCM Base Primitive: 3 passed
2026-03-02 19:35:51,937 - INFO - -> Running script.test.base.dhcm_legacy_main
2026-03-02 19:35:51,937 - INFO - -> Loading /Users/runner/work/NextSSL/NextSSL/bin/mac/base/dhcm_legacy.dylib
2026-03-02 19:35:51,938 - INFO - [PASS] DLL Loaded
2026-03-02 19:35:51,938 - INFO - [PASS] MD5 OK
2026-03-02 19:35:51,938 - INFO - [PASS] MD2 OK
2026-03-02 19:35:51,938 - INFO - [PASS] DHCM Base Legacy: 2 passed
2026-03-02 19:35:51,938 - INFO - [PASS] ALL TESTS PASSED
