[1/855] Building C object CMakeFiles/nextssl.dir/src/common/encoding/base32.c.o
[2/855] Building C object CMakeFiles/nextssl.dir/src/common/encoding/base16.c.o
[3/855] Building C object CMakeFiles/nextssl.dir/src/common/encoding/base64.c.o
[4/855] Building C object CMakeFiles/nextssl.dir/src/common/encoding/base58.c.o
[5/855] Building C object CMakeFiles/nextssl.dir/src/common/encoding/base64url.c.o
[6/855] Building C object CMakeFiles/nextssl.dir/src/common/encoding/radix_common.c.o
[7/855] Building C object CMakeFiles/nextssl.dir/src/common/encoding/ff70.c.o
[8/855] Building C object CMakeFiles/nextssl.dir/src/common/encoding/hex.c.o
[9/855] Building C object CMakeFiles/nextssl.dir/src/common/sanitizer/nextssl_sanitizer.c.o
[10/855] Building C object CMakeFiles/nextssl.dir/src/hash/adapters/argon2_adapter.c.o
[11/855] Building C object CMakeFiles/nextssl.dir/src/hash/adapters/argon2d_adapter.c.o
[12/855] Building C object CMakeFiles/nextssl.dir/src/hash/adapters/argon2i_adapter.c.o
[13/855] Building C object CMakeFiles/nextssl.dir/src/hash/adapters/argon2id_adapter.c.o
[14/855] Building C object CMakeFiles/nextssl.dir/src/hash/adapters/balloon_adapter.c.o
[15/855] Building C object CMakeFiles/nextssl.dir/src/hash/adapters/catena_adapter.c.o
[16/855] Building C object CMakeFiles/nextssl.dir/src/hash/adapters/bcrypt_adapter.c.o
[17/855] Building C object CMakeFiles/nextssl.dir/src/hash/adapters/makwa_adapter.c.o
[18/855] Building C object CMakeFiles/nextssl.dir/src/hash/adapters/lyra2_adapter.c.o
[19/855] Building C object CMakeFiles/nextssl.dir/src/hash/adapters/pomelo_adapter.c.o
[20/855] Building C object CMakeFiles/nextssl.dir/src/hash/adapters/plain_hash_adapter.c.o
[21/855] Building C object CMakeFiles/nextssl.dir/src/hash/adapters/scrypt_adapter.c.o
[22/855] Building C object CMakeFiles/nextssl.dir/src/hash/adapters/yescrypt_adapter.c.o
[23/855] Building C object CMakeFiles/nextssl.dir/src/hash/blake/blake3_dispatch.c.o
[24/855] Building C object CMakeFiles/nextssl.dir/src/hash/blake/blake2s.c.o
[25/855] Building C object CMakeFiles/nextssl.dir/src/hash/blake/blake2b.c.o
[26/855] Building C object CMakeFiles/nextssl.dir/src/hash/blake/blake3.c.o
[27/855] Building C object CMakeFiles/nextssl.dir/src/hash/fast/sha224.c.o
[28/855] Building C object CMakeFiles/nextssl.dir/src/hash/fast/sha512.c.o
[29/855] Building C object CMakeFiles/nextssl.dir/src/hash/blake/blake3_portable.c.o
[30/855] Building C object CMakeFiles/nextssl.dir/src/hash/fast/sha512_224.c.o
[31/855] Building C object CMakeFiles/nextssl.dir/src/hash/fast/sha256.c.o
[32/855] Building C object CMakeFiles/nextssl.dir/src/hash/fast/sha512_256.c.o
[33/855] Building C object CMakeFiles/nextssl.dir/src/hash/fast/sm3/sm3_ext.c.o
[34/855] Building C object CMakeFiles/nextssl.dir/src/hash/fast/sm3/sm3_ops.c.o
[35/855] Building C object CMakeFiles/nextssl.dir/src/hash/interface/hash_ops_disabled_stubs.c.o
[36/855] Building C object CMakeFiles/nextssl.dir/src/hash/generic/nextssl_hash.c.o
[37/855] Building C object CMakeFiles/nextssl.dir/src/hash/legacy/md2.c.o
[38/855] Building C object CMakeFiles/nextssl.dir/src/hash/legacy/has160.c.o
[39/855] Building C object CMakeFiles/nextssl.dir/src/hash/interface/hash_registry.c.o
[40/855] Building C object CMakeFiles/nextssl.dir/src/hash/legacy/md4.c.o
[41/855] Building C object CMakeFiles/nextssl.dir/src/hash/legacy/md5.c.o
[42/855] Building C object CMakeFiles/nextssl.dir/src/hash/legacy/nt.c.o
[43/855] Building C object CMakeFiles/nextssl.dir/src/hash/legacy/ripemd128.c.o
[44/855] Building C object CMakeFiles/nextssl.dir/src/hash/legacy/ripemd256.c.o
[45/855] Building C object CMakeFiles/nextssl.dir/src/hash/legacy/ripemd160.c.o
[46/855] Building C object CMakeFiles/nextssl.dir/src/hash/fast/sm3/sm3_impl.c.o
[47/855] Building C object CMakeFiles/nextssl.dir/src/hash/legacy/sha0.c.o
[48/855] Building C object CMakeFiles/nextssl.dir/src/hash/legacy/sha1.c.o
[49/855] Building C object CMakeFiles/nextssl.dir/src/hash/legacy/ripemd320.c.o
[50/855] Building C object CMakeFiles/nextssl.dir/src/hash/legacy/tiger_sbox.c.o
[51/855] Building C object CMakeFiles/nextssl.dir/src/hash/legacy/tiger.c.o
[52/855] Building C object CMakeFiles/nextssl.dir/src/hash/memory_hard/argon2.c.o
[53/855] Building C object CMakeFiles/nextssl.dir/src/hash/legacy/whirlpool.c.o
[54/855] Building C object CMakeFiles/nextssl.dir/src/hash/memory_hard/argon2d.c.o
[55/855] Building C object CMakeFiles/nextssl.dir/src/hash/memory_hard/argon2i.c.o
[56/855] Building C object CMakeFiles/nextssl.dir/src/hash/memory_hard/argon2id.c.o
[57/855] Building C object CMakeFiles/nextssl.dir/src/hash/memory_hard/balloon/balloon_openssl_compat.c.o
[58/855] Building C object CMakeFiles/nextssl.dir/src/hash/memory_hard/balloon/balloon_ops.c.o
[59/855] Building C object CMakeFiles/nextssl.dir/src/hash/memory_hard/balloon/bitstream.c.o
[60/855] Building C object CMakeFiles/nextssl.dir/src/hash/memory_hard/balloon/compress.c.o
[61/855] Building C object CMakeFiles/nextssl.dir/src/hash/memory_hard/balloon/encode.c.o
[62/855] Building C object CMakeFiles/nextssl.dir/src/hash/memory_hard/bcrypt/bcrypt_ops.c.o
[63/855] Building C object CMakeFiles/nextssl.dir/src/hash/memory_hard/balloon/hash_state.c.o
[64/855] Building C object CMakeFiles/nextssl.dir/src/hash/memory_hard/bcrypt/crypt_gensalt.c.o
[65/855] Building C object CMakeFiles/nextssl.dir/src/hash/memory_hard/blake2b.c.o
[66/855] Building C object CMakeFiles/nextssl.dir/src/hash/memory_hard/catena/catena-BRG.c.o
[67/855] Building C object CMakeFiles/nextssl.dir/src/hash/memory_hard/bcrypt/crypt_blowfish.c.o
[68/855] Building C object CMakeFiles/nextssl.dir/src/hash/memory_hard/catena/catena-blake2b-ref.c.o
[69/855] Building C object CMakeFiles/nextssl.dir/src/hash/memory_hard/catena/blake2b-ref.c.o
[70/855] Building C object CMakeFiles/nextssl.dir/src/hash/memory_hard/catena/catena-helpers.c.o
[71/855] Building C object CMakeFiles/nextssl.dir/src/hash/memory_hard/catena/catena_ops.c.o
[72/855] Building C object CMakeFiles/nextssl.dir/src/hash/memory_hard/catena/catena.c.o
[73/855] Building C object CMakeFiles/nextssl.dir/src/hash/memory_hard/lyra2/Lyra2.c.o
[74/855] Building C object CMakeFiles/nextssl.dir/src/hash/memory_hard/encoding.c.o
[75/855] Building C object CMakeFiles/nextssl.dir/src/hash/memory_hard/lyra2/Sponge.c.o
[76/855] Building C object CMakeFiles/nextssl.dir/src/hash/memory_hard/lyra2/lyra2_ops.c.o
[77/855] Building C object CMakeFiles/nextssl.dir/src/hash/memory_hard/makwa/makwa_ops.c.o
[78/855] Building C object CMakeFiles/nextssl.dir/src/hash/memory_hard/core.c.o
[79/855] Building C object CMakeFiles/nextssl.dir/src/hash/memory_hard/makwa/makwa.c.o
[80/855] Building C object CMakeFiles/nextssl.dir/src/hash/memory_hard/pomelo/pomelo.c.o
[81/855] Building C object CMakeFiles/nextssl.dir/src/hash/memory_hard/pomelo/pomelo_ops.c.o
[82/855] Building C object CMakeFiles/nextssl.dir/src/hash/memory_hard/scrypt/insecure_memzero.c.o
[83/855] Building C object CMakeFiles/nextssl.dir/src/hash/memory_hard/scrypt/scrypt_ops.c.o
[84/855] Building C object CMakeFiles/nextssl.dir/src/hash/memory_hard/ref.c.o
[85/855] Building C object CMakeFiles/nextssl.dir/src/hash/memory_hard/thread.c.o
[86/855] Building C object CMakeFiles/nextssl.dir/src/hash/memory_hard/scrypt/crypto_scrypt-ref.c.o
[87/855] Building C object CMakeFiles/nextssl.dir/src/hash/memory_hard/scrypt/sha256_portable.c.o
[88/855] Building C object CMakeFiles/nextssl.dir/src/hash/memory_hard/yescrypt/yescrypt_ops.c.o
[89/855] Building C object CMakeFiles/nextssl.dir/src/hash/memory_hard/yescrypt/yescrypt-common.c.o
[90/855] Building C object CMakeFiles/nextssl.dir/src/hash/record/hash_record_core.c.o
[91/855] Building C object CMakeFiles/nextssl.dir/src/hash/root_functions/hash_root.c.o
[92/855] Building C object CMakeFiles/nextssl.dir/src/hash/skein/skein.c.o
[93/855] Building C object CMakeFiles/nextssl.dir/src/hash/skein/skeinApi.c.o
[94/855] Building C object CMakeFiles/nextssl.dir/src/hash/skein/skein_ops.c.o
[95/855] Building C object CMakeFiles/nextssl.dir/src/hash/skein/threefish256Block.c.o
[96/855] Building C object CMakeFiles/nextssl.dir/src/hash/skein/threefish1024Block.c.o
[97/855] Building C object CMakeFiles/nextssl.dir/src/hash/memory_hard/yescrypt/yescrypt-opt.c.o
[98/855] Building C object CMakeFiles/nextssl.dir/src/hash/skein/threefish512Block.c.o
[99/855] Building C object CMakeFiles/nextssl.dir/src/hash/skein/threefishApi.c.o
[100/855] Building C object CMakeFiles/nextssl.dir/src/hash/sponge/keccak.c.o
[101/855] Building C object CMakeFiles/nextssl.dir/src/hash/sponge/sha3.c.o
[102/855] Building C object CMakeFiles/nextssl.dir/src/hash/sponge/sha3_224.c.o
[103/855] Building C object CMakeFiles/nextssl.dir/src/hash/sponge/sha3_384.c.o
[104/855] Building C object CMakeFiles/nextssl.dir/src/hash/sponge/shake.c.o
[105/855] Building C object CMakeFiles/nextssl.dir/src/hash/sponge/sp800_185/kmac.c.o
[106/855] Building C object CMakeFiles/nextssl.dir/src/modern/aead/aes_ccm.c.o
[107/855] Building C object CMakeFiles/nextssl.dir/src/modern/aead/aes_eax.c.o
[108/855] Building C object CMakeFiles/nextssl.dir/src/modern/aead/aes_gcm_siv.c.o
[109/855] Building C object CMakeFiles/nextssl.dir/src/modern/aead/aes_gcm.c.o
[110/855] Building C object CMakeFiles/nextssl.dir/src/modern/aead/aes_ocb.c.o
[111/855] Building C object CMakeFiles/nextssl.dir/src/modern/aead/aes_siv.c.o
[112/855] Building C object CMakeFiles/nextssl.dir/src/modern/aead/aes_poly1305.c.o
[113/855] Building C object CMakeFiles/nextssl.dir/src/modern/aead/chacha20_poly1305.c.o
[114/855] Building C object CMakeFiles/nextssl.dir/src/modern/asymmetric/add_scalar.c.o
[115/855] Building C object CMakeFiles/nextssl.dir/src/modern/aead/monocypher-ed25519.c.o
[116/855] Building C object CMakeFiles/nextssl.dir/src/modern/asymmetric/curve448_det.c.o
[117/855] Building C object CMakeFiles/nextssl.dir/src/modern/asymmetric/curve448.c.o
[118/855] Building C object CMakeFiles/nextssl.dir/src/modern/asymmetric/ed448.c.o
[119/855] Building C object CMakeFiles/nextssl.dir/src/modern/asymmetric/fe.c.o
[120/855] Building C object CMakeFiles/nextssl.dir/src/modern/asymmetric/fe_448.c.o
[121/855] Building C object CMakeFiles/nextssl.dir/src/modern/asymmetric/ge.c.o
[122/855] Building C object CMakeFiles/nextssl.dir/src/modern/asymmetric/key_exchange.c.o
[123/855] Building C object CMakeFiles/nextssl.dir/src/hash/skein/skein_block.c.o
[124/855] Building C object CMakeFiles/nextssl.dir/src/modern/asymmetric/keypair.c.o
[125/855] Building C object CMakeFiles/nextssl.dir/src/modern/asymmetric/ge_448.c.o
[126/855] Building C object CMakeFiles/nextssl.dir/src/modern/asymmetric/p256.c.o
[127/855] Building C object CMakeFiles/nextssl.dir/src/modern/asymmetric/p384.c.o
[128/855] Building C object CMakeFiles/nextssl.dir/src/modern/asymmetric/p521.c.o
[129/855] Building C object CMakeFiles/nextssl.dir/src/modern/asymmetric/rsa/rsa.c.o
[130/855] Building C object CMakeFiles/nextssl.dir/src/modern/asymmetric/seed.c.o
[131/855] Building C object CMakeFiles/nextssl.dir/src/modern/asymmetric/sc.c.o
[132/855] Building C object CMakeFiles/nextssl.dir/src/modern/asymmetric/sign.c.o
[133/855] Building C object CMakeFiles/nextssl.dir/src/modern/asymmetric/sha512.c.o
[134/855] Building C object CMakeFiles/nextssl.dir/src/modern/aead/monocypher.c.o
[135/855] Building C object CMakeFiles/nextssl.dir/src/modern/asymmetric/sm2/sm2.c.o
[136/855] Building C object CMakeFiles/nextssl.dir/src/modern/asymmetric/verify.c.o
[137/855] Building C object CMakeFiles/nextssl.dir/src/modern/base_encryption.c.o
[138/855] Building C object CMakeFiles/nextssl.dir/src/modern/asymmetric/micro_ecc/uECC.c.o
[139/855] Building C object CMakeFiles/nextssl.dir/src/modern/curve_math/ristretto255.c.o
[140/855] Building C object CMakeFiles/nextssl.dir/src/modern/curve_math/elligator2.c.o
[141/855] Building C object CMakeFiles/nextssl.dir/src/modern/encoding/base58check.c.o
[142/855] Building C object CMakeFiles/nextssl.dir/src/modern/encoding/base62.c.o
[143/855] Building C object CMakeFiles/nextssl.dir/src/modern/encoding/base85.c.o
[144/855] Building C object CMakeFiles/nextssl.dir/src/modern/encoding/crc32.c.o
[145/855] Building C object CMakeFiles/nextssl.dir/src/modern/encoding/crc64.c.o
[146/855] Building C object CMakeFiles/nextssl.dir/src/modern/encoding/bech32.c.o
[147/855] Building C object CMakeFiles/nextssl.dir/src/modern/encoding/pem.c.o
[148/855] Building C object CMakeFiles/nextssl.dir/src/modern/mac/aes_cmac.c.o
[149/855] Building C object CMakeFiles/nextssl.dir/src/modern/mac/poly1305.c.o
[150/855] Building C object CMakeFiles/nextssl.dir/src/modern/mac/siphash.c.o
[151/855] Building C object CMakeFiles/nextssl.dir/src/modern/kdf/pbkdf2.c.o
[152/855] Building C object CMakeFiles/nextssl.dir/src/modern/mac/hmac.c.o
[153/855] Building C object CMakeFiles/nextssl.dir/src/modern/symmetric/aes_cbc.c.o
[154/855] Building C object CMakeFiles/nextssl.dir/src/modern/symmetric/aes_cfb.c.o
[155/855] Building C object CMakeFiles/nextssl.dir/src/modern/kdf/hkdf.c.o
[156/855] Building C object CMakeFiles/nextssl.dir/src/modern/symmetric/aes_ecb.c.o
[157/855] Building C object CMakeFiles/nextssl.dir/src/modern/symmetric/aes_ctr.c.o
[158/855] Building C object CMakeFiles/nextssl.dir/src/modern/symmetric/aes_kw.c.o
[159/855] Building C object CMakeFiles/nextssl.dir/src/modern/symmetric/aes_fpe.c.o
[160/855] Building C object CMakeFiles/nextssl.dir/src/modern/symmetric/aes_ofb.c.o
[161/855] Building C object CMakeFiles/nextssl.dir/src/modern/symmetric/chacha20.c.o
[162/855] Building C object CMakeFiles/nextssl.dir/src/modern/symmetric/aes_core.c.o
[163/855] Building C object CMakeFiles/nextssl.dir/src/modern/symmetric/aes_xts.c.o
[164/855] Building C object CMakeFiles/nextssl.dir/src/pow/client/pow_limits.c.o
[165/855] Building C object CMakeFiles/nextssl.dir/src/pow/client/pow_reject.c.o
[166/855] Building C object CMakeFiles/nextssl.dir/src/modern/symmetric/three_des.c.o
[167/855] Building C object CMakeFiles/nextssl.dir/src/pow/client/pow_timer.c.o
[168/855] Building C object CMakeFiles/nextssl.dir/src/pow/client/pow_solver.c.o
[169/855] Building C object CMakeFiles/nextssl.dir/src/pow/core/pow_difficulty.c.o
[170/855] Building C object CMakeFiles/nextssl.dir/src/pow/dhcm/dhcm_core.c.o
[171/855] Building C object CMakeFiles/nextssl.dir/src/pow/core/pow_parser.c.o
[172/855] Building C object CMakeFiles/nextssl.dir/src/pow/dhcm/dhcm_difficulty.c.o
[173/855] Building C object CMakeFiles/nextssl.dir/src/pow/dhcm/dhcm_math.c.o
[174/855] Building C object CMakeFiles/nextssl.dir/src/modern/symmetric/sm4/sm4_impl.c.o
[175/855] Building C object CMakeFiles/nextssl.dir/src/pow/dhcm/hash_cost_probe.c.o
[176/855] Building C object CMakeFiles/nextssl.dir/src/pow/dispatcher.c.o
[177/855] Building C object CMakeFiles/nextssl.dir/src/pow/dhcm/hash_cost.c.o
[178/855] Building C object CMakeFiles/nextssl.dir/src/pow/server/pow_challenge.c.o
[179/855] Building C object CMakeFiles/nextssl.dir/src/pow/pow_engine.c.o
[180/855] Building C object CMakeFiles/nextssl.dir/src/pow/server/pow_verify.c.o
[181/855] Building C object CMakeFiles/nextssl.dir/src/pqc/common/drbg/drbg.c.o
[182/855] Building C object CMakeFiles/nextssl.dir/src/pqc/common/hkdf/hkdf.c.o
[183/855] Building C object CMakeFiles/nextssl.dir/src/pqc/common/aes.c.o
[184/855] Building C object CMakeFiles/nextssl.dir/src/pqc/common/nistseedexpander.c.o
[185/855] Building C object CMakeFiles/nextssl.dir/src/pqc/common/keccak2x/fips202x2.c.o
[186/855] Building C object CMakeFiles/nextssl.dir/src/pqc/common/randombytes.c.o
[187/855] Building C object CMakeFiles/nextssl.dir/src/pqc/common/sp800-185.c.o
[188/855] Building C object CMakeFiles/nextssl.dir/src/pqc/kem/hqc-128/ref/code.c.o
[189/855] Building C object CMakeFiles/nextssl.dir/src/pqc/kem/hqc-128/ref/gf.c.o
[190/855] Building C object CMakeFiles/nextssl.dir/src/pqc/kem/hqc-128/ref/fft.c.o
[191/855] Building C object CMakeFiles/nextssl.dir/src/pqc/common/fips202.c.o
[192/855] Building C object CMakeFiles/nextssl.dir/src/pqc/kem/hqc-128/ref/gf2x.c.o
[193/855] Building C object CMakeFiles/nextssl.dir/src/pqc/kem/hqc-128/ref/hqc.c.o
[194/855] Building C object CMakeFiles/nextssl.dir/src/pqc/kem/hqc-128/ref/kem.c.o
[195/855] Building C object CMakeFiles/nextssl.dir/src/pqc/kem/hqc-128/ref/parsing.c.o
[196/855] Building C object CMakeFiles/nextssl.dir/src/pqc/kem/hqc-128/ref/reed_muller.c.o
[197/855] Building C object CMakeFiles/nextssl.dir/src/pqc/kem/hqc-128/ref/shake_ds.c.o
[198/855] Building C object CMakeFiles/nextssl.dir/src/pqc/kem/hqc-128/ref/reed_solomon.c.o
[199/855] Building C object CMakeFiles/nextssl.dir/src/pqc/kem/hqc-128/ref/shake_prng.c.o
[200/855] Building C object CMakeFiles/nextssl.dir/src/pqc/kem/hqc-192/ref/code.c.o
[201/855] Building C object CMakeFiles/nextssl.dir/src/pqc/kem/hqc-128/ref/vector.c.o
[202/855] Building C object CMakeFiles/nextssl.dir/src/pqc/kem/hqc-192/ref/fft.c.o
[203/855] Building C object CMakeFiles/nextssl.dir/src/pqc/kem/hqc-192/ref/gf.c.o
[204/855] Building C object CMakeFiles/nextssl.dir/src/pqc/kem/hqc-192/ref/gf2x.c.o
[205/855] Building C object CMakeFiles/nextssl.dir/src/pqc/kem/hqc-192/ref/hqc.c.o
[206/855] Building C object CMakeFiles/nextssl.dir/src/pqc/kem/hqc-192/ref/kem.c.o
[207/855] Building C object CMakeFiles/nextssl.dir/src/pqc/kem/hqc-192/ref/parsing.c.o
[208/855] Building C object CMakeFiles/nextssl.dir/src/pqc/kem/hqc-192/ref/reed_muller.c.o
[209/855] Building C object CMakeFiles/nextssl.dir/src/pqc/kem/hqc-192/ref/shake_ds.c.o
[210/855] Building C object CMakeFiles/nextssl.dir/src/pqc/kem/hqc-192/ref/reed_solomon.c.o
[211/855] Building C object CMakeFiles/nextssl.dir/src/pqc/kem/hqc-192/ref/shake_prng.c.o
[212/855] Building C object CMakeFiles/nextssl.dir/src/pqc/kem/hqc-192/ref/vector.c.o
[213/855] Building C object CMakeFiles/nextssl.dir/src/pqc/kem/hqc-256/ref/code.c.o
[214/855] Building C object CMakeFiles/nextssl.dir/src/pqc/kem/hqc-256/ref/fft.c.o
[215/855] Building C object CMakeFiles/nextssl.dir/src/pqc/kem/hqc-256/ref/gf.c.o
[216/855] Building C object CMakeFiles/nextssl.dir/src/pqc/kem/hqc-256/ref/gf2x.c.o
[217/855] Building C object CMakeFiles/nextssl.dir/src/pqc/common/sha2.c.o
[218/855] Building C object CMakeFiles/nextssl.dir/src/pqc/kem/hqc-256/ref/hqc.c.o
[219/855] Building C object CMakeFiles/nextssl.dir/src/pqc/kem/hqc-256/ref/kem.c.o
[220/855] Building C object CMakeFiles/nextssl.dir/src/pqc/kem/hqc-256/ref/parsing.c.o
[221/855] Building C object CMakeFiles/nextssl.dir/src/pqc/kem/hqc-256/ref/reed_muller.c.o
[222/855] Building C object CMakeFiles/nextssl.dir/src/pqc/kem/hqc-256/ref/shake_ds.c.o
[223/855] Building C object CMakeFiles/nextssl.dir/src/pqc/kem/hqc-256/ref/shake_prng.c.o
[224/855] Building C object CMakeFiles/nextssl.dir/src/pqc/kem/mceliece348864/ref/aes256ctr.c.o
[225/855] Building C object CMakeFiles/nextssl.dir/src/pqc/kem/hqc-256/ref/vector.c.o
[226/855] Building C object CMakeFiles/nextssl.dir/src/pqc/kem/hqc-256/ref/reed_solomon.c.o
[227/855] Building C object CMakeFiles/nextssl.dir/src/pqc/kem/mceliece348864/ref/bm.c.o
[228/855] Building C object CMakeFiles/nextssl.dir/src/pqc/kem/mceliece348864/ref/benes.c.o
[229/855] Building C object CMakeFiles/nextssl.dir/src/pqc/kem/mceliece348864/ref/crypto_int16.c.o
[230/855] Building C object CMakeFiles/nextssl.dir/src/pqc/kem/mceliece348864/ref/crypto_uint16.c.o
[231/855] Building C object CMakeFiles/nextssl.dir/src/pqc/kem/mceliece348864/ref/crypto_uint32.c.o
[232/855] Building C object CMakeFiles/nextssl.dir/src/pqc/kem/mceliece348864/ref/crypto_int32.c.o
[233/855] Building C object CMakeFiles/nextssl.dir/src/pqc/kem/mceliece348864/ref/controlbits.c.o
[234/855] Building C object CMakeFiles/nextssl.dir/src/pqc/kem/mceliece348864/ref/crypto_uint64.c.o
[235/855] Building C object CMakeFiles/nextssl.dir/src/pqc/kem/mceliece348864/ref/gf.c.o
[236/855] Building C object CMakeFiles/nextssl.dir/src/pqc/kem/mceliece348864/ref/decrypt.c.o
[237/855] Building C object CMakeFiles/nextssl.dir/src/pqc/kem/mceliece348864/ref/root.c.o
[238/855] Building C object CMakeFiles/nextssl.dir/src/pqc/kem/mceliece348864/ref/encrypt.c.o
[239/855] Building C object CMakeFiles/nextssl.dir/src/pqc/kem/mceliece348864/ref/operations.c.o
[240/855] Building C object CMakeFiles/nextssl.dir/src/pqc/kem/mceliece348864/ref/synd.c.o
[241/855] Building C object CMakeFiles/nextssl.dir/src/pqc/kem/mceliece348864/ref/sk_gen.c.o
[242/855] Building C object CMakeFiles/nextssl.dir/src/pqc/kem/mceliece348864/ref/pk_gen.c.o
[243/855] Building C object CMakeFiles/nextssl.dir/src/pqc/kem/mceliece348864/ref/util.c.o
[244/855] Building C object CMakeFiles/nextssl.dir/src/pqc/kem/mceliece348864f/ref/aes256ctr.c.o
[245/855] Building C object CMakeFiles/nextssl.dir/src/pqc/kem/mceliece348864/ref/transpose.c.o
[246/855] Building C object CMakeFiles/nextssl.dir/src/pqc/kem/mceliece348864f/ref/bm.c.o
[247/855] Building C object CMakeFiles/nextssl.dir/src/pqc/kem/mceliece348864f/ref/benes.c.o
[248/855] Building C object CMakeFiles/nextssl.dir/src/pqc/kem/mceliece348864f/ref/crypto_int16.c.o
[249/855] Building C object CMakeFiles/nextssl.dir/src/pqc/kem/mceliece348864f/ref/crypto_int32.c.o
[250/855] Building C object CMakeFiles/nextssl.dir/src/pqc/kem/mceliece348864f/ref/crypto_uint16.c.o
[251/855] Building C object CMakeFiles/nextssl.dir/src/pqc/kem/mceliece348864f/ref/crypto_uint32.c.o
[252/855] Building C object CMakeFiles/nextssl.dir/src/pqc/kem/mceliece348864f/ref/crypto_uint64.c.o
[253/855] Building C object CMakeFiles/nextssl.dir/src/pqc/kem/mceliece348864f/ref/controlbits.c.o
[254/855] Building C object CMakeFiles/nextssl.dir/src/pqc/kem/mceliece348864f/ref/decrypt.c.o
[255/855] Building C object CMakeFiles/nextssl.dir/src/pqc/kem/mceliece348864f/ref/encrypt.c.o
[256/855] Building C object CMakeFiles/nextssl.dir/src/pqc/kem/mceliece348864f/ref/gf.c.o
[257/855] Building C object CMakeFiles/nextssl.dir/src/pqc/kem/mceliece348864f/ref/operations.c.o
[258/855] Building C object CMakeFiles/nextssl.dir/src/pqc/kem/mceliece348864f/ref/root.c.o
[259/855] Building C object CMakeFiles/nextssl.dir/src/pqc/kem/mceliece348864f/ref/sk_gen.c.o
[260/855] Building C object CMakeFiles/nextssl.dir/src/pqc/kem/mceliece348864f/ref/synd.c.o
[261/855] Building C object CMakeFiles/nextssl.dir/src/pqc/kem/mceliece348864f/ref/pk_gen.c.o
[262/855] Building C object CMakeFiles/nextssl.dir/src/pqc/kem/mceliece348864f/ref/util.c.o
[263/855] Building C object CMakeFiles/nextssl.dir/src/pqc/kem/mceliece460896/ref/aes256ctr.c.o
[264/855] Building C object CMakeFiles/nextssl.dir/src/pqc/kem/mceliece348864f/ref/transpose.c.o
[265/855] Building C object CMakeFiles/nextssl.dir/src/pqc/kem/mceliece460896/ref/bm.c.o
[266/855] Building C object CMakeFiles/nextssl.dir/src/pqc/kem/mceliece460896/ref/benes.c.o
[267/855] Building C object CMakeFiles/nextssl.dir/src/pqc/kem/mceliece460896/ref/crypto_int16.c.o
[268/855] Building C object CMakeFiles/nextssl.dir/src/pqc/kem/mceliece460896/ref/crypto_int32.c.o
[269/855] Building C object CMakeFiles/nextssl.dir/src/pqc/kem/mceliece460896/ref/crypto_uint16.c.o
[270/855] Building C object CMakeFiles/nextssl.dir/src/pqc/kem/mceliece460896/ref/controlbits.c.o
[271/855] Building C object CMakeFiles/nextssl.dir/src/pqc/kem/mceliece460896/ref/crypto_uint32.c.o
[272/855] Building C object CMakeFiles/nextssl.dir/src/pqc/kem/mceliece460896/ref/crypto_uint64.c.o
[273/855] Building C object CMakeFiles/nextssl.dir/src/pqc/kem/mceliece460896/ref/decrypt.c.o
[274/855] Building C object CMakeFiles/nextssl.dir/src/pqc/kem/mceliece460896/ref/operations.c.o
[275/855] Building C object CMakeFiles/nextssl.dir/src/pqc/kem/mceliece460896/ref/encrypt.c.o
[276/855] Building C object CMakeFiles/nextssl.dir/src/pqc/kem/mceliece460896/ref/gf.c.o
[277/855] Building C object CMakeFiles/nextssl.dir/src/pqc/kem/mceliece460896/ref/root.c.o
[278/855] Building C object CMakeFiles/nextssl.dir/src/pqc/kem/mceliece460896/ref/synd.c.o
[279/855] Building C object CMakeFiles/nextssl.dir/src/pqc/kem/mceliece460896/ref/pk_gen.c.o
[280/855] Building C object CMakeFiles/nextssl.dir/src/pqc/kem/mceliece460896/ref/sk_gen.c.o
[281/855] Building C object CMakeFiles/nextssl.dir/src/pqc/kem/mceliece460896/ref/util.c.o
[282/855] Building C object CMakeFiles/nextssl.dir/src/pqc/kem/mceliece460896f/ref/aes256ctr.c.o
[283/855] Building C object CMakeFiles/nextssl.dir/src/pqc/kem/mceliece460896/ref/transpose.c.o
[284/855] Building C object CMakeFiles/nextssl.dir/src/pqc/kem/mceliece460896f/ref/bm.c.o
[285/855] Building C object CMakeFiles/nextssl.dir/src/pqc/kem/mceliece460896f/ref/crypto_int16.c.o
[286/855] Building C object CMakeFiles/nextssl.dir/src/pqc/kem/mceliece460896f/ref/benes.c.o
[287/855] Building C object CMakeFiles/nextssl.dir/src/pqc/kem/mceliece460896f/ref/crypto_int32.c.o
[288/855] Building C object CMakeFiles/nextssl.dir/src/pqc/kem/mceliece460896f/ref/crypto_uint16.c.o
[289/855] Building C object CMakeFiles/nextssl.dir/src/pqc/kem/mceliece460896f/ref/controlbits.c.o
[290/855] Building C object CMakeFiles/nextssl.dir/src/pqc/kem/mceliece460896f/ref/crypto_uint64.c.o
[291/855] Building C object CMakeFiles/nextssl.dir/src/pqc/kem/mceliece460896f/ref/crypto_uint32.c.o
[292/855] Building C object CMakeFiles/nextssl.dir/src/pqc/kem/mceliece460896f/ref/decrypt.c.o
[293/855] Building C object CMakeFiles/nextssl.dir/src/pqc/kem/mceliece460896f/ref/encrypt.c.o
[294/855] Building C object CMakeFiles/nextssl.dir/src/pqc/kem/mceliece460896f/ref/gf.c.o
[295/855] Building C object CMakeFiles/nextssl.dir/src/pqc/kem/mceliece460896f/ref/operations.c.o
[296/855] Building C object CMakeFiles/nextssl.dir/src/pqc/kem/mceliece460896f/ref/root.c.o
[297/855] Building C object CMakeFiles/nextssl.dir/src/pqc/kem/mceliece460896f/ref/sk_gen.c.o
[298/855] Building C object CMakeFiles/nextssl.dir/src/pqc/kem/mceliece460896f/ref/synd.c.o
[299/855] Building C object CMakeFiles/nextssl.dir/src/pqc/kem/mceliece460896f/ref/util.c.o
[300/855] Building C object CMakeFiles/nextssl.dir/src/pqc/kem/mceliece460896f/ref/pk_gen.c.o
[301/855] Building C object CMakeFiles/nextssl.dir/src/pqc/kem/mceliece6688128/ref/aes256ctr.c.o
[302/855] Building C object CMakeFiles/nextssl.dir/src/pqc/kem/mceliece460896f/ref/transpose.c.o
[303/855] Building C object CMakeFiles/nextssl.dir/src/pqc/kem/mceliece6688128/ref/bm.c.o
[304/855] Building C object CMakeFiles/nextssl.dir/src/pqc/kem/mceliece6688128/ref/crypto_int16.c.o
[305/855] Building C object CMakeFiles/nextssl.dir/src/pqc/kem/mceliece6688128/ref/crypto_int32.c.o
[306/855] Building C object CMakeFiles/nextssl.dir/src/pqc/kem/mceliece6688128/ref/controlbits.c.o
[307/855] Building C object CMakeFiles/nextssl.dir/src/pqc/kem/mceliece6688128/ref/crypto_uint16.c.o
[308/855] Building C object CMakeFiles/nextssl.dir/src/pqc/kem/mceliece6688128/ref/benes.c.o
[309/855] Building C object CMakeFiles/nextssl.dir/src/pqc/kem/mceliece6688128/ref/crypto_uint32.c.o
[310/855] Building C object CMakeFiles/nextssl.dir/src/pqc/kem/mceliece6688128/ref/crypto_uint64.c.o
[311/855] Building C object CMakeFiles/nextssl.dir/src/pqc/kem/mceliece6688128/ref/decrypt.c.o
[312/855] Building C object CMakeFiles/nextssl.dir/src/pqc/kem/mceliece6688128/ref/encrypt.c.o
[313/855] Building C object CMakeFiles/nextssl.dir/src/pqc/kem/mceliece6688128/ref/gf.c.o
[314/855] Building C object CMakeFiles/nextssl.dir/src/pqc/kem/mceliece6688128/ref/operations.c.o
[315/855] Building C object CMakeFiles/nextssl.dir/src/pqc/kem/mceliece6688128/ref/root.c.o
[316/855] Building C object CMakeFiles/nextssl.dir/src/pqc/kem/mceliece6688128/ref/pk_gen.c.o
[317/855] Building C object CMakeFiles/nextssl.dir/src/pqc/kem/mceliece6688128/ref/synd.c.o
[318/855] Building C object CMakeFiles/nextssl.dir/src/pqc/kem/mceliece6688128/ref/sk_gen.c.o
[319/855] Building C object CMakeFiles/nextssl.dir/src/pqc/kem/mceliece6688128/ref/util.c.o
[320/855] Building C object CMakeFiles/nextssl.dir/src/pqc/kem/mceliece6688128f/ref/aes256ctr.c.o
[321/855] Building C object CMakeFiles/nextssl.dir/src/pqc/kem/mceliece6688128/ref/transpose.c.o
[322/855] Building C object CMakeFiles/nextssl.dir/src/pqc/kem/mceliece6688128f/ref/bm.c.o
[323/855] Building C object CMakeFiles/nextssl.dir/src/pqc/kem/mceliece6688128f/ref/benes.c.o
[324/855] Building C object CMakeFiles/nextssl.dir/src/pqc/kem/mceliece6688128f/ref/crypto_int16.c.o
[325/855] Building C object CMakeFiles/nextssl.dir/src/pqc/kem/mceliece6688128f/ref/crypto_int32.c.o
[326/855] Building C object CMakeFiles/nextssl.dir/src/pqc/kem/mceliece6688128f/ref/crypto_uint16.c.o
[327/855] Building C object CMakeFiles/nextssl.dir/src/pqc/kem/mceliece6688128f/ref/crypto_uint32.c.o
[328/855] Building C object CMakeFiles/nextssl.dir/src/pqc/kem/mceliece6688128f/ref/controlbits.c.o
[329/855] Building C object CMakeFiles/nextssl.dir/src/pqc/kem/mceliece6688128f/ref/crypto_uint64.c.o
[330/855] Building C object CMakeFiles/nextssl.dir/src/pqc/kem/mceliece6688128f/ref/decrypt.c.o
[331/855] Building C object CMakeFiles/nextssl.dir/src/pqc/kem/mceliece6688128f/ref/gf.c.o
[332/855] Building C object CMakeFiles/nextssl.dir/src/pqc/kem/mceliece6688128f/ref/operations.c.o
[333/855] Building C object CMakeFiles/nextssl.dir/src/pqc/kem/mceliece6688128f/ref/encrypt.c.o
[334/855] Building C object CMakeFiles/nextssl.dir/src/pqc/kem/mceliece6688128f/ref/root.c.o
[335/855] Building C object CMakeFiles/nextssl.dir/src/pqc/kem/mceliece6688128f/ref/pk_gen.c.o
[336/855] Building C object CMakeFiles/nextssl.dir/src/pqc/kem/mceliece6688128f/ref/sk_gen.c.o
[337/855] Building C object CMakeFiles/nextssl.dir/src/pqc/kem/mceliece6688128f/ref/synd.c.o
[338/855] Building C object CMakeFiles/nextssl.dir/src/pqc/kem/mceliece6688128f/ref/util.c.o
[339/855] Building C object CMakeFiles/nextssl.dir/src/pqc/kem/mceliece6688128f/ref/transpose.c.o
[340/855] Building C object CMakeFiles/nextssl.dir/src/pqc/kem/mceliece6960119/ref/aes256ctr.c.o
[341/855] Building C object CMakeFiles/nextssl.dir/src/pqc/kem/mceliece6960119/ref/bm.c.o
[342/855] Building C object CMakeFiles/nextssl.dir/src/pqc/kem/mceliece6960119/ref/crypto_int16.c.o
[343/855] Building C object CMakeFiles/nextssl.dir/src/pqc/kem/mceliece6960119/ref/crypto_int32.c.o
[344/855] Building C object CMakeFiles/nextssl.dir/src/pqc/kem/mceliece6960119/ref/benes.c.o
[345/855] Building C object CMakeFiles/nextssl.dir/src/pqc/kem/mceliece6960119/ref/crypto_uint16.c.o
[346/855] Building C object CMakeFiles/nextssl.dir/src/pqc/kem/mceliece6960119/ref/controlbits.c.o
[347/855] Building C object CMakeFiles/nextssl.dir/src/pqc/kem/mceliece6960119/ref/crypto_uint32.c.o
[348/855] Building C object CMakeFiles/nextssl.dir/src/pqc/kem/mceliece6960119/ref/crypto_uint64.c.o
[349/855] Building C object CMakeFiles/nextssl.dir/src/pqc/kem/mceliece6960119/ref/decrypt.c.o
[350/855] Building C object CMakeFiles/nextssl.dir/src/pqc/kem/mceliece6960119/ref/gf.c.o
[351/855] Building C object CMakeFiles/nextssl.dir/src/pqc/kem/mceliece6960119/ref/encrypt.c.o
[352/855] Building C object CMakeFiles/nextssl.dir/src/pqc/kem/mceliece6960119/ref/operations.c.o
[353/855] Building C object CMakeFiles/nextssl.dir/src/pqc/kem/mceliece6960119/ref/root.c.o
[354/855] Building C object CMakeFiles/nextssl.dir/src/pqc/kem/mceliece6960119/ref/pk_gen.c.o
[355/855] Building C object CMakeFiles/nextssl.dir/src/pqc/kem/mceliece6960119/ref/sk_gen.c.o
[356/855] Building C object CMakeFiles/nextssl.dir/src/pqc/kem/mceliece6960119/ref/synd.c.o
[357/855] Building C object CMakeFiles/nextssl.dir/src/pqc/kem/mceliece6960119/ref/util.c.o
[358/855] Building C object CMakeFiles/nextssl.dir/src/pqc/kem/mceliece6960119/ref/transpose.c.o
[359/855] Building C object CMakeFiles/nextssl.dir/src/pqc/kem/mceliece6960119f/ref/aes256ctr.c.o
[360/855] Building C object CMakeFiles/nextssl.dir/src/pqc/kem/mceliece6960119f/ref/bm.c.o
[361/855] Building C object CMakeFiles/nextssl.dir/src/pqc/kem/mceliece6960119f/ref/crypto_int16.c.o
[362/855] Building C object CMakeFiles/nextssl.dir/src/pqc/kem/mceliece6960119f/ref/benes.c.o
[363/855] Building C object CMakeFiles/nextssl.dir/src/pqc/kem/mceliece6960119f/ref/crypto_int32.c.o
[364/855] Building C object CMakeFiles/nextssl.dir/src/pqc/kem/mceliece6960119f/ref/crypto_uint16.c.o
[365/855] Building C object CMakeFiles/nextssl.dir/src/pqc/kem/mceliece6960119f/ref/crypto_uint32.c.o
[366/855] Building C object CMakeFiles/nextssl.dir/src/pqc/kem/mceliece6960119f/ref/controlbits.c.o
[367/855] Building C object CMakeFiles/nextssl.dir/src/pqc/kem/mceliece6960119f/ref/crypto_uint64.c.o
[368/855] Building C object CMakeFiles/nextssl.dir/src/pqc/kem/mceliece6960119f/ref/decrypt.c.o
[369/855] Building C object CMakeFiles/nextssl.dir/src/pqc/kem/mceliece6960119f/ref/encrypt.c.o
[370/855] Building C object CMakeFiles/nextssl.dir/src/pqc/kem/mceliece6960119f/ref/gf.c.o
[371/855] Building C object CMakeFiles/nextssl.dir/src/pqc/kem/mceliece6960119f/ref/operations.c.o
[372/855] Building C object CMakeFiles/nextssl.dir/src/pqc/kem/mceliece6960119f/ref/root.c.o
[373/855] Building C object CMakeFiles/nextssl.dir/src/pqc/kem/mceliece6960119f/ref/sk_gen.c.o
[374/855] Building C object CMakeFiles/nextssl.dir/src/pqc/kem/mceliece6960119f/ref/synd.c.o
[375/855] Building C object CMakeFiles/nextssl.dir/src/pqc/kem/mceliece6960119f/ref/pk_gen.c.o
[376/855] Building C object CMakeFiles/nextssl.dir/src/pqc/kem/mceliece6960119f/ref/util.c.o
[377/855] Building C object CMakeFiles/nextssl.dir/src/pqc/kem/mceliece8192128/ref/aes256ctr.c.o
[378/855] Building C object CMakeFiles/nextssl.dir/src/pqc/kem/mceliece6960119f/ref/transpose.c.o
[379/855] Building C object CMakeFiles/nextssl.dir/src/pqc/kem/mceliece8192128/ref/bm.c.o
[380/855] Building C object CMakeFiles/nextssl.dir/src/pqc/kem/mceliece8192128/ref/benes.c.o
[381/855] Building C object CMakeFiles/nextssl.dir/src/pqc/kem/mceliece8192128/ref/crypto_int16.c.o
[382/855] Building C object CMakeFiles/nextssl.dir/src/pqc/kem/mceliece8192128/ref/controlbits.c.o
[383/855] Building C object CMakeFiles/nextssl.dir/src/pqc/kem/mceliece8192128/ref/crypto_int32.c.o
[384/855] Building C object CMakeFiles/nextssl.dir/src/pqc/kem/mceliece8192128/ref/crypto_uint16.c.o
[385/855] Building C object CMakeFiles/nextssl.dir/src/pqc/kem/mceliece8192128/ref/crypto_uint32.c.o
[386/855] Building C object CMakeFiles/nextssl.dir/src/pqc/kem/mceliece8192128/ref/crypto_uint64.c.o
[387/855] Building C object CMakeFiles/nextssl.dir/src/pqc/kem/mceliece8192128/ref/decrypt.c.o
[388/855] Building C object CMakeFiles/nextssl.dir/src/pqc/kem/mceliece8192128/ref/encrypt.c.o
[389/855] Building C object CMakeFiles/nextssl.dir/src/pqc/kem/mceliece8192128/ref/gf.c.o
[390/855] Building C object CMakeFiles/nextssl.dir/src/pqc/kem/mceliece8192128/ref/operations.c.o
[391/855] Building C object CMakeFiles/nextssl.dir/src/pqc/kem/mceliece8192128/ref/pk_gen.c.o
[392/855] Building C object CMakeFiles/nextssl.dir/src/pqc/kem/mceliece8192128/ref/root.c.o
[393/855] Building C object CMakeFiles/nextssl.dir/src/pqc/kem/mceliece8192128/ref/sk_gen.c.o
[394/855] Building C object CMakeFiles/nextssl.dir/src/pqc/kem/mceliece8192128/ref/synd.c.o
[395/855] Building C object CMakeFiles/nextssl.dir/src/pqc/kem/mceliece8192128/ref/util.c.o
[396/855] Building C object CMakeFiles/nextssl.dir/src/pqc/kem/mceliece8192128f/ref/aes256ctr.c.o
[397/855] Building C object CMakeFiles/nextssl.dir/src/pqc/kem/mceliece8192128f/ref/bm.c.o
[398/855] Building C object CMakeFiles/nextssl.dir/src/pqc/kem/mceliece8192128/ref/transpose.c.o
[399/855] Building C object CMakeFiles/nextssl.dir/src/pqc/kem/mceliece8192128f/ref/crypto_int16.c.o
[400/855] Building C object CMakeFiles/nextssl.dir/src/pqc/kem/mceliece8192128f/ref/crypto_int32.c.o
[401/855] Building C object CMakeFiles/nextssl.dir/src/pqc/kem/mceliece8192128f/ref/benes.c.o
[402/855] Building C object CMakeFiles/nextssl.dir/src/pqc/kem/mceliece8192128f/ref/controlbits.c.o
[403/855] Building C object CMakeFiles/nextssl.dir/src/pqc/kem/mceliece8192128f/ref/crypto_uint16.c.o
[404/855] Building C object CMakeFiles/nextssl.dir/src/pqc/kem/mceliece8192128f/ref/crypto_uint32.c.o
[405/855] Building C object CMakeFiles/nextssl.dir/src/pqc/kem/mceliece8192128f/ref/crypto_uint64.c.o
[406/855] Building C object CMakeFiles/nextssl.dir/src/pqc/kem/mceliece8192128f/ref/decrypt.c.o
[407/855] Building C object CMakeFiles/nextssl.dir/src/pqc/kem/mceliece8192128f/ref/gf.c.o
[408/855] Building C object CMakeFiles/nextssl.dir/src/pqc/kem/mceliece8192128f/ref/encrypt.c.o
[409/855] Building C object CMakeFiles/nextssl.dir/src/pqc/kem/mceliece8192128f/ref/operations.c.o
[410/855] Building C object CMakeFiles/nextssl.dir/src/pqc/kem/mceliece8192128f/ref/pk_gen.c.o
[411/855] Building C object CMakeFiles/nextssl.dir/src/pqc/kem/mceliece8192128f/ref/root.c.o
[412/855] Building C object CMakeFiles/nextssl.dir/src/pqc/kem/mceliece8192128f/ref/synd.c.o
[413/855] Building C object CMakeFiles/nextssl.dir/src/pqc/kem/mceliece8192128f/ref/sk_gen.c.o
[414/855] Building C object CMakeFiles/nextssl.dir/src/pqc/kem/mceliece8192128f/ref/util.c.o
[415/855] Building C object CMakeFiles/nextssl.dir/src/pqc/kem/ml-kem-1024/aarch64/cbd.c.o
[416/855] Building C object CMakeFiles/nextssl.dir/src/pqc/kem/mceliece8192128f/ref/transpose.c.o
[417/855] Building C object CMakeFiles/nextssl.dir/src/pqc/kem/ml-kem-1024/aarch64/indcpa.c.o
[418/855] Building C object CMakeFiles/nextssl.dir/src/pqc/kem/ml-kem-1024/aarch64/kem.c.o
[419/855] Building C object CMakeFiles/nextssl.dir/src/pqc/kem/ml-kem-1024/aarch64/neon_poly.c.o
[420/855] Building C object CMakeFiles/nextssl.dir/src/pqc/kem/ml-kem-1024/aarch64/neon_polyvec.c.o
[421/855] Building C object CMakeFiles/nextssl.dir/src/pqc/kem/ml-kem-1024/aarch64/neon_symmetric-shake.c.o
[422/855] Building C object CMakeFiles/nextssl.dir/src/pqc/kem/ml-kem-1024/aarch64/ntt.c.o
[423/855] Building C object CMakeFiles/nextssl.dir/src/pqc/kem/ml-kem-1024/aarch64/reduce.c.o
[424/855] Building C object CMakeFiles/nextssl.dir/src/pqc/kem/ml-kem-1024/aarch64/polyvec.c.o
[425/855] Building C object CMakeFiles/nextssl.dir/src/pqc/kem/ml-kem-1024/aarch64/rejsample.c.o
[426/855] Building C object CMakeFiles/nextssl.dir/src/pqc/kem/ml-kem-1024/aarch64/poly.c.o
[427/855] Building C object CMakeFiles/nextssl.dir/src/pqc/kem/ml-kem-1024/aarch64/verify.c.o
[428/855] Building C object CMakeFiles/nextssl.dir/src/pqc/kem/ml-kem-1024/ref/cbd.c.o
[429/855] Building C object CMakeFiles/nextssl.dir/src/pqc/kem/ml-kem-1024/aarch64/symmetric-shake.c.o
[430/855] Building C object CMakeFiles/nextssl.dir/src/pqc/kem/ml-kem-1024/ref/kem.c.o
[431/855] Building C object CMakeFiles/nextssl.dir/src/pqc/kem/ml-kem-1024/ref/indcpa.c.o
[432/855] Building C object CMakeFiles/nextssl.dir/src/pqc/kem/ml-kem-1024/ref/polyvec.c.o
[433/855] Building C object CMakeFiles/nextssl.dir/src/pqc/kem/ml-kem-1024/ref/reduce.c.o
[434/855] Building C object CMakeFiles/nextssl.dir/src/pqc/kem/ml-kem-1024/ref/ntt.c.o
[435/855] Building C object CMakeFiles/nextssl.dir/src/pqc/kem/ml-kem-1024/ref/poly.c.o
[436/855] Building C object CMakeFiles/nextssl.dir/src/pqc/kem/ml-kem-1024/ref/symmetric-shake.c.o
[437/855] Building C object CMakeFiles/nextssl.dir/src/pqc/kem/ml-kem-1024/ref/verify.c.o
[438/855] Building C object CMakeFiles/nextssl.dir/src/pqc/kem/ml-kem-512/aarch64/cbd.c.o
[439/855] Building C object CMakeFiles/nextssl.dir/src/pqc/kem/ml-kem-512/aarch64/neon_poly.c.o
[440/855] Building C object CMakeFiles/nextssl.dir/src/pqc/kem/ml-kem-512/aarch64/kem.c.o
[441/855] Building C object CMakeFiles/nextssl.dir/src/pqc/kem/ml-kem-512/aarch64/indcpa.c.o
[442/855] Building C object CMakeFiles/nextssl.dir/src/pqc/kem/ml-kem-512/aarch64/neon_polyvec.c.o
[443/855] Building C object CMakeFiles/nextssl.dir/src/pqc/kem/ml-kem-512/aarch64/ntt.c.o
[444/855] Building C object CMakeFiles/nextssl.dir/src/pqc/kem/ml-kem-512/aarch64/neon_symmetric-shake.c.o
[445/855] Building C object CMakeFiles/nextssl.dir/src/pqc/kem/ml-kem-512/aarch64/reduce.c.o
[446/855] Building C object CMakeFiles/nextssl.dir/src/pqc/kem/ml-kem-512/aarch64/polyvec.c.o
[447/855] Building C object CMakeFiles/nextssl.dir/src/pqc/kem/ml-kem-512/aarch64/poly.c.o
[448/855] Building C object CMakeFiles/nextssl.dir/src/pqc/kem/ml-kem-512/aarch64/verify.c.o
[449/855] Building C object CMakeFiles/nextssl.dir/src/pqc/kem/ml-kem-512/ref/cbd.c.o
[450/855] Building C object CMakeFiles/nextssl.dir/src/pqc/kem/ml-kem-512/aarch64/symmetric-shake.c.o
[451/855] Building C object CMakeFiles/nextssl.dir/src/pqc/kem/ml-kem-512/aarch64/rejsample.c.o
[452/855] Building C object CMakeFiles/nextssl.dir/src/pqc/kem/ml-kem-512/ref/indcpa.c.o
[453/855] Building C object CMakeFiles/nextssl.dir/src/pqc/kem/ml-kem-512/ref/kem.c.o
[454/855] Building C object CMakeFiles/nextssl.dir/src/pqc/kem/ml-kem-512/ref/ntt.c.o
[455/855] Building C object CMakeFiles/nextssl.dir/src/pqc/kem/ml-kem-512/ref/reduce.c.o
[456/855] Building C object CMakeFiles/nextssl.dir/src/pqc/kem/ml-kem-512/ref/poly.c.o
[457/855] Building C object CMakeFiles/nextssl.dir/src/pqc/kem/ml-kem-512/ref/symmetric-shake.c.o
[458/855] Building C object CMakeFiles/nextssl.dir/src/pqc/kem/ml-kem-512/ref/verify.c.o
[459/855] Building C object CMakeFiles/nextssl.dir/src/pqc/kem/ml-kem-512/ref/polyvec.c.o
[460/855] Building C object CMakeFiles/nextssl.dir/src/pqc/kem/ml-kem-768/aarch64/cbd.c.o
[461/855] Building C object CMakeFiles/nextssl.dir/src/pqc/kem/ml-kem-768/aarch64/indcpa.c.o
[462/855] Building C object CMakeFiles/nextssl.dir/src/pqc/kem/ml-kem-768/aarch64/kem.c.o
[463/855] Building C object CMakeFiles/nextssl.dir/src/pqc/kem/ml-kem-768/aarch64/neon_poly.c.o
[464/855] Building C object CMakeFiles/nextssl.dir/src/pqc/kem/ml-kem-768/aarch64/ntt.c.o
[465/855] Building C object CMakeFiles/nextssl.dir/src/pqc/kem/ml-kem-768/aarch64/neon_polyvec.c.o
[466/855] Building C object CMakeFiles/nextssl.dir/src/pqc/kem/ml-kem-768/aarch64/neon_symmetric-shake.c.o
[467/855] Building C object CMakeFiles/nextssl.dir/src/pqc/kem/ml-kem-768/aarch64/polyvec.c.o
[468/855] Building C object CMakeFiles/nextssl.dir/src/pqc/kem/ml-kem-768/aarch64/reduce.c.o
[469/855] Building C object CMakeFiles/nextssl.dir/src/pqc/kem/ml-kem-768/aarch64/poly.c.o
[470/855] Building C object CMakeFiles/nextssl.dir/src/pqc/kem/ml-kem-768/aarch64/verify.c.o
[471/855] Building C object CMakeFiles/nextssl.dir/src/pqc/kem/ml-kem-768/ref/cbd.c.o
[472/855] Building C object CMakeFiles/nextssl.dir/src/pqc/kem/ml-kem-768/aarch64/rejsample.c.o
[473/855] Building C object CMakeFiles/nextssl.dir/src/pqc/kem/ml-kem-768/aarch64/symmetric-shake.c.o
[474/855] Building C object CMakeFiles/nextssl.dir/src/pqc/kem/ml-kem-768/ref/indcpa.c.o
[475/855] Building C object CMakeFiles/nextssl.dir/src/pqc/kem/ml-kem-768/ref/kem.c.o
[476/855] Building C object CMakeFiles/nextssl.dir/src/pqc/kem/ml-kem-768/ref/ntt.c.o
[477/855] Building C object CMakeFiles/nextssl.dir/src/pqc/kem/ml-kem-768/ref/reduce.c.o
[478/855] Building C object CMakeFiles/nextssl.dir/src/pqc/kem/ml-kem-768/ref/polyvec.c.o
[479/855] Building C object CMakeFiles/nextssl.dir/src/pqc/kem/ml-kem-768/ref/symmetric-shake.c.o
[480/855] Building C object CMakeFiles/nextssl.dir/src/pqc/kem/ml-kem-768/ref/poly.c.o
[481/855] Building C object CMakeFiles/nextssl.dir/src/pqc/kem/ml-kem-768/ref/verify.c.o
[482/855] Building C object CMakeFiles/nextssl.dir/src/pqc/pqc_main.c.o
[483/855] Building C object CMakeFiles/nextssl.dir/src/pqc/sign/falcon-1024/aarch64/common.c.o
[484/855] Building C object CMakeFiles/nextssl.dir/src/pqc/sign/falcon-1024/aarch64/codec.c.o
[485/855] Building C object CMakeFiles/nextssl.dir/src/pqc/sign/falcon-1024/aarch64/falcon_wrap.c.o
[486/855] Building C object CMakeFiles/nextssl.dir/src/pqc/sign/falcon-1024/aarch64/fpr.c.o
[487/855] Building C object CMakeFiles/nextssl.dir/src/pqc/sign/falcon-1024/aarch64/fft_tree.c.o
[488/855] Building C object CMakeFiles/nextssl.dir/src/pqc/sign/falcon-1024/aarch64/ntt_consts.c.o
[489/855] Building C object CMakeFiles/nextssl.dir/src/pqc/sign/falcon-1024/aarch64/fft.c.o
[490/855] Building C object CMakeFiles/nextssl.dir/src/pqc/sign/falcon-1024/aarch64/poly_float.c.o
[491/855] Building C object CMakeFiles/nextssl.dir/src/pqc/sign/falcon-1024/aarch64/poly_int.c.o
[492/855] Building C object CMakeFiles/nextssl.dir/src/pqc/sign/falcon-1024/aarch64/ntt.c.o
[493/855] Building C object CMakeFiles/nextssl.dir/src/pqc/sign/falcon-1024/aarch64/sampler.c.o
[494/855] Building C object CMakeFiles/nextssl.dir/src/pqc/sign/falcon-1024/aarch64/rng.c.o
[495/855] Building C object CMakeFiles/nextssl.dir/src/pqc/sign/falcon-1024/aarch64/sign.c.o
[496/855] Building C object CMakeFiles/nextssl.dir/src/pqc/sign/falcon-1024/ref/codec.c.o
[497/855] Building C object CMakeFiles/nextssl.dir/src/pqc/sign/falcon-1024/aarch64/util.c.o
[498/855] Building C object CMakeFiles/nextssl.dir/src/pqc/sign/falcon-1024/aarch64/vrfy.c.o
[499/855] Building C object CMakeFiles/nextssl.dir/src/pqc/sign/falcon-1024/ref/common.c.o
[500/855] Building C object CMakeFiles/nextssl.dir/src/pqc/sign/falcon-1024/ref/falcon_wrap.c.o
[501/855] Building C object CMakeFiles/nextssl.dir/src/pqc/sign/falcon-1024/ref/fft.c.o
[502/855] Building C object CMakeFiles/nextssl.dir/src/pqc/sign/falcon-1024/ref/fpr.c.o
[503/855] Building C object CMakeFiles/nextssl.dir/src/pqc/sign/falcon-1024/ref/rng.c.o
[504/855] Building C object CMakeFiles/nextssl.dir/src/pqc/sign/falcon-1024/ref/sign.c.o
[505/855] Building C object CMakeFiles/nextssl.dir/src/pqc/sign/falcon-1024/ref/vrfy.c.o
[506/855] Building C object CMakeFiles/nextssl.dir/src/pqc/sign/falcon-512/aarch64/codec.c.o
[507/855] Building C object CMakeFiles/nextssl.dir/src/pqc/sign/falcon-512/aarch64/common.c.o
[508/855] Building C object CMakeFiles/nextssl.dir/src/pqc/sign/falcon-512/aarch64/falcon_wrap.c.o
[509/855] Building C object CMakeFiles/nextssl.dir/src/pqc/sign/falcon-1024/aarch64/keygen.c.o
[510/855] Building C object CMakeFiles/nextssl.dir/src/pqc/sign/falcon-512/aarch64/fft_tree.c.o
[511/855] Building C object CMakeFiles/nextssl.dir/src/pqc/sign/falcon-512/aarch64/fft.c.o
[512/855] Building C object CMakeFiles/nextssl.dir/src/pqc/sign/falcon-512/aarch64/fpr.c.o
[513/855] Building C object CMakeFiles/nextssl.dir/src/pqc/sign/falcon-512/aarch64/ntt_consts.c.o
[514/855] Building C object CMakeFiles/nextssl.dir/src/pqc/sign/falcon-512/aarch64/poly_float.c.o
[515/855] Building C object CMakeFiles/nextssl.dir/src/pqc/sign/falcon-512/aarch64/ntt.c.o
[516/855] Building C object CMakeFiles/nextssl.dir/src/pqc/sign/falcon-512/aarch64/poly_int.c.o
[517/855] Building C object CMakeFiles/nextssl.dir/src/pqc/sign/falcon-1024/ref/keygen.c.o
[518/855] Building C object CMakeFiles/nextssl.dir/src/pqc/sign/falcon-512/aarch64/rng.c.o
[519/855] Building C object CMakeFiles/nextssl.dir/src/pqc/sign/falcon-512/aarch64/sampler.c.o
[520/855] Building C object CMakeFiles/nextssl.dir/src/pqc/sign/falcon-512/aarch64/sign.c.o
[521/855] Building C object CMakeFiles/nextssl.dir/src/pqc/sign/falcon-512/aarch64/util.c.o
[522/855] Building C object CMakeFiles/nextssl.dir/src/pqc/sign/falcon-512/ref/common.c.o
[523/855] Building C object CMakeFiles/nextssl.dir/src/pqc/sign/falcon-512/aarch64/vrfy.c.o
[524/855] Building C object CMakeFiles/nextssl.dir/src/pqc/sign/falcon-512/ref/codec.c.o
[525/855] Building C object CMakeFiles/nextssl.dir/src/pqc/sign/falcon-512/ref/falcon_wrap.c.o
[526/855] Building C object CMakeFiles/nextssl.dir/src/pqc/sign/falcon-512/ref/fpr.c.o
[527/855] Building C object CMakeFiles/nextssl.dir/src/pqc/sign/falcon-512/ref/fft.c.o
[528/855] Building C object CMakeFiles/nextssl.dir/src/pqc/sign/falcon-512/ref/rng.c.o
[529/855] Building C object CMakeFiles/nextssl.dir/src/pqc/sign/falcon-512/ref/sign.c.o
[530/855] Building C object CMakeFiles/nextssl.dir/src/pqc/sign/falcon-512/ref/vrfy.c.o
[531/855] Building C object CMakeFiles/nextssl.dir/src/pqc/sign/falcon-padded-1024/aarch64/codec.c.o
[532/855] Building C object CMakeFiles/nextssl.dir/src/pqc/sign/falcon-padded-1024/aarch64/common.c.o
[533/855] Building C object CMakeFiles/nextssl.dir/src/pqc/sign/falcon-padded-1024/aarch64/falcon_wrap.c.o
[534/855] Building C object CMakeFiles/nextssl.dir/src/pqc/sign/falcon-512/aarch64/keygen.c.o
[535/855] Building C object CMakeFiles/nextssl.dir/src/pqc/sign/falcon-padded-1024/aarch64/fft_tree.c.o
[536/855] Building C object CMakeFiles/nextssl.dir/src/pqc/sign/falcon-padded-1024/aarch64/fpr.c.o
[537/855] Building C object CMakeFiles/nextssl.dir/src/pqc/sign/falcon-padded-1024/aarch64/fft.c.o
[538/855] Building C object CMakeFiles/nextssl.dir/src/pqc/sign/falcon-padded-1024/aarch64/ntt_consts.c.o
[539/855] Building C object CMakeFiles/nextssl.dir/src/pqc/sign/falcon-padded-1024/aarch64/ntt.c.o
[540/855] Building C object CMakeFiles/nextssl.dir/src/pqc/sign/falcon-padded-1024/aarch64/poly_float.c.o
[541/855] Building C object CMakeFiles/nextssl.dir/src/pqc/sign/falcon-padded-1024/aarch64/poly_int.c.o
[542/855] Building C object CMakeFiles/nextssl.dir/src/pqc/sign/falcon-padded-1024/aarch64/rng.c.o
[543/855] Building C object CMakeFiles/nextssl.dir/src/pqc/sign/falcon-padded-1024/aarch64/sampler.c.o
[544/855] Building C object CMakeFiles/nextssl.dir/src/pqc/sign/falcon-512/ref/keygen.c.o
[545/855] Building C object CMakeFiles/nextssl.dir/src/pqc/sign/falcon-padded-1024/aarch64/sign.c.o
[546/855] Building C object CMakeFiles/nextssl.dir/src/pqc/sign/falcon-padded-1024/aarch64/util.c.o
[547/855] Building C object CMakeFiles/nextssl.dir/src/pqc/sign/falcon-padded-1024/ref/codec.c.o
[548/855] Building C object CMakeFiles/nextssl.dir/src/pqc/sign/falcon-padded-1024/aarch64/vrfy.c.o
[549/855] Building C object CMakeFiles/nextssl.dir/src/pqc/sign/falcon-padded-1024/ref/common.c.o
[550/855] Building C object CMakeFiles/nextssl.dir/src/pqc/sign/falcon-padded-1024/ref/falcon_wrap.c.o
[551/855] Building C object CMakeFiles/nextssl.dir/src/pqc/sign/falcon-padded-1024/ref/fft.c.o
[552/855] Building C object CMakeFiles/nextssl.dir/src/pqc/sign/falcon-padded-1024/ref/fpr.c.o
[553/855] Building C object CMakeFiles/nextssl.dir/src/pqc/sign/falcon-padded-1024/ref/rng.c.o
[554/855] Building C object CMakeFiles/nextssl.dir/src/pqc/sign/falcon-padded-1024/ref/sign.c.o
[555/855] Building C object CMakeFiles/nextssl.dir/src/pqc/sign/falcon-padded-1024/ref/vrfy.c.o
[556/855] Building C object CMakeFiles/nextssl.dir/src/pqc/sign/falcon-padded-512/aarch64/codec.c.o
[557/855] Building C object CMakeFiles/nextssl.dir/src/pqc/sign/falcon-padded-1024/aarch64/keygen.c.o
[558/855] Building C object CMakeFiles/nextssl.dir/src/pqc/sign/falcon-padded-512/aarch64/common.c.o
[559/855] Building C object CMakeFiles/nextssl.dir/src/pqc/sign/falcon-padded-512/aarch64/falcon_wrap.c.o
[560/855] Building C object CMakeFiles/nextssl.dir/src/pqc/sign/falcon-padded-512/aarch64/fft_tree.c.o
[561/855] Building C object CMakeFiles/nextssl.dir/src/pqc/sign/falcon-padded-512/aarch64/fft.c.o
[562/855] Building C object CMakeFiles/nextssl.dir/src/pqc/sign/falcon-padded-512/aarch64/fpr.c.o
[563/855] Building C object CMakeFiles/nextssl.dir/src/pqc/sign/falcon-padded-512/aarch64/ntt_consts.c.o
[564/855] Building C object CMakeFiles/nextssl.dir/src/pqc/sign/falcon-padded-512/aarch64/ntt.c.o
[565/855] Building C object CMakeFiles/nextssl.dir/src/pqc/sign/falcon-padded-512/aarch64/poly_float.c.o
[566/855] Building C object CMakeFiles/nextssl.dir/src/pqc/sign/falcon-padded-512/aarch64/rng.c.o
[567/855] Building C object CMakeFiles/nextssl.dir/src/pqc/sign/falcon-padded-512/aarch64/poly_int.c.o
[568/855] Building C object CMakeFiles/nextssl.dir/src/pqc/sign/falcon-padded-512/aarch64/sampler.c.o
[569/855] Building C object CMakeFiles/nextssl.dir/src/pqc/sign/falcon-padded-512/aarch64/sign.c.o
[570/855] Building C object CMakeFiles/nextssl.dir/src/pqc/sign/falcon-padded-1024/ref/keygen.c.o
[571/855] Building C object CMakeFiles/nextssl.dir/src/pqc/sign/falcon-padded-512/aarch64/util.c.o
[572/855] Building C object CMakeFiles/nextssl.dir/src/pqc/sign/falcon-padded-512/aarch64/vrfy.c.o
[573/855] Building C object CMakeFiles/nextssl.dir/src/pqc/sign/falcon-padded-512/ref/codec.c.o
[574/855] Building C object CMakeFiles/nextssl.dir/src/pqc/sign/falcon-padded-512/ref/common.c.o
[575/855] Building C object CMakeFiles/nextssl.dir/src/pqc/sign/falcon-padded-512/ref/falcon_wrap.c.o
[576/855] Building C object CMakeFiles/nextssl.dir/src/pqc/sign/falcon-padded-512/ref/fpr.c.o
[577/855] Building C object CMakeFiles/nextssl.dir/src/pqc/sign/falcon-padded-512/ref/fft.c.o
[578/855] Building C object CMakeFiles/nextssl.dir/src/pqc/sign/falcon-padded-512/ref/rng.c.o
[579/855] Building C object CMakeFiles/nextssl.dir/src/pqc/sign/falcon-padded-512/ref/sign.c.o
[580/855] Building C object CMakeFiles/nextssl.dir/src/pqc/sign/ml-dsa-44/aarch64/ntt.c.o
[581/855] Building C object CMakeFiles/nextssl.dir/src/pqc/sign/falcon-padded-512/ref/vrfy.c.o
[582/855] Building C object CMakeFiles/nextssl.dir/src/pqc/sign/ml-dsa-44/aarch64/packing.c.o
[583/855] Building C object CMakeFiles/nextssl.dir/src/pqc/sign/ml-dsa-44/aarch64/polyvec.c.o
[584/855] Building C object CMakeFiles/nextssl.dir/src/pqc/sign/ml-dsa-44/aarch64/reduce.c.o
[585/855] Building C object CMakeFiles/nextssl.dir/src/pqc/sign/ml-dsa-44/aarch64/poly.c.o
[586/855] Building C object CMakeFiles/nextssl.dir/src/pqc/sign/ml-dsa-44/aarch64/rounding.c.o
[587/855] Building C object CMakeFiles/nextssl.dir/src/pqc/sign/ml-dsa-44/aarch64/sign.c.o
[588/855] Building C object CMakeFiles/nextssl.dir/src/pqc/sign/ml-dsa-44/aarch64/symmetric-shake.c.o
[589/855] Building C object CMakeFiles/nextssl.dir/src/pqc/sign/falcon-padded-512/aarch64/keygen.c.o
[590/855] Building C object CMakeFiles/nextssl.dir/src/pqc/sign/ml-dsa-44/ref/ntt.c.o
[591/855] Building C object CMakeFiles/nextssl.dir/src/pqc/sign/ml-dsa-44/ref/packing.c.o
[592/855] Building C object CMakeFiles/nextssl.dir/src/pqc/sign/ml-dsa-44/ref/polyvec.c.o
[593/855] Building C object CMakeFiles/nextssl.dir/src/pqc/sign/ml-dsa-44/ref/reduce.c.o
[594/855] Building C object CMakeFiles/nextssl.dir/src/pqc/sign/ml-dsa-44/ref/rounding.c.o
[595/855] Building C object CMakeFiles/nextssl.dir/src/pqc/sign/ml-dsa-44/ref/poly.c.o
[596/855] Building C object CMakeFiles/nextssl.dir/src/pqc/sign/ml-dsa-44/ref/symmetric-shake.c.o
[597/855] Building C object CMakeFiles/nextssl.dir/src/pqc/sign/ml-dsa-44/ref/sign.c.o
[598/855] Building C object CMakeFiles/nextssl.dir/src/pqc/sign/ml-dsa-65/aarch64/ntt.c.o
[599/855] Building C object CMakeFiles/nextssl.dir/src/pqc/sign/ml-dsa-65/aarch64/polyvec.c.o
[600/855] Building C object CMakeFiles/nextssl.dir/src/pqc/sign/ml-dsa-65/aarch64/packing.c.o
[601/855] Building C object CMakeFiles/nextssl.dir/src/pqc/sign/ml-dsa-65/aarch64/reduce.c.o
[602/855] Building C object CMakeFiles/nextssl.dir/src/pqc/sign/ml-dsa-65/aarch64/rounding.c.o
[603/855] Building C object CMakeFiles/nextssl.dir/src/pqc/sign/ml-dsa-65/aarch64/poly.c.o
[604/855] Building C object CMakeFiles/nextssl.dir/src/pqc/sign/ml-dsa-65/aarch64/sign.c.o
[605/855] Building C object CMakeFiles/nextssl.dir/src/pqc/sign/ml-dsa-65/aarch64/symmetric-shake.c.o
[606/855] Building C object CMakeFiles/nextssl.dir/src/pqc/sign/ml-dsa-65/ref/ntt.c.o
[607/855] Building C object CMakeFiles/nextssl.dir/src/pqc/sign/ml-dsa-65/ref/packing.c.o
[608/855] Building C object CMakeFiles/nextssl.dir/src/pqc/sign/ml-dsa-65/ref/polyvec.c.o
[609/855] Building C object CMakeFiles/nextssl.dir/src/pqc/sign/ml-dsa-65/ref/poly.c.o
[610/855] Building C object CMakeFiles/nextssl.dir/src/pqc/sign/ml-dsa-65/ref/rounding.c.o
[611/855] Building C object CMakeFiles/nextssl.dir/src/pqc/sign/ml-dsa-65/ref/reduce.c.o
[612/855] Building C object CMakeFiles/nextssl.dir/src/pqc/sign/ml-dsa-65/ref/sign.c.o
[613/855] Building C object CMakeFiles/nextssl.dir/src/pqc/sign/ml-dsa-65/ref/symmetric-shake.c.o
[614/855] Building C object CMakeFiles/nextssl.dir/src/pqc/sign/ml-dsa-87/aarch64/ntt.c.o
[615/855] Building C object CMakeFiles/nextssl.dir/src/pqc/sign/ml-dsa-87/aarch64/polyvec.c.o
[616/855] Building C object CMakeFiles/nextssl.dir/src/pqc/sign/ml-dsa-87/aarch64/reduce.c.o
[617/855] Building C object CMakeFiles/nextssl.dir/src/pqc/sign/ml-dsa-87/aarch64/packing.c.o
[618/855] Building C object CMakeFiles/nextssl.dir/src/pqc/sign/ml-dsa-87/aarch64/rounding.c.o
[619/855] Building C object CMakeFiles/nextssl.dir/src/pqc/sign/ml-dsa-87/aarch64/symmetric-shake.c.o
[620/855] Building C object CMakeFiles/nextssl.dir/src/pqc/sign/ml-dsa-87/aarch64/poly.c.o
[621/855] Building C object CMakeFiles/nextssl.dir/src/pqc/sign/ml-dsa-87/aarch64/sign.c.o
[622/855] Building C object CMakeFiles/nextssl.dir/src/pqc/sign/ml-dsa-87/ref/ntt.c.o
[623/855] Building C object CMakeFiles/nextssl.dir/src/pqc/sign/falcon-padded-512/ref/keygen.c.o
[624/855] Building C object CMakeFiles/nextssl.dir/src/pqc/sign/ml-dsa-87/ref/packing.c.o
[625/855] Building C object CMakeFiles/nextssl.dir/src/pqc/sign/ml-dsa-87/ref/polyvec.c.o
[626/855] Building C object CMakeFiles/nextssl.dir/src/pqc/sign/ml-dsa-87/ref/reduce.c.o
[627/855] Building C object CMakeFiles/nextssl.dir/src/pqc/sign/ml-dsa-87/ref/poly.c.o
[628/855] Building C object CMakeFiles/nextssl.dir/src/pqc/sign/ml-dsa-87/ref/rounding.c.o
[629/855] Building C object CMakeFiles/nextssl.dir/src/pqc/sign/ml-dsa-87/ref/symmetric-shake.c.o
[630/855] Building C object CMakeFiles/nextssl.dir/src/pqc/sign/sphincs-sha2-128f-simple/ref/address.c.o
[631/855] Building C object CMakeFiles/nextssl.dir/src/pqc/sign/sphincs-sha2-128f-simple/ref/context_sha2.c.o
[632/855] Building C object CMakeFiles/nextssl.dir/src/pqc/sign/ml-dsa-87/ref/sign.c.o
[633/855] Building C object CMakeFiles/nextssl.dir/src/pqc/sign/sphincs-sha2-128f-simple/ref/merkle.c.o
[634/855] Building C object CMakeFiles/nextssl.dir/src/pqc/sign/sphincs-sha2-128f-simple/ref/fors.c.o
[635/855] Building C object CMakeFiles/nextssl.dir/src/pqc/sign/sphincs-sha2-128f-simple/ref/hash_sha2.c.o
[636/855] Building C object CMakeFiles/nextssl.dir/src/pqc/sign/sphincs-sha2-128f-simple/ref/thash_sha2_simple.c.o
[637/855] Building C object CMakeFiles/nextssl.dir/src/pqc/sign/sphincs-sha2-128f-simple/ref/utilsx1.c.o
[638/855] Building C object CMakeFiles/nextssl.dir/src/pqc/sign/sphincs-sha2-128f-simple/ref/utils.c.o
[639/855] Building C object CMakeFiles/nextssl.dir/src/pqc/sign/sphincs-sha2-128f-simple/ref/sign.c.o
[640/855] Building C object CMakeFiles/nextssl.dir/src/pqc/sign/sphincs-sha2-128f-simple/ref/wotsx1.c.o
[641/855] Building C object CMakeFiles/nextssl.dir/src/pqc/sign/sphincs-sha2-128f-simple/ref/wots.c.o
[642/855] Building C object CMakeFiles/nextssl.dir/src/pqc/sign/sphincs-sha2-128s-simple/ref/address.c.o
[643/855] Building C object CMakeFiles/nextssl.dir/src/pqc/sign/sphincs-sha2-128s-simple/ref/context_sha2.c.o
[644/855] Building C object CMakeFiles/nextssl.dir/src/pqc/sign/sphincs-sha2-128s-simple/ref/fors.c.o
[645/855] Building C object CMakeFiles/nextssl.dir/src/pqc/sign/sphincs-sha2-128s-simple/ref/merkle.c.o
[646/855] Building C object CMakeFiles/nextssl.dir/src/pqc/sign/sphincs-sha2-128s-simple/ref/hash_sha2.c.o
[647/855] Building C object CMakeFiles/nextssl.dir/src/pqc/sign/sphincs-sha2-128s-simple/ref/sign.c.o
[648/855] Building C object CMakeFiles/nextssl.dir/src/pqc/sign/sphincs-sha2-128s-simple/ref/thash_sha2_simple.c.o
[649/855] Building C object CMakeFiles/nextssl.dir/src/pqc/sign/sphincs-sha2-128s-simple/ref/utilsx1.c.o
[650/855] Building C object CMakeFiles/nextssl.dir/src/pqc/sign/sphincs-sha2-128s-simple/ref/utils.c.o
[651/855] Building C object CMakeFiles/nextssl.dir/src/pqc/sign/sphincs-sha2-128s-simple/ref/wotsx1.c.o
[652/855] Building C object CMakeFiles/nextssl.dir/src/pqc/sign/sphincs-sha2-128s-simple/ref/wots.c.o
[653/855] Building C object CMakeFiles/nextssl.dir/src/pqc/sign/sphincs-sha2-192f-simple/ref/context_sha2.c.o
[654/855] Building C object CMakeFiles/nextssl.dir/src/pqc/sign/sphincs-sha2-192f-simple/ref/address.c.o
[655/855] Building C object CMakeFiles/nextssl.dir/src/pqc/sign/sphincs-sha2-192f-simple/ref/merkle.c.o
[656/855] Building C object CMakeFiles/nextssl.dir/src/pqc/sign/sphincs-sha2-192f-simple/ref/fors.c.o
[657/855] Building C object CMakeFiles/nextssl.dir/src/pqc/sign/sphincs-sha2-192f-simple/ref/hash_sha2.c.o
[658/855] Building C object CMakeFiles/nextssl.dir/src/pqc/sign/sphincs-sha2-192f-simple/ref/thash_sha2_simple.c.o
[659/855] Building C object CMakeFiles/nextssl.dir/src/pqc/sign/sphincs-sha2-192f-simple/ref/sign.c.o
[660/855] Building C object CMakeFiles/nextssl.dir/src/pqc/sign/sphincs-sha2-192f-simple/ref/utilsx1.c.o
[661/855] Building C object CMakeFiles/nextssl.dir/src/pqc/sign/sphincs-sha2-192f-simple/ref/utils.c.o
[662/855] Building C object CMakeFiles/nextssl.dir/src/pqc/sign/sphincs-sha2-192f-simple/ref/wotsx1.c.o
[663/855] Building C object CMakeFiles/nextssl.dir/src/pqc/sign/sphincs-sha2-192f-simple/ref/wots.c.o
[664/855] Building C object CMakeFiles/nextssl.dir/src/pqc/sign/sphincs-sha2-192s-simple/ref/address.c.o
[665/855] Building C object CMakeFiles/nextssl.dir/src/pqc/sign/sphincs-sha2-192s-simple/ref/context_sha2.c.o
[666/855] Building C object CMakeFiles/nextssl.dir/src/pqc/sign/sphincs-sha2-192s-simple/ref/merkle.c.o
[667/855] Building C object CMakeFiles/nextssl.dir/src/pqc/sign/sphincs-sha2-192s-simple/ref/fors.c.o
[668/855] Building C object CMakeFiles/nextssl.dir/src/pqc/sign/sphincs-sha2-192s-simple/ref/hash_sha2.c.o
[669/855] Building C object CMakeFiles/nextssl.dir/src/pqc/sign/sphincs-sha2-192s-simple/ref/sign.c.o
[670/855] Building C object CMakeFiles/nextssl.dir/src/pqc/sign/sphincs-sha2-192s-simple/ref/thash_sha2_simple.c.o
[671/855] Building C object CMakeFiles/nextssl.dir/src/pqc/sign/sphincs-sha2-192s-simple/ref/utilsx1.c.o
[672/855] Building C object CMakeFiles/nextssl.dir/src/pqc/sign/sphincs-sha2-192s-simple/ref/wots.c.o
[673/855] Building C object CMakeFiles/nextssl.dir/src/pqc/sign/sphincs-sha2-192s-simple/ref/utils.c.o
[674/855] Building C object CMakeFiles/nextssl.dir/src/pqc/sign/sphincs-sha2-192s-simple/ref/wotsx1.c.o
[675/855] Building C object CMakeFiles/nextssl.dir/src/pqc/sign/sphincs-sha2-256f-simple/ref/address.c.o
[676/855] Building C object CMakeFiles/nextssl.dir/src/pqc/sign/sphincs-sha2-256f-simple/ref/context_sha2.c.o
[677/855] Building C object CMakeFiles/nextssl.dir/src/pqc/sign/sphincs-sha2-256f-simple/ref/fors.c.o
[678/855] Building C object CMakeFiles/nextssl.dir/src/pqc/sign/sphincs-sha2-256f-simple/ref/merkle.c.o
[679/855] Building C object CMakeFiles/nextssl.dir/src/pqc/sign/sphincs-sha2-256f-simple/ref/hash_sha2.c.o
[680/855] Building C object CMakeFiles/nextssl.dir/src/pqc/sign/sphincs-sha2-256f-simple/ref/thash_sha2_simple.c.o
[681/855] Building C object CMakeFiles/nextssl.dir/src/pqc/sign/sphincs-sha2-256f-simple/ref/sign.c.o
[682/855] Building C object CMakeFiles/nextssl.dir/src/pqc/sign/sphincs-sha2-256f-simple/ref/utilsx1.c.o
[683/855] Building C object CMakeFiles/nextssl.dir/src/pqc/sign/sphincs-sha2-256f-simple/ref/wots.c.o
[684/855] Building C object CMakeFiles/nextssl.dir/src/pqc/sign/sphincs-sha2-256f-simple/ref/wotsx1.c.o
[685/855] Building C object CMakeFiles/nextssl.dir/src/pqc/sign/sphincs-sha2-256f-simple/ref/utils.c.o
[686/855] Building C object CMakeFiles/nextssl.dir/src/pqc/sign/sphincs-sha2-256s-simple/ref/address.c.o
[687/855] Building C object CMakeFiles/nextssl.dir/src/pqc/sign/sphincs-sha2-256s-simple/ref/context_sha2.c.o
[688/855] Building C object CMakeFiles/nextssl.dir/src/pqc/sign/sphincs-sha2-256s-simple/ref/hash_sha2.c.o
[689/855] Building C object CMakeFiles/nextssl.dir/src/pqc/sign/sphincs-sha2-256s-simple/ref/merkle.c.o
[690/855] Building C object CMakeFiles/nextssl.dir/src/pqc/sign/sphincs-sha2-256s-simple/ref/fors.c.o
[691/855] Building C object CMakeFiles/nextssl.dir/src/pqc/sign/sphincs-sha2-256s-simple/ref/thash_sha2_simple.c.o
[692/855] Building C object CMakeFiles/nextssl.dir/src/pqc/sign/sphincs-sha2-256s-simple/ref/sign.c.o
[693/855] Building C object CMakeFiles/nextssl.dir/src/pqc/sign/sphincs-sha2-256s-simple/ref/utilsx1.c.o
[694/855] Building C object CMakeFiles/nextssl.dir/src/pqc/sign/sphincs-sha2-256s-simple/ref/utils.c.o
[695/855] Building C object CMakeFiles/nextssl.dir/src/pqc/sign/sphincs-sha2-256s-simple/ref/wotsx1.c.o
[696/855] Building C object CMakeFiles/nextssl.dir/src/pqc/sign/sphincs-sha2-256s-simple/ref/wots.c.o
[697/855] Building C object CMakeFiles/nextssl.dir/src/pqc/sign/sphincs-shake-128f-simple/aarch64/context_shake.c.o
[698/855] Building C object CMakeFiles/nextssl.dir/src/pqc/sign/sphincs-shake-128f-simple/aarch64/address.c.o
[699/855] Building C object CMakeFiles/nextssl.dir/src/pqc/sign/sphincs-shake-128f-simple/aarch64/f1600x2_const.c.o
[700/855] Building C object CMakeFiles/nextssl.dir/src/pqc/sign/sphincs-shake-128f-simple/aarch64/fors.c.o
[701/855] Building C object CMakeFiles/nextssl.dir/src/pqc/sign/sphincs-shake-128f-simple/aarch64/hash_shake.c.o
[702/855] Building C object CMakeFiles/nextssl.dir/src/pqc/sign/sphincs-shake-128f-simple/aarch64/fips202x2.c.o
[703/855] Building C object CMakeFiles/nextssl.dir/src/pqc/sign/sphincs-shake-128f-simple/aarch64/merkle.c.o
[704/855] Building C object CMakeFiles/nextssl.dir/src/pqc/sign/sphincs-shake-128f-simple/aarch64/hash_shakex2.c.o
[705/855] Building C object CMakeFiles/nextssl.dir/src/pqc/sign/sphincs-shake-128f-simple/aarch64/thash_shake_simplex2.c.o
[706/855] Building C object CMakeFiles/nextssl.dir/src/pqc/sign/sphincs-shake-128f-simple/aarch64/sign.c.o
[707/855] Building C object CMakeFiles/nextssl.dir/src/pqc/sign/sphincs-shake-128f-simple/ref/address.c.o
[708/855] Building C object CMakeFiles/nextssl.dir/src/pqc/sign/sphincs-shake-128f-simple/aarch64/utilsx2.c.o
[709/855] Building C object CMakeFiles/nextssl.dir/src/pqc/sign/sphincs-shake-128f-simple/aarch64/utils.c.o
[710/855] Building C object CMakeFiles/nextssl.dir/src/pqc/sign/sphincs-shake-128f-simple/ref/context_shake.c.o
[711/855] Building C object CMakeFiles/nextssl.dir/src/pqc/sign/sphincs-shake-128f-simple/ref/fors.c.o
[712/855] Building C object CMakeFiles/nextssl.dir/src/pqc/sign/sphincs-shake-128f-simple/ref/hash_shake.c.o
[713/855] Building C object CMakeFiles/nextssl.dir/src/pqc/sign/sphincs-shake-128f-simple/ref/merkle.c.o
[714/855] Building C object CMakeFiles/nextssl.dir/src/pqc/sign/sphincs-shake-128f-simple/ref/thash_shake_simple.c.o
[715/855] Building C object CMakeFiles/nextssl.dir/src/pqc/sign/sphincs-shake-128f-simple/ref/sign.c.o
[716/855] Building C object CMakeFiles/nextssl.dir/src/pqc/sign/sphincs-shake-128f-simple/ref/utils.c.o
[717/855] Building C object CMakeFiles/nextssl.dir/src/pqc/sign/sphincs-shake-128f-simple/ref/utilsx1.c.o
[718/855] Building C object CMakeFiles/nextssl.dir/src/pqc/sign/sphincs-shake-128f-simple/ref/wots.c.o
[719/855] Building C object CMakeFiles/nextssl.dir/src/pqc/sign/sphincs-shake-128f-simple/ref/wotsx1.c.o
[720/855] Building C object CMakeFiles/nextssl.dir/src/pqc/sign/sphincs-shake-128s-simple/aarch64/context_shake.c.o
[721/855] Building C object CMakeFiles/nextssl.dir/src/pqc/sign/sphincs-shake-128s-simple/aarch64/address.c.o
[722/855] Building C object CMakeFiles/nextssl.dir/src/pqc/sign/sphincs-shake-128s-simple/aarch64/f1600x2_const.c.o
[723/855] Building C object CMakeFiles/nextssl.dir/src/pqc/sign/sphincs-shake-128f-simple/aarch64/wots.c.o
[724/855] Building C object CMakeFiles/nextssl.dir/src/pqc/sign/sphincs-shake-128s-simple/aarch64/fors.c.o
[725/855] Building C object CMakeFiles/nextssl.dir/src/pqc/sign/sphincs-shake-128s-simple/aarch64/hash_shake.c.o
[726/855] Building C object CMakeFiles/nextssl.dir/src/pqc/sign/sphincs-shake-128s-simple/aarch64/hash_shakex2.c.o
[727/855] Building C object CMakeFiles/nextssl.dir/src/pqc/sign/sphincs-shake-128s-simple/aarch64/fips202x2.c.o
[728/855] Building C object CMakeFiles/nextssl.dir/src/pqc/sign/sphincs-shake-128s-simple/aarch64/merkle.c.o
[729/855] Building C object CMakeFiles/nextssl.dir/src/pqc/sign/sphincs-shake-128s-simple/aarch64/thash_shake_simplex2.c.o
[730/855] Building C object CMakeFiles/nextssl.dir/src/pqc/sign/sphincs-shake-128s-simple/aarch64/utils.c.o
[731/855] Building C object CMakeFiles/nextssl.dir/src/pqc/sign/sphincs-shake-128s-simple/aarch64/sign.c.o
[732/855] Building C object CMakeFiles/nextssl.dir/src/pqc/sign/sphincs-shake-128s-simple/aarch64/utilsx2.c.o
[733/855] Building C object CMakeFiles/nextssl.dir/src/pqc/sign/sphincs-shake-128s-simple/ref/address.c.o
[734/855] Building C object CMakeFiles/nextssl.dir/src/pqc/sign/sphincs-shake-128s-simple/ref/context_shake.c.o
[735/855] Building C object CMakeFiles/nextssl.dir/src/pqc/sign/sphincs-shake-128s-simple/ref/fors.c.o
[736/855] Building C object CMakeFiles/nextssl.dir/src/pqc/sign/sphincs-shake-128s-simple/ref/hash_shake.c.o
[737/855] Building C object CMakeFiles/nextssl.dir/src/pqc/sign/sphincs-shake-128s-simple/ref/merkle.c.o
[738/855] Building C object CMakeFiles/nextssl.dir/src/pqc/sign/sphincs-shake-128s-simple/ref/sign.c.o
[739/855] Building C object CMakeFiles/nextssl.dir/src/pqc/sign/sphincs-shake-128s-simple/ref/thash_shake_simple.c.o
[740/855] Building C object CMakeFiles/nextssl.dir/src/pqc/sign/sphincs-shake-128s-simple/ref/utils.c.o
[741/855] Building C object CMakeFiles/nextssl.dir/src/pqc/sign/sphincs-shake-128s-simple/ref/utilsx1.c.o
[742/855] Building C object CMakeFiles/nextssl.dir/src/pqc/sign/sphincs-shake-128s-simple/ref/wots.c.o
[743/855] Building C object CMakeFiles/nextssl.dir/src/pqc/sign/sphincs-shake-128s-simple/aarch64/wots.c.o
[744/855] Building C object CMakeFiles/nextssl.dir/src/pqc/sign/sphincs-shake-128s-simple/ref/wotsx1.c.o
[745/855] Building C object CMakeFiles/nextssl.dir/src/pqc/sign/sphincs-shake-192f-simple/aarch64/context_shake.c.o
[746/855] Building C object CMakeFiles/nextssl.dir/src/pqc/sign/sphincs-shake-192f-simple/aarch64/f1600x2_const.c.o
[747/855] Building C object CMakeFiles/nextssl.dir/src/pqc/sign/sphincs-shake-192f-simple/aarch64/address.c.o
[748/855] Building C object CMakeFiles/nextssl.dir/src/pqc/sign/sphincs-shake-192f-simple/aarch64/hash_shakex2.c.o
[749/855] Building C object CMakeFiles/nextssl.dir/src/pqc/sign/sphincs-shake-192f-simple/aarch64/hash_shake.c.o
[750/855] Building C object CMakeFiles/nextssl.dir/src/pqc/sign/sphincs-shake-192f-simple/aarch64/fors.c.o
[751/855] Building C object CMakeFiles/nextssl.dir/src/pqc/sign/sphincs-shake-192f-simple/aarch64/fips202x2.c.o
[752/855] Building C object CMakeFiles/nextssl.dir/src/pqc/sign/sphincs-shake-192f-simple/aarch64/merkle.c.o
[753/855] Building C object CMakeFiles/nextssl.dir/src/pqc/sign/sphincs-shake-192f-simple/aarch64/thash_shake_simplex2.c.o
[754/855] Building C object CMakeFiles/nextssl.dir/src/pqc/sign/sphincs-shake-192f-simple/aarch64/sign.c.o
[755/855] Building C object CMakeFiles/nextssl.dir/src/pqc/sign/sphincs-shake-192f-simple/aarch64/utils.c.o
[756/855] Building C object CMakeFiles/nextssl.dir/src/pqc/sign/sphincs-shake-192f-simple/aarch64/utilsx2.c.o
[757/855] Building C object CMakeFiles/nextssl.dir/src/pqc/sign/sphincs-shake-192f-simple/ref/address.c.o
[758/855] Building C object CMakeFiles/nextssl.dir/src/pqc/sign/sphincs-shake-192f-simple/ref/context_shake.c.o
[759/855] Building C object CMakeFiles/nextssl.dir/src/pqc/sign/sphincs-shake-192f-simple/ref/fors.c.o
[760/855] Building C object CMakeFiles/nextssl.dir/src/pqc/sign/sphincs-shake-192f-simple/ref/hash_shake.c.o
[761/855] Building C object CMakeFiles/nextssl.dir/src/pqc/sign/sphincs-shake-192f-simple/ref/merkle.c.o
[762/855] Building C object CMakeFiles/nextssl.dir/src/pqc/sign/sphincs-shake-192f-simple/ref/thash_shake_simple.c.o
[763/855] Building C object CMakeFiles/nextssl.dir/src/pqc/sign/sphincs-shake-192f-simple/ref/sign.c.o
[764/855] Building C object CMakeFiles/nextssl.dir/src/pqc/sign/sphincs-shake-192f-simple/ref/utils.c.o
[765/855] Building C object CMakeFiles/nextssl.dir/src/pqc/sign/sphincs-shake-192f-simple/ref/wots.c.o
[766/855] Building C object CMakeFiles/nextssl.dir/src/pqc/sign/sphincs-shake-192f-simple/aarch64/wots.c.o
[767/855] Building C object CMakeFiles/nextssl.dir/src/pqc/sign/sphincs-shake-192f-simple/ref/utilsx1.c.o
[768/855] Building C object CMakeFiles/nextssl.dir/src/pqc/sign/sphincs-shake-192f-simple/ref/wotsx1.c.o
[769/855] Building C object CMakeFiles/nextssl.dir/src/pqc/sign/sphincs-shake-192s-simple/aarch64/context_shake.c.o
[770/855] Building C object CMakeFiles/nextssl.dir/src/pqc/sign/sphincs-shake-192s-simple/aarch64/address.c.o
[771/855] Building C object CMakeFiles/nextssl.dir/src/pqc/sign/sphincs-shake-192s-simple/aarch64/fips202x2.c.o
[772/855] Building C object CMakeFiles/nextssl.dir/src/pqc/sign/sphincs-shake-192s-simple/aarch64/f1600x2_const.c.o
[773/855] Building C object CMakeFiles/nextssl.dir/src/pqc/sign/sphincs-shake-192s-simple/aarch64/hash_shake.c.o
[774/855] Building C object CMakeFiles/nextssl.dir/src/pqc/sign/sphincs-shake-192s-simple/aarch64/fors.c.o
[775/855] Building C object CMakeFiles/nextssl.dir/src/pqc/sign/sphincs-shake-192s-simple/aarch64/hash_shakex2.c.o
[776/855] Building C object CMakeFiles/nextssl.dir/src/pqc/sign/sphincs-shake-192s-simple/aarch64/thash_shake_simplex2.c.o
[777/855] Building C object CMakeFiles/nextssl.dir/src/pqc/sign/sphincs-shake-192s-simple/aarch64/merkle.c.o
[778/855] Building C object CMakeFiles/nextssl.dir/src/pqc/sign/sphincs-shake-192s-simple/aarch64/sign.c.o
[779/855] Building C object CMakeFiles/nextssl.dir/src/pqc/sign/sphincs-shake-192s-simple/aarch64/utils.c.o
[780/855] Building C object CMakeFiles/nextssl.dir/src/pqc/sign/sphincs-shake-192s-simple/aarch64/utilsx2.c.o
[781/855] Building C object CMakeFiles/nextssl.dir/src/pqc/sign/sphincs-shake-192s-simple/ref/address.c.o
[782/855] Building C object CMakeFiles/nextssl.dir/src/pqc/sign/sphincs-shake-192s-simple/ref/fors.c.o
[783/855] Building C object CMakeFiles/nextssl.dir/src/pqc/sign/sphincs-shake-192s-simple/ref/hash_shake.c.o
[784/855] Building C object CMakeFiles/nextssl.dir/src/pqc/sign/sphincs-shake-192s-simple/ref/context_shake.c.o
[785/855] Building C object CMakeFiles/nextssl.dir/src/pqc/sign/sphincs-shake-192s-simple/ref/merkle.c.o
[786/855] Building C object CMakeFiles/nextssl.dir/src/pqc/sign/sphincs-shake-192s-simple/ref/thash_shake_simple.c.o
[787/855] Building C object CMakeFiles/nextssl.dir/src/pqc/sign/sphincs-shake-192s-simple/aarch64/wots.c.o
[788/855] Building C object CMakeFiles/nextssl.dir/src/pqc/sign/sphincs-shake-192s-simple/ref/sign.c.o
[789/855] Building C object CMakeFiles/nextssl.dir/src/pqc/sign/sphincs-shake-192s-simple/ref/utils.c.o
[790/855] Building C object CMakeFiles/nextssl.dir/src/pqc/sign/sphincs-shake-192s-simple/ref/utilsx1.c.o
[791/855] Building C object CMakeFiles/nextssl.dir/src/pqc/sign/sphincs-shake-192s-simple/ref/wotsx1.c.o
[792/855] Building C object CMakeFiles/nextssl.dir/src/pqc/sign/sphincs-shake-192s-simple/ref/wots.c.o
[793/855] Building C object CMakeFiles/nextssl.dir/src/pqc/sign/sphincs-shake-256f-simple/aarch64/address.c.o
[794/855] Building C object CMakeFiles/nextssl.dir/src/pqc/sign/sphincs-shake-256f-simple/aarch64/context_shake.c.o
[795/855] Building C object CMakeFiles/nextssl.dir/src/pqc/sign/sphincs-shake-256f-simple/aarch64/f1600x2_const.c.o
[796/855] Building C object CMakeFiles/nextssl.dir/src/pqc/sign/sphincs-shake-256f-simple/aarch64/hash_shake.c.o
[797/855] Building C object CMakeFiles/nextssl.dir/src/pqc/sign/sphincs-shake-256f-simple/aarch64/hash_shakex2.c.o
[798/855] Building C object CMakeFiles/nextssl.dir/src/pqc/sign/sphincs-shake-256f-simple/aarch64/fors.c.o
[799/855] Building C object CMakeFiles/nextssl.dir/src/pqc/sign/sphincs-shake-256f-simple/aarch64/fips202x2.c.o
[800/855] Building C object CMakeFiles/nextssl.dir/src/pqc/sign/sphincs-shake-256f-simple/aarch64/merkle.c.o
[801/855] Building C object CMakeFiles/nextssl.dir/src/pqc/sign/sphincs-shake-256f-simple/aarch64/thash_shake_simplex2.c.o
[802/855] Building C object CMakeFiles/nextssl.dir/src/pqc/sign/sphincs-shake-256f-simple/aarch64/sign.c.o
[803/855] Building C object CMakeFiles/nextssl.dir/src/pqc/sign/sphincs-shake-256f-simple/aarch64/utils.c.o
[804/855] Building C object CMakeFiles/nextssl.dir/src/pqc/sign/sphincs-shake-256f-simple/aarch64/utilsx2.c.o
[805/855] Building C object CMakeFiles/nextssl.dir/src/pqc/sign/sphincs-shake-256f-simple/ref/address.c.o
[806/855] Building C object CMakeFiles/nextssl.dir/src/pqc/sign/sphincs-shake-256f-simple/aarch64/wots.c.o
[807/855] Building C object CMakeFiles/nextssl.dir/src/pqc/sign/sphincs-shake-256f-simple/ref/context_shake.c.o
[808/855] Building C object CMakeFiles/nextssl.dir/src/pqc/sign/sphincs-shake-256f-simple/ref/merkle.c.o
[809/855] Building C object CMakeFiles/nextssl.dir/src/pqc/sign/sphincs-shake-256f-simple/ref/hash_shake.c.o
[810/855] Building C object CMakeFiles/nextssl.dir/src/pqc/sign/sphincs-shake-256f-simple/ref/fors.c.o
[811/855] Building C object CMakeFiles/nextssl.dir/src/pqc/sign/sphincs-shake-256f-simple/ref/thash_shake_simple.c.o
[812/855] Building C object CMakeFiles/nextssl.dir/src/pqc/sign/sphincs-shake-256f-simple/ref/utilsx1.c.o
[813/855] Building C object CMakeFiles/nextssl.dir/src/pqc/sign/sphincs-shake-256f-simple/ref/sign.c.o
[814/855] Building C object CMakeFiles/nextssl.dir/src/pqc/sign/sphincs-shake-256f-simple/ref/wots.c.o
[815/855] Building C object CMakeFiles/nextssl.dir/src/pqc/sign/sphincs-shake-256f-simple/ref/utils.c.o
[816/855] Building C object CMakeFiles/nextssl.dir/src/pqc/sign/sphincs-shake-256s-simple/aarch64/address.c.o
[817/855] Building C object CMakeFiles/nextssl.dir/src/pqc/sign/sphincs-shake-256s-simple/aarch64/f1600x2_const.c.o
[818/855] Building C object CMakeFiles/nextssl.dir/src/pqc/sign/sphincs-shake-256s-simple/aarch64/context_shake.c.o
[819/855] Building C object CMakeFiles/nextssl.dir/src/pqc/sign/sphincs-shake-256s-simple/aarch64/fips202x2.c.o
[820/855] Building C object CMakeFiles/nextssl.dir/src/pqc/sign/sphincs-shake-256f-simple/ref/wotsx1.c.o
[821/855] Building C object CMakeFiles/nextssl.dir/src/pqc/sign/sphincs-shake-256s-simple/aarch64/hash_shake.c.o
[822/855] Building C object CMakeFiles/nextssl.dir/src/pqc/sign/sphincs-shake-256s-simple/aarch64/hash_shakex2.c.o
[823/855] Building C object CMakeFiles/nextssl.dir/src/pqc/sign/sphincs-shake-256s-simple/aarch64/fors.c.o
[824/855] Building C object CMakeFiles/nextssl.dir/src/pqc/sign/sphincs-shake-256s-simple/aarch64/merkle.c.o
[825/855] Building C object CMakeFiles/nextssl.dir/src/pqc/sign/sphincs-shake-256s-simple/aarch64/thash_shake_simplex2.c.o
[826/855] Building C object CMakeFiles/nextssl.dir/src/pqc/sign/sphincs-shake-256s-simple/aarch64/sign.c.o
[827/855] Building C object CMakeFiles/nextssl.dir/src/pqc/sign/sphincs-shake-256s-simple/aarch64/utils.c.o
[828/855] Building C object CMakeFiles/nextssl.dir/src/pqc/sign/sphincs-shake-256s-simple/aarch64/utilsx2.c.o
[829/855] Building C object CMakeFiles/nextssl.dir/src/pqc/sign/sphincs-shake-256s-simple/ref/context_shake.c.o
[830/855] Building C object CMakeFiles/nextssl.dir/src/pqc/sign/sphincs-shake-256s-simple/ref/address.c.o
[831/855] Building C object CMakeFiles/nextssl.dir/src/pqc/sign/sphincs-shake-256s-simple/ref/fors.c.o
[832/855] Building C object CMakeFiles/nextssl.dir/src/pqc/sign/sphincs-shake-256s-simple/ref/hash_shake.c.o
[833/855] Building C object CMakeFiles/nextssl.dir/src/pqc/sign/sphincs-shake-256s-simple/aarch64/wots.c.o
[834/855] Building C object CMakeFiles/nextssl.dir/src/pqc/sign/sphincs-shake-256s-simple/ref/merkle.c.o
[835/855] Building C object CMakeFiles/nextssl.dir/src/pqc/sign/sphincs-shake-256s-simple/ref/thash_shake_simple.c.o
[836/855] Building C object CMakeFiles/nextssl.dir/src/pqc/sign/sphincs-shake-256s-simple/ref/utilsx1.c.o
[837/855] Building C object CMakeFiles/nextssl.dir/src/pqc/sign/sphincs-shake-256s-simple/ref/sign.c.o
[838/855] Building C object CMakeFiles/nextssl.dir/src/pqc/sign/sphincs-shake-256s-simple/ref/utils.c.o
[839/855] Building C object CMakeFiles/nextssl.dir/src/pqc/sign/sphincs-shake-256s-simple/ref/wotsx1.c.o
[840/855] Building C object CMakeFiles/nextssl.dir/src/pqc/sign/sphincs-shake-256s-simple/ref/wots.c.o
[841/855] Building C object CMakeFiles/nextssl.dir/src/root/hash/root_hash.c.o
[842/855] Building C object CMakeFiles/nextssl.dir/src/root/nextssl_init.c.o
[843/855] Building C object CMakeFiles/nextssl.dir/src/root/hash/root_hash_record.c.o
[844/855] Building C object CMakeFiles/nextssl.dir/src/root/pow/root_pow.c.o
[845/855] Building C object CMakeFiles/nextssl.dir/src/root/seed/root_seed.c.o
[846/855] Building C object CMakeFiles/nextssl.dir/src/root/modern/root_modern.c.o
[847/855] Building C object CMakeFiles/nextssl.dir/src/root/pqc/root_pqc.c.o
[848/855] Building C object CMakeFiles/nextssl.dir/src/seed/hash/hash_ops.c.o
[849/855] Building C object CMakeFiles/nextssl.dir/src/seed/hash/hash_registry.c.o
[850/855] Building C object CMakeFiles/nextssl.dir/src/seed/hash/seed_core.c.o
[851/855] Building C object CMakeFiles/nextssl.dir/src/seed/random/entropy.c.o
[852/855] Building C object CMakeFiles/nextssl.dir/src/seed/hash/ctr_mode.c.o
[853/855] Building C object CMakeFiles/nextssl.dir/src/seed/random/seed_derive_random.c.o
[854/855] Building C object CMakeFiles/nextssl.dir/src/seed/udbf/udbf.c.o
[855/855] Linking C static library /Users/runner/work/NextSSL/NextSSL/bin/ios/device-arm64/libnextssl.a

==============================================================================
CMD: cmake --build /Users/runner/work/NextSSL/NextSSL/.ci_build/ios/device-arm64 --parallel 4
CWD: /Users/runner/work/NextSSL/NextSSL
==============================================================================

