2026-03-07 00:36:56,143 - INFO - Successfully built hash
2026-03-07 00:36:56,223 - INFO - === Running 1 test suites... ===
2026-03-07 00:36:56,223 - INFO - -> Running script.test.main.hash
2026-03-07 00:36:56,223 - INFO - [INFO] Loading DLL: /Users/runner/work/NextSSL/NextSSL/bin/mac/main/hash.dylib
2026-03-07 00:36:56,224 - INFO - [PASS] DLL loaded successfully
2026-03-07 00:36:56,224 - INFO - [PASS] SHA-256 (Primitive)
2026-03-07 00:36:56,224 - INFO -        Hash (32 bytes): ba7816bf8f01cfea414140de5dae2223b00361a396177a9cb410ff61f20015ad
2026-03-07 00:36:56,224 - INFO - [PASS] MD5 (Legacy)
2026-03-07 00:36:56,224 - INFO -        Hash (16 bytes): 900150983cd24fb0d6963f7d28e17f72
2026-03-07 00:36:56,224 - INFO - [INFO] Results: 2 passed, 0 failed
2026-03-07 00:36:56,224 - INFO - [PASS] ALL TESTS PASSED
2026-03-07 00:45:22,812 - INFO - Successfully built hash
2026-03-07 00:45:22,892 - INFO - === Running 1 test suites... ===
2026-03-07 00:45:22,892 - INFO - -> Running script.test.main.hash
2026-03-07 00:45:22,892 - INFO - [INFO] Loading DLL: /Users/runner/work/NextSSL/NextSSL/bin/mac/main/hash.dylib
2026-03-07 00:45:22,893 - INFO - [PASS] DLL loaded successfully
2026-03-07 00:45:22,893 - INFO - [PASS] SHA-256 (Primitive)
2026-03-07 00:45:22,893 - INFO -        Hash (32 bytes): ba7816bf8f01cfea414140de5dae2223b00361a396177a9cb410ff61f20015ad
2026-03-07 00:45:22,893 - INFO - [PASS] MD5 (Legacy)
2026-03-07 00:45:22,893 - INFO -        Hash (16 bytes): 900150983cd24fb0d6963f7d28e17f72
2026-03-07 00:45:22,893 - INFO - [INFO] Results: 2 passed, 0 failed
2026-03-07 00:45:22,893 - INFO - [PASS] ALL TESTS PASSED
2026-03-07 00:57:52,179 - INFO - Successfully built hash
2026-03-07 00:57:52,256 - INFO - === Running 1 test suites... ===
2026-03-07 00:57:52,256 - INFO - -> Running script.test.main.hash
2026-03-07 00:57:52,256 - INFO - [INFO] Loading DLL: /Users/runner/work/NextSSL/NextSSL/bin/mac/main/hash.dylib
2026-03-07 00:57:52,257 - INFO - [PASS] DLL loaded successfully
2026-03-07 00:57:52,257 - INFO - [PASS] SHA-256 (Primitive)
2026-03-07 00:57:52,257 - INFO -        Hash (32 bytes): ba7816bf8f01cfea414140de5dae2223b00361a396177a9cb410ff61f20015ad
2026-03-07 00:57:52,257 - INFO - [PASS] MD5 (Legacy)
2026-03-07 00:57:52,257 - INFO -        Hash (16 bytes): 900150983cd24fb0d6963f7d28e17f72
2026-03-07 00:57:52,257 - INFO - [INFO] Results: 2 passed, 0 failed
2026-03-07 00:57:52,257 - INFO - [PASS] ALL TESTS PASSED
