2026-03-07 00:36:57,737 - ERROR - Compilation failed for pow:
2026-03-07 00:36:57,737 - ERROR - /Users/runner/work/NextSSL/NextSSL/src/PoW/core/pow_parser.c:70:10: warning: unused variable 'json_str' [-Wunused-variable]
   70 |     char json_str[4096];
      |          ^~~~~~~~
1 warning generated.
duplicate symbol '_nextssl_pow_client_parse_challenge' in:
    /private/var/folders/t5/f77_gwnj6p95qxy9py3fckx00000gn/T/api-b76732.o
    /private/var/folders/t5/f77_gwnj6p95qxy9py3fckx00000gn/T/main-933979.o
duplicate symbol '_nextssl_pow_server_verify_solution' in:
    /private/var/folders/t5/f77_gwnj6p95qxy9py3fckx00000gn/T/api-4db014.o
    /private/var/folders/t5/f77_gwnj6p95qxy9py3fckx00000gn/T/main-933979.o
duplicate symbol '_nextssl_pow_server_generate_challenge' in:
    /private/var/folders/t5/f77_gwnj6p95qxy9py3fckx00000gn/T/api-4db014.o
    /private/var/folders/t5/f77_gwnj6p95qxy9py3fckx00000gn/T/main-933979.o
duplicate symbol '_nextssl_pow_client_solve' in:
    /private/var/folders/t5/f77_gwnj6p95qxy9py3fckx00000gn/T/api-b76732.o
    /private/var/folders/t5/f77_gwnj6p95qxy9py3fckx00000gn/T/main-933979.o
duplicate symbol '_nextssl_pow_client_check_limits' in:
    /private/var/folders/t5/f77_gwnj6p95qxy9py3fckx00000gn/T/api-b76732.o
    /private/var/folders/t5/f77_gwnj6p95qxy9py3fckx00000gn/T/main-933979.o
ld: 5 duplicate symbols
clang: error: linker command failed with exit code 1 (use -v to see invocation)

2026-03-07 00:36:58,283 - INFO - Successfully built dhcm
2026-03-07 00:36:58,387 - INFO - === Running 1 test suites... ===
2026-03-07 00:36:58,387 - INFO - -> Running script.test.main.pow
2026-03-07 00:36:58,387 - INFO - === === PoW + DHCM Main Tier Test === ===
2026-03-07 00:36:58,387 - INFO - === ── PoW pair (server+client) ── ===
2026-03-07 00:36:58,387 - INFO - [WARN] Skipping PoW pair: DLL not found
2026-03-07 00:36:58,387 - INFO - === ── PoW combined (single DLL) ── ===
2026-03-07 00:36:58,388 - INFO - [WARN] Skipping pow combined: DLL not found
2026-03-07 00:36:58,388 - INFO - === ── DHCM ── ===
2026-03-07 00:36:58,388 - INFO - [PASS] DHCM SHA-256 OK
2026-03-07 00:36:58,388 - INFO - [PASS] DHCM Argon2id OK
2026-03-07 00:36:58,388 - INFO - [PASS] DHCM SHA3-256 OK
2026-03-07 00:36:58,388 - INFO - [PASS] DHCM MD5 OK
2026-03-07 00:36:58,389 - INFO - [PASS] DHCM MD2 OK
2026-03-07 00:36:58,389 - INFO - [PASS] DHCM: 5 passed
2026-03-07 00:36:58,389 - INFO - [PASS] All PoW+DHCM tests passed
2026-03-07 00:36:58,389 - INFO - [PASS] ALL TESTS PASSED
2026-03-07 00:45:25,891 - ERROR - Compilation failed for pow:
2026-03-07 00:45:25,892 - ERROR - /Users/runner/work/NextSSL/NextSSL/src/PoW/core/pow_parser.c:70:10: warning: unused variable 'json_str' [-Wunused-variable]
   70 |     char json_str[4096];
      |          ^~~~~~~~
1 warning generated.
duplicate symbol '_nextssl_pow_client_parse_challenge' in:
    /private/var/folders/t5/f77_gwnj6p95qxy9py3fckx00000gn/T/api-cc672c.o
    /private/var/folders/t5/f77_gwnj6p95qxy9py3fckx00000gn/T/main-09e948.o
duplicate symbol '_nextssl_pow_server_verify_solution' in:
    /private/var/folders/t5/f77_gwnj6p95qxy9py3fckx00000gn/T/api-cdb9fa.o
    /private/var/folders/t5/f77_gwnj6p95qxy9py3fckx00000gn/T/main-09e948.o
duplicate symbol '_nextssl_pow_server_generate_challenge' in:
    /private/var/folders/t5/f77_gwnj6p95qxy9py3fckx00000gn/T/api-cdb9fa.o
    /private/var/folders/t5/f77_gwnj6p95qxy9py3fckx00000gn/T/main-09e948.o
duplicate symbol '_nextssl_pow_client_solve' in:
    /private/var/folders/t5/f77_gwnj6p95qxy9py3fckx00000gn/T/api-cc672c.o
    /private/var/folders/t5/f77_gwnj6p95qxy9py3fckx00000gn/T/main-09e948.o
duplicate symbol '_nextssl_pow_client_check_limits' in:
    /private/var/folders/t5/f77_gwnj6p95qxy9py3fckx00000gn/T/api-cc672c.o
    /private/var/folders/t5/f77_gwnj6p95qxy9py3fckx00000gn/T/main-09e948.o
ld: 5 duplicate symbols
clang: error: linker command failed with exit code 1 (use -v to see invocation)

2026-03-07 00:45:26,315 - INFO - Successfully built dhcm
2026-03-07 00:45:26,410 - INFO - === Running 1 test suites... ===
2026-03-07 00:45:26,410 - INFO - -> Running script.test.main.pow
2026-03-07 00:45:26,410 - INFO - === === PoW + DHCM Main Tier Test === ===
2026-03-07 00:45:26,410 - INFO - === ── PoW pair (server+client) ── ===
2026-03-07 00:45:26,410 - INFO - [WARN] Skipping PoW pair: DLL not found
2026-03-07 00:45:26,410 - INFO - === ── PoW combined (single DLL) ── ===
2026-03-07 00:45:26,410 - INFO - [WARN] Skipping pow combined: DLL not found
2026-03-07 00:45:26,410 - INFO - === ── DHCM ── ===
2026-03-07 00:45:26,411 - INFO - [PASS] DHCM SHA-256 OK
2026-03-07 00:45:26,411 - INFO - [PASS] DHCM Argon2id OK
2026-03-07 00:45:26,411 - INFO - [PASS] DHCM SHA3-256 OK
2026-03-07 00:45:26,411 - INFO - [PASS] DHCM MD5 OK
2026-03-07 00:45:26,411 - INFO - [PASS] DHCM MD2 OK
2026-03-07 00:45:26,411 - INFO - [PASS] DHCM: 5 passed
2026-03-07 00:45:26,411 - INFO - [PASS] All PoW+DHCM tests passed
2026-03-07 00:45:26,411 - INFO - [PASS] ALL TESTS PASSED
2026-03-07 00:57:55,065 - INFO - Successfully built pow
2026-03-07 00:57:55,595 - INFO - Successfully built dhcm
2026-03-07 00:57:55,702 - INFO - === Running 1 test suites... ===
2026-03-07 00:57:55,702 - INFO - -> Running script.test.main.pow
2026-03-07 00:57:55,702 - INFO - === === PoW + DHCM Main Tier Test === ===
2026-03-07 00:57:55,702 - INFO - === ── PoW pair (server+client) ── ===
2026-03-07 00:57:55,703 - INFO - -> Testing sha256 (d=1)...
2026-03-07 00:57:55,703 - INFO - [PASS] sha256 OK
2026-03-07 00:57:55,703 - INFO - -> Testing sha512 (d=1)...
2026-03-07 00:57:55,704 - INFO - [PASS] sha512 OK
2026-03-07 00:57:55,704 - INFO - -> Testing blake3 (d=1)...
2026-03-07 00:57:55,704 - INFO - [PASS] blake3 OK
2026-03-07 00:57:55,704 - INFO - -> Testing blake2b (d=1)...
2026-03-07 00:57:55,704 - INFO - [PASS] blake2b OK
2026-03-07 00:57:55,704 - INFO - -> Testing blake2s (d=1)...
2026-03-07 00:57:55,704 - INFO - [PASS] blake2s OK
2026-03-07 00:57:55,704 - INFO - -> Testing argon2id (d=1)...
2026-03-07 00:57:55,704 - INFO - [PASS] argon2id OK
2026-03-07 00:57:55,704 - INFO - -> Testing argon2i (d=1)...
2026-03-07 00:57:55,704 - INFO - [PASS] argon2i OK
2026-03-07 00:57:55,704 - INFO - -> Testing argon2d (d=1)...
2026-03-07 00:57:55,705 - INFO - [PASS] argon2d OK
2026-03-07 00:57:55,705 - INFO - -> Testing shake128 (d=1)...
2026-03-07 00:57:55,705 - INFO - [PASS] shake128 OK
2026-03-07 00:57:55,705 - INFO - -> Testing shake256 (d=1)...
2026-03-07 00:57:55,705 - INFO - [PASS] shake256 OK
2026-03-07 00:57:55,705 - INFO - -> Testing sha3_256 (d=1)...
2026-03-07 00:57:55,705 - INFO - [PASS] sha3_256 OK
2026-03-07 00:57:55,705 - INFO - -> Testing sha3_512 (d=1)...
2026-03-07 00:57:55,705 - INFO - [PASS] sha3_512 OK
2026-03-07 00:57:55,705 - INFO - -> Testing keccak_256 (d=1)...
2026-03-07 00:57:55,705 - INFO - [PASS] keccak_256 OK
2026-03-07 00:57:55,705 - INFO - -> Testing md5 (d=1)...
2026-03-07 00:57:55,705 - INFO - [PASS] md5 OK
2026-03-07 00:57:55,705 - INFO - -> Testing sha1 (d=1)...
2026-03-07 00:57:55,706 - INFO - [PASS] sha1 OK
2026-03-07 00:57:55,706 - INFO - -> Testing ripemd160 (d=1)...
2026-03-07 00:57:55,706 - INFO - [PASS] ripemd160 OK
2026-03-07 00:57:55,706 - INFO - -> Testing whirlpool (d=1)...
2026-03-07 00:57:55,706 - INFO - [PASS] whirlpool OK
2026-03-07 00:57:55,706 - INFO - -> Testing nt (d=1)...
2026-03-07 00:57:55,707 - INFO - [PASS] nt OK
2026-03-07 00:57:55,707 - INFO - -> Testing md2 (d=1)...
2026-03-07 00:57:55,707 - INFO - [PASS] md2 OK
2026-03-07 00:57:55,707 - INFO - -> Testing md4 (d=1)...
2026-03-07 00:57:55,707 - INFO - [PASS] md4 OK
2026-03-07 00:57:55,707 - INFO - -> Testing sha0 (d=1)...
2026-03-07 00:57:55,707 - INFO - [PASS] sha0 OK
2026-03-07 00:57:55,707 - INFO - -> Testing has160 (d=1)...
2026-03-07 00:57:55,708 - INFO - [PASS] has160 OK
2026-03-07 00:57:55,708 - INFO - -> Testing ripemd128 (d=1)...
2026-03-07 00:57:55,708 - INFO - [PASS] ripemd128 OK
2026-03-07 00:57:55,708 - INFO - -> Testing ripemd256 (d=1)...
2026-03-07 00:57:55,708 - INFO - [PASS] ripemd256 OK
2026-03-07 00:57:55,708 - INFO - -> Testing ripemd320 (d=1)...
2026-03-07 00:57:55,708 - INFO - [PASS] ripemd320 OK
2026-03-07 00:57:55,708 - INFO - -> Testing sha256 (d=4)...
2026-03-07 00:57:55,708 - INFO - [PASS] sha256 OK
2026-03-07 00:57:55,708 - INFO - -> Testing sha512 (d=4)...
2026-03-07 00:57:55,708 - INFO - [PASS] sha512 OK
2026-03-07 00:57:55,708 - INFO - -> Testing blake3 (d=4)...
2026-03-07 00:57:55,708 - INFO - [PASS] blake3 OK
2026-03-07 00:57:55,708 - INFO - -> Testing blake2b (d=4)...
2026-03-07 00:57:55,709 - INFO - [PASS] blake2b OK
2026-03-07 00:57:55,709 - INFO - -> Testing blake2s (d=4)...
2026-03-07 00:57:55,709 - INFO - [PASS] blake2s OK
2026-03-07 00:57:55,709 - INFO - -> Testing argon2id (d=4)...
2026-03-07 00:57:55,710 - INFO - [PASS] argon2id OK
2026-03-07 00:57:55,710 - INFO - -> Testing argon2i (d=4)...
2026-03-07 00:57:55,710 - INFO - [PASS] argon2i OK
2026-03-07 00:57:55,710 - INFO - -> Testing argon2d (d=4)...
2026-03-07 00:57:55,710 - INFO - [PASS] argon2d OK
2026-03-07 00:57:55,710 - INFO - -> Testing shake128 (d=4)...
2026-03-07 00:57:55,711 - INFO - [PASS] shake128 OK
2026-03-07 00:57:55,711 - INFO - -> Testing shake256 (d=4)...
2026-03-07 00:57:55,711 - INFO - [PASS] shake256 OK
2026-03-07 00:57:55,711 - INFO - -> Testing sha3_256 (d=4)...
2026-03-07 00:57:55,711 - INFO - [PASS] sha3_256 OK
2026-03-07 00:57:55,711 - INFO - -> Testing sha3_512 (d=4)...
2026-03-07 00:57:55,711 - INFO - [PASS] sha3_512 OK
2026-03-07 00:57:55,711 - INFO - -> Testing keccak_256 (d=4)...
2026-03-07 00:57:55,711 - INFO - [PASS] keccak_256 OK
2026-03-07 00:57:55,711 - INFO - -> Testing md5 (d=4)...
2026-03-07 00:57:55,711 - INFO - [PASS] md5 OK
2026-03-07 00:57:55,711 - INFO - -> Testing sha1 (d=4)...
2026-03-07 00:57:55,711 - INFO - [PASS] sha1 OK
2026-03-07 00:57:55,711 - INFO - -> Testing ripemd160 (d=4)...
2026-03-07 00:57:55,712 - INFO - [PASS] ripemd160 OK
2026-03-07 00:57:55,712 - INFO - -> Testing whirlpool (d=4)...
2026-03-07 00:57:55,712 - INFO - [PASS] whirlpool OK
2026-03-07 00:57:55,712 - INFO - -> Testing nt (d=4)...
2026-03-07 00:57:55,712 - INFO - [PASS] nt OK
2026-03-07 00:57:55,712 - INFO - -> Testing md2 (d=4)...
2026-03-07 00:57:55,712 - INFO - [PASS] md2 OK
2026-03-07 00:57:55,712 - INFO - -> Testing md4 (d=4)...
2026-03-07 00:57:55,713 - INFO - [PASS] md4 OK
2026-03-07 00:57:55,713 - INFO - -> Testing sha0 (d=4)...
2026-03-07 00:57:55,713 - INFO - [PASS] sha0 OK
2026-03-07 00:57:55,713 - INFO - -> Testing has160 (d=4)...
2026-03-07 00:57:55,714 - INFO - [PASS] has160 OK
2026-03-07 00:57:55,714 - INFO - -> Testing ripemd128 (d=4)...
2026-03-07 00:57:55,714 - INFO - [PASS] ripemd128 OK
2026-03-07 00:57:55,714 - INFO - -> Testing ripemd256 (d=4)...
2026-03-07 00:57:55,714 - INFO - [PASS] ripemd256 OK
2026-03-07 00:57:55,714 - INFO - -> Testing ripemd320 (d=4)...
2026-03-07 00:57:55,715 - INFO - [PASS] ripemd320 OK
2026-03-07 00:57:55,715 - INFO - === ── PoW combined (single DLL) ── ===
2026-03-07 00:57:55,715 - INFO - -> Testing sha256 (d=1)...
2026-03-07 00:57:55,715 - INFO - [PASS] sha256 OK
2026-03-07 00:57:55,715 - INFO - -> Testing sha512 (d=1)...
2026-03-07 00:57:55,716 - INFO - [PASS] sha512 OK
2026-03-07 00:57:55,716 - INFO - -> Testing blake3 (d=1)...
2026-03-07 00:57:55,716 - INFO - [PASS] blake3 OK
2026-03-07 00:57:55,716 - INFO - -> Testing blake2b (d=1)...
2026-03-07 00:57:55,716 - INFO - [PASS] blake2b OK
2026-03-07 00:57:55,716 - INFO - -> Testing blake2s (d=1)...
2026-03-07 00:57:55,716 - INFO - [PASS] blake2s OK
2026-03-07 00:57:55,717 - INFO - -> Testing argon2id (d=1)...
2026-03-07 00:57:55,717 - INFO - [PASS] argon2id OK
2026-03-07 00:57:55,717 - INFO - -> Testing argon2i (d=1)...
2026-03-07 00:57:55,717 - INFO - [PASS] argon2i OK
2026-03-07 00:57:55,717 - INFO - -> Testing argon2d (d=1)...
2026-03-07 00:57:55,717 - INFO - [PASS] argon2d OK
2026-03-07 00:57:55,717 - INFO - -> Testing shake128 (d=1)...
2026-03-07 00:57:55,717 - INFO - [PASS] shake128 OK
2026-03-07 00:57:55,717 - INFO - -> Testing shake256 (d=1)...
2026-03-07 00:57:55,717 - INFO - [PASS] shake256 OK
2026-03-07 00:57:55,717 - INFO - -> Testing sha3_256 (d=1)...
2026-03-07 00:57:55,717 - INFO - [PASS] sha3_256 OK
2026-03-07 00:57:55,717 - INFO - -> Testing sha3_512 (d=1)...
2026-03-07 00:57:55,717 - INFO - [PASS] sha3_512 OK
2026-03-07 00:57:55,717 - INFO - -> Testing keccak_256 (d=1)...
2026-03-07 00:57:55,717 - INFO - [PASS] keccak_256 OK
2026-03-07 00:57:55,718 - INFO - -> Testing md5 (d=1)...
2026-03-07 00:57:55,718 - INFO - [PASS] md5 OK
2026-03-07 00:57:55,718 - INFO - -> Testing sha1 (d=1)...
2026-03-07 00:57:55,718 - INFO - [PASS] sha1 OK
2026-03-07 00:57:55,718 - INFO - -> Testing ripemd160 (d=1)...
2026-03-07 00:57:55,718 - INFO - [PASS] ripemd160 OK
2026-03-07 00:57:55,718 - INFO - -> Testing whirlpool (d=1)...
2026-03-07 00:57:55,718 - INFO - [PASS] whirlpool OK
2026-03-07 00:57:55,718 - INFO - -> Testing nt (d=1)...
2026-03-07 00:57:55,718 - INFO - [PASS] nt OK
2026-03-07 00:57:55,718 - INFO - -> Testing md2 (d=1)...
2026-03-07 00:57:55,718 - INFO - [PASS] md2 OK
2026-03-07 00:57:55,718 - INFO - -> Testing md4 (d=1)...
2026-03-07 00:57:55,718 - INFO - [PASS] md4 OK
2026-03-07 00:57:55,718 - INFO - -> Testing sha0 (d=1)...
2026-03-07 00:57:55,718 - INFO - [PASS] sha0 OK
2026-03-07 00:57:55,718 - INFO - -> Testing has160 (d=1)...
2026-03-07 00:57:55,718 - INFO - [PASS] has160 OK
2026-03-07 00:57:55,718 - INFO - -> Testing ripemd128 (d=1)...
2026-03-07 00:57:55,718 - INFO - [PASS] ripemd128 OK
2026-03-07 00:57:55,718 - INFO - -> Testing ripemd256 (d=1)...
2026-03-07 00:57:55,718 - INFO - [PASS] ripemd256 OK
2026-03-07 00:57:55,718 - INFO - -> Testing ripemd320 (d=1)...
2026-03-07 00:57:55,719 - INFO - [PASS] ripemd320 OK
2026-03-07 00:57:55,719 - INFO - -> Testing sha256 (d=4)...
2026-03-07 00:57:55,719 - INFO - [PASS] sha256 OK
2026-03-07 00:57:55,719 - INFO - -> Testing sha512 (d=4)...
2026-03-07 00:57:55,719 - INFO - [PASS] sha512 OK
2026-03-07 00:57:55,719 - INFO - -> Testing blake3 (d=4)...
2026-03-07 00:57:55,719 - INFO - [PASS] blake3 OK
2026-03-07 00:57:55,719 - INFO - -> Testing blake2b (d=4)...
2026-03-07 00:57:55,719 - INFO - [PASS] blake2b OK
2026-03-07 00:57:55,719 - INFO - -> Testing blake2s (d=4)...
2026-03-07 00:57:55,719 - INFO - [PASS] blake2s OK
2026-03-07 00:57:55,719 - INFO - -> Testing argon2id (d=4)...
2026-03-07 00:57:55,720 - INFO - [PASS] argon2id OK
2026-03-07 00:57:55,720 - INFO - -> Testing argon2i (d=4)...
2026-03-07 00:57:55,720 - INFO - [PASS] argon2i OK
2026-03-07 00:57:55,721 - INFO - -> Testing argon2d (d=4)...
2026-03-07 00:57:55,721 - INFO - [PASS] argon2d OK
2026-03-07 00:57:55,721 - INFO - -> Testing shake128 (d=4)...
2026-03-07 00:57:55,721 - INFO - [PASS] shake128 OK
2026-03-07 00:57:55,721 - INFO - -> Testing shake256 (d=4)...
2026-03-07 00:57:55,721 - INFO - [PASS] shake256 OK
2026-03-07 00:57:55,722 - INFO - -> Testing sha3_256 (d=4)...
2026-03-07 00:57:55,722 - INFO - [PASS] sha3_256 OK
2026-03-07 00:57:55,722 - INFO - -> Testing sha3_512 (d=4)...
2026-03-07 00:57:55,722 - INFO - [PASS] sha3_512 OK
2026-03-07 00:57:55,722 - INFO - -> Testing keccak_256 (d=4)...
2026-03-07 00:57:55,722 - INFO - [PASS] keccak_256 OK
2026-03-07 00:57:55,722 - INFO - -> Testing md5 (d=4)...
2026-03-07 00:57:55,722 - INFO - [PASS] md5 OK
2026-03-07 00:57:55,722 - INFO - -> Testing sha1 (d=4)...
2026-03-07 00:57:55,723 - INFO - [PASS] sha1 OK
2026-03-07 00:57:55,723 - INFO - -> Testing ripemd160 (d=4)...
2026-03-07 00:57:55,723 - INFO - [PASS] ripemd160 OK
2026-03-07 00:57:55,723 - INFO - -> Testing whirlpool (d=4)...
2026-03-07 00:57:55,723 - INFO - [PASS] whirlpool OK
2026-03-07 00:57:55,723 - INFO - -> Testing nt (d=4)...
2026-03-07 00:57:55,723 - INFO - [PASS] nt OK
2026-03-07 00:57:55,723 - INFO - -> Testing md2 (d=4)...
2026-03-07 00:57:55,723 - INFO - [PASS] md2 OK
2026-03-07 00:57:55,723 - INFO - -> Testing md4 (d=4)...
2026-03-07 00:57:55,723 - INFO - [PASS] md4 OK
2026-03-07 00:57:55,723 - INFO - -> Testing sha0 (d=4)...
2026-03-07 00:57:55,724 - INFO - [PASS] sha0 OK
2026-03-07 00:57:55,724 - INFO - -> Testing has160 (d=4)...
2026-03-07 00:57:55,724 - INFO - [PASS] has160 OK
2026-03-07 00:57:55,724 - INFO - -> Testing ripemd128 (d=4)...
2026-03-07 00:57:55,724 - INFO - [PASS] ripemd128 OK
2026-03-07 00:57:55,724 - INFO - -> Testing ripemd256 (d=4)...
2026-03-07 00:57:55,724 - INFO - [PASS] ripemd256 OK
2026-03-07 00:57:55,725 - INFO - -> Testing ripemd320 (d=4)...
2026-03-07 00:57:55,725 - INFO - [PASS] ripemd320 OK
2026-03-07 00:57:55,725 - INFO - === ── DHCM ── ===
2026-03-07 00:57:55,725 - INFO - [PASS] DHCM SHA-256 OK
2026-03-07 00:57:55,725 - INFO - [PASS] DHCM Argon2id OK
2026-03-07 00:57:55,725 - INFO - [PASS] DHCM SHA3-256 OK
2026-03-07 00:57:55,725 - INFO - [PASS] DHCM MD5 OK
2026-03-07 00:57:55,725 - INFO - [PASS] DHCM MD2 OK
2026-03-07 00:57:55,725 - INFO - [PASS] DHCM: 5 passed
2026-03-07 00:57:55,725 - INFO - [PASS] All PoW+DHCM tests passed
2026-03-07 00:57:55,725 - INFO - [PASS] ALL TESTS PASSED
