2026-02-23 23:51:45,084 - INFO - Successfully built aes_modes
2026-02-23 23:51:45,530 - INFO - Successfully built aes_aead
2026-02-23 23:51:45,702 - INFO - Successfully built stream_aead
2026-02-23 23:51:46,853 - INFO - Successfully built macs
2026-02-23 23:51:48,740 - INFO - Successfully built ecc
2026-02-23 23:51:48,740 - INFO - === Running 5 test suites... ===
2026-02-23 23:51:48,740 - INFO - -> Running script.test.partial.core.aes_modes
2026-02-23 23:51:48,740 - INFO - -> Loading /home/runner/work/NextSSL/NextSSL/bin/linux/partial/core/aes_modes.so
2026-02-23 23:51:48,741 - INFO - [PASS] DLL Loaded
2026-02-23 23:51:48,741 - INFO - -> Testing AES-CBC
2026-02-23 23:51:48,741 - INFO - [PASS] AES-CBC Encrypt KAT
2026-02-23 23:51:48,741 - INFO - [DATA] AES-CBC.key: 2b7e151628aed2a6abf7158809cf4f3c
2026-02-23 23:51:48,741 - INFO - [DATA] AES-CBC.iv: 000102030405060708090a0b0c0d0e0f
2026-02-23 23:51:48,741 - INFO - [DATA] AES-CBC.pt: 6bc1bee22e409f96e93d7e117393172a
2026-02-23 23:51:48,741 - INFO - [DATA] AES-CBC.ct: 7649abac8119b246cee98e9b12e9197d
2026-02-23 23:51:48,741 - INFO - [PASS] AES-CBC Decrypt Roundtrip
2026-02-23 23:51:48,741 - INFO - -> Testing AES-XTS
2026-02-23 23:51:48,741 - INFO - [PASS] AES-XTS Roundtrip
2026-02-23 23:51:48,741 - INFO - [DATA] AES-XTS.key: 0000000000000000000000000000000000000000000000000000000000000000
2026-02-23 23:51:48,741 - INFO - [DATA] AES-XTS.iv: 00000000000000000000000000000000
2026-02-23 23:51:48,741 - INFO - [DATA] AES-XTS.pt: 0000000000000000000000000000000000000000000000000000000000000000
2026-02-23 23:51:48,741 - INFO - [DATA] AES-XTS.ct: 917cf69ebd68b2ec9b9fe9a3eadda692cd43d2f59598ed858c02c2652fbf922e
2026-02-23 23:51:48,741 - INFO - [PASS] AES Modes: 3 passed
2026-02-23 23:51:48,741 - INFO - -> Running script.test.partial.core.aes_aead
2026-02-23 23:51:48,742 - INFO - -> Loading /home/runner/work/NextSSL/NextSSL/bin/linux/partial/core/aes_aead.so
2026-02-23 23:51:48,742 - INFO - [PASS] DLL Loaded
2026-02-23 23:51:48,742 - INFO - -> Testing AES-GCM
2026-02-23 23:51:48,742 - INFO - [PASS] AES-GCM Encrypt KAT
2026-02-23 23:51:48,742 - INFO - [DATA] AES-GCM.key: 00000000000000000000000000000000
2026-02-23 23:51:48,742 - INFO - [DATA] AES-GCM.iv: 000000000000000000000000
2026-02-23 23:51:48,742 - INFO - [DATA] AES-GCM.ct: 58e2fccefa7e3061367f1d57a4e7455a
2026-02-23 23:51:48,742 - INFO - [DATA] AES-GCM.tag: 58e2fccefa7e3061367f1d57a4e7455a
2026-02-23 23:51:48,742 - INFO - [PASS] AES-GCM Decrypt (Valid)
2026-02-23 23:51:48,742 - INFO - [PASS] AES-GCM Decrypt (Tampered) correctly rejected
2026-02-23 23:51:48,742 - INFO - [PASS] AES AEAD: 3 passed
2026-02-23 23:51:48,742 - INFO - -> Running script.test.partial.core.stream_aead
2026-02-23 23:51:48,743 - INFO - -> Loading /home/runner/work/NextSSL/NextSSL/bin/linux/partial/core/stream_aead.so
2026-02-23 23:51:48,743 - INFO - [PASS] DLL Loaded
2026-02-23 23:51:48,743 - INFO - -> Testing ChaCha20-Poly1305
2026-02-23 23:51:48,743 - INFO - [PASS] ChaCha20-Poly1305 Encrypt KAT
2026-02-23 23:51:48,743 - INFO - [DATA] ChaCha20-Poly1305.key: 808182838485868788898a8b8c8d8e8f909192939495969798999a9b9c9d9e9f
2026-02-23 23:51:48,743 - INFO - [DATA] ChaCha20-Poly1305.iv: 070000004041424344454647
2026-02-23 23:51:48,743 - INFO - [DATA] ChaCha20-Poly1305.pt: 4c616469657320616e642047656e746c656d656e206f662074686520636c617373206f66202739393a204966204920636f756c64206f6666657220796f75206f6e6c79206f6e652074697020666f7220746865206675747572652c2073756e73637265656e20776f756c642062652069742e
2026-02-23 23:51:48,743 - INFO - [DATA] ChaCha20-Poly1305.ct: d31a8d34648e60db7b86afbc53ef7ec2a4aded51296e08fea9e2b5a736ee62d63dbea45e8ca9671282fafb69da92728b1a71de0a9e060b2905d6a5b67ecd3b3692ddbd7f2d778b8c9803aee328091b58fab324e4fad675945585808b4831d7bc3ff4def08e4b7a9de576d26586cec64b61161ae10b594f09e26a7e902ecbd0600691
2026-02-23 23:51:48,743 - INFO - [PASS] ChaCha20-Poly1305 Decrypt Roundtrip
2026-02-23 23:51:48,743 - INFO - [PASS] Stream AEAD: 2 passed
2026-02-23 23:51:48,743 - INFO - -> Running script.test.partial.core.macs
2026-02-23 23:51:48,743 - INFO - -> Loading /home/runner/work/NextSSL/NextSSL/bin/linux/partial/core/macs.so
2026-02-23 23:51:48,743 - INFO - [PASS] DLL Loaded
2026-02-23 23:51:48,743 - INFO - -> Testing AES-CMAC
2026-02-23 23:51:48,744 - INFO - [PASS] AES-CMAC KAT
2026-02-23 23:51:48,744 - INFO - [DATA] AES-CMAC.key: 2b7e151628aed2a6abf7158809cf4f3c
2026-02-23 23:51:48,744 - INFO - [DATA] AES-CMAC.msg: 6bc1bee22e409f96e93d7e117393172a
2026-02-23 23:51:48,744 - INFO - [DATA] AES-CMAC.mac: 070a16b46b4d4144f79bdd9dd04a287c
2026-02-23 23:51:48,744 - INFO - -> Testing HMAC-SHA256
2026-02-23 23:51:48,744 - INFO - [PASS] HMAC-SHA256 KAT
2026-02-23 23:51:48,744 - INFO - [DATA] HMAC-SHA256.key: 0b0b0b0b0b0b0b0b0b0b0b0b0b0b0b0b0b0b0b0b
2026-02-23 23:51:48,744 - INFO - [DATA] HMAC-SHA256.msg: 4869205468657265
2026-02-23 23:51:48,744 - INFO - [DATA] HMAC-SHA256.mac: b0344c61d8db38535ca8afceaf0bf12b881dc200c9833da726e9376c2e32cff7
2026-02-23 23:51:48,744 - INFO - -> Testing SipHash
2026-02-23 23:51:48,744 - INFO - [PASS] SipHash KAT
2026-02-23 23:51:48,744 - INFO - [DATA] SipHash.key: 000102030405060708090a0b0c0d0e0f
2026-02-23 23:51:48,744 - INFO - [DATA] SipHash.msg: 000102030405060708090a0b0c0d0e
2026-02-23 23:51:48,744 - INFO - [DATA] SipHash.mac: e545be4961ca29a1
2026-02-23 23:51:48,744 - INFO - [PASS] MACs: 3 passed
2026-02-23 23:51:48,744 - INFO - -> Running script.test.partial.core.ecc
2026-02-23 23:51:48,744 - INFO - -> Loading /home/runner/work/NextSSL/NextSSL/bin/linux/partial/core/ecc.so
2026-02-23 23:51:48,744 - INFO - [PASS] DLL Loaded
2026-02-23 23:51:48,744 - INFO - -> Testing Ed25519
2026-02-23 23:51:48,744 - INFO - [PASS] Ed25519 Keypair Gen KAT
2026-02-23 23:51:48,745 - INFO - [PASS] Ed25519 Sign KAT
2026-02-23 23:51:48,745 - INFO - [DATA] Ed25519.key: d75a980182b10ab7d54bfed3c964073a0ee172f3daa62325af021a68f707511a
2026-02-23 23:51:48,745 - INFO - [DATA] Ed25519.sig: e5564300c360ac729086e2cc806e828a84877f1eb8e5d974d873e065224901555fb8821590a33bacc61e39701cf9b46bd25bf5f0595bbe24655141438e7a100b
2026-02-23 23:51:48,745 - INFO - [PASS] Ed25519 Verify
2026-02-23 23:51:48,745 - INFO - -> Testing X25519
2026-02-23 23:51:48,745 - INFO - [PASS] X25519 KAT
2026-02-23 23:51:48,745 - INFO - [DATA] X25519.key: 77076d0a7318a57d3c16c17251b26645df4c2f87ebc0992ab177fba51db92c2a
2026-02-23 23:51:48,745 - INFO - [DATA] X25519.msg: de9edb7d7b7dc1b4d35b61c2ece435373f8343c85b78674dadfc7e146f882b4f
2026-02-23 23:51:48,745 - INFO - [DATA] X25519.sig: 4a5d9d5ba4ce2de1728e3bf480350f25e07e21c947d19e3376f09b3c1e161742
2026-02-23 23:51:48,745 - INFO - [PASS] ECC: 4 passed
2026-02-23 23:51:48,745 - INFO - [PASS] ALL TESTS PASSED
2026-02-24 00:33:33,351 - INFO - Successfully built aes_modes
2026-02-24 00:33:33,776 - INFO - Successfully built aes_aead
2026-02-24 00:33:33,962 - INFO - Successfully built stream_aead
2026-02-24 00:33:35,122 - INFO - Successfully built macs
2026-02-24 00:33:37,028 - INFO - Successfully built ecc
2026-02-24 00:33:37,028 - INFO - === Running 5 test suites... ===
2026-02-24 00:33:37,028 - INFO - -> Running script.test.partial.core.aes_modes
2026-02-24 00:33:37,028 - INFO - -> Loading /home/runner/work/NextSSL/NextSSL/bin/linux/partial/core/aes_modes.so
2026-02-24 00:33:37,028 - INFO - [PASS] DLL Loaded
2026-02-24 00:33:37,028 - INFO - -> Testing AES-CBC
2026-02-24 00:33:37,029 - INFO - [PASS] AES-CBC Encrypt KAT
2026-02-24 00:33:37,029 - INFO - [DATA] AES-CBC.key: 2b7e151628aed2a6abf7158809cf4f3c
2026-02-24 00:33:37,029 - INFO - [DATA] AES-CBC.iv: 000102030405060708090a0b0c0d0e0f
2026-02-24 00:33:37,029 - INFO - [DATA] AES-CBC.pt: 6bc1bee22e409f96e93d7e117393172a
2026-02-24 00:33:37,029 - INFO - [DATA] AES-CBC.ct: 7649abac8119b246cee98e9b12e9197d
2026-02-24 00:33:37,029 - INFO - [PASS] AES-CBC Decrypt Roundtrip
2026-02-24 00:33:37,029 - INFO - -> Testing AES-XTS
2026-02-24 00:33:37,029 - INFO - [PASS] AES-XTS Roundtrip
2026-02-24 00:33:37,029 - INFO - [DATA] AES-XTS.key: 0000000000000000000000000000000000000000000000000000000000000000
2026-02-24 00:33:37,029 - INFO - [DATA] AES-XTS.iv: 00000000000000000000000000000000
2026-02-24 00:33:37,029 - INFO - [DATA] AES-XTS.pt: 0000000000000000000000000000000000000000000000000000000000000000
2026-02-24 00:33:37,029 - INFO - [DATA] AES-XTS.ct: 917cf69ebd68b2ec9b9fe9a3eadda692cd43d2f59598ed858c02c2652fbf922e
2026-02-24 00:33:37,029 - INFO - [PASS] AES Modes: 3 passed
2026-02-24 00:33:37,029 - INFO - -> Running script.test.partial.core.aes_aead
2026-02-24 00:33:37,029 - INFO - -> Loading /home/runner/work/NextSSL/NextSSL/bin/linux/partial/core/aes_aead.so
2026-02-24 00:33:37,029 - INFO - [PASS] DLL Loaded
2026-02-24 00:33:37,029 - INFO - -> Testing AES-GCM
2026-02-24 00:33:37,029 - INFO - [PASS] AES-GCM Encrypt KAT
2026-02-24 00:33:37,030 - INFO - [DATA] AES-GCM.key: 00000000000000000000000000000000
2026-02-24 00:33:37,030 - INFO - [DATA] AES-GCM.iv: 000000000000000000000000
2026-02-24 00:33:37,030 - INFO - [DATA] AES-GCM.ct: 58e2fccefa7e3061367f1d57a4e7455a
2026-02-24 00:33:37,030 - INFO - [DATA] AES-GCM.tag: 58e2fccefa7e3061367f1d57a4e7455a
2026-02-24 00:33:37,030 - INFO - [PASS] AES-GCM Decrypt (Valid)
2026-02-24 00:33:37,030 - INFO - [PASS] AES-GCM Decrypt (Tampered) correctly rejected
2026-02-24 00:33:37,030 - INFO - [PASS] AES AEAD: 3 passed
2026-02-24 00:33:37,030 - INFO - -> Running script.test.partial.core.stream_aead
2026-02-24 00:33:37,030 - INFO - -> Loading /home/runner/work/NextSSL/NextSSL/bin/linux/partial/core/stream_aead.so
2026-02-24 00:33:37,030 - INFO - [PASS] DLL Loaded
2026-02-24 00:33:37,030 - INFO - -> Testing ChaCha20-Poly1305
2026-02-24 00:33:37,030 - INFO - [PASS] ChaCha20-Poly1305 Encrypt KAT
2026-02-24 00:33:37,030 - INFO - [DATA] ChaCha20-Poly1305.key: 808182838485868788898a8b8c8d8e8f909192939495969798999a9b9c9d9e9f
2026-02-24 00:33:37,030 - INFO - [DATA] ChaCha20-Poly1305.iv: 070000004041424344454647
2026-02-24 00:33:37,030 - INFO - [DATA] ChaCha20-Poly1305.pt: 4c616469657320616e642047656e746c656d656e206f662074686520636c617373206f66202739393a204966204920636f756c64206f6666657220796f75206f6e6c79206f6e652074697020666f7220746865206675747572652c2073756e73637265656e20776f756c642062652069742e
2026-02-24 00:33:37,030 - INFO - [DATA] ChaCha20-Poly1305.ct: d31a8d34648e60db7b86afbc53ef7ec2a4aded51296e08fea9e2b5a736ee62d63dbea45e8ca9671282fafb69da92728b1a71de0a9e060b2905d6a5b67ecd3b3692ddbd7f2d778b8c9803aee328091b58fab324e4fad675945585808b4831d7bc3ff4def08e4b7a9de576d26586cec64b61161ae10b594f09e26a7e902ecbd0600691
2026-02-24 00:33:37,030 - INFO - [PASS] ChaCha20-Poly1305 Decrypt Roundtrip
2026-02-24 00:33:37,030 - INFO - [PASS] Stream AEAD: 2 passed
2026-02-24 00:33:37,030 - INFO - -> Running script.test.partial.core.macs
2026-02-24 00:33:37,030 - INFO - -> Loading /home/runner/work/NextSSL/NextSSL/bin/linux/partial/core/macs.so
2026-02-24 00:33:37,031 - INFO - [PASS] DLL Loaded
2026-02-24 00:33:37,031 - INFO - -> Testing AES-CMAC
2026-02-24 00:33:37,031 - INFO - [PASS] AES-CMAC KAT
2026-02-24 00:33:37,031 - INFO - [DATA] AES-CMAC.key: 2b7e151628aed2a6abf7158809cf4f3c
2026-02-24 00:33:37,031 - INFO - [DATA] AES-CMAC.msg: 6bc1bee22e409f96e93d7e117393172a
2026-02-24 00:33:37,031 - INFO - [DATA] AES-CMAC.mac: 070a16b46b4d4144f79bdd9dd04a287c
2026-02-24 00:33:37,031 - INFO - -> Testing HMAC-SHA256
2026-02-24 00:33:37,031 - INFO - [PASS] HMAC-SHA256 KAT
2026-02-24 00:33:37,031 - INFO - [DATA] HMAC-SHA256.key: 0b0b0b0b0b0b0b0b0b0b0b0b0b0b0b0b0b0b0b0b
2026-02-24 00:33:37,031 - INFO - [DATA] HMAC-SHA256.msg: 4869205468657265
2026-02-24 00:33:37,031 - INFO - [DATA] HMAC-SHA256.mac: b0344c61d8db38535ca8afceaf0bf12b881dc200c9833da726e9376c2e32cff7
2026-02-24 00:33:37,031 - INFO - -> Testing SipHash
2026-02-24 00:33:37,031 - INFO - [PASS] SipHash KAT
2026-02-24 00:33:37,031 - INFO - [DATA] SipHash.key: 000102030405060708090a0b0c0d0e0f
2026-02-24 00:33:37,031 - INFO - [DATA] SipHash.msg: 000102030405060708090a0b0c0d0e
2026-02-24 00:33:37,031 - INFO - [DATA] SipHash.mac: e545be4961ca29a1
2026-02-24 00:33:37,031 - INFO - [PASS] MACs: 3 passed
2026-02-24 00:33:37,031 - INFO - -> Running script.test.partial.core.ecc
2026-02-24 00:33:37,031 - INFO - -> Loading /home/runner/work/NextSSL/NextSSL/bin/linux/partial/core/ecc.so
2026-02-24 00:33:37,031 - INFO - [PASS] DLL Loaded
2026-02-24 00:33:37,032 - INFO - -> Testing Ed25519
2026-02-24 00:33:37,032 - INFO - [PASS] Ed25519 Keypair Gen KAT
2026-02-24 00:33:37,032 - INFO - [PASS] Ed25519 Sign KAT
2026-02-24 00:33:37,032 - INFO - [DATA] Ed25519.key: d75a980182b10ab7d54bfed3c964073a0ee172f3daa62325af021a68f707511a
2026-02-24 00:33:37,032 - INFO - [DATA] Ed25519.sig: e5564300c360ac729086e2cc806e828a84877f1eb8e5d974d873e065224901555fb8821590a33bacc61e39701cf9b46bd25bf5f0595bbe24655141438e7a100b
2026-02-24 00:33:37,032 - INFO - [PASS] Ed25519 Verify
2026-02-24 00:33:37,032 - INFO - -> Testing X25519
2026-02-24 00:33:37,032 - INFO - [PASS] X25519 KAT
2026-02-24 00:33:37,032 - INFO - [DATA] X25519.key: 77076d0a7318a57d3c16c17251b26645df4c2f87ebc0992ab177fba51db92c2a
2026-02-24 00:33:37,032 - INFO - [DATA] X25519.msg: de9edb7d7b7dc1b4d35b61c2ece435373f8343c85b78674dadfc7e146f882b4f
2026-02-24 00:33:37,032 - INFO - [DATA] X25519.sig: 4a5d9d5ba4ce2de1728e3bf480350f25e07e21c947d19e3376f09b3c1e161742
2026-02-24 00:33:37,032 - INFO - [PASS] ECC: 4 passed
2026-02-24 00:33:37,032 - INFO - [PASS] ALL TESTS PASSED
2026-02-24 01:30:44,305 - INFO - Successfully built aes_modes
2026-02-24 01:30:44,704 - INFO - Successfully built aes_aead
2026-02-24 01:30:45,103 - INFO - Successfully built stream_aead
2026-02-24 01:30:46,223 - INFO - Successfully built macs
2026-02-24 01:30:48,051 - INFO - Successfully built ecc
2026-02-24 01:30:48,052 - INFO - === Running 5 test suites... ===
2026-02-24 01:30:48,052 - INFO - -> Running script.test.partial.core.aes_modes
2026-02-24 01:30:48,052 - INFO - -> Loading /home/runner/work/NextSSL/NextSSL/bin/linux/partial/core/aes_modes.so
2026-02-24 01:30:48,052 - INFO - [PASS] DLL Loaded
2026-02-24 01:30:48,052 - INFO - -> Testing AES-CBC
2026-02-24 01:30:48,052 - INFO - [PASS] AES-CBC Encrypt KAT
2026-02-24 01:30:48,052 - INFO - [DATA] AES-CBC.key: 2b7e151628aed2a6abf7158809cf4f3c
2026-02-24 01:30:48,052 - INFO - [DATA] AES-CBC.iv: 000102030405060708090a0b0c0d0e0f
2026-02-24 01:30:48,053 - INFO - [DATA] AES-CBC.pt: 6bc1bee22e409f96e93d7e117393172a
2026-02-24 01:30:48,053 - INFO - [DATA] AES-CBC.ct: 7649abac8119b246cee98e9b12e9197d
2026-02-24 01:30:48,053 - INFO - [PASS] AES-CBC Decrypt Roundtrip
2026-02-24 01:30:48,053 - INFO - -> Testing AES-XTS
2026-02-24 01:30:48,053 - INFO - [PASS] AES-XTS Roundtrip
2026-02-24 01:30:48,053 - INFO - [DATA] AES-XTS.key: 0000000000000000000000000000000000000000000000000000000000000000
2026-02-24 01:30:48,053 - INFO - [DATA] AES-XTS.iv: 00000000000000000000000000000000
2026-02-24 01:30:48,053 - INFO - [DATA] AES-XTS.pt: 0000000000000000000000000000000000000000000000000000000000000000
2026-02-24 01:30:48,053 - INFO - [DATA] AES-XTS.ct: 917cf69ebd68b2ec9b9fe9a3eadda692cd43d2f59598ed858c02c2652fbf922e
2026-02-24 01:30:48,053 - INFO - [PASS] AES Modes: 3 passed
2026-02-24 01:30:48,053 - INFO - -> Running script.test.partial.core.aes_aead
2026-02-24 01:30:48,053 - INFO - -> Loading /home/runner/work/NextSSL/NextSSL/bin/linux/partial/core/aes_aead.so
2026-02-24 01:30:48,053 - INFO - [PASS] DLL Loaded
2026-02-24 01:30:48,053 - INFO - -> Testing AES-GCM
2026-02-24 01:30:48,053 - INFO - [PASS] AES-GCM Encrypt KAT
2026-02-24 01:30:48,053 - INFO - [DATA] AES-GCM.key: 00000000000000000000000000000000
2026-02-24 01:30:48,053 - INFO - [DATA] AES-GCM.iv: 000000000000000000000000
2026-02-24 01:30:48,053 - INFO - [DATA] AES-GCM.ct: 58e2fccefa7e3061367f1d57a4e7455a
2026-02-24 01:30:48,053 - INFO - [DATA] AES-GCM.tag: 58e2fccefa7e3061367f1d57a4e7455a
2026-02-24 01:30:48,053 - INFO - [PASS] AES-GCM Decrypt (Valid)
2026-02-24 01:30:48,053 - INFO - [PASS] AES-GCM Decrypt (Tampered) correctly rejected
2026-02-24 01:30:48,053 - INFO - [PASS] AES AEAD: 3 passed
2026-02-24 01:30:48,053 - INFO - -> Running script.test.partial.core.stream_aead
2026-02-24 01:30:48,054 - INFO - -> Loading /home/runner/work/NextSSL/NextSSL/bin/linux/partial/core/stream_aead.so
2026-02-24 01:30:48,054 - INFO - [PASS] DLL Loaded
2026-02-24 01:30:48,054 - INFO - -> Testing ChaCha20-Poly1305
2026-02-24 01:30:48,054 - INFO - [PASS] ChaCha20-Poly1305 Encrypt KAT
2026-02-24 01:30:48,054 - INFO - [DATA] ChaCha20-Poly1305.key: 808182838485868788898a8b8c8d8e8f909192939495969798999a9b9c9d9e9f
2026-02-24 01:30:48,054 - INFO - [DATA] ChaCha20-Poly1305.iv: 070000004041424344454647
2026-02-24 01:30:48,054 - INFO - [DATA] ChaCha20-Poly1305.pt: 4c616469657320616e642047656e746c656d656e206f662074686520636c617373206f66202739393a204966204920636f756c64206f6666657220796f75206f6e6c79206f6e652074697020666f7220746865206675747572652c2073756e73637265656e20776f756c642062652069742e
2026-02-24 01:30:48,054 - INFO - [DATA] ChaCha20-Poly1305.ct: d31a8d34648e60db7b86afbc53ef7ec2a4aded51296e08fea9e2b5a736ee62d63dbea45e8ca9671282fafb69da92728b1a71de0a9e060b2905d6a5b67ecd3b3692ddbd7f2d778b8c9803aee328091b58fab324e4fad675945585808b4831d7bc3ff4def08e4b7a9de576d26586cec64b61161ae10b594f09e26a7e902ecbd0600691
2026-02-24 01:30:48,054 - INFO - [PASS] ChaCha20-Poly1305 Decrypt Roundtrip
2026-02-24 01:30:48,054 - INFO - [PASS] Stream AEAD: 2 passed
2026-02-24 01:30:48,054 - INFO - -> Running script.test.partial.core.macs
2026-02-24 01:30:48,054 - INFO - -> Loading /home/runner/work/NextSSL/NextSSL/bin/linux/partial/core/macs.so
2026-02-24 01:30:48,054 - INFO - [PASS] DLL Loaded
2026-02-24 01:30:48,054 - INFO - -> Testing AES-CMAC
2026-02-24 01:30:48,054 - INFO - [PASS] AES-CMAC KAT
2026-02-24 01:30:48,054 - INFO - [DATA] AES-CMAC.key: 2b7e151628aed2a6abf7158809cf4f3c
2026-02-24 01:30:48,054 - INFO - [DATA] AES-CMAC.msg: 6bc1bee22e409f96e93d7e117393172a
2026-02-24 01:30:48,054 - INFO - [DATA] AES-CMAC.mac: 070a16b46b4d4144f79bdd9dd04a287c
2026-02-24 01:30:48,054 - INFO - -> Testing HMAC-SHA256
2026-02-24 01:30:48,054 - INFO - [PASS] HMAC-SHA256 KAT
2026-02-24 01:30:48,054 - INFO - [DATA] HMAC-SHA256.key: 0b0b0b0b0b0b0b0b0b0b0b0b0b0b0b0b0b0b0b0b
2026-02-24 01:30:48,054 - INFO - [DATA] HMAC-SHA256.msg: 4869205468657265
2026-02-24 01:30:48,055 - INFO - [DATA] HMAC-SHA256.mac: b0344c61d8db38535ca8afceaf0bf12b881dc200c9833da726e9376c2e32cff7
2026-02-24 01:30:48,055 - INFO - -> Testing SipHash
2026-02-24 01:30:48,055 - INFO - [PASS] SipHash KAT
2026-02-24 01:30:48,055 - INFO - [DATA] SipHash.key: 000102030405060708090a0b0c0d0e0f
2026-02-24 01:30:48,055 - INFO - [DATA] SipHash.msg: 000102030405060708090a0b0c0d0e
2026-02-24 01:30:48,055 - INFO - [DATA] SipHash.mac: e545be4961ca29a1
2026-02-24 01:30:48,055 - INFO - [PASS] MACs: 3 passed
2026-02-24 01:30:48,055 - INFO - -> Running script.test.partial.core.ecc
2026-02-24 01:30:48,055 - INFO - -> Loading /home/runner/work/NextSSL/NextSSL/bin/linux/partial/core/ecc.so
2026-02-24 01:30:48,055 - INFO - [PASS] DLL Loaded
2026-02-24 01:30:48,055 - INFO - -> Testing Ed25519
2026-02-24 01:30:48,055 - INFO - [PASS] Ed25519 Keypair Gen KAT
2026-02-24 01:30:48,055 - INFO - [PASS] Ed25519 Sign KAT
2026-02-24 01:30:48,055 - INFO - [DATA] Ed25519.key: d75a980182b10ab7d54bfed3c964073a0ee172f3daa62325af021a68f707511a
2026-02-24 01:30:48,055 - INFO - [DATA] Ed25519.sig: e5564300c360ac729086e2cc806e828a84877f1eb8e5d974d873e065224901555fb8821590a33bacc61e39701cf9b46bd25bf5f0595bbe24655141438e7a100b
2026-02-24 01:30:48,055 - INFO - [PASS] Ed25519 Verify
2026-02-24 01:30:48,055 - INFO - -> Testing X25519
2026-02-24 01:30:48,056 - INFO - [PASS] X25519 KAT
2026-02-24 01:30:48,056 - INFO - [DATA] X25519.key: 77076d0a7318a57d3c16c17251b26645df4c2f87ebc0992ab177fba51db92c2a
2026-02-24 01:30:48,056 - INFO - [DATA] X25519.msg: de9edb7d7b7dc1b4d35b61c2ece435373f8343c85b78674dadfc7e146f882b4f
2026-02-24 01:30:48,056 - INFO - [DATA] X25519.sig: 4a5d9d5ba4ce2de1728e3bf480350f25e07e21c947d19e3376f09b3c1e161742
2026-02-24 01:30:48,056 - INFO - [PASS] ECC: 4 passed
2026-02-24 01:30:48,056 - INFO - [PASS] ALL TESTS PASSED
2026-02-24 01:57:18,995 - INFO - Successfully built aes_modes
2026-02-24 01:57:19,427 - INFO - Successfully built aes_aead
2026-02-24 01:57:19,611 - INFO - Successfully built stream_aead
2026-02-24 01:57:20,757 - INFO - Successfully built macs
2026-02-24 01:57:22,645 - INFO - Successfully built ecc
2026-02-24 01:57:22,645 - INFO - === Running 5 test suites... ===
2026-02-24 01:57:22,645 - INFO - -> Running script.test.partial.core.aes_modes
2026-02-24 01:57:22,645 - INFO - -> Loading /home/runner/work/NextSSL/NextSSL/bin/linux/partial/core/aes_modes.so
2026-02-24 01:57:22,645 - INFO - [PASS] DLL Loaded
2026-02-24 01:57:22,645 - INFO - -> Testing AES-CBC
2026-02-24 01:57:22,646 - INFO - [PASS] AES-CBC Encrypt KAT
2026-02-24 01:57:22,646 - INFO - [DATA] AES-CBC.key: 2b7e151628aed2a6abf7158809cf4f3c
2026-02-24 01:57:22,646 - INFO - [DATA] AES-CBC.iv: 000102030405060708090a0b0c0d0e0f
2026-02-24 01:57:22,646 - INFO - [DATA] AES-CBC.pt: 6bc1bee22e409f96e93d7e117393172a
2026-02-24 01:57:22,646 - INFO - [DATA] AES-CBC.ct: 7649abac8119b246cee98e9b12e9197d
2026-02-24 01:57:22,646 - INFO - [PASS] AES-CBC Decrypt Roundtrip
2026-02-24 01:57:22,646 - INFO - -> Testing AES-XTS
2026-02-24 01:57:22,646 - INFO - [PASS] AES-XTS Roundtrip
2026-02-24 01:57:22,646 - INFO - [DATA] AES-XTS.key: 0000000000000000000000000000000000000000000000000000000000000000
2026-02-24 01:57:22,646 - INFO - [DATA] AES-XTS.iv: 00000000000000000000000000000000
2026-02-24 01:57:22,646 - INFO - [DATA] AES-XTS.pt: 0000000000000000000000000000000000000000000000000000000000000000
2026-02-24 01:57:22,646 - INFO - [DATA] AES-XTS.ct: 917cf69ebd68b2ec9b9fe9a3eadda692cd43d2f59598ed858c02c2652fbf922e
2026-02-24 01:57:22,646 - INFO - [PASS] AES Modes: 3 passed
2026-02-24 01:57:22,646 - INFO - -> Running script.test.partial.core.aes_aead
2026-02-24 01:57:22,646 - INFO - -> Loading /home/runner/work/NextSSL/NextSSL/bin/linux/partial/core/aes_aead.so
2026-02-24 01:57:22,646 - INFO - [PASS] DLL Loaded
2026-02-24 01:57:22,647 - INFO - -> Testing AES-GCM
2026-02-24 01:57:22,647 - INFO - [PASS] AES-GCM Encrypt KAT
2026-02-24 01:57:22,647 - INFO - [DATA] AES-GCM.key: 00000000000000000000000000000000
2026-02-24 01:57:22,647 - INFO - [DATA] AES-GCM.iv: 000000000000000000000000
2026-02-24 01:57:22,647 - INFO - [DATA] AES-GCM.ct: 58e2fccefa7e3061367f1d57a4e7455a
2026-02-24 01:57:22,647 - INFO - [DATA] AES-GCM.tag: 58e2fccefa7e3061367f1d57a4e7455a
2026-02-24 01:57:22,647 - INFO - [PASS] AES-GCM Decrypt (Valid)
2026-02-24 01:57:22,647 - INFO - [PASS] AES-GCM Decrypt (Tampered) correctly rejected
2026-02-24 01:57:22,647 - INFO - [PASS] AES AEAD: 3 passed
2026-02-24 01:57:22,647 - INFO - -> Running script.test.partial.core.stream_aead
2026-02-24 01:57:22,647 - INFO - -> Loading /home/runner/work/NextSSL/NextSSL/bin/linux/partial/core/stream_aead.so
2026-02-24 01:57:22,647 - INFO - [PASS] DLL Loaded
2026-02-24 01:57:22,647 - INFO - -> Testing ChaCha20-Poly1305
2026-02-24 01:57:22,648 - INFO - [PASS] ChaCha20-Poly1305 Encrypt KAT
2026-02-24 01:57:22,648 - INFO - [DATA] ChaCha20-Poly1305.key: 808182838485868788898a8b8c8d8e8f909192939495969798999a9b9c9d9e9f
2026-02-24 01:57:22,648 - INFO - [DATA] ChaCha20-Poly1305.iv: 070000004041424344454647
2026-02-24 01:57:22,648 - INFO - [DATA] ChaCha20-Poly1305.pt: 4c616469657320616e642047656e746c656d656e206f662074686520636c617373206f66202739393a204966204920636f756c64206f6666657220796f75206f6e6c79206f6e652074697020666f7220746865206675747572652c2073756e73637265656e20776f756c642062652069742e
2026-02-24 01:57:22,648 - INFO - [DATA] ChaCha20-Poly1305.ct: d31a8d34648e60db7b86afbc53ef7ec2a4aded51296e08fea9e2b5a736ee62d63dbea45e8ca9671282fafb69da92728b1a71de0a9e060b2905d6a5b67ecd3b3692ddbd7f2d778b8c9803aee328091b58fab324e4fad675945585808b4831d7bc3ff4def08e4b7a9de576d26586cec64b61161ae10b594f09e26a7e902ecbd0600691
2026-02-24 01:57:22,648 - INFO - [PASS] ChaCha20-Poly1305 Decrypt Roundtrip
2026-02-24 01:57:22,648 - INFO - [PASS] Stream AEAD: 2 passed
2026-02-24 01:57:22,648 - INFO - -> Running script.test.partial.core.macs
2026-02-24 01:57:22,648 - INFO - -> Loading /home/runner/work/NextSSL/NextSSL/bin/linux/partial/core/macs.so
2026-02-24 01:57:22,648 - INFO - [PASS] DLL Loaded
2026-02-24 01:57:22,648 - INFO - -> Testing AES-CMAC
2026-02-24 01:57:22,648 - INFO - [PASS] AES-CMAC KAT
2026-02-24 01:57:22,648 - INFO - [DATA] AES-CMAC.key: 2b7e151628aed2a6abf7158809cf4f3c
2026-02-24 01:57:22,648 - INFO - [DATA] AES-CMAC.msg: 6bc1bee22e409f96e93d7e117393172a
2026-02-24 01:57:22,648 - INFO - [DATA] AES-CMAC.mac: 070a16b46b4d4144f79bdd9dd04a287c
2026-02-24 01:57:22,648 - INFO - -> Testing HMAC-SHA256
2026-02-24 01:57:22,648 - INFO - [PASS] HMAC-SHA256 KAT
2026-02-24 01:57:22,648 - INFO - [DATA] HMAC-SHA256.key: 0b0b0b0b0b0b0b0b0b0b0b0b0b0b0b0b0b0b0b0b
2026-02-24 01:57:22,649 - INFO - [DATA] HMAC-SHA256.msg: 4869205468657265
2026-02-24 01:57:22,649 - INFO - [DATA] HMAC-SHA256.mac: b0344c61d8db38535ca8afceaf0bf12b881dc200c9833da726e9376c2e32cff7
2026-02-24 01:57:22,649 - INFO - -> Testing SipHash
2026-02-24 01:57:22,649 - INFO - [PASS] SipHash KAT
2026-02-24 01:57:22,649 - INFO - [DATA] SipHash.key: 000102030405060708090a0b0c0d0e0f
2026-02-24 01:57:22,649 - INFO - [DATA] SipHash.msg: 000102030405060708090a0b0c0d0e
2026-02-24 01:57:22,649 - INFO - [DATA] SipHash.mac: e545be4961ca29a1
2026-02-24 01:57:22,649 - INFO - [PASS] MACs: 3 passed
2026-02-24 01:57:22,649 - INFO - -> Running script.test.partial.core.ecc
2026-02-24 01:57:22,649 - INFO - -> Loading /home/runner/work/NextSSL/NextSSL/bin/linux/partial/core/ecc.so
2026-02-24 01:57:22,649 - INFO - [PASS] DLL Loaded
2026-02-24 01:57:22,649 - INFO - -> Testing Ed25519
2026-02-24 01:57:22,649 - INFO - [PASS] Ed25519 Keypair Gen KAT
2026-02-24 01:57:22,650 - INFO - [PASS] Ed25519 Sign KAT
2026-02-24 01:57:22,650 - INFO - [DATA] Ed25519.key: d75a980182b10ab7d54bfed3c964073a0ee172f3daa62325af021a68f707511a
2026-02-24 01:57:22,650 - INFO - [DATA] Ed25519.sig: e5564300c360ac729086e2cc806e828a84877f1eb8e5d974d873e065224901555fb8821590a33bacc61e39701cf9b46bd25bf5f0595bbe24655141438e7a100b
2026-02-24 01:57:22,650 - INFO - [PASS] Ed25519 Verify
2026-02-24 01:57:22,650 - INFO - -> Testing X25519
2026-02-24 01:57:22,650 - INFO - [PASS] X25519 KAT
2026-02-24 01:57:22,650 - INFO - [DATA] X25519.key: 77076d0a7318a57d3c16c17251b26645df4c2f87ebc0992ab177fba51db92c2a
2026-02-24 01:57:22,650 - INFO - [DATA] X25519.msg: de9edb7d7b7dc1b4d35b61c2ece435373f8343c85b78674dadfc7e146f882b4f
2026-02-24 01:57:22,650 - INFO - [DATA] X25519.sig: 4a5d9d5ba4ce2de1728e3bf480350f25e07e21c947d19e3376f09b3c1e161742
2026-02-24 01:57:22,650 - INFO - [PASS] ECC: 4 passed
2026-02-24 01:57:22,650 - INFO - [PASS] ALL TESTS PASSED
2026-02-24 02:07:54,157 - INFO - Successfully built aes_modes
2026-02-24 02:07:54,591 - INFO - Successfully built aes_aead
2026-02-24 02:07:54,791 - INFO - Successfully built stream_aead
2026-02-24 02:07:55,936 - INFO - Successfully built macs
2026-02-24 02:07:57,828 - INFO - Successfully built ecc
2026-02-24 02:07:57,828 - INFO - === Running 5 test suites... ===
2026-02-24 02:07:57,828 - INFO - -> Running script.test.partial.core.aes_modes
2026-02-24 02:07:57,828 - INFO - -> Loading /home/runner/work/NextSSL/NextSSL/bin/linux/partial/core/aes_modes.so
2026-02-24 02:07:57,829 - INFO - [PASS] DLL Loaded
2026-02-24 02:07:57,829 - INFO - -> Testing AES-CBC
2026-02-24 02:07:57,829 - INFO - [PASS] AES-CBC Encrypt KAT
2026-02-24 02:07:57,829 - INFO - [DATA] AES-CBC.key: 2b7e151628aed2a6abf7158809cf4f3c
2026-02-24 02:07:57,829 - INFO - [DATA] AES-CBC.iv: 000102030405060708090a0b0c0d0e0f
2026-02-24 02:07:57,829 - INFO - [DATA] AES-CBC.pt: 6bc1bee22e409f96e93d7e117393172a
2026-02-24 02:07:57,829 - INFO - [DATA] AES-CBC.ct: 7649abac8119b246cee98e9b12e9197d
2026-02-24 02:07:57,829 - INFO - [PASS] AES-CBC Decrypt Roundtrip
2026-02-24 02:07:57,829 - INFO - -> Testing AES-XTS
2026-02-24 02:07:57,829 - INFO - [PASS] AES-XTS Roundtrip
2026-02-24 02:07:57,829 - INFO - [DATA] AES-XTS.key: 0000000000000000000000000000000000000000000000000000000000000000
2026-02-24 02:07:57,829 - INFO - [DATA] AES-XTS.iv: 00000000000000000000000000000000
2026-02-24 02:07:57,829 - INFO - [DATA] AES-XTS.pt: 0000000000000000000000000000000000000000000000000000000000000000
2026-02-24 02:07:57,830 - INFO - [DATA] AES-XTS.ct: 917cf69ebd68b2ec9b9fe9a3eadda692cd43d2f59598ed858c02c2652fbf922e
2026-02-24 02:07:57,830 - INFO - [PASS] AES Modes: 3 passed
2026-02-24 02:07:57,830 - INFO - -> Running script.test.partial.core.aes_aead
2026-02-24 02:07:57,830 - INFO - -> Loading /home/runner/work/NextSSL/NextSSL/bin/linux/partial/core/aes_aead.so
2026-02-24 02:07:57,830 - INFO - [PASS] DLL Loaded
2026-02-24 02:07:57,830 - INFO - -> Testing AES-GCM
2026-02-24 02:07:57,830 - INFO - [PASS] AES-GCM Encrypt KAT
2026-02-24 02:07:57,830 - INFO - [DATA] AES-GCM.key: 00000000000000000000000000000000
2026-02-24 02:07:57,830 - INFO - [DATA] AES-GCM.iv: 000000000000000000000000
2026-02-24 02:07:57,830 - INFO - [DATA] AES-GCM.ct: 58e2fccefa7e3061367f1d57a4e7455a
2026-02-24 02:07:57,830 - INFO - [DATA] AES-GCM.tag: 58e2fccefa7e3061367f1d57a4e7455a
2026-02-24 02:07:57,830 - INFO - [PASS] AES-GCM Decrypt (Valid)
2026-02-24 02:07:57,830 - INFO - [PASS] AES-GCM Decrypt (Tampered) correctly rejected
2026-02-24 02:07:57,830 - INFO - [PASS] AES AEAD: 3 passed
2026-02-24 02:07:57,830 - INFO - -> Running script.test.partial.core.stream_aead
2026-02-24 02:07:57,831 - INFO - -> Loading /home/runner/work/NextSSL/NextSSL/bin/linux/partial/core/stream_aead.so
2026-02-24 02:07:57,831 - INFO - [PASS] DLL Loaded
2026-02-24 02:07:57,831 - INFO - -> Testing ChaCha20-Poly1305
2026-02-24 02:07:57,831 - INFO - [PASS] ChaCha20-Poly1305 Encrypt KAT
2026-02-24 02:07:57,831 - INFO - [DATA] ChaCha20-Poly1305.key: 808182838485868788898a8b8c8d8e8f909192939495969798999a9b9c9d9e9f
2026-02-24 02:07:57,831 - INFO - [DATA] ChaCha20-Poly1305.iv: 070000004041424344454647
2026-02-24 02:07:57,831 - INFO - [DATA] ChaCha20-Poly1305.pt: 4c616469657320616e642047656e746c656d656e206f662074686520636c617373206f66202739393a204966204920636f756c64206f6666657220796f75206f6e6c79206f6e652074697020666f7220746865206675747572652c2073756e73637265656e20776f756c642062652069742e
2026-02-24 02:07:57,831 - INFO - [DATA] ChaCha20-Poly1305.ct: d31a8d34648e60db7b86afbc53ef7ec2a4aded51296e08fea9e2b5a736ee62d63dbea45e8ca9671282fafb69da92728b1a71de0a9e060b2905d6a5b67ecd3b3692ddbd7f2d778b8c9803aee328091b58fab324e4fad675945585808b4831d7bc3ff4def08e4b7a9de576d26586cec64b61161ae10b594f09e26a7e902ecbd0600691
2026-02-24 02:07:57,831 - INFO - [PASS] ChaCha20-Poly1305 Decrypt Roundtrip
2026-02-24 02:07:57,831 - INFO - [PASS] Stream AEAD: 2 passed
2026-02-24 02:07:57,831 - INFO - -> Running script.test.partial.core.macs
2026-02-24 02:07:57,831 - INFO - -> Loading /home/runner/work/NextSSL/NextSSL/bin/linux/partial/core/macs.so
2026-02-24 02:07:57,831 - INFO - [PASS] DLL Loaded
2026-02-24 02:07:57,831 - INFO - -> Testing AES-CMAC
2026-02-24 02:07:57,832 - INFO - [PASS] AES-CMAC KAT
2026-02-24 02:07:57,832 - INFO - [DATA] AES-CMAC.key: 2b7e151628aed2a6abf7158809cf4f3c
2026-02-24 02:07:57,832 - INFO - [DATA] AES-CMAC.msg: 6bc1bee22e409f96e93d7e117393172a
2026-02-24 02:07:57,832 - INFO - [DATA] AES-CMAC.mac: 070a16b46b4d4144f79bdd9dd04a287c
2026-02-24 02:07:57,832 - INFO - -> Testing HMAC-SHA256
2026-02-24 02:07:57,832 - INFO - [PASS] HMAC-SHA256 KAT
2026-02-24 02:07:57,832 - INFO - [DATA] HMAC-SHA256.key: 0b0b0b0b0b0b0b0b0b0b0b0b0b0b0b0b0b0b0b0b
2026-02-24 02:07:57,832 - INFO - [DATA] HMAC-SHA256.msg: 4869205468657265
2026-02-24 02:07:57,832 - INFO - [DATA] HMAC-SHA256.mac: b0344c61d8db38535ca8afceaf0bf12b881dc200c9833da726e9376c2e32cff7
2026-02-24 02:07:57,832 - INFO - -> Testing SipHash
2026-02-24 02:07:57,832 - INFO - [PASS] SipHash KAT
2026-02-24 02:07:57,832 - INFO - [DATA] SipHash.key: 000102030405060708090a0b0c0d0e0f
2026-02-24 02:07:57,832 - INFO - [DATA] SipHash.msg: 000102030405060708090a0b0c0d0e
2026-02-24 02:07:57,832 - INFO - [DATA] SipHash.mac: e545be4961ca29a1
2026-02-24 02:07:57,832 - INFO - [PASS] MACs: 3 passed
2026-02-24 02:07:57,832 - INFO - -> Running script.test.partial.core.ecc
2026-02-24 02:07:57,832 - INFO - -> Loading /home/runner/work/NextSSL/NextSSL/bin/linux/partial/core/ecc.so
2026-02-24 02:07:57,832 - INFO - [PASS] DLL Loaded
2026-02-24 02:07:57,832 - INFO - -> Testing Ed25519
2026-02-24 02:07:57,833 - INFO - [PASS] Ed25519 Keypair Gen KAT
2026-02-24 02:07:57,833 - INFO - [PASS] Ed25519 Sign KAT
2026-02-24 02:07:57,833 - INFO - [DATA] Ed25519.key: d75a980182b10ab7d54bfed3c964073a0ee172f3daa62325af021a68f707511a
2026-02-24 02:07:57,833 - INFO - [DATA] Ed25519.sig: e5564300c360ac729086e2cc806e828a84877f1eb8e5d974d873e065224901555fb8821590a33bacc61e39701cf9b46bd25bf5f0595bbe24655141438e7a100b
2026-02-24 02:07:57,833 - INFO - [PASS] Ed25519 Verify
2026-02-24 02:07:57,833 - INFO - -> Testing X25519
2026-02-24 02:07:57,833 - INFO - [PASS] X25519 KAT
2026-02-24 02:07:57,833 - INFO - [DATA] X25519.key: 77076d0a7318a57d3c16c17251b26645df4c2f87ebc0992ab177fba51db92c2a
2026-02-24 02:07:57,833 - INFO - [DATA] X25519.msg: de9edb7d7b7dc1b4d35b61c2ece435373f8343c85b78674dadfc7e146f882b4f
2026-02-24 02:07:57,833 - INFO - [DATA] X25519.sig: 4a5d9d5ba4ce2de1728e3bf480350f25e07e21c947d19e3376f09b3c1e161742
2026-02-24 02:07:57,833 - INFO - [PASS] ECC: 4 passed
2026-02-24 02:07:57,833 - INFO - [PASS] ALL TESTS PASSED
2026-02-24 02:38:39,863 - INFO - Successfully built aes_modes
2026-02-24 02:38:40,289 - INFO - Successfully built aes_aead
2026-02-24 02:38:40,460 - INFO - Successfully built stream_aead
2026-02-24 02:38:41,596 - INFO - Successfully built macs
2026-02-24 02:38:43,436 - INFO - Successfully built ecc
2026-02-24 02:38:43,437 - INFO - === Running 5 test suites... ===
2026-02-24 02:38:43,437 - INFO - -> Running script.test.partial.core.aes_modes
2026-02-24 02:38:43,437 - INFO - -> Loading /home/runner/work/NextSSL/NextSSL/bin/linux/partial/core/aes_modes.so
2026-02-24 02:38:43,437 - INFO - [PASS] DLL Loaded
2026-02-24 02:38:43,437 - INFO - -> Testing AES-CBC
2026-02-24 02:38:43,438 - INFO - [PASS] AES-CBC Encrypt KAT
2026-02-24 02:38:43,438 - INFO - [DATA] AES-CBC.key: 2b7e151628aed2a6abf7158809cf4f3c
2026-02-24 02:38:43,438 - INFO - [DATA] AES-CBC.iv: 000102030405060708090a0b0c0d0e0f
2026-02-24 02:38:43,438 - INFO - [DATA] AES-CBC.pt: 6bc1bee22e409f96e93d7e117393172a
2026-02-24 02:38:43,438 - INFO - [DATA] AES-CBC.ct: 7649abac8119b246cee98e9b12e9197d
2026-02-24 02:38:43,438 - INFO - [PASS] AES-CBC Decrypt Roundtrip
2026-02-24 02:38:43,438 - INFO - -> Testing AES-XTS
2026-02-24 02:38:43,438 - INFO - [PASS] AES-XTS Roundtrip
2026-02-24 02:38:43,438 - INFO - [DATA] AES-XTS.key: 0000000000000000000000000000000000000000000000000000000000000000
2026-02-24 02:38:43,438 - INFO - [DATA] AES-XTS.iv: 00000000000000000000000000000000
2026-02-24 02:38:43,438 - INFO - [DATA] AES-XTS.pt: 0000000000000000000000000000000000000000000000000000000000000000
2026-02-24 02:38:43,438 - INFO - [DATA] AES-XTS.ct: 917cf69ebd68b2ec9b9fe9a3eadda692cd43d2f59598ed858c02c2652fbf922e
2026-02-24 02:38:43,438 - INFO - [PASS] AES Modes: 3 passed
2026-02-24 02:38:43,438 - INFO - -> Running script.test.partial.core.aes_aead
2026-02-24 02:38:43,438 - INFO - -> Loading /home/runner/work/NextSSL/NextSSL/bin/linux/partial/core/aes_aead.so
2026-02-24 02:38:43,438 - INFO - [PASS] DLL Loaded
2026-02-24 02:38:43,438 - INFO - -> Testing AES-GCM
2026-02-24 02:38:43,439 - INFO - [PASS] AES-GCM Encrypt KAT
2026-02-24 02:38:43,439 - INFO - [DATA] AES-GCM.key: 00000000000000000000000000000000
2026-02-24 02:38:43,439 - INFO - [DATA] AES-GCM.iv: 000000000000000000000000
2026-02-24 02:38:43,439 - INFO - [DATA] AES-GCM.ct: 58e2fccefa7e3061367f1d57a4e7455a
2026-02-24 02:38:43,439 - INFO - [DATA] AES-GCM.tag: 58e2fccefa7e3061367f1d57a4e7455a
2026-02-24 02:38:43,439 - INFO - [PASS] AES-GCM Decrypt (Valid)
2026-02-24 02:38:43,439 - INFO - [PASS] AES-GCM Decrypt (Tampered) correctly rejected
2026-02-24 02:38:43,439 - INFO - [PASS] AES AEAD: 3 passed
2026-02-24 02:38:43,439 - INFO - -> Running script.test.partial.core.stream_aead
2026-02-24 02:38:43,439 - INFO - -> Loading /home/runner/work/NextSSL/NextSSL/bin/linux/partial/core/stream_aead.so
2026-02-24 02:38:43,439 - INFO - [PASS] DLL Loaded
2026-02-24 02:38:43,439 - INFO - -> Testing ChaCha20-Poly1305
2026-02-24 02:38:43,439 - INFO - [PASS] ChaCha20-Poly1305 Encrypt KAT
2026-02-24 02:38:43,439 - INFO - [DATA] ChaCha20-Poly1305.key: 808182838485868788898a8b8c8d8e8f909192939495969798999a9b9c9d9e9f
2026-02-24 02:38:43,439 - INFO - [DATA] ChaCha20-Poly1305.iv: 070000004041424344454647
2026-02-24 02:38:43,439 - INFO - [DATA] ChaCha20-Poly1305.pt: 4c616469657320616e642047656e746c656d656e206f662074686520636c617373206f66202739393a204966204920636f756c64206f6666657220796f75206f6e6c79206f6e652074697020666f7220746865206675747572652c2073756e73637265656e20776f756c642062652069742e
2026-02-24 02:38:43,440 - INFO - [DATA] ChaCha20-Poly1305.ct: d31a8d34648e60db7b86afbc53ef7ec2a4aded51296e08fea9e2b5a736ee62d63dbea45e8ca9671282fafb69da92728b1a71de0a9e060b2905d6a5b67ecd3b3692ddbd7f2d778b8c9803aee328091b58fab324e4fad675945585808b4831d7bc3ff4def08e4b7a9de576d26586cec64b61161ae10b594f09e26a7e902ecbd0600691
2026-02-24 02:38:43,440 - INFO - [PASS] ChaCha20-Poly1305 Decrypt Roundtrip
2026-02-24 02:38:43,440 - INFO - [PASS] Stream AEAD: 2 passed
2026-02-24 02:38:43,440 - INFO - -> Running script.test.partial.core.macs
2026-02-24 02:38:43,440 - INFO - -> Loading /home/runner/work/NextSSL/NextSSL/bin/linux/partial/core/macs.so
2026-02-24 02:38:43,440 - INFO - [PASS] DLL Loaded
2026-02-24 02:38:43,440 - INFO - -> Testing AES-CMAC
2026-02-24 02:38:43,440 - INFO - [PASS] AES-CMAC KAT
2026-02-24 02:38:43,440 - INFO - [DATA] AES-CMAC.key: 2b7e151628aed2a6abf7158809cf4f3c
2026-02-24 02:38:43,440 - INFO - [DATA] AES-CMAC.msg: 6bc1bee22e409f96e93d7e117393172a
2026-02-24 02:38:43,440 - INFO - [DATA] AES-CMAC.mac: 070a16b46b4d4144f79bdd9dd04a287c
2026-02-24 02:38:43,440 - INFO - -> Testing HMAC-SHA256
2026-02-24 02:38:43,440 - INFO - [PASS] HMAC-SHA256 KAT
2026-02-24 02:38:43,440 - INFO - [DATA] HMAC-SHA256.key: 0b0b0b0b0b0b0b0b0b0b0b0b0b0b0b0b0b0b0b0b
2026-02-24 02:38:43,440 - INFO - [DATA] HMAC-SHA256.msg: 4869205468657265
2026-02-24 02:38:43,440 - INFO - [DATA] HMAC-SHA256.mac: b0344c61d8db38535ca8afceaf0bf12b881dc200c9833da726e9376c2e32cff7
2026-02-24 02:38:43,440 - INFO - -> Testing SipHash
2026-02-24 02:38:43,441 - INFO - [PASS] SipHash KAT
2026-02-24 02:38:43,441 - INFO - [DATA] SipHash.key: 000102030405060708090a0b0c0d0e0f
2026-02-24 02:38:43,441 - INFO - [DATA] SipHash.msg: 000102030405060708090a0b0c0d0e
2026-02-24 02:38:43,441 - INFO - [DATA] SipHash.mac: e545be4961ca29a1
2026-02-24 02:38:43,441 - INFO - [PASS] MACs: 3 passed
2026-02-24 02:38:43,441 - INFO - -> Running script.test.partial.core.ecc
2026-02-24 02:38:43,441 - INFO - -> Loading /home/runner/work/NextSSL/NextSSL/bin/linux/partial/core/ecc.so
2026-02-24 02:38:43,441 - INFO - [PASS] DLL Loaded
2026-02-24 02:38:43,441 - INFO - -> Testing Ed25519
2026-02-24 02:38:43,441 - INFO - [PASS] Ed25519 Keypair Gen KAT
2026-02-24 02:38:43,441 - INFO - [PASS] Ed25519 Sign KAT
2026-02-24 02:38:43,441 - INFO - [DATA] Ed25519.key: d75a980182b10ab7d54bfed3c964073a0ee172f3daa62325af021a68f707511a
2026-02-24 02:38:43,441 - INFO - [DATA] Ed25519.sig: e5564300c360ac729086e2cc806e828a84877f1eb8e5d974d873e065224901555fb8821590a33bacc61e39701cf9b46bd25bf5f0595bbe24655141438e7a100b
2026-02-24 02:38:43,442 - INFO - [PASS] Ed25519 Verify
2026-02-24 02:38:43,442 - INFO - -> Testing X25519
2026-02-24 02:38:43,442 - INFO - [PASS] X25519 KAT
2026-02-24 02:38:43,442 - INFO - [DATA] X25519.key: 77076d0a7318a57d3c16c17251b26645df4c2f87ebc0992ab177fba51db92c2a
2026-02-24 02:38:43,442 - INFO - [DATA] X25519.msg: de9edb7d7b7dc1b4d35b61c2ece435373f8343c85b78674dadfc7e146f882b4f
2026-02-24 02:38:43,442 - INFO - [DATA] X25519.sig: 4a5d9d5ba4ce2de1728e3bf480350f25e07e21c947d19e3376f09b3c1e161742
2026-02-24 02:38:43,442 - INFO - [PASS] ECC: 4 passed
2026-02-24 02:38:43,442 - INFO - [PASS] ALL TESTS PASSED
2026-02-24 17:32:20,575 - INFO - Successfully built aes_modes
2026-02-24 17:32:21,031 - INFO - Successfully built aes_aead
2026-02-24 17:32:21,225 - INFO - Successfully built stream_aead
2026-02-24 17:32:22,418 - INFO - Successfully built macs
2026-02-24 17:32:24,364 - INFO - Successfully built ecc
2026-02-24 17:32:24,365 - INFO - === Running 5 test suites... ===
2026-02-24 17:32:24,365 - INFO - -> Running script.test.partial.core.aes_modes
2026-02-24 17:32:24,365 - INFO - -> Loading /home/runner/work/NextSSL/NextSSL/bin/linux/partial/core/aes_modes.so
2026-02-24 17:32:24,365 - INFO - [PASS] DLL Loaded
2026-02-24 17:32:24,365 - INFO - -> Testing AES-CBC
2026-02-24 17:32:24,366 - INFO - [PASS] AES-CBC Encrypt KAT
2026-02-24 17:32:24,366 - INFO - [DATA] AES-CBC.key: 2b7e151628aed2a6abf7158809cf4f3c
2026-02-24 17:32:24,366 - INFO - [DATA] AES-CBC.iv: 000102030405060708090a0b0c0d0e0f
2026-02-24 17:32:24,366 - INFO - [DATA] AES-CBC.pt: 6bc1bee22e409f96e93d7e117393172a
2026-02-24 17:32:24,366 - INFO - [DATA] AES-CBC.ct: 7649abac8119b246cee98e9b12e9197d
2026-02-24 17:32:24,366 - INFO - [PASS] AES-CBC Decrypt Roundtrip
2026-02-24 17:32:24,366 - INFO - -> Testing AES-XTS
2026-02-24 17:32:24,366 - INFO - [PASS] AES-XTS Roundtrip
2026-02-24 17:32:24,366 - INFO - [DATA] AES-XTS.key: 0000000000000000000000000000000000000000000000000000000000000000
2026-02-24 17:32:24,366 - INFO - [DATA] AES-XTS.iv: 00000000000000000000000000000000
2026-02-24 17:32:24,366 - INFO - [DATA] AES-XTS.pt: 0000000000000000000000000000000000000000000000000000000000000000
2026-02-24 17:32:24,366 - INFO - [DATA] AES-XTS.ct: 917cf69ebd68b2ec9b9fe9a3eadda692cd43d2f59598ed858c02c2652fbf922e
2026-02-24 17:32:24,366 - INFO - [PASS] AES Modes: 3 passed
2026-02-24 17:32:24,366 - INFO - -> Running script.test.partial.core.aes_aead
2026-02-24 17:32:24,366 - INFO - -> Loading /home/runner/work/NextSSL/NextSSL/bin/linux/partial/core/aes_aead.so
2026-02-24 17:32:24,366 - INFO - [PASS] DLL Loaded
2026-02-24 17:32:24,367 - INFO - -> Testing AES-GCM
2026-02-24 17:32:24,367 - INFO - [PASS] AES-GCM Encrypt KAT
2026-02-24 17:32:24,367 - INFO - [DATA] AES-GCM.key: 00000000000000000000000000000000
2026-02-24 17:32:24,367 - INFO - [DATA] AES-GCM.iv: 000000000000000000000000
2026-02-24 17:32:24,367 - INFO - [DATA] AES-GCM.ct: 58e2fccefa7e3061367f1d57a4e7455a
2026-02-24 17:32:24,367 - INFO - [DATA] AES-GCM.tag: 58e2fccefa7e3061367f1d57a4e7455a
2026-02-24 17:32:24,367 - INFO - [PASS] AES-GCM Decrypt (Valid)
2026-02-24 17:32:24,367 - INFO - [PASS] AES-GCM Decrypt (Tampered) correctly rejected
2026-02-24 17:32:24,367 - INFO - [PASS] AES AEAD: 3 passed
2026-02-24 17:32:24,367 - INFO - -> Running script.test.partial.core.stream_aead
2026-02-24 17:32:24,367 - INFO - -> Loading /home/runner/work/NextSSL/NextSSL/bin/linux/partial/core/stream_aead.so
2026-02-24 17:32:24,367 - INFO - [PASS] DLL Loaded
2026-02-24 17:32:24,368 - INFO - -> Testing ChaCha20-Poly1305
2026-02-24 17:32:24,368 - INFO - [PASS] ChaCha20-Poly1305 Encrypt KAT
2026-02-24 17:32:24,368 - INFO - [DATA] ChaCha20-Poly1305.key: 808182838485868788898a8b8c8d8e8f909192939495969798999a9b9c9d9e9f
2026-02-24 17:32:24,368 - INFO - [DATA] ChaCha20-Poly1305.iv: 070000004041424344454647
2026-02-24 17:32:24,368 - INFO - [DATA] ChaCha20-Poly1305.pt: 4c616469657320616e642047656e746c656d656e206f662074686520636c617373206f66202739393a204966204920636f756c64206f6666657220796f75206f6e6c79206f6e652074697020666f7220746865206675747572652c2073756e73637265656e20776f756c642062652069742e
2026-02-24 17:32:24,368 - INFO - [DATA] ChaCha20-Poly1305.ct: d31a8d34648e60db7b86afbc53ef7ec2a4aded51296e08fea9e2b5a736ee62d63dbea45e8ca9671282fafb69da92728b1a71de0a9e060b2905d6a5b67ecd3b3692ddbd7f2d778b8c9803aee328091b58fab324e4fad675945585808b4831d7bc3ff4def08e4b7a9de576d26586cec64b61161ae10b594f09e26a7e902ecbd0600691
2026-02-24 17:32:24,368 - INFO - [PASS] ChaCha20-Poly1305 Decrypt Roundtrip
2026-02-24 17:32:24,368 - INFO - [PASS] Stream AEAD: 2 passed
2026-02-24 17:32:24,368 - INFO - -> Running script.test.partial.core.macs
2026-02-24 17:32:24,368 - INFO - -> Loading /home/runner/work/NextSSL/NextSSL/bin/linux/partial/core/macs.so
2026-02-24 17:32:24,368 - INFO - [PASS] DLL Loaded
2026-02-24 17:32:24,368 - INFO - -> Testing AES-CMAC
2026-02-24 17:32:24,368 - INFO - [PASS] AES-CMAC KAT
2026-02-24 17:32:24,368 - INFO - [DATA] AES-CMAC.key: 2b7e151628aed2a6abf7158809cf4f3c
2026-02-24 17:32:24,368 - INFO - [DATA] AES-CMAC.msg: 6bc1bee22e409f96e93d7e117393172a
2026-02-24 17:32:24,369 - INFO - [DATA] AES-CMAC.mac: 070a16b46b4d4144f79bdd9dd04a287c
2026-02-24 17:32:24,369 - INFO - -> Testing HMAC-SHA256
2026-02-24 17:32:24,369 - INFO - [PASS] HMAC-SHA256 KAT
2026-02-24 17:32:24,369 - INFO - [DATA] HMAC-SHA256.key: 0b0b0b0b0b0b0b0b0b0b0b0b0b0b0b0b0b0b0b0b
2026-02-24 17:32:24,369 - INFO - [DATA] HMAC-SHA256.msg: 4869205468657265
2026-02-24 17:32:24,369 - INFO - [DATA] HMAC-SHA256.mac: b0344c61d8db38535ca8afceaf0bf12b881dc200c9833da726e9376c2e32cff7
2026-02-24 17:32:24,369 - INFO - -> Testing SipHash
2026-02-24 17:32:24,369 - INFO - [PASS] SipHash KAT
2026-02-24 17:32:24,369 - INFO - [DATA] SipHash.key: 000102030405060708090a0b0c0d0e0f
2026-02-24 17:32:24,369 - INFO - [DATA] SipHash.msg: 000102030405060708090a0b0c0d0e
2026-02-24 17:32:24,369 - INFO - [DATA] SipHash.mac: e545be4961ca29a1
2026-02-24 17:32:24,369 - INFO - [PASS] MACs: 3 passed
2026-02-24 17:32:24,369 - INFO - -> Running script.test.partial.core.ecc
2026-02-24 17:32:24,369 - INFO - -> Loading /home/runner/work/NextSSL/NextSSL/bin/linux/partial/core/ecc.so
2026-02-24 17:32:24,369 - INFO - [PASS] DLL Loaded
2026-02-24 17:32:24,369 - INFO - -> Testing Ed25519
2026-02-24 17:32:24,370 - INFO - [PASS] Ed25519 Keypair Gen KAT
2026-02-24 17:32:24,370 - INFO - [PASS] Ed25519 Sign KAT
2026-02-24 17:32:24,370 - INFO - [DATA] Ed25519.key: d75a980182b10ab7d54bfed3c964073a0ee172f3daa62325af021a68f707511a
2026-02-24 17:32:24,370 - INFO - [DATA] Ed25519.sig: e5564300c360ac729086e2cc806e828a84877f1eb8e5d974d873e065224901555fb8821590a33bacc61e39701cf9b46bd25bf5f0595bbe24655141438e7a100b
2026-02-24 17:32:24,370 - INFO - [PASS] Ed25519 Verify
2026-02-24 17:32:24,370 - INFO - -> Testing X25519
2026-02-24 17:32:24,370 - INFO - [PASS] X25519 KAT
2026-02-24 17:32:24,370 - INFO - [DATA] X25519.key: 77076d0a7318a57d3c16c17251b26645df4c2f87ebc0992ab177fba51db92c2a
2026-02-24 17:32:24,370 - INFO - [DATA] X25519.msg: de9edb7d7b7dc1b4d35b61c2ece435373f8343c85b78674dadfc7e146f882b4f
2026-02-24 17:32:24,370 - INFO - [DATA] X25519.sig: 4a5d9d5ba4ce2de1728e3bf480350f25e07e21c947d19e3376f09b3c1e161742
2026-02-24 17:32:24,371 - INFO - [PASS] ECC: 4 passed
2026-02-24 17:32:24,371 - INFO - [PASS] ALL TESTS PASSED
