2026-02-23 23:56:25,708 - INFO - Successfully built core
2026-02-23 23:56:25,709 - INFO - === Running 1 test suites... ===
2026-02-23 23:56:25,709 - INFO - -> Running script.test.main.core
2026-02-23 23:56:25,709 - INFO - -> Loading /Users/runner/work/NextSSL/NextSSL/bin/mac/main/core.dylib
2026-02-23 23:56:25,709 - INFO - [PASS] DLL Loaded
2026-02-23 23:56:25,709 - INFO - -> Verifying AES-CBC
2026-02-23 23:56:25,709 - INFO - [PASS] AES-CBC OK
2026-02-23 23:56:25,709 - INFO - -> Verifying AES-GCM
2026-02-23 23:56:25,710 - INFO - [PASS] AES-GCM OK
2026-02-23 23:56:25,710 - INFO - -> Verifying ChaCha20-Poly1305
2026-02-23 23:56:25,710 - INFO - -> Verifying HMAC-SHA256
2026-02-23 23:56:25,710 - INFO - -> Verifying Ed25519
2026-02-23 23:56:25,710 - INFO - [PASS] Ed25519 OK
2026-02-23 23:56:25,710 - INFO - [PASS] Core Main: 5 passed
2026-02-23 23:56:25,710 - INFO - [PASS] ALL TESTS PASSED
2026-02-24 00:37:55,987 - INFO - Successfully built core
2026-02-24 00:37:55,995 - INFO - === Running 1 test suites... ===
2026-02-24 00:37:55,995 - INFO - -> Running script.test.main.core
2026-02-24 00:37:55,995 - INFO - -> Loading /Users/runner/work/NextSSL/NextSSL/bin/mac/main/core.dylib
2026-02-24 00:37:56,000 - INFO - [PASS] DLL Loaded
2026-02-24 00:37:56,000 - INFO - -> Verifying AES-CBC
2026-02-24 00:37:56,001 - INFO - [PASS] AES-CBC OK
2026-02-24 00:37:56,001 - INFO - -> Verifying AES-GCM
2026-02-24 00:37:56,001 - INFO - [PASS] AES-GCM OK
2026-02-24 00:37:56,001 - INFO - -> Verifying ChaCha20-Poly1305
2026-02-24 00:37:56,002 - INFO - -> Verifying HMAC-SHA256
2026-02-24 00:37:56,002 - INFO - -> Verifying Ed25519
2026-02-24 00:37:56,002 - INFO - [PASS] Ed25519 OK
2026-02-24 00:37:56,002 - INFO - [PASS] Core Main: 5 passed
2026-02-24 00:37:56,002 - INFO - [PASS] ALL TESTS PASSED
2026-02-24 02:11:46,315 - INFO - Successfully built core
2026-02-24 02:11:46,316 - INFO - === Running 1 test suites... ===
2026-02-24 02:11:46,316 - INFO - -> Running script.test.main.core
2026-02-24 02:11:46,316 - INFO - -> Loading /Users/runner/work/NextSSL/NextSSL/bin/mac/main/core.dylib
2026-02-24 02:11:46,317 - INFO - [PASS] DLL Loaded
2026-02-24 02:11:46,317 - INFO - -> Verifying AES-CBC
2026-02-24 02:11:46,317 - INFO - [PASS] AES-CBC OK
2026-02-24 02:11:46,317 - INFO - -> Verifying AES-GCM
2026-02-24 02:11:46,317 - INFO - [PASS] AES-GCM OK
2026-02-24 02:11:46,317 - INFO - -> Verifying ChaCha20-Poly1305
2026-02-24 02:11:46,317 - INFO - -> Verifying HMAC-SHA256
2026-02-24 02:11:46,318 - INFO - -> Verifying Ed25519
2026-02-24 02:11:46,318 - INFO - [PASS] Ed25519 OK
2026-02-24 02:11:46,318 - INFO - [PASS] Core Main: 5 passed
2026-02-24 02:11:46,318 - INFO - [PASS] ALL TESTS PASSED
2026-02-24 17:35:55,768 - INFO - Successfully built core
2026-02-24 17:35:55,768 - INFO - === Running 1 test suites... ===
2026-02-24 17:35:55,768 - INFO - -> Running script.test.main.core
2026-02-24 17:35:55,768 - INFO - -> Loading /Users/runner/work/NextSSL/NextSSL/bin/mac/main/core.dylib
2026-02-24 17:35:55,769 - INFO - [PASS] DLL Loaded
2026-02-24 17:35:55,769 - INFO - -> Verifying AES-CBC
2026-02-24 17:35:55,769 - INFO - [PASS] AES-CBC OK
2026-02-24 17:35:55,769 - INFO - -> Verifying AES-GCM
2026-02-24 17:35:55,769 - INFO - [PASS] AES-GCM OK
2026-02-24 17:35:55,769 - INFO - -> Verifying ChaCha20-Poly1305
2026-02-24 17:35:55,769 - INFO - -> Verifying HMAC-SHA256
2026-02-24 17:35:55,769 - INFO - -> Verifying Ed25519
2026-02-24 17:35:55,770 - INFO - [PASS] Ed25519 OK
2026-02-24 17:35:55,770 - INFO - [PASS] Core Main: 5 passed
2026-02-24 17:35:55,770 - INFO - [PASS] ALL TESTS PASSED
2026-02-24 23:56:50,083 - INFO - Successfully built core
2026-02-24 23:56:50,084 - INFO - === Running 1 test suites... ===
2026-02-24 23:56:50,084 - INFO - -> Running script.test.main.core
2026-02-24 23:56:50,084 - INFO - -> Loading /Users/runner/work/NextSSL/NextSSL/bin/mac/main/core.dylib
2026-02-24 23:56:50,085 - INFO - [PASS] DLL Loaded
2026-02-24 23:56:50,085 - INFO - -> Verifying AES-CBC
2026-02-24 23:56:50,085 - INFO - [PASS] AES-CBC OK
2026-02-24 23:56:50,085 - INFO - -> Verifying AES-GCM
2026-02-24 23:56:50,085 - INFO - [PASS] AES-GCM OK
2026-02-24 23:56:50,085 - INFO - -> Verifying ChaCha20-Poly1305
2026-02-24 23:56:50,085 - INFO - -> Verifying HMAC-SHA256
2026-02-24 23:56:50,085 - INFO - -> Verifying Ed25519
2026-02-24 23:56:50,085 - INFO - [PASS] Ed25519 OK
2026-02-24 23:56:50,085 - INFO - [PASS] Core Main: 5 passed
2026-02-24 23:56:50,085 - INFO - [PASS] ALL TESTS PASSED
