2026-02-23 23:55:26,930 - INFO - Successfully built core_cipher_main
2026-02-23 23:55:28,524 - INFO - Successfully built core_mac_main
2026-02-23 23:55:29,786 - INFO - Successfully built core_ecc_main
2026-02-23 23:55:29,787 - INFO - === Running 3 test suites... ===
2026-02-23 23:55:29,787 - INFO - -> Running script.test.base.core_cipher_main
2026-02-23 23:55:29,787 - INFO - -> Loading /Users/runner/work/NextSSL/NextSSL/bin/mac/base/core_cipher_main.dylib
2026-02-23 23:55:29,788 - INFO - [PASS] DLL Loaded
2026-02-23 23:55:29,788 - INFO - -> Verifying AES-CBC symbol
2026-02-23 23:55:29,788 - INFO - [PASS] AES-CBC OK
2026-02-23 23:55:29,788 - INFO - [DATA] AES-CBC.key: 2b7e151628aed2a6abf7158809cf4f3c
2026-02-23 23:55:29,788 - INFO - [DATA] AES-CBC.iv: 000102030405060708090a0b0c0d0e0f
2026-02-23 23:55:29,788 - INFO - [DATA] AES-CBC.pt: 6bc1bee22e409f96e93d7e117393172a
2026-02-23 23:55:29,788 - INFO - [DATA] AES-CBC.ct: 7649abac8119b246cee98e9b12e9197d
2026-02-23 23:55:29,788 - INFO - -> Verifying AES-GCM symbol
2026-02-23 23:55:29,788 - INFO - [PASS] AES-GCM OK
2026-02-23 23:55:29,788 - INFO - [DATA] AES-GCM.key: 00000000000000000000000000000000
2026-02-23 23:55:29,788 - INFO - [DATA] AES-GCM.iv: 000000000000000000000000
2026-02-23 23:55:29,788 - INFO - [DATA] AES-GCM.tag: 58e2fccefa7e3061367f1d57a4e7455a
2026-02-23 23:55:29,788 - INFO - -> Verifying ChaCha20-Poly1305 symbol
2026-02-23 23:55:29,788 - INFO - [PASS] ChaCha20-Poly1305 Symbol Found
2026-02-23 23:55:29,788 - INFO - [PASS] Core Cipher Base: 3 passed
2026-02-23 23:55:29,788 - INFO - -> Running script.test.base.core_mac_main
2026-02-23 23:55:29,788 - INFO - -> Loading /Users/runner/work/NextSSL/NextSSL/bin/mac/base/core_mac_main.dylib
2026-02-23 23:55:29,789 - INFO - [PASS] DLL Loaded
2026-02-23 23:55:29,789 - INFO - -> Verifying AES-CMAC symbol
2026-02-23 23:55:29,789 - INFO - [PASS] AES-CMAC OK
2026-02-23 23:55:29,789 - INFO - [DATA] AES-CMAC.key: 2b7e151628aed2a6abf7158809cf4f3c
2026-02-23 23:55:29,789 - INFO - [DATA] AES-CMAC.msg: 6bc1bee22e409f96e93d7e117393172a
2026-02-23 23:55:29,789 - INFO - [DATA] AES-CMAC.mac: 070a16b46b4d4144f79bdd9dd04a287c
2026-02-23 23:55:29,789 - INFO - -> Verifying HMAC-SHA256 symbol
2026-02-23 23:55:29,789 - INFO - [PASS] HMAC-SHA256 OK
2026-02-23 23:55:29,789 - INFO - [DATA] HMAC-SHA256.key: 0b0b0b0b0b0b0b0b0b0b0b0b0b0b0b0b0b0b0b0b
2026-02-23 23:55:29,789 - INFO - [DATA] HMAC-SHA256.msg: 4869205468657265
2026-02-23 23:55:29,789 - INFO - [DATA] HMAC-SHA256.mac: b0344c61d8db38535ca8afceaf0bf12b881dc200c9833da726e9376c2e32cff7
2026-02-23 23:55:29,789 - INFO - [PASS] Core MAC Base: 2 passed
2026-02-23 23:55:29,789 - INFO - -> Running script.test.base.core_ecc_main
2026-02-23 23:55:29,789 - INFO - -> Loading /Users/runner/work/NextSSL/NextSSL/bin/mac/base/core_ecc_main.dylib
2026-02-23 23:55:29,790 - INFO - [PASS] DLL Loaded
2026-02-23 23:55:29,790 - INFO - -> Verifying Ed25519 symbol
2026-02-23 23:55:29,790 - INFO - [PASS] Ed25519 OK
2026-02-23 23:55:29,790 - INFO - [DATA] Ed25519.sk_seed: 9d61b19deffd5a60ba844af492ec2cc44449c5697b326919703bac031cae7f60
2026-02-23 23:55:29,790 - INFO - [DATA] Ed25519.pk: d75a980182b10ab7d54bfed3c964073a0ee172f3daa62325af021a68f707511a
2026-02-23 23:55:29,790 - INFO - -> Verifying X25519 symbol
2026-02-23 23:55:29,790 - INFO - [PASS] X25519 OK
2026-02-23 23:55:29,790 - INFO - [DATA] X25519.alice_sk: 77076d0a7318a57d3c16c17251b26645df4c2f87ebc0992ab177fba51db92c2a
2026-02-23 23:55:29,790 - INFO - [DATA] X25519.bob_pk: de9edb7d7b7dc1b4d35b61c2ece435373f8343c85b78674dadfc7e146f882b4f
2026-02-23 23:55:29,790 - INFO - [DATA] X25519.shared: 4a5d9d5ba4ce2de1728e3bf480350f25e07e21c947d19e3376f09b3c1e161742
2026-02-23 23:55:29,790 - INFO - [PASS] Core ECC Base: 2 passed
2026-02-23 23:55:29,790 - INFO - [PASS] ALL TESTS PASSED
