2026-02-23 23:53:22,747 - INFO - Successfully built pow_server
2026-02-23 23:53:25,793 - INFO - Successfully built pow_client
2026-02-23 23:53:28,813 - INFO - Successfully built pow_combined
2026-02-23 23:53:28,813 - INFO - [PASS] WASM present: /home/runner/work/NextSSL/NextSSL/bin/web/main/pow_client.wasm
2026-02-23 23:53:28,814 - INFO - [PASS] WASM present: /home/runner/work/NextSSL/NextSSL/bin/web/main/pow_server.wasm
2026-02-23 23:53:28,819 - INFO - [PASS] WASM execute ok: /home/runner/work/NextSSL/NextSSL/bin/web/main/pow_client.wasm
2026-02-23 23:53:28,824 - INFO - [PASS] WASM execute ok: /home/runner/work/NextSSL/NextSSL/bin/web/main/pow_server.wasm
2026-02-24 00:35:06,553 - INFO - Successfully built pow_server
2026-02-24 00:35:09,676 - INFO - Successfully built pow_client
2026-02-24 00:35:12,825 - INFO - Successfully built pow_combined
2026-02-24 00:35:12,826 - INFO - [PASS] WASM present: /home/runner/work/NextSSL/NextSSL/bin/web/main/pow_client.wasm
2026-02-24 00:35:12,826 - INFO - [PASS] WASM present: /home/runner/work/NextSSL/NextSSL/bin/web/main/pow_server.wasm
2026-02-24 00:35:12,831 - INFO - [PASS] WASM execute ok: /home/runner/work/NextSSL/NextSSL/bin/web/main/pow_client.wasm
2026-02-24 00:35:12,837 - INFO - [PASS] WASM execute ok: /home/runner/work/NextSSL/NextSSL/bin/web/main/pow_server.wasm
2026-02-24 01:58:59,724 - INFO - Successfully built pow_server
2026-02-24 01:59:02,838 - INFO - Successfully built pow_client
2026-02-24 01:59:05,925 - INFO - Successfully built pow_combined
2026-02-24 01:59:05,925 - INFO - [PASS] WASM present: /home/runner/work/NextSSL/NextSSL/bin/web/main/pow_client.wasm
2026-02-24 01:59:05,925 - INFO - [PASS] WASM present: /home/runner/work/NextSSL/NextSSL/bin/web/main/pow_server.wasm
2026-02-24 01:59:05,931 - INFO - [PASS] WASM execute ok: /home/runner/work/NextSSL/NextSSL/bin/web/main/pow_client.wasm
2026-02-24 01:59:05,936 - INFO - [PASS] WASM execute ok: /home/runner/work/NextSSL/NextSSL/bin/web/main/pow_server.wasm
2026-02-24 02:09:33,756 - INFO - Successfully built pow_server
2026-02-24 02:09:36,912 - INFO - Successfully built pow_client
2026-02-24 02:09:40,027 - INFO - Successfully built pow_combined
2026-02-24 02:09:40,027 - INFO - [PASS] WASM present: /home/runner/work/NextSSL/NextSSL/bin/web/main/pow_client.wasm
2026-02-24 02:09:40,027 - INFO - [PASS] WASM present: /home/runner/work/NextSSL/NextSSL/bin/web/main/pow_server.wasm
2026-02-24 02:09:40,033 - INFO - [PASS] WASM execute ok: /home/runner/work/NextSSL/NextSSL/bin/web/main/pow_client.wasm
2026-02-24 02:09:40,038 - INFO - [PASS] WASM execute ok: /home/runner/work/NextSSL/NextSSL/bin/web/main/pow_server.wasm
