2026-02-23 23:51:41,661 - INFO - Successfully built kem_lattice
2026-02-23 23:51:49,775 - INFO - Successfully built kem_code_based
2026-02-23 23:51:56,696 - INFO - Successfully built sign_lattice
2026-02-23 23:52:00,867 - INFO - Successfully built sign_hash_based
2026-02-23 23:52:00,867 - INFO - [PASS] WASM present: /home/runner/work/NextSSL/NextSSL/bin/web/partial/pqc/kem_code_based.wasm
2026-02-23 23:52:00,867 - INFO - [PASS] WASM present: /home/runner/work/NextSSL/NextSSL/bin/web/partial/pqc/kem_lattice.wasm
2026-02-23 23:52:00,867 - INFO - [PASS] WASM present: /home/runner/work/NextSSL/NextSSL/bin/web/partial/pqc/sign_hash_based.wasm
2026-02-23 23:52:00,868 - INFO - [PASS] WASM present: /home/runner/work/NextSSL/NextSSL/bin/web/partial/pqc/sign_lattice.wasm
2026-02-23 23:52:00,875 - INFO - [PASS] WASM execute ok: /home/runner/work/NextSSL/NextSSL/bin/web/partial/pqc/kem_code_based.wasm
2026-02-23 23:52:00,880 - INFO - [PASS] WASM execute ok: /home/runner/work/NextSSL/NextSSL/bin/web/partial/pqc/kem_lattice.wasm
2026-02-23 23:52:00,887 - INFO - [PASS] WASM execute ok: /home/runner/work/NextSSL/NextSSL/bin/web/partial/pqc/sign_hash_based.wasm
2026-02-23 23:52:00,891 - INFO - [PASS] WASM execute ok: /home/runner/work/NextSSL/NextSSL/bin/web/partial/pqc/sign_lattice.wasm
2026-02-24 00:33:27,185 - INFO - Successfully built kem_lattice
2026-02-24 00:33:35,506 - INFO - Successfully built kem_code_based
2026-02-24 00:33:42,490 - INFO - Successfully built sign_lattice
2026-02-24 00:33:46,764 - INFO - Successfully built sign_hash_based
2026-02-24 00:33:46,764 - INFO - [PASS] WASM present: /home/runner/work/NextSSL/NextSSL/bin/web/partial/pqc/kem_code_based.wasm
2026-02-24 00:33:46,764 - INFO - [PASS] WASM present: /home/runner/work/NextSSL/NextSSL/bin/web/partial/pqc/kem_lattice.wasm
2026-02-24 00:33:46,764 - INFO - [PASS] WASM present: /home/runner/work/NextSSL/NextSSL/bin/web/partial/pqc/sign_hash_based.wasm
2026-02-24 00:33:46,764 - INFO - [PASS] WASM present: /home/runner/work/NextSSL/NextSSL/bin/web/partial/pqc/sign_lattice.wasm
2026-02-24 00:33:46,772 - INFO - [PASS] WASM execute ok: /home/runner/work/NextSSL/NextSSL/bin/web/partial/pqc/kem_code_based.wasm
2026-02-24 00:33:46,777 - INFO - [PASS] WASM execute ok: /home/runner/work/NextSSL/NextSSL/bin/web/partial/pqc/kem_lattice.wasm
2026-02-24 00:33:46,784 - INFO - [PASS] WASM execute ok: /home/runner/work/NextSSL/NextSSL/bin/web/partial/pqc/sign_hash_based.wasm
2026-02-24 00:33:46,789 - INFO - [PASS] WASM execute ok: /home/runner/work/NextSSL/NextSSL/bin/web/partial/pqc/sign_lattice.wasm
