2026-02-23 23:56:27,897 - INFO - Successfully built dhcm
2026-02-23 23:56:27,898 - INFO - === Running 1 test suites... ===
2026-02-23 23:56:27,898 - INFO - -> Running script.test.main.dhcm
2026-02-23 23:56:27,898 - INFO - -> Loading /Users/runner/work/NextSSL/NextSSL/bin/mac/main/dhcm.dylib
2026-02-23 23:56:27,899 - INFO - [PASS] DLL Loaded
2026-02-23 23:56:27,899 - INFO - [PASS] SHA-256 OK
2026-02-23 23:56:27,899 - INFO - [PASS] Argon2id OK
2026-02-23 23:56:27,899 - INFO - [PASS] SHA3-256 OK
2026-02-23 23:56:27,899 - INFO - [PASS] MD5 OK
2026-02-23 23:56:27,899 - INFO - [PASS] MD2 OK
2026-02-23 23:56:27,899 - INFO - [PASS] DHCM Main: 5 passed
2026-02-23 23:56:27,899 - INFO - [PASS] ALL TESTS PASSED
2026-02-24 00:38:00,579 - INFO - Successfully built dhcm
2026-02-24 00:38:00,580 - INFO - === Running 1 test suites... ===
2026-02-24 00:38:00,580 - INFO - -> Running script.test.main.dhcm
2026-02-24 00:38:00,580 - INFO - -> Loading /Users/runner/work/NextSSL/NextSSL/bin/mac/main/dhcm.dylib
2026-02-24 00:38:00,581 - INFO - [PASS] DLL Loaded
2026-02-24 00:38:00,581 - INFO - [PASS] SHA-256 OK
2026-02-24 00:38:00,581 - INFO - [PASS] Argon2id OK
2026-02-24 00:38:00,581 - INFO - [PASS] SHA3-256 OK
2026-02-24 00:38:00,581 - INFO - [PASS] MD5 OK
2026-02-24 00:38:00,581 - INFO - [PASS] MD2 OK
2026-02-24 00:38:00,581 - INFO - [PASS] DHCM Main: 5 passed
2026-02-24 00:38:00,581 - INFO - [PASS] ALL TESTS PASSED
2026-02-24 02:11:48,846 - INFO - Successfully built dhcm
2026-02-24 02:11:48,847 - INFO - === Running 1 test suites... ===
2026-02-24 02:11:48,847 - INFO - -> Running script.test.main.dhcm
2026-02-24 02:11:48,847 - INFO - -> Loading /Users/runner/work/NextSSL/NextSSL/bin/mac/main/dhcm.dylib
2026-02-24 02:11:48,848 - INFO - [PASS] DLL Loaded
2026-02-24 02:11:48,848 - INFO - [PASS] SHA-256 OK
2026-02-24 02:11:48,848 - INFO - [PASS] Argon2id OK
2026-02-24 02:11:48,848 - INFO - [PASS] SHA3-256 OK
2026-02-24 02:11:48,848 - INFO - [PASS] MD5 OK
2026-02-24 02:11:48,848 - INFO - [PASS] MD2 OK
2026-02-24 02:11:48,848 - INFO - [PASS] DHCM Main: 5 passed
2026-02-24 02:11:48,848 - INFO - [PASS] ALL TESTS PASSED
2026-02-24 17:35:58,593 - INFO - Successfully built dhcm
2026-02-24 17:35:58,593 - INFO - === Running 1 test suites... ===
2026-02-24 17:35:58,593 - INFO - -> Running script.test.main.dhcm
2026-02-24 17:35:58,593 - INFO - -> Loading /Users/runner/work/NextSSL/NextSSL/bin/mac/main/dhcm.dylib
2026-02-24 17:35:58,594 - INFO - [PASS] DLL Loaded
2026-02-24 17:35:58,594 - INFO - [PASS] SHA-256 OK
2026-02-24 17:35:58,594 - INFO - [PASS] Argon2id OK
2026-02-24 17:35:58,594 - INFO - [PASS] SHA3-256 OK
2026-02-24 17:35:58,594 - INFO - [PASS] MD5 OK
2026-02-24 17:35:58,594 - INFO - [PASS] MD2 OK
2026-02-24 17:35:58,594 - INFO - [PASS] DHCM Main: 5 passed
2026-02-24 17:35:58,594 - INFO - [PASS] ALL TESTS PASSED
2026-02-24 23:56:52,725 - INFO - Successfully built dhcm
2026-02-24 23:56:52,725 - INFO - === Running 1 test suites... ===
2026-02-24 23:56:52,726 - INFO - -> Running script.test.main.dhcm
2026-02-24 23:56:52,726 - INFO - -> Loading /Users/runner/work/NextSSL/NextSSL/bin/mac/main/dhcm.dylib
2026-02-24 23:56:52,727 - INFO - [PASS] DLL Loaded
2026-02-24 23:56:52,727 - INFO - [PASS] SHA-256 OK
2026-02-24 23:56:52,727 - INFO - [PASS] Argon2id OK
2026-02-24 23:56:52,727 - INFO - [PASS] SHA3-256 OK
2026-02-24 23:56:52,727 - INFO - [PASS] MD5 OK
2026-02-24 23:56:52,727 - INFO - [PASS] MD2 OK
2026-02-24 23:56:52,727 - INFO - [PASS] DHCM Main: 5 passed
2026-02-24 23:56:52,727 - INFO - [PASS] ALL TESTS PASSED
