2026-02-23 21:11:44,558 - ERROR - Compilation failed for aes_modes:
2026-02-23 21:11:44,559 - ERROR - Undefined symbols for architecture arm64:
  "___memcpy_chk", referenced from:
      _AES_CBC_encrypt in aes_cbc-910a5c.o
  "___stack_chk_fail", referenced from:
      _AES_CBC_encrypt in aes_cbc-910a5c.o
      _AES_CFB_encrypt in aes_cfb-1a3d6f.o
      _AES_CFB_decrypt in aes_cfb-1a3d6f.o
      _AES_OFB_encrypt in aes_ofb-6908e3.o
      _CTR_cipher in aes_ctr-c9b2be.o
      _AES_CTR_encrypt in aes_ctr-c9b2be.o
      _AES_CTR_decrypt in aes_ctr-c9b2be.o
      ...
  "___stack_chk_guard", referenced from:
      _AES_CBC_encrypt in aes_cbc-910a5c.o
      _AES_CBC_encrypt in aes_cbc-910a5c.o
      _AES_CFB_encrypt in aes_cfb-1a3d6f.o
      _AES_CFB_encrypt in aes_cfb-1a3d6f.o
      _AES_CFB_decrypt in aes_cfb-1a3d6f.o
      _AES_CFB_decrypt in aes_cfb-1a3d6f.o
      _AES_OFB_encrypt in aes_ofb-6908e3.o
      _AES_OFB_encrypt in aes_ofb-6908e3.o
      ...
  "_bzero", referenced from:
      _padBlock in aes_core-9eac64.o
      _FF1round in aes_fpe-8909cb.o
      _FF1round in aes_fpe-8909cb.o
  "_free", referenced from:
      _FPE_cipher in aes_fpe-8909cb.o
      _FPE_cipher in aes_fpe-8909cb.o
  "_malloc", referenced from:
      _FPE_cipher in aes_fpe-8909cb.o
  "_memcpy", referenced from:
      _AES_ECB_encrypt in aes_ecb-8b1e57.o
      _AES_ECB_decrypt in aes_ecb-8b1e57.o
      _AES_CBC_encrypt in aes_cbc-910a5c.o
      _AES_CBC_encrypt in aes_cbc-910a5c.o
      _AES_CBC_decrypt in aes_cbc-910a5c.o
      _AES_OFB_encrypt in aes_ofb-6908e3.o
      _CTR_cipher in aes_ctr-c9b2be.o
      ...
ld: symbol(s) not found for architecture arm64
clang: error: linker command failed with exit code 1 (use -v to see invocation)

