2026-02-24 02:24:34,174 - INFO - Successfully built main
2026-02-24 02:24:34,176 - INFO - === Running 1 test suites... ===
2026-02-24 02:24:34,176 - INFO - -> Running script.test.main.system
2026-02-24 02:24:34,176 - INFO - -> Loading D:\a\NextSSL\NextSSL\bin\windows\main.dll
2026-02-24 02:24:34,176 - INFO - [PASS] DLL Loaded
2026-02-24 02:24:34,177 - INFO - [PASS] SHA256 OK
2026-02-24 02:24:34,177 - INFO - [PASS] DHCM OK
2026-02-24 02:24:34,177 - INFO - [PASS] PoW symbols OK
2026-02-24 02:24:34,177 - INFO - [PASS] PQC symbols OK
2026-02-24 02:24:34,177 - INFO - [PASS] AES-CBC OK
2026-02-24 02:24:34,177 - INFO - [PASS] Main unified DLL OK
2026-02-24 02:24:34,178 - INFO - [PASS] ALL TESTS PASSED
2026-02-24 17:50:11,401 - INFO - Successfully built main
2026-02-24 17:50:11,403 - INFO - === Running 1 test suites... ===
2026-02-24 17:50:11,403 - INFO - -> Running script.test.main.system
2026-02-24 17:50:11,403 - INFO - -> Loading D:\a\NextSSL\NextSSL\bin\windows\main.dll
2026-02-24 17:50:11,405 - INFO - [PASS] DLL Loaded
2026-02-24 17:50:11,405 - INFO - [PASS] SHA256 OK
2026-02-24 17:50:11,405 - INFO - [PASS] DHCM OK
2026-02-24 17:50:11,405 - INFO - [PASS] PoW symbols OK
2026-02-24 17:50:11,405 - INFO - [PASS] PQC symbols OK
2026-02-24 17:50:11,405 - INFO - [PASS] AES-CBC OK
2026-02-24 17:50:11,405 - INFO - [PASS] Main unified DLL OK
2026-02-24 17:50:11,405 - INFO - [PASS] ALL TESTS PASSED
