2026-02-23 23:58:55,784 - INFO - Successfully built dhcm
2026-02-23 23:58:55,784 - INFO - === Running 1 test suites... ===
2026-02-23 23:58:55,784 - INFO - -> Running script.test.main.dhcm
2026-02-23 23:58:55,784 - INFO - -> Loading /home/runner/work/NextSSL/NextSSL/bin/linux/main/dhcm.so
2026-02-23 23:58:55,785 - INFO - [PASS] DLL Loaded
2026-02-23 23:58:55,785 - INFO - [PASS] SHA-256 OK
2026-02-23 23:58:55,785 - INFO - [PASS] Argon2id OK
2026-02-23 23:58:55,785 - INFO - [PASS] SHA3-256 OK
2026-02-23 23:58:55,785 - INFO - [PASS] MD5 OK
2026-02-23 23:58:55,785 - INFO - [PASS] MD2 OK
2026-02-23 23:58:55,785 - INFO - [PASS] DHCM Main: 5 passed
2026-02-23 23:58:55,785 - INFO - [PASS] ALL TESTS PASSED
2026-02-24 00:41:14,000 - INFO - Successfully built dhcm
2026-02-24 00:41:14,000 - INFO - === Running 1 test suites... ===
2026-02-24 00:41:14,000 - INFO - -> Running script.test.main.dhcm
2026-02-24 00:41:14,000 - INFO - -> Loading /home/runner/work/NextSSL/NextSSL/bin/linux/main/dhcm.so
2026-02-24 00:41:14,001 - INFO - [PASS] DLL Loaded
2026-02-24 00:41:14,001 - INFO - [PASS] SHA-256 OK
2026-02-24 00:41:14,001 - INFO - [PASS] Argon2id OK
2026-02-24 00:41:14,001 - INFO - [PASS] SHA3-256 OK
2026-02-24 00:41:14,001 - INFO - [PASS] MD5 OK
2026-02-24 00:41:14,001 - INFO - [PASS] MD2 OK
2026-02-24 00:41:14,001 - INFO - [PASS] DHCM Main: 5 passed
2026-02-24 00:41:14,001 - INFO - [PASS] ALL TESTS PASSED
2026-02-24 02:15:19,546 - INFO - Successfully built dhcm
2026-02-24 02:15:19,546 - INFO - === Running 1 test suites... ===
2026-02-24 02:15:19,546 - INFO - -> Running script.test.main.dhcm
2026-02-24 02:15:19,547 - INFO - -> Loading /home/runner/work/NextSSL/NextSSL/bin/linux/main/dhcm.so
2026-02-24 02:15:19,547 - INFO - [PASS] DLL Loaded
2026-02-24 02:15:19,547 - INFO - [PASS] SHA-256 OK
2026-02-24 02:15:19,547 - INFO - [PASS] Argon2id OK
2026-02-24 02:15:19,547 - INFO - [PASS] SHA3-256 OK
2026-02-24 02:15:19,547 - INFO - [PASS] MD5 OK
2026-02-24 02:15:19,547 - INFO - [PASS] MD2 OK
2026-02-24 02:15:19,547 - INFO - [PASS] DHCM Main: 5 passed
2026-02-24 02:15:19,547 - INFO - [PASS] ALL TESTS PASSED
2026-02-24 17:40:12,981 - INFO - Successfully built dhcm
2026-02-24 17:40:12,982 - INFO - === Running 1 test suites... ===
2026-02-24 17:40:12,982 - INFO - -> Running script.test.main.dhcm
2026-02-24 17:40:12,982 - INFO - -> Loading /home/runner/work/NextSSL/NextSSL/bin/linux/main/dhcm.so
2026-02-24 17:40:12,982 - INFO - [PASS] DLL Loaded
2026-02-24 17:40:12,983 - INFO - [PASS] SHA-256 OK
2026-02-24 17:40:12,983 - INFO - [PASS] Argon2id OK
2026-02-24 17:40:12,983 - INFO - [PASS] SHA3-256 OK
2026-02-24 17:40:12,983 - INFO - [PASS] MD5 OK
2026-02-24 17:40:12,983 - INFO - [PASS] MD2 OK
2026-02-24 17:40:12,983 - INFO - [PASS] DHCM Main: 5 passed
2026-02-24 17:40:12,983 - INFO - [PASS] ALL TESTS PASSED
2026-02-24 23:59:51,328 - INFO - Successfully built dhcm
2026-02-24 23:59:51,329 - INFO - === Running 1 test suites... ===
2026-02-24 23:59:51,329 - INFO - -> Running script.test.main.dhcm
2026-02-24 23:59:51,329 - INFO - -> Loading /home/runner/work/NextSSL/NextSSL/bin/linux/main/dhcm.so
2026-02-24 23:59:51,329 - INFO - [PASS] DLL Loaded
2026-02-24 23:59:51,329 - INFO - [PASS] SHA-256 OK
2026-02-24 23:59:51,329 - INFO - [PASS] Argon2id OK
2026-02-24 23:59:51,329 - INFO - [PASS] SHA3-256 OK
2026-02-24 23:59:51,329 - INFO - [PASS] MD5 OK
2026-02-24 23:59:51,329 - INFO - [PASS] MD2 OK
2026-02-24 23:59:51,329 - INFO - [PASS] DHCM Main: 5 passed
2026-02-24 23:59:51,329 - INFO - [PASS] ALL TESTS PASSED
