2026-02-23 23:52:44,193 - INFO - Successfully built pqc_kem_main
2026-02-23 23:52:54,339 - INFO - Successfully built pqc_sign_main
2026-02-23 23:52:54,339 - INFO - [PASS] WASM present: /home/runner/work/NextSSL/NextSSL/bin/web/base/pqc_kem_main.wasm
2026-02-23 23:52:54,339 - INFO - [PASS] WASM present: /home/runner/work/NextSSL/NextSSL/bin/web/base/pqc_sign_main.wasm
2026-02-23 23:52:54,345 - INFO - [PASS] WASM execute ok: /home/runner/work/NextSSL/NextSSL/bin/web/base/pqc_kem_main.wasm
2026-02-23 23:52:54,350 - INFO - [PASS] WASM execute ok: /home/runner/work/NextSSL/NextSSL/bin/web/base/pqc_sign_main.wasm
2026-02-24 00:34:31,515 - INFO - Successfully built pqc_kem_main
2026-02-24 00:34:41,869 - INFO - Successfully built pqc_sign_main
2026-02-24 00:34:41,869 - INFO - [PASS] WASM present: /home/runner/work/NextSSL/NextSSL/bin/web/base/pqc_kem_main.wasm
2026-02-24 00:34:41,869 - INFO - [PASS] WASM present: /home/runner/work/NextSSL/NextSSL/bin/web/base/pqc_sign_main.wasm
2026-02-24 00:34:41,875 - INFO - [PASS] WASM execute ok: /home/runner/work/NextSSL/NextSSL/bin/web/base/pqc_kem_main.wasm
2026-02-24 00:34:41,880 - INFO - [PASS] WASM execute ok: /home/runner/work/NextSSL/NextSSL/bin/web/base/pqc_sign_main.wasm
2026-02-24 01:58:22,466 - INFO - Successfully built pqc_kem_main
2026-02-24 01:58:32,622 - INFO - Successfully built pqc_sign_main
2026-02-24 01:58:32,622 - INFO - [PASS] WASM present: /home/runner/work/NextSSL/NextSSL/bin/web/base/pqc_kem_main.wasm
2026-02-24 01:58:32,623 - INFO - [PASS] WASM present: /home/runner/work/NextSSL/NextSSL/bin/web/base/pqc_sign_main.wasm
2026-02-24 01:58:32,628 - INFO - [PASS] WASM execute ok: /home/runner/work/NextSSL/NextSSL/bin/web/base/pqc_kem_main.wasm
2026-02-24 01:58:32,633 - INFO - [PASS] WASM execute ok: /home/runner/work/NextSSL/NextSSL/bin/web/base/pqc_sign_main.wasm
2026-02-24 02:08:52,185 - INFO - Successfully built pqc_kem_main
2026-02-24 02:09:02,381 - INFO - Successfully built pqc_sign_main
2026-02-24 02:09:02,381 - INFO - [PASS] WASM present: /home/runner/work/NextSSL/NextSSL/bin/web/base/pqc_kem_main.wasm
2026-02-24 02:09:02,382 - INFO - [PASS] WASM present: /home/runner/work/NextSSL/NextSSL/bin/web/base/pqc_sign_main.wasm
2026-02-24 02:09:02,387 - INFO - [PASS] WASM execute ok: /home/runner/work/NextSSL/NextSSL/bin/web/base/pqc_kem_main.wasm
2026-02-24 02:09:02,392 - INFO - [PASS] WASM execute ok: /home/runner/work/NextSSL/NextSSL/bin/web/base/pqc_sign_main.wasm
2026-02-24 02:39:23,479 - INFO - Successfully built pqc_kem_main
2026-02-24 02:39:34,209 - INFO - Successfully built pqc_sign_main
2026-02-24 02:39:34,209 - INFO - [PASS] WASM present: /home/runner/work/NextSSL/NextSSL/bin/web/base/pqc_kem_main.wasm
2026-02-24 02:39:34,209 - INFO - [PASS] WASM present: /home/runner/work/NextSSL/NextSSL/bin/web/base/pqc_sign_main.wasm
2026-02-24 02:39:34,215 - INFO - [PASS] WASM execute ok: /home/runner/work/NextSSL/NextSSL/bin/web/base/pqc_kem_main.wasm
2026-02-24 02:39:34,221 - INFO - [PASS] WASM execute ok: /home/runner/work/NextSSL/NextSSL/bin/web/base/pqc_sign_main.wasm
2026-02-24 17:33:50,265 - INFO - Successfully built pqc_kem_main
2026-02-24 17:34:02,891 - INFO - Successfully built pqc_sign_main
2026-02-24 17:34:02,891 - INFO - [PASS] WASM present: /home/runner/work/NextSSL/NextSSL/bin/web/base/pqc_kem_main.wasm
2026-02-24 17:34:02,892 - INFO - [PASS] WASM present: /home/runner/work/NextSSL/NextSSL/bin/web/base/pqc_sign_main.wasm
2026-02-24 17:34:02,899 - INFO - [PASS] WASM execute ok: /home/runner/work/NextSSL/NextSSL/bin/web/base/pqc_kem_main.wasm
2026-02-24 17:34:02,908 - INFO - [PASS] WASM execute ok: /home/runner/work/NextSSL/NextSSL/bin/web/base/pqc_sign_main.wasm
2026-02-24 23:53:35,987 - INFO - Successfully built pqc_kem_main
2026-02-24 23:53:44,899 - INFO - Successfully built pqc_sign_main
2026-02-24 23:53:44,900 - INFO - [PASS] WASM present: /home/runner/work/NextSSL/NextSSL/bin/web/base/pqc_kem_main.wasm
2026-02-24 23:53:44,900 - INFO - [PASS] WASM present: /home/runner/work/NextSSL/NextSSL/bin/web/base/pqc_sign_main.wasm
2026-02-24 23:53:44,904 - INFO - [PASS] WASM execute ok: /home/runner/work/NextSSL/NextSSL/bin/web/base/pqc_kem_main.wasm
2026-02-24 23:53:44,909 - INFO - [PASS] WASM execute ok: /home/runner/work/NextSSL/NextSSL/bin/web/base/pqc_sign_main.wasm
