2026-02-23 23:58:55,251 - INFO - Successfully built hash
2026-02-23 23:58:55,251 - INFO - === Running 1 test suites... ===
2026-02-23 23:58:55,251 - INFO - -> Running script.test.main.hash
2026-02-23 23:58:55,251 - INFO - [INFO] Loading DLL: /home/runner/work/NextSSL/NextSSL/bin/linux/main/hash.so
2026-02-23 23:58:55,252 - INFO - [PASS] DLL loaded successfully
2026-02-23 23:58:55,252 - INFO - [PASS] SHA-256 (Primitive)
2026-02-23 23:58:55,252 - INFO -        Hash (32 bytes): ba7816bf8f01cfea414140de5dae2223b00361a396177a9cb410ff61f20015ad
2026-02-23 23:58:55,252 - INFO - [PASS] MD5 (Legacy)
2026-02-23 23:58:55,252 - INFO -        Hash (16 bytes): 900150983cd24fb0d6963f7d28e17f72
2026-02-23 23:58:55,252 - INFO - [INFO] Results: 2 passed, 0 failed
2026-02-23 23:58:55,252 - INFO - [PASS] ALL TESTS PASSED
2026-02-24 00:41:13,494 - INFO - Successfully built hash
2026-02-24 00:41:13,494 - INFO - === Running 1 test suites... ===
2026-02-24 00:41:13,494 - INFO - -> Running script.test.main.hash
2026-02-24 00:41:13,494 - INFO - [INFO] Loading DLL: /home/runner/work/NextSSL/NextSSL/bin/linux/main/hash.so
2026-02-24 00:41:13,495 - INFO - [PASS] DLL loaded successfully
2026-02-24 00:41:13,495 - INFO - [PASS] SHA-256 (Primitive)
2026-02-24 00:41:13,495 - INFO -        Hash (32 bytes): ba7816bf8f01cfea414140de5dae2223b00361a396177a9cb410ff61f20015ad
2026-02-24 00:41:13,495 - INFO - [PASS] MD5 (Legacy)
2026-02-24 00:41:13,495 - INFO -        Hash (16 bytes): 900150983cd24fb0d6963f7d28e17f72
2026-02-24 00:41:13,495 - INFO - [INFO] Results: 2 passed, 0 failed
2026-02-24 00:41:13,495 - INFO - [PASS] ALL TESTS PASSED
2026-02-24 02:15:19,013 - INFO - Successfully built hash
2026-02-24 02:15:19,013 - INFO - === Running 1 test suites... ===
2026-02-24 02:15:19,013 - INFO - -> Running script.test.main.hash
2026-02-24 02:15:19,013 - INFO - [INFO] Loading DLL: /home/runner/work/NextSSL/NextSSL/bin/linux/main/hash.so
2026-02-24 02:15:19,014 - INFO - [PASS] DLL loaded successfully
2026-02-24 02:15:19,014 - INFO - [PASS] SHA-256 (Primitive)
2026-02-24 02:15:19,014 - INFO -        Hash (32 bytes): ba7816bf8f01cfea414140de5dae2223b00361a396177a9cb410ff61f20015ad
2026-02-24 02:15:19,014 - INFO - [PASS] MD5 (Legacy)
2026-02-24 02:15:19,014 - INFO -        Hash (16 bytes): 900150983cd24fb0d6963f7d28e17f72
2026-02-24 02:15:19,014 - INFO - [INFO] Results: 2 passed, 0 failed
2026-02-24 02:15:19,014 - INFO - [PASS] ALL TESTS PASSED
2026-02-24 17:40:12,412 - INFO - Successfully built hash
2026-02-24 17:40:12,413 - INFO - === Running 1 test suites... ===
2026-02-24 17:40:12,413 - INFO - -> Running script.test.main.hash
2026-02-24 17:40:12,413 - INFO - [INFO] Loading DLL: /home/runner/work/NextSSL/NextSSL/bin/linux/main/hash.so
2026-02-24 17:40:12,413 - INFO - [PASS] DLL loaded successfully
2026-02-24 17:40:12,413 - INFO - [PASS] SHA-256 (Primitive)
2026-02-24 17:40:12,413 - INFO -        Hash (32 bytes): ba7816bf8f01cfea414140de5dae2223b00361a396177a9cb410ff61f20015ad
2026-02-24 17:40:12,413 - INFO - [PASS] MD5 (Legacy)
2026-02-24 17:40:12,413 - INFO -        Hash (16 bytes): 900150983cd24fb0d6963f7d28e17f72
2026-02-24 17:40:12,413 - INFO - [INFO] Results: 2 passed, 0 failed
2026-02-24 17:40:12,414 - INFO - [PASS] ALL TESTS PASSED
2026-02-24 23:59:50,854 - INFO - Successfully built hash
2026-02-24 23:59:50,854 - INFO - === Running 1 test suites... ===
2026-02-24 23:59:50,854 - INFO - -> Running script.test.main.hash
2026-02-24 23:59:50,855 - INFO - [INFO] Loading DLL: /home/runner/work/NextSSL/NextSSL/bin/linux/main/hash.so
2026-02-24 23:59:50,855 - INFO - [PASS] DLL loaded successfully
2026-02-24 23:59:50,855 - INFO - [PASS] SHA-256 (Primitive)
2026-02-24 23:59:50,855 - INFO -        Hash (32 bytes): ba7816bf8f01cfea414140de5dae2223b00361a396177a9cb410ff61f20015ad
2026-02-24 23:59:50,855 - INFO - [PASS] MD5 (Legacy)
2026-02-24 23:59:50,855 - INFO -        Hash (16 bytes): 900150983cd24fb0d6963f7d28e17f72
2026-02-24 23:59:50,855 - INFO - [INFO] Results: 2 passed, 0 failed
2026-02-24 23:59:50,855 - INFO - [PASS] ALL TESTS PASSED
