2026-02-23 23:52:22,802 - INFO - Successfully built hash_primitive
2026-02-23 23:52:23,866 - INFO - Successfully built hash_legacy
2026-02-23 23:52:23,866 - INFO - [PASS] WASM present: /home/runner/work/NextSSL/NextSSL/bin/web/base/hash_legacy.wasm
2026-02-23 23:52:23,866 - INFO - [PASS] WASM present: /home/runner/work/NextSSL/NextSSL/bin/web/base/hash_primitive.wasm
2026-02-23 23:52:23,872 - INFO - [PASS] WASM execute ok: /home/runner/work/NextSSL/NextSSL/bin/web/base/hash_legacy.wasm
2026-02-23 23:52:23,877 - INFO - [PASS] WASM execute ok: /home/runner/work/NextSSL/NextSSL/bin/web/base/hash_primitive.wasm
2026-02-24 00:34:09,681 - INFO - Successfully built hash_primitive
2026-02-24 00:34:10,750 - INFO - Successfully built hash_legacy
2026-02-24 00:34:10,750 - INFO - [PASS] WASM present: /home/runner/work/NextSSL/NextSSL/bin/web/base/hash_legacy.wasm
2026-02-24 00:34:10,750 - INFO - [PASS] WASM present: /home/runner/work/NextSSL/NextSSL/bin/web/base/hash_primitive.wasm
2026-02-24 00:34:10,756 - INFO - [PASS] WASM execute ok: /home/runner/work/NextSSL/NextSSL/bin/web/base/hash_legacy.wasm
2026-02-24 00:34:10,761 - INFO - [PASS] WASM execute ok: /home/runner/work/NextSSL/NextSSL/bin/web/base/hash_primitive.wasm
2026-02-24 01:58:01,476 - INFO - Successfully built hash_primitive
2026-02-24 01:58:02,516 - INFO - Successfully built hash_legacy
2026-02-24 01:58:02,516 - INFO - [PASS] WASM present: /home/runner/work/NextSSL/NextSSL/bin/web/base/hash_legacy.wasm
2026-02-24 01:58:02,516 - INFO - [PASS] WASM present: /home/runner/work/NextSSL/NextSSL/bin/web/base/hash_primitive.wasm
2026-02-24 01:58:02,522 - INFO - [PASS] WASM execute ok: /home/runner/work/NextSSL/NextSSL/bin/web/base/hash_legacy.wasm
2026-02-24 01:58:02,527 - INFO - [PASS] WASM execute ok: /home/runner/work/NextSSL/NextSSL/bin/web/base/hash_primitive.wasm
2026-02-24 02:08:31,001 - INFO - Successfully built hash_primitive
2026-02-24 02:08:32,053 - INFO - Successfully built hash_legacy
2026-02-24 02:08:32,054 - INFO - [PASS] WASM present: /home/runner/work/NextSSL/NextSSL/bin/web/base/hash_legacy.wasm
2026-02-24 02:08:32,054 - INFO - [PASS] WASM present: /home/runner/work/NextSSL/NextSSL/bin/web/base/hash_primitive.wasm
2026-02-24 02:08:32,059 - INFO - [PASS] WASM execute ok: /home/runner/work/NextSSL/NextSSL/bin/web/base/hash_legacy.wasm
2026-02-24 02:08:32,064 - INFO - [PASS] WASM execute ok: /home/runner/work/NextSSL/NextSSL/bin/web/base/hash_primitive.wasm
2026-02-24 02:39:01,248 - INFO - Successfully built hash_primitive
2026-02-24 02:39:02,344 - INFO - Successfully built hash_legacy
2026-02-24 02:39:02,345 - INFO - [PASS] WASM present: /home/runner/work/NextSSL/NextSSL/bin/web/base/hash_legacy.wasm
2026-02-24 02:39:02,345 - INFO - [PASS] WASM present: /home/runner/work/NextSSL/NextSSL/bin/web/base/hash_primitive.wasm
2026-02-24 02:39:02,351 - INFO - [PASS] WASM execute ok: /home/runner/work/NextSSL/NextSSL/bin/web/base/hash_legacy.wasm
2026-02-24 02:39:02,356 - INFO - [PASS] WASM execute ok: /home/runner/work/NextSSL/NextSSL/bin/web/base/hash_primitive.wasm
2026-02-24 17:33:22,780 - INFO - Successfully built hash_primitive
2026-02-24 17:33:24,117 - INFO - Successfully built hash_legacy
2026-02-24 17:33:24,118 - INFO - [PASS] WASM present: /home/runner/work/NextSSL/NextSSL/bin/web/base/hash_legacy.wasm
2026-02-24 17:33:24,118 - INFO - [PASS] WASM present: /home/runner/work/NextSSL/NextSSL/bin/web/base/hash_primitive.wasm
2026-02-24 17:33:24,126 - INFO - [PASS] WASM execute ok: /home/runner/work/NextSSL/NextSSL/bin/web/base/hash_legacy.wasm
2026-02-24 17:33:24,133 - INFO - [PASS] WASM execute ok: /home/runner/work/NextSSL/NextSSL/bin/web/base/hash_primitive.wasm
