2026-02-23 23:56:27,469 - INFO - Successfully built hash
2026-02-23 23:56:27,470 - INFO - === Running 1 test suites... ===
2026-02-23 23:56:27,470 - INFO - -> Running script.test.main.hash
2026-02-23 23:56:27,470 - INFO - [INFO] Loading DLL: /Users/runner/work/NextSSL/NextSSL/bin/mac/main/hash.dylib
2026-02-23 23:56:27,471 - INFO - [PASS] DLL loaded successfully
2026-02-23 23:56:27,471 - INFO - [PASS] SHA-256 (Primitive)
2026-02-23 23:56:27,471 - INFO -        Hash (32 bytes): ba7816bf8f01cfea414140de5dae2223b00361a396177a9cb410ff61f20015ad
2026-02-23 23:56:27,471 - INFO - [PASS] MD5 (Legacy)
2026-02-23 23:56:27,471 - INFO -        Hash (16 bytes): 900150983cd24fb0d6963f7d28e17f72
2026-02-23 23:56:27,471 - INFO - [INFO] Results: 2 passed, 0 failed
2026-02-23 23:56:27,471 - INFO - [PASS] ALL TESTS PASSED
2026-02-24 00:37:59,625 - INFO - Successfully built hash
2026-02-24 00:37:59,628 - INFO - === Running 1 test suites... ===
2026-02-24 00:37:59,628 - INFO - -> Running script.test.main.hash
2026-02-24 00:37:59,628 - INFO - [INFO] Loading DLL: /Users/runner/work/NextSSL/NextSSL/bin/mac/main/hash.dylib
2026-02-24 00:37:59,631 - INFO - [PASS] DLL loaded successfully
2026-02-24 00:37:59,632 - INFO - [PASS] SHA-256 (Primitive)
2026-02-24 00:37:59,633 - INFO -        Hash (32 bytes): ba7816bf8f01cfea414140de5dae2223b00361a396177a9cb410ff61f20015ad
2026-02-24 00:37:59,633 - INFO - [PASS] MD5 (Legacy)
2026-02-24 00:37:59,633 - INFO -        Hash (16 bytes): 900150983cd24fb0d6963f7d28e17f72
2026-02-24 00:37:59,633 - INFO - [INFO] Results: 2 passed, 0 failed
2026-02-24 00:37:59,633 - INFO - [PASS] ALL TESTS PASSED
2026-02-24 02:11:48,378 - INFO - Successfully built hash
2026-02-24 02:11:48,378 - INFO - === Running 1 test suites... ===
2026-02-24 02:11:48,378 - INFO - -> Running script.test.main.hash
2026-02-24 02:11:48,378 - INFO - [INFO] Loading DLL: /Users/runner/work/NextSSL/NextSSL/bin/mac/main/hash.dylib
2026-02-24 02:11:48,379 - INFO - [PASS] DLL loaded successfully
2026-02-24 02:11:48,379 - INFO - [PASS] SHA-256 (Primitive)
2026-02-24 02:11:48,379 - INFO -        Hash (32 bytes): ba7816bf8f01cfea414140de5dae2223b00361a396177a9cb410ff61f20015ad
2026-02-24 02:11:48,379 - INFO - [PASS] MD5 (Legacy)
2026-02-24 02:11:48,379 - INFO -        Hash (16 bytes): 900150983cd24fb0d6963f7d28e17f72
2026-02-24 02:11:48,379 - INFO - [INFO] Results: 2 passed, 0 failed
2026-02-24 02:11:48,379 - INFO - [PASS] ALL TESTS PASSED
2026-02-24 17:35:58,129 - INFO - Successfully built hash
2026-02-24 17:35:58,130 - INFO - === Running 1 test suites... ===
2026-02-24 17:35:58,130 - INFO - -> Running script.test.main.hash
2026-02-24 17:35:58,130 - INFO - [INFO] Loading DLL: /Users/runner/work/NextSSL/NextSSL/bin/mac/main/hash.dylib
2026-02-24 17:35:58,131 - INFO - [PASS] DLL loaded successfully
2026-02-24 17:35:58,131 - INFO - [PASS] SHA-256 (Primitive)
2026-02-24 17:35:58,131 - INFO -        Hash (32 bytes): ba7816bf8f01cfea414140de5dae2223b00361a396177a9cb410ff61f20015ad
2026-02-24 17:35:58,131 - INFO - [PASS] MD5 (Legacy)
2026-02-24 17:35:58,131 - INFO -        Hash (16 bytes): 900150983cd24fb0d6963f7d28e17f72
2026-02-24 17:35:58,131 - INFO - [INFO] Results: 2 passed, 0 failed
2026-02-24 17:35:58,131 - INFO - [PASS] ALL TESTS PASSED
