2026-02-23 23:57:34,396 - INFO - Successfully built hash_primitive
2026-02-23 23:57:35,638 - INFO - Successfully built hash_legacy
2026-02-23 23:57:35,638 - INFO - === Running 2 test suites... ===
2026-02-23 23:57:35,638 - INFO - -> Running script.test.base.hash_primitive_main
2026-02-23 23:57:35,638 - INFO - [INFO] Loading DLL: /home/runner/work/NextSSL/NextSSL/bin/linux/base/hash_primitive.so
2026-02-23 23:57:35,638 - INFO - [PASS] DLL loaded successfully
2026-02-23 23:57:35,638 - INFO - [PASS] All key symbols present.
2026-02-23 23:57:35,639 - INFO - [PASS] SHA-256 (Fast category)
2026-02-23 23:57:35,639 - INFO -        Hash (32 bytes): ba7816bf8f01cfea414140de5dae2223b00361a396177a9cb410ff61f20015ad
2026-02-23 23:57:35,639 - INFO - [PASS] SHA3-256 (Sponge category)
2026-02-23 23:57:35,639 - INFO -        Hash (32 bytes): 3a985da74fe225b2045c172d6bd390bd855f086e3e9d525b46bfe24511431532
2026-02-23 23:57:35,639 - INFO - [INFO] Results: 2 passed, 0 failed
2026-02-23 23:57:35,639 - INFO - -> Running script.test.base.hash_legacy_main
2026-02-23 23:57:35,639 - INFO - [INFO] Loading DLL: /home/runner/work/NextSSL/NextSSL/bin/linux/base/hash_legacy.so
2026-02-23 23:57:35,639 - INFO - [PASS] DLL loaded successfully
2026-02-23 23:57:35,639 - INFO - [PASS] MD5 (Alive category)
2026-02-23 23:57:35,639 - INFO -        Hash (16 bytes): 900150983cd24fb0d6963f7d28e17f72
2026-02-23 23:57:35,639 - INFO - [PASS] MD2 (Unsafe category)
2026-02-23 23:57:35,639 - INFO -        Hash (16 bytes): da853b0d3f88d99b30283a69e6ded6bb
2026-02-23 23:57:35,639 - INFO - [INFO] Results: 2 passed, 0 failed
2026-02-23 23:57:35,639 - INFO - [PASS] ALL TESTS PASSED
2026-02-24 00:39:52,433 - INFO - Successfully built hash_primitive
2026-02-24 00:39:53,723 - INFO - Successfully built hash_legacy
2026-02-24 00:39:53,724 - INFO - === Running 2 test suites... ===
2026-02-24 00:39:53,724 - INFO - -> Running script.test.base.hash_primitive_main
2026-02-24 00:39:53,724 - INFO - [INFO] Loading DLL: /home/runner/work/NextSSL/NextSSL/bin/linux/base/hash_primitive.so
2026-02-24 00:39:53,724 - INFO - [PASS] DLL loaded successfully
2026-02-24 00:39:53,724 - INFO - [PASS] All key symbols present.
2026-02-24 00:39:53,724 - INFO - [PASS] SHA-256 (Fast category)
2026-02-24 00:39:53,725 - INFO -        Hash (32 bytes): ba7816bf8f01cfea414140de5dae2223b00361a396177a9cb410ff61f20015ad
2026-02-24 00:39:53,725 - INFO - [PASS] SHA3-256 (Sponge category)
2026-02-24 00:39:53,725 - INFO -        Hash (32 bytes): 3a985da74fe225b2045c172d6bd390bd855f086e3e9d525b46bfe24511431532
2026-02-24 00:39:53,725 - INFO - [INFO] Results: 2 passed, 0 failed
2026-02-24 00:39:53,725 - INFO - -> Running script.test.base.hash_legacy_main
2026-02-24 00:39:53,725 - INFO - [INFO] Loading DLL: /home/runner/work/NextSSL/NextSSL/bin/linux/base/hash_legacy.so
2026-02-24 00:39:53,725 - INFO - [PASS] DLL loaded successfully
2026-02-24 00:39:53,725 - INFO - [PASS] MD5 (Alive category)
2026-02-24 00:39:53,725 - INFO -        Hash (16 bytes): 900150983cd24fb0d6963f7d28e17f72
2026-02-24 00:39:53,725 - INFO - [PASS] MD2 (Unsafe category)
2026-02-24 00:39:53,725 - INFO -        Hash (16 bytes): da853b0d3f88d99b30283a69e6ded6bb
2026-02-24 00:39:53,725 - INFO - [INFO] Results: 2 passed, 0 failed
2026-02-24 00:39:53,725 - INFO - [PASS] ALL TESTS PASSED
2026-02-24 02:13:57,063 - INFO - Successfully built hash_primitive
2026-02-24 02:13:58,328 - INFO - Successfully built hash_legacy
2026-02-24 02:13:58,328 - INFO - === Running 2 test suites... ===
2026-02-24 02:13:58,328 - INFO - -> Running script.test.base.hash_primitive_main
2026-02-24 02:13:58,328 - INFO - [INFO] Loading DLL: /home/runner/work/NextSSL/NextSSL/bin/linux/base/hash_primitive.so
2026-02-24 02:13:58,329 - INFO - [PASS] DLL loaded successfully
2026-02-24 02:13:58,329 - INFO - [PASS] All key symbols present.
2026-02-24 02:13:58,329 - INFO - [PASS] SHA-256 (Fast category)
2026-02-24 02:13:58,329 - INFO -        Hash (32 bytes): ba7816bf8f01cfea414140de5dae2223b00361a396177a9cb410ff61f20015ad
2026-02-24 02:13:58,329 - INFO - [PASS] SHA3-256 (Sponge category)
2026-02-24 02:13:58,329 - INFO -        Hash (32 bytes): 3a985da74fe225b2045c172d6bd390bd855f086e3e9d525b46bfe24511431532
2026-02-24 02:13:58,329 - INFO - [INFO] Results: 2 passed, 0 failed
2026-02-24 02:13:58,329 - INFO - -> Running script.test.base.hash_legacy_main
2026-02-24 02:13:58,329 - INFO - [INFO] Loading DLL: /home/runner/work/NextSSL/NextSSL/bin/linux/base/hash_legacy.so
2026-02-24 02:13:58,330 - INFO - [PASS] DLL loaded successfully
2026-02-24 02:13:58,330 - INFO - [PASS] MD5 (Alive category)
2026-02-24 02:13:58,330 - INFO -        Hash (16 bytes): 900150983cd24fb0d6963f7d28e17f72
2026-02-24 02:13:58,330 - INFO - [PASS] MD2 (Unsafe category)
2026-02-24 02:13:58,330 - INFO -        Hash (16 bytes): da853b0d3f88d99b30283a69e6ded6bb
2026-02-24 02:13:58,330 - INFO - [INFO] Results: 2 passed, 0 failed
2026-02-24 02:13:58,330 - INFO - [PASS] ALL TESTS PASSED
2026-02-24 17:38:39,284 - INFO - Successfully built hash_primitive
2026-02-24 17:38:40,507 - INFO - Successfully built hash_legacy
2026-02-24 17:38:40,508 - INFO - === Running 2 test suites... ===
2026-02-24 17:38:40,508 - INFO - -> Running script.test.base.hash_primitive_main
2026-02-24 17:38:40,508 - INFO - [INFO] Loading DLL: /home/runner/work/NextSSL/NextSSL/bin/linux/base/hash_primitive.so
2026-02-24 17:38:40,508 - INFO - [PASS] DLL loaded successfully
2026-02-24 17:38:40,508 - INFO - [PASS] All key symbols present.
2026-02-24 17:38:40,508 - INFO - [PASS] SHA-256 (Fast category)
2026-02-24 17:38:40,508 - INFO -        Hash (32 bytes): ba7816bf8f01cfea414140de5dae2223b00361a396177a9cb410ff61f20015ad
2026-02-24 17:38:40,508 - INFO - [PASS] SHA3-256 (Sponge category)
2026-02-24 17:38:40,508 - INFO -        Hash (32 bytes): 3a985da74fe225b2045c172d6bd390bd855f086e3e9d525b46bfe24511431532
2026-02-24 17:38:40,508 - INFO - [INFO] Results: 2 passed, 0 failed
2026-02-24 17:38:40,508 - INFO - -> Running script.test.base.hash_legacy_main
2026-02-24 17:38:40,509 - INFO - [INFO] Loading DLL: /home/runner/work/NextSSL/NextSSL/bin/linux/base/hash_legacy.so
2026-02-24 17:38:40,509 - INFO - [PASS] DLL loaded successfully
2026-02-24 17:38:40,509 - INFO - [PASS] MD5 (Alive category)
2026-02-24 17:38:40,509 - INFO -        Hash (16 bytes): 900150983cd24fb0d6963f7d28e17f72
2026-02-24 17:38:40,509 - INFO - [PASS] MD2 (Unsafe category)
2026-02-24 17:38:40,509 - INFO -        Hash (16 bytes): da853b0d3f88d99b30283a69e6ded6bb
2026-02-24 17:38:40,509 - INFO - [INFO] Results: 2 passed, 0 failed
2026-02-24 17:38:40,509 - INFO - [PASS] ALL TESTS PASSED
