2026-02-23 23:52:24,378 - INFO - Successfully built dhcm_primitive
2026-02-23 23:52:24,791 - INFO - Successfully built dhcm_legacy
2026-02-23 23:52:24,792 - INFO - [PASS] WASM present: /home/runner/work/NextSSL/NextSSL/bin/web/base/dhcm_legacy.wasm
2026-02-23 23:52:24,792 - INFO - [PASS] WASM present: /home/runner/work/NextSSL/NextSSL/bin/web/base/dhcm_primitive.wasm
2026-02-23 23:52:24,799 - INFO - [PASS] WASM execute ok: /home/runner/work/NextSSL/NextSSL/bin/web/base/dhcm_legacy.wasm
2026-02-23 23:52:24,804 - INFO - [PASS] WASM execute ok: /home/runner/work/NextSSL/NextSSL/bin/web/base/dhcm_primitive.wasm
2026-02-24 00:34:11,267 - INFO - Successfully built dhcm_primitive
2026-02-24 00:34:11,695 - INFO - Successfully built dhcm_legacy
2026-02-24 00:34:11,696 - INFO - [PASS] WASM present: /home/runner/work/NextSSL/NextSSL/bin/web/base/dhcm_legacy.wasm
2026-02-24 00:34:11,696 - INFO - [PASS] WASM present: /home/runner/work/NextSSL/NextSSL/bin/web/base/dhcm_primitive.wasm
2026-02-24 00:34:11,703 - INFO - [PASS] WASM execute ok: /home/runner/work/NextSSL/NextSSL/bin/web/base/dhcm_legacy.wasm
2026-02-24 00:34:11,709 - INFO - [PASS] WASM execute ok: /home/runner/work/NextSSL/NextSSL/bin/web/base/dhcm_primitive.wasm
2026-02-24 01:58:03,026 - INFO - Successfully built dhcm_primitive
2026-02-24 01:58:03,434 - INFO - Successfully built dhcm_legacy
2026-02-24 01:58:03,435 - INFO - [PASS] WASM present: /home/runner/work/NextSSL/NextSSL/bin/web/base/dhcm_legacy.wasm
2026-02-24 01:58:03,435 - INFO - [PASS] WASM present: /home/runner/work/NextSSL/NextSSL/bin/web/base/dhcm_primitive.wasm
2026-02-24 01:58:03,442 - INFO - [PASS] WASM execute ok: /home/runner/work/NextSSL/NextSSL/bin/web/base/dhcm_legacy.wasm
2026-02-24 01:58:03,447 - INFO - [PASS] WASM execute ok: /home/runner/work/NextSSL/NextSSL/bin/web/base/dhcm_primitive.wasm
2026-02-24 02:08:32,557 - INFO - Successfully built dhcm_primitive
2026-02-24 02:08:32,973 - INFO - Successfully built dhcm_legacy
2026-02-24 02:08:32,974 - INFO - [PASS] WASM present: /home/runner/work/NextSSL/NextSSL/bin/web/base/dhcm_legacy.wasm
2026-02-24 02:08:32,974 - INFO - [PASS] WASM present: /home/runner/work/NextSSL/NextSSL/bin/web/base/dhcm_primitive.wasm
2026-02-24 02:08:32,981 - INFO - [PASS] WASM execute ok: /home/runner/work/NextSSL/NextSSL/bin/web/base/dhcm_legacy.wasm
2026-02-24 02:08:32,986 - INFO - [PASS] WASM execute ok: /home/runner/work/NextSSL/NextSSL/bin/web/base/dhcm_primitive.wasm
2026-02-24 02:39:02,887 - INFO - Successfully built dhcm_primitive
2026-02-24 02:39:03,333 - INFO - Successfully built dhcm_legacy
2026-02-24 02:39:03,334 - INFO - [PASS] WASM present: /home/runner/work/NextSSL/NextSSL/bin/web/base/dhcm_legacy.wasm
2026-02-24 02:39:03,334 - INFO - [PASS] WASM present: /home/runner/work/NextSSL/NextSSL/bin/web/base/dhcm_primitive.wasm
2026-02-24 02:39:03,342 - INFO - [PASS] WASM execute ok: /home/runner/work/NextSSL/NextSSL/bin/web/base/dhcm_legacy.wasm
2026-02-24 02:39:03,347 - INFO - [PASS] WASM execute ok: /home/runner/work/NextSSL/NextSSL/bin/web/base/dhcm_primitive.wasm
2026-02-24 17:33:24,821 - INFO - Successfully built dhcm_primitive
2026-02-24 17:33:25,422 - INFO - Successfully built dhcm_legacy
2026-02-24 17:33:25,423 - INFO - [PASS] WASM present: /home/runner/work/NextSSL/NextSSL/bin/web/base/dhcm_legacy.wasm
2026-02-24 17:33:25,423 - INFO - [PASS] WASM present: /home/runner/work/NextSSL/NextSSL/bin/web/base/dhcm_primitive.wasm
2026-02-24 17:33:25,432 - INFO - [PASS] WASM execute ok: /home/runner/work/NextSSL/NextSSL/bin/web/base/dhcm_legacy.wasm
2026-02-24 17:33:25,440 - INFO - [PASS] WASM execute ok: /home/runner/work/NextSSL/NextSSL/bin/web/base/dhcm_primitive.wasm
