2026-02-23 21:14:27,853 - ERROR - Compilation failed for sign_hash_based:
2026-02-23 21:14:27,853 - ERROR - Undefined symbols for architecture arm64:
  "___chkstk_darwin", referenced from:
      _PQCLEAN_SPHINCSSHA2128FSIMPLE_CLEAN_treehashx1 in utilsx1-25d952.o
      _PQCLEAN_SPHINCSSHA2128FSIMPLE_CLEAN_mgf1_256 in hash_sha2-9760a4.o
      _PQCLEAN_SPHINCSSHA2128FSIMPLE_CLEAN_mgf1_512 in hash_sha2-9760a4.o
      _PQCLEAN_SPHINCSSHA2128FSIMPLE_CLEAN_thash in thash_sha2_simple-32cc2a.o
      _PQCLEAN_SPHINCSSHA2128FSIMPLE_CLEAN_treehash in utils-3a5c34.o
      _PQCLEAN_SPHINCSSHA2128FSIMPLE_CLEAN_treehash in utils-3a5c34.o
      _PQCLEAN_SPHINCSSHA2128SSIMPLE_CLEAN_treehashx1 in utilsx1-61bfbb.o
      ...
  "___memcpy_chk", referenced from:
      _PQCLEAN_SPHINCSSHA2128FSIMPLE_CLEAN_gen_message_random in hash_sha2-9760a4.o
      _PQCLEAN_SPHINCSSHA2128FSIMPLE_CLEAN_hash_message in hash_sha2-9760a4.o
      _PQCLEAN_SPHINCSSHA2128SSIMPLE_CLEAN_gen_message_random in hash_sha2-cd6162.o
      _PQCLEAN_SPHINCSSHA2128SSIMPLE_CLEAN_hash_message in hash_sha2-cd6162.o
      _PQCLEAN_SPHINCSSHA2192FSIMPLE_CLEAN_gen_message_random in hash_sha2-ac744f.o
      _PQCLEAN_SPHINCSSHA2192FSIMPLE_CLEAN_hash_message in hash_sha2-ac744f.o
      _PQCLEAN_SPHINCSSHA2192SSIMPLE_CLEAN_gen_message_random in hash_sha2-559737.o
      ...
  "___stack_chk_fail", referenced from:
      _PQCLEAN_SPHINCSSHA2128FSIMPLE_CLEAN_fors_sign in fors-883d2d.o
      _PQCLEAN_SPHINCSSHA2128FSIMPLE_CLEAN_fors_pk_from_sig in fors-883d2d.o
      _PQCLEAN_SPHINCSSHA2128FSIMPLE_CLEAN_treehashx1 in utilsx1-25d952.o
      _PQCLEAN_SPHINCSSHA2128FSIMPLE_CLEAN_wots_pk_from_sig in wots-6ea28c.o
      _PQCLEAN_SPHINCSSHA2128FSIMPLE_CLEAN_wots_gen_leafx1 in wotsx1-59d584.o
      _PQCLEAN_SPHINCSSHA2128FSIMPLE_CLEAN_mgf1_256 in hash_sha2-9760a4.o
      _PQCLEAN_SPHINCSSHA2128FSIMPLE_CLEAN_mgf1_512 in hash_sha2-9760a4.o
      ...
  "___stack_chk_guard", referenced from:
      _PQCLEAN_SPHINCSSHA2128FSIMPLE_CLEAN_fors_sign in fors-883d2d.o
      _PQCLEAN_SPHINCSSHA2128FSIMPLE_CLEAN_fors_sign in fors-883d2d.o
      _PQCLEAN_SPHINCSSHA2128FSIMPLE_CLEAN_fors_pk_from_sig in fors-883d2d.o
      _PQCLEAN_SPHINCSSHA2128FSIMPLE_CLEAN_fors_pk_from_sig in fors-883d2d.o
      _PQCLEAN_SPHINCSSHA2128FSIMPLE_CLEAN_treehashx1 in utilsx1-25d952.o
      _PQCLEAN_SPHINCSSHA2128FSIMPLE_CLEAN_treehashx1 in utilsx1-25d952.o
      _PQCLEAN_SPHINCSSHA2128FSIMPLE_CLEAN_wots_pk_from_sig in wots-6ea28c.o
      _PQCLEAN_SPHINCSSHA2128FSIMPLE_CLEAN_wots_pk_from_sig in wots-6ea28c.o
      ...
  "_arc4random_buf", referenced from:
      _PQCLEAN_randombytes in randombytes-5d412e.o
  "_bzero", referenced from:
      _PQCLEAN_SPHINCSSHA2128FSIMPLE_CLEAN_crypto_sign_open in sign-3496a3.o
      _PQCLEAN_SPHINCSSHA2128SSIMPLE_CLEAN_crypto_sign_open in sign-e413dd.o
      _PQCLEAN_SPHINCSSHA2192FSIMPLE_CLEAN_crypto_sign_open in sign-cbe86c.o
      _PQCLEAN_SPHINCSSHA2192SSIMPLE_CLEAN_crypto_sign_open in sign-ffccfb.o
      _PQCLEAN_SPHINCSSHA2256FSIMPLE_CLEAN_crypto_sign_open in sign-3bf146.o
      _PQCLEAN_SPHINCSSHA2256SSIMPLE_CLEAN_crypto_sign_open in sign-e29b53.o
      _PQCLEAN_SPHINCSSHAKE128FSIMPLE_CLEAN_crypto_sign_open in sign-b9f300.o
      ...
  "_calloc", referenced from:
      _shake128_inc_init in fips202-ceeac4.o
      _shake256_inc_init in fips202-ceeac4.o
      _shake128_absorb in fips202-ceeac4.o
      _shake256_absorb in fips202-ceeac4.o
      _sha3_256_inc_init in fips202-ceeac4.o
      _sha3_384_inc_init in fips202-ceeac4.o
      _sha3_512_inc_init in fips202-ceeac4.o
      ...
  "_exit", referenced from:
      _aes128_ecb_keyexp in aes-1dde5e.o
      _aes128_ctr_keyexp in aes-1dde5e.o
      _aes192_ecb_keyexp in aes-1dde5e.o
      _aes192_ctr_keyexp in aes-1dde5e.o
      _aes256_ecb_keyexp in aes-1dde5e.o
      _aes256_ctr_keyexp in aes-1dde5e.o
      _sha224_inc_init in sha2-d7410e.o
      ...
  "_free", referenced from:
      _aes128_ctx_release in aes-1dde5e.o
      _aes192_ctx_release in aes-1dde5e.o
      _aes256_ctx_release in aes-1dde5e.o
      _sha224_inc_ctx_release in sha2-d7410e.o
      _sha256_inc_ctx_release in sha2-d7410e.o
      _sha384_inc_ctx_release in sha2-d7410e.o
      _sha512_inc_ctx_release in sha2-d7410e.o
      ...
  "_malloc", referenced from:
      _aes128_ecb_keyexp in aes-1dde5e.o
      _aes128_ctr_keyexp in aes-1dde5e.o
      _aes192_ecb_keyexp in aes-1dde5e.o
      _aes192_ctr_keyexp in aes-1dde5e.o
      _aes256_ecb_keyexp in aes-1dde5e.o
      _aes256_ctr_keyexp in aes-1dde5e.o
      _sha224_inc_init in sha2-d7410e.o
      ...
  "_memcpy", referenced from:
      _PQCLEAN_SPHINCSSHA2128FSIMPLE_CLEAN_mgf1_256 in hash_sha2-9760a4.o
      _PQCLEAN_SPHINCSSHA2128FSIMPLE_CLEAN_mgf1_256 in hash_sha2-9760a4.o
      _PQCLEAN_SPHINCSSHA2128FSIMPLE_CLEAN_mgf1_512 in hash_sha2-9760a4.o
      _PQCLEAN_SPHINCSSHA2128FSIMPLE_CLEAN_mgf1_512 in hash_sha2-9760a4.o
      _PQCLEAN_SPHINCSSHA2128FSIMPLE_CLEAN_thash in thash_sha2_simple-32cc2a.o
      _PQCLEAN_SPHINCSSHA2128SSIMPLE_CLEAN_mgf1_256 in hash_sha2-cd6162.o
      _PQCLEAN_SPHINCSSHA2128SSIMPLE_CLEAN_mgf1_256 in hash_sha2-cd6162.o
      ...
  "_memmove", referenced from:
      _PQCLEAN_SPHINCSSHA2128FSIMPLE_CLEAN_crypto_sign in sign-3496a3.o
      _PQCLEAN_SPHINCSSHA2128FSIMPLE_CLEAN_crypto_sign_open in sign-3496a3.o
      _PQCLEAN_SPHINCSSHA2128SSIMPLE_CLEAN_crypto_sign in sign-e413dd.o
      _PQCLEAN_SPHINCSSHA2128SSIMPLE_CLEAN_crypto_sign_open in sign-e413dd.o
      _PQCLEAN_SPHINCSSHA2192FSIMPLE_CLEAN_crypto_sign in sign-cbe86c.o
      _PQCLEAN_SPHINCSSHA2192FSIMPLE_CLEAN_crypto_sign_open in sign-cbe86c.o
      _PQCLEAN_SPHINCSSHA2192SSIMPLE_CLEAN_crypto_sign in sign-ffccfb.o
      ...
  "_strlen", referenced from:
      _hkdf_expand_label in hkdf-4a9f1f.o
ld: symbol(s) not found for architecture arm64
clang: error: linker command failed with exit code 1 (use -v to see invocation)

