2026-02-23 21:11:32,429 - ERROR - Compilation failed for pqc_sign_main:
2026-02-23 21:11:32,429 - ERROR - Undefined symbols for architecture arm64:
  "___chkstk_darwin", referenced from:
      _PQCLEAN_MLDSA44_CLEAN_crypto_sign_keypair in sign-a09ff2.o
      _PQCLEAN_MLDSA44_CLEAN_crypto_sign_signature_ctx in sign-a09ff2.o
      _PQCLEAN_MLDSA44_CLEAN_crypto_sign_verify_ctx in sign-a09ff2.o
      _PQCLEAN_MLDSA65_CLEAN_crypto_sign_keypair in sign-e3bdf3.o
      _PQCLEAN_MLDSA65_CLEAN_crypto_sign_signature_ctx in sign-e3bdf3.o
      _PQCLEAN_MLDSA65_CLEAN_crypto_sign_verify_ctx in sign-e3bdf3.o
      _PQCLEAN_MLDSA87_CLEAN_crypto_sign_keypair in sign-294c1e.o
      ...
  "___memcpy_chk", referenced from:
      _PQCLEAN_SPHINCSSHA2128FSIMPLE_CLEAN_gen_message_random in hash_sha2-190412.o
      _PQCLEAN_SPHINCSSHA2128FSIMPLE_CLEAN_hash_message in hash_sha2-190412.o
      _PQCLEAN_SPHINCSSHA2128SSIMPLE_CLEAN_gen_message_random in hash_sha2-763f8f.o
      _PQCLEAN_SPHINCSSHA2128SSIMPLE_CLEAN_hash_message in hash_sha2-763f8f.o
      _PQCLEAN_SPHINCSSHA2192FSIMPLE_CLEAN_gen_message_random in hash_sha2-7a2342.o
      _PQCLEAN_SPHINCSSHA2192FSIMPLE_CLEAN_hash_message in hash_sha2-7a2342.o
      _PQCLEAN_SPHINCSSHA2192SSIMPLE_CLEAN_gen_message_random in hash_sha2-5131fe.o
      ...
  "___stack_chk_fail", referenced from:
      _PQCLEAN_MLDSA44_CLEAN_poly_uniform in poly-edcd30.o
      _PQCLEAN_MLDSA44_CLEAN_poly_uniform_eta in poly-edcd30.o
      _PQCLEAN_MLDSA44_CLEAN_poly_uniform_gamma1 in poly-edcd30.o
      _PQCLEAN_MLDSA44_CLEAN_poly_challenge in poly-edcd30.o
      _PQCLEAN_MLDSA44_CLEAN_crypto_sign_keypair in sign-a09ff2.o
      _PQCLEAN_MLDSA44_CLEAN_crypto_sign_signature_ctx in sign-a09ff2.o
      _PQCLEAN_MLDSA44_CLEAN_crypto_sign_verify_ctx in sign-a09ff2.o
      ...
  "___stack_chk_guard", referenced from:
      _PQCLEAN_MLDSA44_CLEAN_poly_uniform in poly-edcd30.o
      _PQCLEAN_MLDSA44_CLEAN_poly_uniform in poly-edcd30.o
      _PQCLEAN_MLDSA44_CLEAN_poly_uniform_eta in poly-edcd30.o
      _PQCLEAN_MLDSA44_CLEAN_poly_uniform_eta in poly-edcd30.o
      _PQCLEAN_MLDSA44_CLEAN_poly_uniform_gamma1 in poly-edcd30.o
      _PQCLEAN_MLDSA44_CLEAN_poly_uniform_gamma1 in poly-edcd30.o
      _PQCLEAN_MLDSA44_CLEAN_poly_challenge in poly-edcd30.o
      _PQCLEAN_MLDSA44_CLEAN_poly_challenge in poly-edcd30.o
      ...
  "_arc4random_buf", referenced from:
      _PQCLEAN_randombytes in randombytes-c2f1c9.o
  "_bzero", referenced from:
      _PQCLEAN_MLDSA44_CLEAN_poly_challenge in poly-edcd30.o
      _PQCLEAN_MLDSA44_CLEAN_crypto_sign_open_ctx in sign-a09ff2.o
      _PQCLEAN_MLDSA44_CLEAN_crypto_sign_open in sign-a09ff2.o
      _PQCLEAN_MLDSA44_CLEAN_unpack_sig in packing-9f4ec1.o
      _PQCLEAN_MLDSA44_CLEAN_unpack_sig in packing-9f4ec1.o
      _PQCLEAN_MLDSA44_CLEAN_unpack_sig in packing-9f4ec1.o
      _PQCLEAN_MLDSA44_CLEAN_unpack_sig in packing-9f4ec1.o
      ...
  "_calloc", referenced from:
      _shake128_inc_init in fips202-c5dc65.o
      _shake256_inc_init in fips202-c5dc65.o
      _shake128_absorb in fips202-c5dc65.o
      _shake256_absorb in fips202-c5dc65.o
      _sha3_256_inc_init in fips202-c5dc65.o
      _sha3_384_inc_init in fips202-c5dc65.o
      _sha3_512_inc_init in fips202-c5dc65.o
      ...
  "_exit", referenced from:
      _aes128_ecb_keyexp in aes-d19b39.o
      _aes128_ctr_keyexp in aes-d19b39.o
      _aes192_ecb_keyexp in aes-d19b39.o
      _aes192_ctr_keyexp in aes-d19b39.o
      _aes256_ecb_keyexp in aes-d19b39.o
      _aes256_ctr_keyexp in aes-d19b39.o
      _sha224_inc_init in sha2-87608a.o
      ...
  "_free", referenced from:
      _aes128_ctx_release in aes-d19b39.o
      _aes192_ctx_release in aes-d19b39.o
      _aes256_ctx_release in aes-d19b39.o
      _sha224_inc_ctx_release in sha2-87608a.o
      _sha256_inc_ctx_release in sha2-87608a.o
      _sha384_inc_ctx_release in sha2-87608a.o
      _sha512_inc_ctx_release in sha2-87608a.o
      ...
  "_malloc", referenced from:
      _aes128_ecb_keyexp in aes-d19b39.o
      _aes128_ctr_keyexp in aes-d19b39.o
      _aes192_ecb_keyexp in aes-d19b39.o
      _aes192_ctr_keyexp in aes-d19b39.o
      _aes256_ecb_keyexp in aes-d19b39.o
      _aes256_ctr_keyexp in aes-d19b39.o
      _sha224_inc_init in sha2-87608a.o
      ...
  "_memcpy", referenced from:
      _PQCLEAN_MLDSA44_CLEAN_crypto_sign_keypair in sign-a09ff2.o
      _PQCLEAN_MLDSA44_CLEAN_crypto_sign_signature_ctx in sign-a09ff2.o
      _PQCLEAN_MLDSA65_CLEAN_crypto_sign_keypair in sign-e3bdf3.o
      _PQCLEAN_MLDSA65_CLEAN_crypto_sign_signature_ctx in sign-e3bdf3.o
      _PQCLEAN_MLDSA87_CLEAN_crypto_sign_keypair in sign-294c1e.o
      _PQCLEAN_MLDSA87_CLEAN_crypto_sign_signature_ctx in sign-294c1e.o
      _solve_NTRU in keygen-3e5677.o
      _solve_NTRU in keygen-3e5677.o
      _solve_NTRU in keygen-3e5677.o
      _solve_NTRU in keygen-3e5677.o
      ...
  "_memmove", referenced from:
      _solve_NTRU in keygen-3e5677.o
      _solve_NTRU in keygen-3e5677.o
      _solve_NTRU in keygen-3e5677.o
      _solve_NTRU in keygen-3e5677.o
      _solve_NTRU in keygen-3e5677.o
      _solve_NTRU in keygen-3e5677.o
      _solve_NTRU in keygen-3e5677.o
      _solve_NTRU in keygen-3e5677.o
      _solve_NTRU in keygen-3e5677.o
      _solve_NTRU in keygen-3e5677.o
      _solve_NTRU in keygen-3e5677.o
      ...
  "_strlen", referenced from:
      _hkdf_expand_label in hkdf-0c5c41.o
ld: symbol(s) not found for architecture arm64
clang: error: linker command failed with exit code 1 (use -v to see invocation)

