2026-02-23 21:11:55,079 - ERROR - Compilation failed for stream_aead:
2026-02-23 21:11:55,079 - ERROR - Undefined symbols for architecture arm64:
  "___stack_chk_fail", referenced from:
      _ChaCha20_Poly1305_encrypt in chacha20_poly1305-48f871.o
      _ChaCha20_Poly1305_decrypt in chacha20_poly1305-48f871.o
      _crypto_aead_write in monocypher-c15621.o
      _chacha20_xor_stream in monocypher-c15621.o
      _crypto_aead_read in monocypher-c15621.o
  "___stack_chk_guard", referenced from:
      _ChaCha20_Poly1305_encrypt in chacha20_poly1305-48f871.o
      _ChaCha20_Poly1305_encrypt in chacha20_poly1305-48f871.o
      _ChaCha20_Poly1305_decrypt in chacha20_poly1305-48f871.o
      _ChaCha20_Poly1305_decrypt in chacha20_poly1305-48f871.o
      _crypto_aead_write in monocypher-c15621.o
      _crypto_aead_write in monocypher-c15621.o
      _chacha20_xor_stream in monocypher-c15621.o
      _chacha20_xor_stream in monocypher-c15621.o
      ...
  "_bzero", referenced from:
      _ChaCha20_Poly1305_decrypt in chacha20_poly1305-48f871.o
      _poly_final in monocypher-c15621.o
  "_memcpy", referenced from:
      _poly_update in monocypher-c15621.o
      _poly_update in monocypher-c15621.o
      _poly_update in monocypher-c15621.o
ld: symbol(s) not found for architecture arm64
clang: error: linker command failed with exit code 1 (use -v to see invocation)

