2026-02-23 23:55:32,296 - INFO - Successfully built dhcm_primitive
2026-02-23 23:55:32,547 - INFO - Successfully built dhcm_legacy
2026-02-23 23:55:32,547 - INFO - === Running 2 test suites... ===
2026-02-23 23:55:32,547 - INFO - -> Running script.test.base.dhcm_primitive_main
2026-02-23 23:55:32,547 - INFO - -> Loading /Users/runner/work/NextSSL/NextSSL/bin/mac/base/dhcm_primitive.dylib
2026-02-23 23:55:32,548 - INFO - [PASS] DLL Loaded
2026-02-23 23:55:32,548 - INFO - [PASS] SHA-256 OK
2026-02-23 23:55:32,548 - INFO - [PASS] Argon2id OK
2026-02-23 23:55:32,548 - INFO - [PASS] SHA3-256 OK
2026-02-23 23:55:32,548 - INFO - [PASS] DHCM Base Primitive: 3 passed
2026-02-23 23:55:32,548 - INFO - -> Running script.test.base.dhcm_legacy_main
2026-02-23 23:55:32,548 - INFO - -> Loading /Users/runner/work/NextSSL/NextSSL/bin/mac/base/dhcm_legacy.dylib
2026-02-23 23:55:32,549 - INFO - [PASS] DLL Loaded
2026-02-23 23:55:32,549 - INFO - [PASS] MD5 OK
2026-02-23 23:55:32,549 - INFO - [PASS] MD2 OK
2026-02-23 23:55:32,549 - INFO - [PASS] DHCM Base Legacy: 2 passed
2026-02-23 23:55:32,549 - INFO - [PASS] ALL TESTS PASSED
2026-02-24 00:36:56,481 - INFO - Successfully built dhcm_primitive
2026-02-24 00:36:56,732 - INFO - Successfully built dhcm_legacy
2026-02-24 00:36:56,733 - INFO - === Running 2 test suites... ===
2026-02-24 00:36:56,733 - INFO - -> Running script.test.base.dhcm_primitive_main
2026-02-24 00:36:56,733 - INFO - -> Loading /Users/runner/work/NextSSL/NextSSL/bin/mac/base/dhcm_primitive.dylib
2026-02-24 00:36:56,733 - INFO - [PASS] DLL Loaded
2026-02-24 00:36:56,734 - INFO - [PASS] SHA-256 OK
2026-02-24 00:36:56,734 - INFO - [PASS] Argon2id OK
2026-02-24 00:36:56,734 - INFO - [PASS] SHA3-256 OK
2026-02-24 00:36:56,734 - INFO - [PASS] DHCM Base Primitive: 3 passed
2026-02-24 00:36:56,734 - INFO - -> Running script.test.base.dhcm_legacy_main
2026-02-24 00:36:56,734 - INFO - -> Loading /Users/runner/work/NextSSL/NextSSL/bin/mac/base/dhcm_legacy.dylib
2026-02-24 00:36:56,734 - INFO - [PASS] DLL Loaded
2026-02-24 00:36:56,734 - INFO - [PASS] MD5 OK
2026-02-24 00:36:56,734 - INFO - [PASS] MD2 OK
2026-02-24 00:36:56,734 - INFO - [PASS] DHCM Base Legacy: 2 passed
2026-02-24 00:36:56,734 - INFO - [PASS] ALL TESTS PASSED
2026-02-24 02:00:50,694 - INFO - Successfully built dhcm_primitive
2026-02-24 02:00:51,087 - INFO - Successfully built dhcm_legacy
2026-02-24 02:00:51,089 - INFO - === Running 2 test suites... ===
2026-02-24 02:00:51,090 - INFO - -> Running script.test.base.dhcm_primitive_main
2026-02-24 02:00:51,090 - INFO - -> Loading /Users/runner/work/NextSSL/NextSSL/bin/mac/base/dhcm_primitive.dylib
2026-02-24 02:00:51,091 - INFO - [PASS] DLL Loaded
2026-02-24 02:00:51,091 - INFO - [PASS] SHA-256 OK
2026-02-24 02:00:51,092 - INFO - [PASS] Argon2id OK
2026-02-24 02:00:51,092 - INFO - [PASS] SHA3-256 OK
2026-02-24 02:00:51,092 - INFO - [PASS] DHCM Base Primitive: 3 passed
2026-02-24 02:00:51,092 - INFO - -> Running script.test.base.dhcm_legacy_main
2026-02-24 02:00:51,092 - INFO - -> Loading /Users/runner/work/NextSSL/NextSSL/bin/mac/base/dhcm_legacy.dylib
2026-02-24 02:00:51,093 - INFO - [PASS] DLL Loaded
2026-02-24 02:00:51,093 - INFO - [PASS] MD5 OK
2026-02-24 02:00:51,096 - INFO - [PASS] MD2 OK
2026-02-24 02:00:51,096 - INFO - [PASS] DHCM Base Legacy: 2 passed
2026-02-24 02:00:51,096 - INFO - [PASS] ALL TESTS PASSED
2026-02-24 02:10:48,128 - INFO - Successfully built dhcm_primitive
2026-02-24 02:10:48,399 - INFO - Successfully built dhcm_legacy
2026-02-24 02:10:48,400 - INFO - === Running 2 test suites... ===
2026-02-24 02:10:48,400 - INFO - -> Running script.test.base.dhcm_primitive_main
2026-02-24 02:10:48,400 - INFO - -> Loading /Users/runner/work/NextSSL/NextSSL/bin/mac/base/dhcm_primitive.dylib
2026-02-24 02:10:48,400 - INFO - [PASS] DLL Loaded
2026-02-24 02:10:48,401 - INFO - [PASS] SHA-256 OK
2026-02-24 02:10:48,401 - INFO - [PASS] Argon2id OK
2026-02-24 02:10:48,401 - INFO - [PASS] SHA3-256 OK
2026-02-24 02:10:48,401 - INFO - [PASS] DHCM Base Primitive: 3 passed
2026-02-24 02:10:48,401 - INFO - -> Running script.test.base.dhcm_legacy_main
2026-02-24 02:10:48,401 - INFO - -> Loading /Users/runner/work/NextSSL/NextSSL/bin/mac/base/dhcm_legacy.dylib
2026-02-24 02:10:48,404 - INFO - [PASS] DLL Loaded
2026-02-24 02:10:48,404 - INFO - [PASS] MD5 OK
2026-02-24 02:10:48,404 - INFO - [PASS] MD2 OK
2026-02-24 02:10:48,404 - INFO - [PASS] DHCM Base Legacy: 2 passed
2026-02-24 02:10:48,404 - INFO - [PASS] ALL TESTS PASSED
