2026-02-23 23:13:50,023 - INFO - Successfully built primitive_fast
2026-02-23 23:13:50,595 - INFO - Successfully built primitive_memory_hard
2026-02-23 23:13:51,067 - INFO - Successfully built primitive_sponge_xof
2026-02-23 23:13:51,730 - INFO - Successfully built legacy_alive
2026-02-23 23:13:52,387 - INFO - Successfully built legacy_unsafe
2026-02-23 23:13:52,387 - INFO - [PASS] WASM present: /home/runner/work/NextSSL/NextSSL/bin/web/partial/hash/legacy_alive.wasm
2026-02-23 23:13:52,388 - INFO - [PASS] WASM present: /home/runner/work/NextSSL/NextSSL/bin/web/partial/hash/legacy_unsafe.wasm
2026-02-23 23:13:52,388 - INFO - [PASS] WASM present: /home/runner/work/NextSSL/NextSSL/bin/web/partial/hash/primitive_fast.wasm
2026-02-23 23:13:52,388 - INFO - [PASS] WASM present: /home/runner/work/NextSSL/NextSSL/bin/web/partial/hash/primitive_memory_hard.wasm
2026-02-23 23:13:52,388 - INFO - [PASS] WASM present: /home/runner/work/NextSSL/NextSSL/bin/web/partial/hash/primitive_sponge_xof.wasm
2026-02-23 23:13:52,395 - INFO - [PASS] WASM execute ok: /home/runner/work/NextSSL/NextSSL/bin/web/partial/hash/legacy_alive.wasm
2026-02-23 23:13:52,402 - INFO - [PASS] WASM execute ok: /home/runner/work/NextSSL/NextSSL/bin/web/partial/hash/legacy_unsafe.wasm
2026-02-23 23:13:52,407 - INFO - [PASS] WASM execute ok: /home/runner/work/NextSSL/NextSSL/bin/web/partial/hash/primitive_fast.wasm
2026-02-23 23:13:52,413 - INFO - [PASS] WASM execute ok: /home/runner/work/NextSSL/NextSSL/bin/web/partial/hash/primitive_memory_hard.wasm
2026-02-23 23:13:52,418 - INFO - [PASS] WASM execute ok: /home/runner/work/NextSSL/NextSSL/bin/web/partial/hash/primitive_sponge_xof.wasm
2026-02-23 23:20:41,109 - INFO - Successfully built primitive_fast
2026-02-23 23:20:41,612 - INFO - Successfully built primitive_memory_hard
2026-02-23 23:20:42,016 - INFO - Successfully built primitive_sponge_xof
2026-02-23 23:20:42,909 - INFO - Successfully built legacy_alive
2026-02-23 23:20:43,481 - INFO - Successfully built legacy_unsafe
2026-02-23 23:20:43,482 - INFO - [PASS] WASM present: /home/runner/work/NextSSL/NextSSL/bin/web/partial/hash/legacy_alive.wasm
2026-02-23 23:20:43,482 - INFO - [PASS] WASM present: /home/runner/work/NextSSL/NextSSL/bin/web/partial/hash/legacy_unsafe.wasm
2026-02-23 23:20:43,482 - INFO - [PASS] WASM present: /home/runner/work/NextSSL/NextSSL/bin/web/partial/hash/primitive_fast.wasm
2026-02-23 23:20:43,482 - INFO - [PASS] WASM present: /home/runner/work/NextSSL/NextSSL/bin/web/partial/hash/primitive_memory_hard.wasm
2026-02-23 23:20:43,482 - INFO - [PASS] WASM present: /home/runner/work/NextSSL/NextSSL/bin/web/partial/hash/primitive_sponge_xof.wasm
2026-02-23 23:20:43,488 - INFO - [PASS] WASM execute ok: /home/runner/work/NextSSL/NextSSL/bin/web/partial/hash/legacy_alive.wasm
2026-02-23 23:20:43,493 - INFO - [PASS] WASM execute ok: /home/runner/work/NextSSL/NextSSL/bin/web/partial/hash/legacy_unsafe.wasm
2026-02-23 23:20:43,497 - INFO - [PASS] WASM execute ok: /home/runner/work/NextSSL/NextSSL/bin/web/partial/hash/primitive_fast.wasm
2026-02-23 23:20:43,501 - INFO - [PASS] WASM execute ok: /home/runner/work/NextSSL/NextSSL/bin/web/partial/hash/primitive_memory_hard.wasm
2026-02-23 23:20:43,505 - INFO - [PASS] WASM execute ok: /home/runner/work/NextSSL/NextSSL/bin/web/partial/hash/primitive_sponge_xof.wasm
