2026-02-23 21:11:34,224 - ERROR - Compilation failed for aes_aead:
2026-02-23 21:11:34,225 - ERROR - Undefined symbols for architecture arm64:
  "___memcpy_chk", referenced from:
      _AES_Poly1305 in aes_poly1305-f639df.o
  "___stack_chk_fail", referenced from:
      _CTR_cipher in aes_ctr-efecf2.o
      _AES_CTR_encrypt in aes_ctr-efecf2.o
      _AES_CTR_decrypt in aes_ctr-efecf2.o
      _AES_GCM_encrypt in aes_gcm-3e31be.o
      _AES_GCM_decrypt in aes_gcm-3e31be.o
      _AES_CCM_encrypt in aes_ccm-d8ca29.o
      _CCMtag in aes_ccm-d8ca29.o
      ...
  "___stack_chk_guard", referenced from:
      _CTR_cipher in aes_ctr-efecf2.o
      _CTR_cipher in aes_ctr-efecf2.o
      _AES_CTR_encrypt in aes_ctr-efecf2.o
      _AES_CTR_encrypt in aes_ctr-efecf2.o
      _AES_CTR_decrypt in aes_ctr-efecf2.o
      _AES_CTR_decrypt in aes_ctr-efecf2.o
      _AES_GCM_encrypt in aes_gcm-3e31be.o
      _AES_GCM_encrypt in aes_gcm-3e31be.o
      ...
  "_bzero", referenced from:
      _padBlock in aes_core-130dae.o
      _AES_CCM_decrypt in aes_ccm-d8ca29.o
      _AES_OCB_decrypt in aes_ocb-d13da4.o
      _AES_SIV_decrypt in aes_siv-2f3365.o
      _GCM_SIV_decrypt in aes_gcm_siv-0b207b.o
  "_memcpy", referenced from:
      _CTR_cipher in aes_ctr-efecf2.o
      _CCMtag in aes_ccm-d8ca29.o
      _AES_OCB_encrypt in aes_ocb-d13da4.o
      _AES_OCB_decrypt in aes_ocb-d13da4.o
ld: symbol(s) not found for architecture arm64
clang: error: linker command failed with exit code 1 (use -v to see invocation)

