2026-02-23 23:57:28,116 - INFO - Successfully built main
2026-02-23 23:57:28,119 - INFO - === Running 1 test suites... ===
2026-02-23 23:57:28,119 - INFO - -> Running script.test.main.system
2026-02-23 23:57:28,119 - INFO - -> Loading /Users/runner/work/NextSSL/NextSSL/bin/mac/main.dylib
2026-02-23 23:57:28,120 - INFO - [PASS] DLL Loaded
2026-02-23 23:57:28,121 - INFO - [PASS] SHA256 OK
2026-02-23 23:57:28,121 - INFO - [PASS] DHCM OK
2026-02-23 23:57:28,121 - INFO - [PASS] PoW symbols OK
2026-02-23 23:57:28,121 - INFO - [PASS] PQC symbols OK
2026-02-23 23:57:28,121 - INFO - [PASS] AES-CBC OK
2026-02-23 23:57:28,121 - INFO - [PASS] Main unified DLL OK
2026-02-23 23:57:28,121 - INFO - [PASS] ALL TESTS PASSED
2026-02-24 00:39:29,765 - INFO - Successfully built main
2026-02-24 00:39:29,778 - INFO - === Running 1 test suites... ===
2026-02-24 00:39:29,779 - INFO - -> Running script.test.main.system
2026-02-24 00:39:29,779 - INFO - -> Loading /Users/runner/work/NextSSL/NextSSL/bin/mac/main.dylib
2026-02-24 00:39:29,780 - INFO - [PASS] DLL Loaded
2026-02-24 00:39:29,780 - INFO - [PASS] SHA256 OK
2026-02-24 00:39:29,781 - INFO - [PASS] DHCM OK
2026-02-24 00:39:29,781 - INFO - [PASS] PoW symbols OK
2026-02-24 00:39:29,781 - INFO - [PASS] PQC symbols OK
2026-02-24 00:39:29,781 - INFO - [PASS] AES-CBC OK
2026-02-24 00:39:29,781 - INFO - [PASS] Main unified DLL OK
2026-02-24 00:39:29,781 - INFO - [PASS] ALL TESTS PASSED
