2026-02-23 23:58:51,361 - INFO - Successfully built core
2026-02-23 23:58:51,361 - INFO - === Running 1 test suites... ===
2026-02-23 23:58:51,361 - INFO - -> Running script.test.main.core
2026-02-23 23:58:51,362 - INFO - -> Loading /home/runner/work/NextSSL/NextSSL/bin/linux/main/core.so
2026-02-23 23:58:51,362 - INFO - [PASS] DLL Loaded
2026-02-23 23:58:51,362 - INFO - -> Verifying AES-CBC
2026-02-23 23:58:51,362 - INFO - [PASS] AES-CBC OK
2026-02-23 23:58:51,362 - INFO - -> Verifying AES-GCM
2026-02-23 23:58:51,362 - INFO - [PASS] AES-GCM OK
2026-02-23 23:58:51,362 - INFO - -> Verifying ChaCha20-Poly1305
2026-02-23 23:58:51,362 - INFO - -> Verifying HMAC-SHA256
2026-02-23 23:58:51,362 - INFO - -> Verifying Ed25519
2026-02-23 23:58:51,363 - INFO - [PASS] Ed25519 OK
2026-02-23 23:58:51,363 - INFO - [PASS] Core Main: 5 passed
2026-02-23 23:58:51,363 - INFO - [PASS] ALL TESTS PASSED
2026-02-24 00:41:09,681 - INFO - Successfully built core
2026-02-24 00:41:09,682 - INFO - === Running 1 test suites... ===
2026-02-24 00:41:09,682 - INFO - -> Running script.test.main.core
2026-02-24 00:41:09,682 - INFO - -> Loading /home/runner/work/NextSSL/NextSSL/bin/linux/main/core.so
2026-02-24 00:41:09,682 - INFO - [PASS] DLL Loaded
2026-02-24 00:41:09,682 - INFO - -> Verifying AES-CBC
2026-02-24 00:41:09,682 - INFO - [PASS] AES-CBC OK
2026-02-24 00:41:09,683 - INFO - -> Verifying AES-GCM
2026-02-24 00:41:09,683 - INFO - [PASS] AES-GCM OK
2026-02-24 00:41:09,683 - INFO - -> Verifying ChaCha20-Poly1305
2026-02-24 00:41:09,683 - INFO - -> Verifying HMAC-SHA256
2026-02-24 00:41:09,683 - INFO - -> Verifying Ed25519
2026-02-24 00:41:09,683 - INFO - [PASS] Ed25519 OK
2026-02-24 00:41:09,683 - INFO - [PASS] Core Main: 5 passed
2026-02-24 00:41:09,683 - INFO - [PASS] ALL TESTS PASSED
