2026-03-01 03:39:09,157 - INFO - Successfully built aes_modes
2026-03-01 03:39:09,599 - INFO - Successfully built aes_aead
2026-03-01 03:39:09,791 - INFO - Successfully built stream_aead
2026-03-01 03:39:10,956 - INFO - Successfully built macs
2026-03-01 03:39:12,882 - INFO - Successfully built ecc
2026-03-01 03:39:12,883 - INFO - === Running 5 test suites... ===
2026-03-01 03:39:12,883 - INFO - -> Running script.test.partial.core.aes_modes
2026-03-01 03:39:12,883 - INFO - -> Loading /home/runner/work/NextSSL/NextSSL/bin/linux/partial/core/aes_modes.so
2026-03-01 03:39:12,883 - INFO - [PASS] DLL Loaded
2026-03-01 03:39:12,883 - INFO - -> Testing AES-CBC
2026-03-01 03:39:12,883 - INFO - [PASS] AES-CBC Encrypt KAT
2026-03-01 03:39:12,884 - INFO - [INFO] AES-CBC.key: 2b7e151628aed2a6abf7158809cf4f3c
2026-03-01 03:39:12,884 - INFO - [INFO] AES-CBC.iv: 000102030405060708090a0b0c0d0e0f
2026-03-01 03:39:12,884 - INFO - [INFO] AES-CBC.pt: 6bc1bee22e409f96e93d7e117393172a
2026-03-01 03:39:12,884 - INFO - [INFO] AES-CBC.ct: 7649abac8119b246cee98e9b12e9197d
2026-03-01 03:39:12,884 - INFO - [PASS] AES-CBC Decrypt Roundtrip
2026-03-01 03:39:12,884 - INFO - -> Testing AES-XTS
2026-03-01 03:39:12,884 - INFO - [PASS] AES-XTS Roundtrip
2026-03-01 03:39:12,884 - INFO - [INFO] AES-XTS.key: 0000000000000000000000000000000000000000000000000000000000000000
2026-03-01 03:39:12,884 - INFO - [INFO] AES-XTS.iv: 00000000000000000000000000000000
2026-03-01 03:39:12,884 - INFO - [INFO] AES-XTS.pt: 0000000000000000000000000000000000000000000000000000000000000000
2026-03-01 03:39:12,884 - INFO - [INFO] AES-XTS.ct: 917cf69ebd68b2ec9b9fe9a3eadda692cd43d2f59598ed858c02c2652fbf922e
2026-03-01 03:39:12,884 - INFO - [PASS] AES Modes: 3 passed
2026-03-01 03:39:12,884 - INFO - -> Running script.test.partial.core.aes_aead
2026-03-01 03:39:12,885 - INFO - -> Loading /home/runner/work/NextSSL/NextSSL/bin/linux/partial/core/aes_aead.so
2026-03-01 03:39:12,885 - INFO - [PASS] DLL Loaded
2026-03-01 03:39:12,885 - INFO - -> Testing AES-GCM
2026-03-01 03:39:12,885 - INFO - [PASS] AES-GCM Encrypt KAT
2026-03-01 03:39:12,885 - INFO - [INFO] AES-GCM.key: 00000000000000000000000000000000
2026-03-01 03:39:12,885 - INFO - [INFO] AES-GCM.iv: 000000000000000000000000
2026-03-01 03:39:12,885 - INFO - [INFO] AES-GCM.ct: 58e2fccefa7e3061367f1d57a4e7455a
2026-03-01 03:39:12,885 - INFO - [INFO] AES-GCM.tag: 58e2fccefa7e3061367f1d57a4e7455a
2026-03-01 03:39:12,885 - INFO - [PASS] AES-GCM Decrypt (Valid)
2026-03-01 03:39:12,885 - INFO - [PASS] AES-GCM Decrypt (Tampered) correctly rejected
2026-03-01 03:39:12,885 - INFO - [PASS] AES AEAD: 3 passed
2026-03-01 03:39:12,885 - INFO - -> Running script.test.partial.core.stream_aead
2026-03-01 03:39:12,886 - INFO - -> Loading /home/runner/work/NextSSL/NextSSL/bin/linux/partial/core/stream_aead.so
2026-03-01 03:39:12,886 - INFO - [PASS] DLL Loaded
2026-03-01 03:39:12,886 - INFO - -> Testing ChaCha20-Poly1305
2026-03-01 03:39:12,886 - INFO - [PASS] ChaCha20-Poly1305 Encrypt KAT
2026-03-01 03:39:12,886 - INFO - [INFO] ChaCha20-Poly1305.key: 808182838485868788898a8b8c8d8e8f909192939495969798999a9b9c9d9e9f
2026-03-01 03:39:12,886 - INFO - [INFO] ChaCha20-Poly1305.iv: 070000004041424344454647
2026-03-01 03:39:12,886 - INFO - [INFO] ChaCha20-Poly1305.pt: 4c616469657320616e642047656e746c656d656e206f662074686520636c617373206f66202739393a204966204920636f756c64206f6666657220796f75206f6e6c79206f6e652074697020666f7220746865206675747572652c2073756e73637265656e20776f756c642062652069742e
2026-03-01 03:39:12,886 - INFO - [INFO] ChaCha20-Poly1305.ct: d31a8d34648e60db7b86afbc53ef7ec2a4aded51296e08fea9e2b5a736ee62d63dbea45e8ca9671282fafb69da92728b1a71de0a9e060b2905d6a5b67ecd3b3692ddbd7f2d778b8c9803aee328091b58fab324e4fad675945585808b4831d7bc3ff4def08e4b7a9de576d26586cec64b61161ae10b594f09e26a7e902ecbd0600691
2026-03-01 03:39:12,886 - INFO - [PASS] ChaCha20-Poly1305 Decrypt Roundtrip
2026-03-01 03:39:12,886 - INFO - [PASS] Stream AEAD: 2 passed
2026-03-01 03:39:12,886 - INFO - -> Running script.test.partial.core.macs
2026-03-01 03:39:12,886 - INFO - -> Loading /home/runner/work/NextSSL/NextSSL/bin/linux/partial/core/macs.so
2026-03-01 03:39:12,887 - INFO - [PASS] DLL Loaded
2026-03-01 03:39:12,887 - INFO - -> Testing AES-CMAC
2026-03-01 03:39:12,887 - INFO - [PASS] AES-CMAC KAT
2026-03-01 03:39:12,887 - INFO - [INFO] AES-CMAC.key: 2b7e151628aed2a6abf7158809cf4f3c
2026-03-01 03:39:12,887 - INFO - [INFO] AES-CMAC.msg: 6bc1bee22e409f96e93d7e117393172a
2026-03-01 03:39:12,887 - INFO - [INFO] AES-CMAC.mac: 070a16b46b4d4144f79bdd9dd04a287c
2026-03-01 03:39:12,887 - INFO - -> Testing HMAC-SHA256
2026-03-01 03:39:12,887 - INFO - [PASS] HMAC-SHA256 KAT
2026-03-01 03:39:12,887 - INFO - [INFO] HMAC-SHA256.key: 0b0b0b0b0b0b0b0b0b0b0b0b0b0b0b0b0b0b0b0b
2026-03-01 03:39:12,887 - INFO - [INFO] HMAC-SHA256.msg: 4869205468657265
2026-03-01 03:39:12,887 - INFO - [INFO] HMAC-SHA256.mac: b0344c61d8db38535ca8afceaf0bf12b881dc200c9833da726e9376c2e32cff7
2026-03-01 03:39:12,887 - INFO - -> Testing SipHash
2026-03-01 03:39:12,887 - INFO - [PASS] SipHash KAT
2026-03-01 03:39:12,887 - INFO - [INFO] SipHash.key: 000102030405060708090a0b0c0d0e0f
2026-03-01 03:39:12,887 - INFO - [INFO] SipHash.msg: 000102030405060708090a0b0c0d0e
2026-03-01 03:39:12,888 - INFO - [INFO] SipHash.mac: e545be4961ca29a1
2026-03-01 03:39:12,888 - INFO - [PASS] MACs: 3 passed
2026-03-01 03:39:12,888 - INFO - -> Running script.test.partial.core.ecc
2026-03-01 03:39:12,888 - INFO - -> Loading /home/runner/work/NextSSL/NextSSL/bin/linux/partial/core/ecc.so
2026-03-01 03:39:12,888 - INFO - [PASS] DLL Loaded
2026-03-01 03:39:12,888 - INFO - -> Testing Ed25519
2026-03-01 03:39:12,888 - INFO - [PASS] Ed25519 Keypair Gen KAT
2026-03-01 03:39:12,888 - INFO - [PASS] Ed25519 Sign KAT
2026-03-01 03:39:12,888 - INFO - [INFO] Ed25519.key: d75a980182b10ab7d54bfed3c964073a0ee172f3daa62325af021a68f707511a
2026-03-01 03:39:12,888 - INFO - [INFO] Ed25519.sig: e5564300c360ac729086e2cc806e828a84877f1eb8e5d974d873e065224901555fb8821590a33bacc61e39701cf9b46bd25bf5f0595bbe24655141438e7a100b
2026-03-01 03:39:12,888 - INFO - [PASS] Ed25519 Verify
2026-03-01 03:39:12,889 - INFO - -> Testing X25519
2026-03-01 03:39:12,889 - INFO - [PASS] X25519 KAT
2026-03-01 03:39:12,889 - INFO - [INFO] X25519.key: 77076d0a7318a57d3c16c17251b26645df4c2f87ebc0992ab177fba51db92c2a
2026-03-01 03:39:12,889 - INFO - [INFO] X25519.msg: de9edb7d7b7dc1b4d35b61c2ece435373f8343c85b78674dadfc7e146f882b4f
2026-03-01 03:39:12,889 - INFO - [INFO] X25519.sig: 4a5d9d5ba4ce2de1728e3bf480350f25e07e21c947d19e3376f09b3c1e161742
2026-03-01 03:39:12,889 - INFO - [PASS] ECC: 4 passed
2026-03-01 03:39:12,889 - INFO - [PASS] ALL TESTS PASSED
