2026-03-01 03:39:19,889 - INFO - Successfully built primitive_fast
2026-03-01 03:39:20,042 - INFO - Successfully built primitive_memory_hard
2026-03-01 03:39:20,224 - INFO - Successfully built primitive_sponge_xof
2026-03-01 03:39:20,401 - INFO - Successfully built legacy_alive
2026-03-01 03:39:20,604 - INFO - Successfully built legacy_unsafe
2026-03-01 03:39:20,605 - INFO - === Running 5 test suites... ===
2026-03-01 03:39:20,605 - INFO - -> Running script.test.partial.dhcm.primitive_fast
2026-03-01 03:39:20,605 - INFO - -> Loading /home/runner/work/NextSSL/NextSSL/bin/linux/partial/dhcm/primitive_fast.so
2026-03-01 03:39:20,605 - INFO - [PASS] DLL Loaded
2026-03-01 03:39:20,605 - INFO - -> Testing SHA-256 Cost
2026-03-01 03:39:20,605 - INFO - [PASS] SHA-256 Cost (64B)
2026-03-01 03:39:20,605 - INFO - [INFO] SHA-256.algo: SHA-256
2026-03-01 03:39:20,605 - INFO - [INFO] SHA-256.wu_per_eval: 2000
2026-03-01 03:39:20,606 - INFO - [INFO] SHA-256.mu_per_eval: 1
2026-03-01 03:39:20,606 - INFO - [INFO] SHA-256.expected_trials: 1.0
2026-03-01 03:39:20,606 - INFO - [INFO] SHA-256.total_wu: 2000
2026-03-01 03:39:20,606 - INFO - -> Testing Target-Based Difficulty (20 bits)
2026-03-01 03:39:20,606 - INFO - [PASS] Target Difficulty (20 bits)
2026-03-01 03:39:20,606 - INFO - [INFO] TargetDiff.algo: SHA-256
2026-03-01 03:39:20,606 - INFO - [INFO] TargetDiff.wu_per_eval: 2000
2026-03-01 03:39:20,606 - INFO - [INFO] TargetDiff.mu_per_eval: 1
2026-03-01 03:39:20,606 - INFO - [INFO] TargetDiff.expected_trials: 1048576.0
2026-03-01 03:39:20,606 - INFO - [INFO] TargetDiff.total_wu: 2097152000
2026-03-01 03:39:20,606 - INFO - [PASS] DHCM Fast: 2 passed
2026-03-01 03:39:20,606 - INFO - -> Running script.test.partial.dhcm.primitive_memory_hard
2026-03-01 03:39:20,606 - INFO - -> Loading /home/runner/work/NextSSL/NextSSL/bin/linux/partial/dhcm/primitive_memory_hard.so
2026-03-01 03:39:20,606 - INFO - [PASS] DLL Loaded
2026-03-01 03:39:20,607 - INFO - -> Testing Argon2id (Low Memory)
2026-03-01 03:39:20,607 - INFO - [PASS] Argon2id Low Mem
2026-03-01 03:39:20,607 - INFO - [INFO] Argon2id_Low.algo: Argon2id
2026-03-01 03:39:20,607 - INFO - [INFO] Argon2id_Low.wu: 9830400
2026-03-01 03:39:20,607 - INFO - [INFO] Argon2id_Low.mu: 4096
2026-03-01 03:39:20,607 - INFO - -> Testing Argon2id (High Memory)
2026-03-01 03:39:20,607 - INFO - [PASS] Argon2id High Mem
2026-03-01 03:39:20,607 - INFO - [INFO] Argon2id_High.algo: Argon2id
2026-03-01 03:39:20,607 - INFO - [INFO] Argon2id_High.wu: 629145600
2026-03-01 03:39:20,607 - INFO - [INFO] Argon2id_High.mu: 65536
2026-03-01 03:39:20,607 - INFO - [PASS] DHCM MemHard: 2 passed
2026-03-01 03:39:20,607 - INFO - -> Running script.test.partial.dhcm.primitive_sponge_xof
2026-03-01 03:39:20,607 - INFO - -> Loading /home/runner/work/NextSSL/NextSSL/bin/linux/partial/dhcm/primitive_sponge_xof.so
2026-03-01 03:39:20,607 - INFO - [PASS] DLL Loaded
2026-03-01 03:39:20,608 - INFO - -> Testing SHA3-256 (64B)
2026-03-01 03:39:20,608 - INFO - [PASS] SHA3-256 (64B)
2026-03-01 03:39:20,608 - INFO - [INFO] SHA3_256.algo: SHA3-256
2026-03-01 03:39:20,608 - INFO - [INFO] SHA3_256.wu: 1500
2026-03-01 03:39:20,608 - INFO - -> Testing SHAKE-128 (200B Output)
2026-03-01 03:39:20,608 - INFO - [PASS] SHAKE-128 (200B)
2026-03-01 03:39:20,608 - INFO - [INFO] SHAKE128.algo: SHAKE-128
2026-03-01 03:39:20,608 - INFO - [INFO] SHAKE128.wu: 2800
2026-03-01 03:39:20,608 - INFO - [PASS] DHCM Sponge: 2 passed
2026-03-01 03:39:20,608 - INFO - -> Running script.test.partial.dhcm.legacy_alive
2026-03-01 03:39:20,608 - INFO - -> Loading /home/runner/work/NextSSL/NextSSL/bin/linux/partial/dhcm/legacy_alive.so
2026-03-01 03:39:20,608 - INFO - [PASS] DLL Loaded
2026-03-01 03:39:20,608 - INFO - -> Testing MD5
2026-03-01 03:39:20,609 - INFO - [PASS] MD5 (32B)
2026-03-01 03:39:20,609 - INFO - -> Testing SHA-1
2026-03-01 03:39:20,609 - INFO - [PASS] SHA-1 (32B)
2026-03-01 03:39:20,609 - INFO - [PASS] DHCM Legacy Alive: 2 passed
2026-03-01 03:39:20,609 - INFO - -> Running script.test.partial.dhcm.legacy_unsafe
2026-03-01 03:39:20,609 - INFO - -> Loading /home/runner/work/NextSSL/NextSSL/bin/linux/partial/dhcm/legacy_unsafe.so
2026-03-01 03:39:20,609 - INFO - [PASS] DLL Loaded
2026-03-01 03:39:20,609 - INFO - -> Testing MD2
2026-03-01 03:39:20,609 - INFO - [PASS] MD2 (16B)
2026-03-01 03:39:20,609 - INFO - -> Testing MD4
2026-03-01 03:39:20,609 - INFO - [PASS] MD4 (32B)
2026-03-01 03:39:20,609 - INFO - [PASS] DHCM Legacy Unsafe: 2 passed
2026-03-01 03:39:20,609 - INFO - [PASS] ALL TESTS PASSED
