[1/674] Building C object CMakeFiles/nextssl.dir/src/common/sanitizer/nextssl_sanitizer.c.o
[2/674] Building C object CMakeFiles/nextssl.dir/src/encoding/base58check.c.o
[3/674] Building C object CMakeFiles/nextssl.dir/src/encoding/base16.c.o
[4/674] Building C object CMakeFiles/nextssl.dir/src/encoding/base58.c.o
[5/674] Building C object CMakeFiles/nextssl.dir/src/encoding/base32.c.o
[6/674] Building C object CMakeFiles/nextssl.dir/src/encoding/base62.c.o
[7/674] Building C object CMakeFiles/nextssl.dir/src/encoding/base85.c.o
[8/674] Building C object CMakeFiles/nextssl.dir/src/encoding/base64url.c.o
[9/674] Building C object CMakeFiles/nextssl.dir/src/encoding/crc64.c.o
[10/674] Building C object CMakeFiles/nextssl.dir/src/encoding/crc32.c.o
[11/674] Building C object CMakeFiles/nextssl.dir/src/encoding/radix_common.c.o
[12/674] Building C object CMakeFiles/nextssl.dir/src/encoding/base64.c.o
[13/674] Building C object CMakeFiles/nextssl.dir/src/encoding/hex.c.o
[14/674] Building C object CMakeFiles/nextssl.dir/src/encoding/pem.c.o
[15/674] Building C object CMakeFiles/nextssl.dir/src/encoding/bech32.c.o
[16/674] Building C object CMakeFiles/nextssl.dir/src/hash/_argon2/argon2.c.o
[17/674] Building C object CMakeFiles/nextssl.dir/src/hash/_argon2/thread.c.o
[18/674] Building C object CMakeFiles/nextssl.dir/src/encoding/ff70.c.o
[19/674] Building C object CMakeFiles/nextssl.dir/src/hash/_argon2/argon2_encoding.c.o
[20/674] Building C object CMakeFiles/nextssl.dir/src/hash/_argon2/blake2b.c.o
[21/674] Building C object CMakeFiles/nextssl.dir/src/hash/_keccak/keccak.c.o
[22/674] Building C object CMakeFiles/nextssl.dir/src/hash/_skein/skeinApi.c.o
[23/674] Building C object CMakeFiles/nextssl.dir/src/hash/_skein/skein_ops.c.o
[24/674] Building C object CMakeFiles/nextssl.dir/src/hash/_argon2/core.c.o
[25/674] Building C object CMakeFiles/nextssl.dir/src/hash/_skein/skein.c.o
[26/674] Building C object CMakeFiles/nextssl.dir/src/hash/_argon2/ref.c.o
[27/674] Building C object CMakeFiles/nextssl.dir/src/hash/_skein/threefishApi.c.o
[28/674] Building C object CMakeFiles/nextssl.dir/src/hash/adapters/argon2_adapter.c.o
[29/674] Building C object CMakeFiles/nextssl.dir/src/hash/adapters/argon2i_adapter.c.o
[30/674] Building C object CMakeFiles/nextssl.dir/src/hash/adapters/argon2d_adapter.c.o
[31/674] Building C object CMakeFiles/nextssl.dir/src/hash/adapters/argon2id_adapter.c.o
[32/674] Building C object CMakeFiles/nextssl.dir/src/hash/_skein/threefish256Block.c.o
[33/674] Building C object CMakeFiles/nextssl.dir/src/hash/adapters/bcrypt_adapter.c.o
[34/674] Building C object CMakeFiles/nextssl.dir/src/hash/adapters/balloon_adapter.c.o
[35/674] Building C object CMakeFiles/nextssl.dir/src/hash/adapters/lyra2_adapter.c.o
[36/674] Building C object CMakeFiles/nextssl.dir/src/hash/adapters/catena_adapter.c.o
[37/674] Building C object CMakeFiles/nextssl.dir/src/hash/adapters/makwa_adapter.c.o
[38/674] Building C object CMakeFiles/nextssl.dir/src/hash/adapters/pomelo_adapter.c.o
[39/674] Building C object CMakeFiles/nextssl.dir/src/hash/adapters/scrypt_adapter.c.o
[40/674] Building C object CMakeFiles/nextssl.dir/src/hash/_skein/skein_block.c.o
[41/674] Building C object CMakeFiles/nextssl.dir/src/hash/_skein/threefish512Block.c.o
[42/674] Building C object CMakeFiles/nextssl.dir/src/hash/argon2d/argon2d.c.o
[43/674] Building C object CMakeFiles/nextssl.dir/src/hash/adapters/plain_hash_adapter.c.o
[44/674] Building C object CMakeFiles/nextssl.dir/src/hash/adapters/yescrypt_adapter.c.o
[45/674] Building C object CMakeFiles/nextssl.dir/src/hash/argon2i/argon2i.c.o
[46/674] Building C object CMakeFiles/nextssl.dir/src/hash/argon2id/argon2id.c.o
[47/674] Building C object CMakeFiles/nextssl.dir/src/hash/balloon/balloon_openssl_compat.c.o
[48/674] Building C object CMakeFiles/nextssl.dir/src/hash/balloon/compress.c.o
[49/674] Building C object CMakeFiles/nextssl.dir/src/hash/balloon/balloon_ops.c.o
[50/674] Building C object CMakeFiles/nextssl.dir/src/hash/balloon/encode.c.o
[51/674] Building C object CMakeFiles/nextssl.dir/src/hash/balloon/bitstream.c.o
[52/674] Building C object CMakeFiles/nextssl.dir/src/hash/balloon/hash_state.c.o
[53/674] Building C object CMakeFiles/nextssl.dir/src/hash/bcrypt/crypt_gensalt.c.o
[54/674] Building C object CMakeFiles/nextssl.dir/src/hash/bcrypt/bcrypt_ops.c.o
[55/674] Building C object CMakeFiles/nextssl.dir/src/hash/blake3/blake3_dispatch.c.o
[56/674] Building C object CMakeFiles/nextssl.dir/src/hash/bcrypt/crypt_blowfish.c.o
[57/674] Building C object CMakeFiles/nextssl.dir/src/hash/blake2s/blake2s.c.o
[58/674] Building C object CMakeFiles/nextssl.dir/src/hash/_skein/threefish1024Block.c.o
[59/674] Building C object CMakeFiles/nextssl.dir/src/hash/blake3/blake3.c.o
[60/674] Building C object CMakeFiles/nextssl.dir/src/hash/blake3/blake3_portable.c.o
[61/674] Building C object CMakeFiles/nextssl.dir/src/hash/catena/catena-BRG.c.o
[62/674] Building C object CMakeFiles/nextssl.dir/src/hash/catena/catena-blake2b-ref.c.o
[63/674] Building C object CMakeFiles/nextssl.dir/src/hash/catena/catena_ops.c.o
[64/674] Building C object CMakeFiles/nextssl.dir/src/hash/catena/catena.c.o
[65/674] Building C object CMakeFiles/nextssl.dir/src/hash/catena/catena-helpers.c.o
[66/674] Building C object CMakeFiles/nextssl.dir/src/hash/catena/blake2b-ref.c.o
[67/674] Building C object CMakeFiles/nextssl.dir/src/hash/cshake/cshake.c.o
[68/674] Building C object CMakeFiles/nextssl.dir/src/hash/blake2b/blake2b.c.o
[69/674] Building C object CMakeFiles/nextssl.dir/src/hash/interface/hash_ops_disabled_stubs.c.o
[70/674] Building C object CMakeFiles/nextssl.dir/src/hash/generic/nextssl_hash.c.o
[71/674] Building C object CMakeFiles/nextssl.dir/src/hash/keccak256/keccak256.c.o
[72/674] Building C object CMakeFiles/nextssl.dir/src/hash/kmac128/kmac128.c.o
[73/674] Building C object CMakeFiles/nextssl.dir/src/hash/kmac256/kmac256.c.o
[74/674] Building C object CMakeFiles/nextssl.dir/src/hash/has160/has160.c.o
[75/674] Building C object CMakeFiles/nextssl.dir/src/hash/lyra2/lyra2_ops.c.o
[76/674] Building C object CMakeFiles/nextssl.dir/src/hash/lyra2/Lyra2.c.o
[77/674] Building C object CMakeFiles/nextssl.dir/src/hash/kmac/kmac.c.o
[78/674] Building C object CMakeFiles/nextssl.dir/src/hash/md2/md2.c.o
[79/674] Building C object CMakeFiles/nextssl.dir/src/hash/interface/hash_registry.c.o
[80/674] Building C object CMakeFiles/nextssl.dir/src/hash/makwa/makwa_ops.c.o
[81/674] Building C object CMakeFiles/nextssl.dir/src/hash/md4/md4.c.o
[82/674] Building C object CMakeFiles/nextssl.dir/src/hash/nt/nt.c.o
[83/674] Building C object CMakeFiles/nextssl.dir/src/hash/makwa/makwa.c.o
[84/674] Building C object CMakeFiles/nextssl.dir/src/hash/pomelo/pomelo.c.o
[85/674] Building C object CMakeFiles/nextssl.dir/src/hash/md5/md5.c.o
[86/674] Building C object CMakeFiles/nextssl.dir/src/hash/pomelo/pomelo_ops.c.o
[87/674] Building C object CMakeFiles/nextssl.dir/src/hash/parallelhash/parallelhash.c.o
[88/674] Building C object CMakeFiles/nextssl.dir/src/hash/record/lms/lms_params.c.o
[89/674] Building C object CMakeFiles/nextssl.dir/src/hash/record/lms/lms.c.o
[90/674] Building C object CMakeFiles/nextssl.dir/src/hash/lyra2/Sponge.c.o
[91/674] Building C object CMakeFiles/nextssl.dir/src/hash/record/lms/lmots.c.o
[92/674] Building C object CMakeFiles/nextssl.dir/src/hash/record/hash_record_core.c.o
[93/674] Building C object CMakeFiles/nextssl.dir/src/hash/ripemd128/ripemd128.c.o
[94/674] Building C object CMakeFiles/nextssl.dir/src/hash/ripemd160/ripemd160.c.o
[95/674] Building C object CMakeFiles/nextssl.dir/src/hash/scrypt/insecure_memzero.c.o
[96/674] Building C object CMakeFiles/nextssl.dir/src/hash/scrypt/scrypt_ops.c.o
[97/674] Building C object CMakeFiles/nextssl.dir/src/hash/ripemd256/ripemd256.c.o
[98/674] Building C object CMakeFiles/nextssl.dir/src/hash/root_functions/hash_root.c.o
[99/674] Building C object CMakeFiles/nextssl.dir/src/hash/ripemd320/ripemd320.c.o
[100/674] Building C object CMakeFiles/nextssl.dir/src/hash/sha1/sha1.c.o
[101/674] Building C object CMakeFiles/nextssl.dir/src/hash/sha0/sha0.c.o
[102/674] Building C object CMakeFiles/nextssl.dir/src/hash/scrypt/crypto_scrypt-ref.c.o
[103/674] Building C object CMakeFiles/nextssl.dir/src/hash/sha224/sha224.c.o
[104/674] Building C object CMakeFiles/nextssl.dir/src/hash/scrypt/sha256_portable.c.o
[105/674] Building C object CMakeFiles/nextssl.dir/src/hash/sha3_512/sha3_512.c.o
[106/674] Building C object CMakeFiles/nextssl.dir/src/hash/sha512_224/sha512_224.c.o
[107/674] Building C object CMakeFiles/nextssl.dir/src/hash/sha256/sha256.c.o
[108/674] Building C object CMakeFiles/nextssl.dir/src/hash/sha3_384/sha3_384.c.o
[109/674] Building C object CMakeFiles/nextssl.dir/src/hash/sha3_224/sha3_224.c.o
[110/674] Building C object CMakeFiles/nextssl.dir/src/hash/sha512/sha512.c.o
[111/674] Building C object CMakeFiles/nextssl.dir/src/hash/sha3_256/sha3.c.o
[112/674] Building C object CMakeFiles/nextssl.dir/src/hash/shake128/shake128.c.o
[113/674] Building C object CMakeFiles/nextssl.dir/src/hash/shake256/shake256.c.o
[114/674] Building C object CMakeFiles/nextssl.dir/src/hash/sha512_256/sha512_256.c.o
[115/674] Building C object CMakeFiles/nextssl.dir/src/hash/skein256/skein256.c.o
[116/674] Building C object CMakeFiles/nextssl.dir/src/hash/skein512/skein512.c.o
[117/674] Building C object CMakeFiles/nextssl.dir/src/hash/skein1024/skein1024.c.o
[118/674] Building C object CMakeFiles/nextssl.dir/src/hash/sm3/sm3_ext.c.o
[119/674] Building C object CMakeFiles/nextssl.dir/src/hash/sm3/sm3_ops.c.o
[120/674] Building C object CMakeFiles/nextssl.dir/src/hash/tiger/tiger_sbox.c.o
[121/674] Building C object CMakeFiles/nextssl.dir/src/hash/tiger/tiger.c.o
[122/674] Building C object CMakeFiles/nextssl.dir/src/hash/tuplehash/tuplehash.c.o
[123/674] Building C object CMakeFiles/nextssl.dir/src/hash/shake/shake.c.o
[124/674] Building C object CMakeFiles/nextssl.dir/src/hash/yescrypt/yescrypt_ops.c.o
[125/674] Building C object CMakeFiles/nextssl.dir/src/hash/whirlpool/whirlpool.c.o
[126/674] Building C object CMakeFiles/nextssl.dir/src/hash/yescrypt/yescrypt-common.c.o
[127/674] Building C object CMakeFiles/nextssl.dir/src/modern/aead/_monocypher/monocypher-ed25519.c.o
[128/674] Building C object CMakeFiles/nextssl.dir/src/modern/aead/aes_ccm/aes_ccm.c.o
[129/674] Building C object CMakeFiles/nextssl.dir/src/modern/aead/aes_eax/aes_eax.c.o
[130/674] Building C object CMakeFiles/nextssl.dir/src/modern/aead/aes_gcm_siv/aes_gcm_siv.c.o
[131/674] Building C object CMakeFiles/nextssl.dir/src/modern/aead/aes_gcm/aes_gcm.c.o
[132/674] Building C object CMakeFiles/nextssl.dir/src/modern/aead/aes_gmac/aes_gmac.c.o
[133/674] Building C object CMakeFiles/nextssl.dir/src/modern/aead/aes_siv/aes_siv.c.o
[134/674] Building C object CMakeFiles/nextssl.dir/src/modern/aead/aes_ocb/aes_ocb.c.o
[135/674] Building C object CMakeFiles/nextssl.dir/src/modern/aead/aes_poly1305/aes_poly1305.c.o
[136/674] Building C object CMakeFiles/nextssl.dir/src/modern/aead/ascon/cxof128/ascon_cxof128.c.o
[137/674] Building C object CMakeFiles/nextssl.dir/src/modern/aead/ascon/_ascon/ascon_core.c.o
[138/674] Building C object CMakeFiles/nextssl.dir/src/modern/aead/ascon/aead128/ascon_aead128.c.o
[139/674] Building C object CMakeFiles/nextssl.dir/src/modern/aead/ascon/hash256/ascon_hash256.c.o
[140/674] Building C object CMakeFiles/nextssl.dir/src/hash/sm3/sm3_impl.c.o
[141/674] Building C object CMakeFiles/nextssl.dir/src/modern/aead/ascon/xof128/ascon_xof128.c.o
[142/674] Building C object CMakeFiles/nextssl.dir/src/modern/asymmetric/_ed25519/add_scalar.c.o
[143/674] Building C object CMakeFiles/nextssl.dir/src/modern/aead/chacha20_poly1305/chacha20_poly1305.c.o
[144/674] Building C object CMakeFiles/nextssl.dir/src/modern/asymmetric/_ed25519/keypair.c.o
[145/674] Building C object CMakeFiles/nextssl.dir/src/modern/asymmetric/_ed25519/key_exchange.c.o
[146/674] Building C object CMakeFiles/nextssl.dir/src/modern/asymmetric/_ed25519/seed.c.o
[147/674] Building C object CMakeFiles/nextssl.dir/src/modern/asymmetric/_ed25519/ge.c.o
[148/674] Building C object CMakeFiles/nextssl.dir/src/modern/asymmetric/_ed25519/sign.c.o
[149/674] Building C object CMakeFiles/nextssl.dir/src/modern/asymmetric/_ed25519/verify.c.o
[150/674] Building C object CMakeFiles/nextssl.dir/src/modern/asymmetric/_ed25519/fe.c.o
[151/674] Building C object CMakeFiles/nextssl.dir/src/modern/asymmetric/_ed25519/sha512.c.o
[152/674] Building C object CMakeFiles/nextssl.dir/src/modern/asymmetric/curve448/curve448_det.c.o
[153/674] Building C object CMakeFiles/nextssl.dir/src/modern/asymmetric/_ed25519/sc.c.o
[154/674] Building C object CMakeFiles/nextssl.dir/src/modern/asymmetric/curve448/curve448.c.o
[155/674] Building C object CMakeFiles/nextssl.dir/src/modern/asymmetric/curve448/ed448.c.o
[156/674] Building C object CMakeFiles/nextssl.dir/src/hash/yescrypt/yescrypt-opt.c.o
[157/674] Building C object CMakeFiles/nextssl.dir/src/modern/asymmetric/det_ecdsa/det_ecdsa.c.o
[158/674] Building C object CMakeFiles/nextssl.dir/src/modern/asymmetric/dsa/dsa.c.o
[159/674] Building C object CMakeFiles/nextssl.dir/src/modern/asymmetric/curve448/fe_448.c.o
[160/674] Building C object CMakeFiles/nextssl.dir/src/modern/asymmetric/p256/p256.c.o
[161/674] Building C object CMakeFiles/nextssl.dir/src/modern/asymmetric/p384/p384.c.o
[162/674] Building C object CMakeFiles/nextssl.dir/src/modern/asymmetric/p521/p521.c.o
[163/674] Building C object CMakeFiles/nextssl.dir/src/modern/asymmetric/rsa/rsa.c.o
[164/674] Building C object CMakeFiles/nextssl.dir/src/modern/asymmetric/sm2/sm2.c.o
[165/674] Building C object CMakeFiles/nextssl.dir/src/modern/base_encryption.c.o
[166/674] Building C object CMakeFiles/nextssl.dir/src/modern/curve_math/elligator2.c.o
[167/674] Building C object CMakeFiles/nextssl.dir/src/modern/curve_math/ristretto255.c.o
[168/674] Building C object CMakeFiles/nextssl.dir/src/modern/mac/aes_cmac/aes_cmac.c.o
[169/674] Building C object CMakeFiles/nextssl.dir/src/modern/kdf/hkdf/hkdf.c.o
[170/674] Building C object CMakeFiles/nextssl.dir/src/modern/kdf/pbkdf2/pbkdf2.c.o
[171/674] Building C object CMakeFiles/nextssl.dir/src/modern/asymmetric/curve448/ge_448.c.o
[172/674] Building C object CMakeFiles/nextssl.dir/src/modern/mac/poly1305/poly1305.c.o
[173/674] Building C object CMakeFiles/nextssl.dir/src/modern/mac/siphash/siphash.c.o
[174/674] Building C object CMakeFiles/nextssl.dir/src/modern/symmetric/aes_cbc/aes_cbc.c.o
[175/674] Building C object CMakeFiles/nextssl.dir/src/modern/symmetric/aes_cfb/aes_cfb.c.o
[176/674] Building C object CMakeFiles/nextssl.dir/src/modern/mac/hmac/hmac.c.o
[177/674] Building C object CMakeFiles/nextssl.dir/src/modern/symmetric/aes_cbc_cs/aes_cbc_cs.c.o
[178/674] Building C object CMakeFiles/nextssl.dir/src/modern/symmetric/aes_ctr/aes_ctr.c.o
[179/674] Building C object CMakeFiles/nextssl.dir/src/modern/symmetric/aes_ecb/aes_ecb.c.o
[180/674] Building C object CMakeFiles/nextssl.dir/src/modern/symmetric/aes_ofb/aes_ofb.c.o
[181/674] Building C object CMakeFiles/nextssl.dir/src/modern/symmetric/aes_xpn/aes_xpn.c.o
[182/674] Building C object CMakeFiles/nextssl.dir/src/modern/symmetric/aes_xts/aes_xts.c.o
[183/674] Building C object CMakeFiles/nextssl.dir/src/modern/symmetric/aes_kw/aes_kw.c.o
[184/674] Building C object CMakeFiles/nextssl.dir/src/modern/symmetric/chacha20/chacha20.c.o
[185/674] Building C object CMakeFiles/nextssl.dir/src/modern/symmetric/aes_fpe/aes_fpe.c.o
[186/674] Building C object CMakeFiles/nextssl.dir/src/pow/client/pow_limits.c.o
[187/674] Building C object CMakeFiles/nextssl.dir/src/modern/symmetric/_aes/aes_core.c.o
[188/674] Building C object CMakeFiles/nextssl.dir/src/modern/symmetric/three_des/three_des.c.o
[189/674] Building C object CMakeFiles/nextssl.dir/src/pow/client/pow_reject.c.o
[190/674] Building C object CMakeFiles/nextssl.dir/src/pow/client/pow_timer.c.o
[191/674] Building C object CMakeFiles/nextssl.dir/src/pow/client/pow_solver.c.o
[192/674] Building C object CMakeFiles/nextssl.dir/src/pow/core/pow_difficulty.c.o
[193/674] Building C object CMakeFiles/nextssl.dir/src/pow/dhcm/dhcm_difficulty.c.o
[194/674] Building C object CMakeFiles/nextssl.dir/src/pow/core/pow_parser.c.o
[195/674] Building C object CMakeFiles/nextssl.dir/src/modern/asymmetric/_nist_ecc/micro_ecc/uECC.c.o
[196/674] Building C object CMakeFiles/nextssl.dir/src/pow/dhcm/dhcm_math.c.o
[197/674] Building C object CMakeFiles/nextssl.dir/src/pow/dhcm/hash_cost_probe.c.o
[198/674] Building C object CMakeFiles/nextssl.dir/src/pow/dhcm/dhcm_core.c.o
[199/674] Building C object CMakeFiles/nextssl.dir/src/pow/dispatcher.c.o
[200/674] Building C object CMakeFiles/nextssl.dir/src/pow/pow_engine.c.o
[201/674] Building C object CMakeFiles/nextssl.dir/src/pow/dhcm/hash_cost.c.o
[202/674] Building C object CMakeFiles/nextssl.dir/src/pow/server/pow_challenge.c.o
[203/674] Building C object CMakeFiles/nextssl.dir/src/pow/server/pow_verify.c.o
[204/674] Building C object CMakeFiles/nextssl.dir/src/pqc/common/drbg/drbg.c.o
[205/674] Building C object CMakeFiles/nextssl.dir/src/pqc/common/nistseedexpander.c.o
[206/674] Building C object CMakeFiles/nextssl.dir/src/pqc/common/hkdf/hkdf.c.o
[207/674] Building C object CMakeFiles/nextssl.dir/src/pqc/common/randombytes.c.o
[208/674] Building C object CMakeFiles/nextssl.dir/src/pqc/common/sp800-185.c.o
[209/674] Building C object CMakeFiles/nextssl.dir/src/pqc/common/aes.c.o
[210/674] Building C object CMakeFiles/nextssl.dir/src/pqc/kem/hqc-128/ref/code.c.o
[211/674] Building C object CMakeFiles/nextssl.dir/src/pqc/kem/hqc-128/ref/gf.c.o
[212/674] Building C object CMakeFiles/nextssl.dir/src/pqc/kem/hqc-128/ref/fft.c.o
[213/674] Building C object CMakeFiles/nextssl.dir/src/pqc/kem/hqc-128/ref/gf2x.c.o
[214/674] Building C object CMakeFiles/nextssl.dir/src/pqc/kem/hqc-128/ref/hqc.c.o
[215/674] Building C object CMakeFiles/nextssl.dir/src/pqc/kem/hqc-128/ref/kem.c.o
[216/674] Building C object CMakeFiles/nextssl.dir/src/pqc/kem/hqc-128/ref/parsing.c.o
[217/674] Building C object CMakeFiles/nextssl.dir/src/modern/aead/_monocypher/monocypher.c.o
[218/674] Building C object CMakeFiles/nextssl.dir/src/pqc/kem/hqc-128/ref/shake_ds.c.o
[219/674] Building C object CMakeFiles/nextssl.dir/src/pqc/kem/hqc-128/ref/shake_prng.c.o
[220/674] Building C object CMakeFiles/nextssl.dir/src/pqc/kem/hqc-128/ref/reed_solomon.c.o
[221/674] Building C object CMakeFiles/nextssl.dir/src/pqc/kem/hqc-128/ref/reed_muller.c.o
[222/674] Building C object CMakeFiles/nextssl.dir/src/pqc/kem/hqc-192/ref/code.c.o
[223/674] Building C object CMakeFiles/nextssl.dir/src/pqc/kem/hqc-128/ref/vector.c.o
[224/674] Building C object CMakeFiles/nextssl.dir/src/pqc/kem/hqc-192/ref/gf2x.c.o
[225/674] Building C object CMakeFiles/nextssl.dir/src/modern/symmetric/sm4/sm4_impl.c.o
[226/674] Building C object CMakeFiles/nextssl.dir/src/pqc/kem/hqc-192/ref/gf.c.o
[227/674] Building C object CMakeFiles/nextssl.dir/src/pqc/kem/hqc-192/ref/hqc.c.o
[228/674] Building C object CMakeFiles/nextssl.dir/src/pqc/kem/hqc-192/ref/fft.c.o
[229/674] Building C object CMakeFiles/nextssl.dir/src/pqc/kem/hqc-192/ref/kem.c.o
[230/674] Building C object CMakeFiles/nextssl.dir/src/pqc/kem/hqc-192/ref/parsing.c.o
[231/674] Building C object CMakeFiles/nextssl.dir/src/pqc/kem/hqc-192/ref/shake_ds.c.o
[232/674] Building C object CMakeFiles/nextssl.dir/src/pqc/kem/hqc-192/ref/shake_prng.c.o
[233/674] Building C object CMakeFiles/nextssl.dir/src/pqc/kem/hqc-192/ref/reed_muller.c.o
[234/674] Building C object CMakeFiles/nextssl.dir/src/pqc/kem/hqc-256/ref/code.c.o
[235/674] Building C object CMakeFiles/nextssl.dir/src/pqc/kem/hqc-192/ref/reed_solomon.c.o
[236/674] Building C object CMakeFiles/nextssl.dir/src/pqc/kem/hqc-192/ref/vector.c.o
[237/674] Building C object CMakeFiles/nextssl.dir/src/pqc/kem/hqc-256/ref/gf2x.c.o
[238/674] Building C object CMakeFiles/nextssl.dir/src/pqc/kem/hqc-256/ref/gf.c.o
[239/674] Building C object CMakeFiles/nextssl.dir/src/pqc/kem/hqc-256/ref/kem.c.o
[240/674] Building C object CMakeFiles/nextssl.dir/src/pqc/kem/hqc-256/ref/hqc.c.o
[241/674] Building C object CMakeFiles/nextssl.dir/src/pqc/common/fips202.c.o
[242/674] Building C object CMakeFiles/nextssl.dir/src/pqc/kem/hqc-256/ref/parsing.c.o
[243/674] Building C object CMakeFiles/nextssl.dir/src/pqc/kem/hqc-256/ref/fft.c.o
[244/674] Building C object CMakeFiles/nextssl.dir/src/pqc/kem/hqc-256/ref/shake_ds.c.o
[245/674] Building C object CMakeFiles/nextssl.dir/src/pqc/kem/hqc-256/ref/shake_prng.c.o
[246/674] Building C object CMakeFiles/nextssl.dir/src/pqc/kem/mceliece348864/ref/aes256ctr.c.o
[247/674] Building C object CMakeFiles/nextssl.dir/src/pqc/kem/hqc-256/ref/reed_muller.c.o
[248/674] Building C object CMakeFiles/nextssl.dir/src/pqc/kem/hqc-256/ref/vector.c.o
[249/674] Building C object CMakeFiles/nextssl.dir/src/pqc/kem/hqc-256/ref/reed_solomon.c.o
[250/674] Building C object CMakeFiles/nextssl.dir/src/pqc/kem/mceliece348864/ref/bm.c.o
[251/674] Building C object CMakeFiles/nextssl.dir/src/pqc/kem/mceliece348864/ref/crypto_int32.c.o
[252/674] Building C object CMakeFiles/nextssl.dir/src/pqc/kem/mceliece348864/ref/crypto_int16.c.o
[253/674] Building C object CMakeFiles/nextssl.dir/src/pqc/kem/mceliece348864/ref/crypto_uint32.c.o
[254/674] Building C object CMakeFiles/nextssl.dir/src/pqc/kem/mceliece348864/ref/crypto_uint16.c.o
[255/674] Building C object CMakeFiles/nextssl.dir/src/pqc/kem/mceliece348864/ref/crypto_uint64.c.o
[256/674] Building C object CMakeFiles/nextssl.dir/src/pqc/kem/mceliece348864/ref/benes.c.o
[257/674] Building C object CMakeFiles/nextssl.dir/src/pqc/kem/mceliece348864/ref/decrypt.c.o
[258/674] Building C object CMakeFiles/nextssl.dir/src/pqc/kem/mceliece348864/ref/encrypt.c.o
[259/674] Building C object CMakeFiles/nextssl.dir/src/pqc/kem/mceliece348864/ref/controlbits.c.o
[260/674] Building C object CMakeFiles/nextssl.dir/src/pqc/kem/mceliece348864/ref/root.c.o
[261/674] Building C object CMakeFiles/nextssl.dir/src/pqc/kem/mceliece348864/ref/operations.c.o
[262/674] Building C object CMakeFiles/nextssl.dir/src/pqc/kem/mceliece348864/ref/gf.c.o
[263/674] Building C object CMakeFiles/nextssl.dir/src/pqc/kem/mceliece348864/ref/sk_gen.c.o
[264/674] Building C object CMakeFiles/nextssl.dir/src/pqc/kem/mceliece348864/ref/synd.c.o
[265/674] Building C object CMakeFiles/nextssl.dir/src/pqc/kem/mceliece348864/ref/util.c.o
[266/674] Building C object CMakeFiles/nextssl.dir/src/pqc/kem/mceliece348864f/ref/aes256ctr.c.o
[267/674] Building C object CMakeFiles/nextssl.dir/src/pqc/kem/mceliece348864/ref/pk_gen.c.o
[268/674] Building C object CMakeFiles/nextssl.dir/src/pqc/kem/mceliece348864/ref/transpose.c.o
[269/674] Building C object CMakeFiles/nextssl.dir/src/pqc/common/sha2.c.o
[270/674] Building C object CMakeFiles/nextssl.dir/src/pqc/kem/mceliece348864f/ref/bm.c.o
[271/674] Building C object CMakeFiles/nextssl.dir/src/pqc/kem/mceliece348864f/ref/crypto_uint32.c.o
[272/674] Building C object CMakeFiles/nextssl.dir/src/pqc/kem/mceliece348864f/ref/crypto_uint16.c.o
[273/674] Building C object CMakeFiles/nextssl.dir/src/pqc/kem/mceliece348864f/ref/crypto_int16.c.o
[274/674] Building C object CMakeFiles/nextssl.dir/src/pqc/kem/mceliece348864f/ref/crypto_int32.c.o
[275/674] Building C object CMakeFiles/nextssl.dir/src/pqc/kem/mceliece348864f/ref/crypto_uint64.c.o
[276/674] Building C object CMakeFiles/nextssl.dir/src/pqc/kem/mceliece348864f/ref/decrypt.c.o
[277/674] Building C object CMakeFiles/nextssl.dir/src/pqc/kem/mceliece348864f/ref/benes.c.o
[278/674] Building C object CMakeFiles/nextssl.dir/src/pqc/kem/mceliece348864f/ref/controlbits.c.o
[279/674] Building C object CMakeFiles/nextssl.dir/src/pqc/kem/mceliece348864f/ref/root.c.o
[280/674] Building C object CMakeFiles/nextssl.dir/src/pqc/kem/mceliece348864f/ref/operations.c.o
[281/674] Building C object CMakeFiles/nextssl.dir/src/pqc/kem/mceliece348864f/ref/encrypt.c.o
[282/674] Building C object CMakeFiles/nextssl.dir/src/pqc/kem/mceliece348864f/ref/gf.c.o
[283/674] Building C object CMakeFiles/nextssl.dir/src/pqc/kem/mceliece348864f/ref/sk_gen.c.o
[284/674] Building C object CMakeFiles/nextssl.dir/src/pqc/kem/mceliece348864f/ref/synd.c.o
[285/674] Building C object CMakeFiles/nextssl.dir/src/pqc/kem/mceliece460896/ref/aes256ctr.c.o
[286/674] Building C object CMakeFiles/nextssl.dir/src/pqc/kem/mceliece348864f/ref/util.c.o
[287/674] Building C object CMakeFiles/nextssl.dir/src/pqc/kem/mceliece460896/ref/bm.c.o
[288/674] Building C object CMakeFiles/nextssl.dir/src/pqc/kem/mceliece460896/ref/crypto_int16.c.o
[289/674] Building C object CMakeFiles/nextssl.dir/src/pqc/kem/mceliece348864f/ref/transpose.c.o
[290/674] Building C object CMakeFiles/nextssl.dir/src/pqc/kem/mceliece348864f/ref/pk_gen.c.o
[291/674] Building C object CMakeFiles/nextssl.dir/src/pqc/kem/mceliece460896/ref/crypto_uint32.c.o
[292/674] Building C object CMakeFiles/nextssl.dir/src/pqc/kem/mceliece460896/ref/crypto_uint16.c.o
[293/674] Building C object CMakeFiles/nextssl.dir/src/pqc/kem/mceliece460896/ref/crypto_int32.c.o
[294/674] Building C object CMakeFiles/nextssl.dir/src/pqc/kem/mceliece460896/ref/crypto_uint64.c.o
[295/674] Building C object CMakeFiles/nextssl.dir/src/pqc/kem/mceliece460896/ref/decrypt.c.o
[296/674] Building C object CMakeFiles/nextssl.dir/src/pqc/kem/mceliece460896/ref/controlbits.c.o
[297/674] Building C object CMakeFiles/nextssl.dir/src/pqc/kem/mceliece460896/ref/encrypt.c.o
[298/674] Building C object CMakeFiles/nextssl.dir/src/pqc/kem/mceliece460896/ref/operations.c.o
[299/674] Building C object CMakeFiles/nextssl.dir/src/pqc/kem/mceliece460896/ref/gf.c.o
[300/674] Building C object CMakeFiles/nextssl.dir/src/pqc/kem/mceliece460896/ref/root.c.o
[301/674] Building C object CMakeFiles/nextssl.dir/src/pqc/kem/mceliece460896/ref/sk_gen.c.o
[302/674] Building C object CMakeFiles/nextssl.dir/src/pqc/kem/mceliece460896/ref/synd.c.o
[303/674] Building C object CMakeFiles/nextssl.dir/src/pqc/kem/mceliece460896/ref/util.c.o
[304/674] Building C object CMakeFiles/nextssl.dir/src/pqc/kem/mceliece460896/ref/transpose.c.o
[305/674] Building C object CMakeFiles/nextssl.dir/src/pqc/kem/mceliece460896f/ref/aes256ctr.c.o
[306/674] Building C object CMakeFiles/nextssl.dir/src/pqc/kem/mceliece460896/ref/pk_gen.c.o
[307/674] Building C object CMakeFiles/nextssl.dir/src/pqc/kem/mceliece460896f/ref/bm.c.o
[308/674] Building C object CMakeFiles/nextssl.dir/src/pqc/kem/mceliece460896f/ref/crypto_int16.c.o
[309/674] Building C object CMakeFiles/nextssl.dir/src/pqc/kem/mceliece460896f/ref/crypto_int32.c.o
[310/674] Building C object CMakeFiles/nextssl.dir/src/pqc/kem/mceliece460896f/ref/crypto_uint16.c.o
[311/674] Building C object CMakeFiles/nextssl.dir/src/pqc/kem/mceliece460896f/ref/crypto_uint32.c.o
[312/674] Building C object CMakeFiles/nextssl.dir/src/pqc/kem/mceliece460896f/ref/crypto_uint64.c.o
[313/674] Building C object CMakeFiles/nextssl.dir/src/pqc/kem/mceliece460896f/ref/controlbits.c.o
[314/674] Building C object CMakeFiles/nextssl.dir/src/pqc/kem/mceliece460896f/ref/decrypt.c.o
[315/674] Building C object CMakeFiles/nextssl.dir/src/pqc/kem/mceliece460896f/ref/operations.c.o
[316/674] Building C object CMakeFiles/nextssl.dir/src/pqc/kem/mceliece460896f/ref/gf.c.o
[317/674] Building C object CMakeFiles/nextssl.dir/src/pqc/kem/mceliece460896/ref/benes.c.o
[318/674] Building C object CMakeFiles/nextssl.dir/src/pqc/kem/mceliece460896f/ref/encrypt.c.o
[319/674] Building C object CMakeFiles/nextssl.dir/src/pqc/kem/mceliece460896f/ref/root.c.o
[320/674] Building C object CMakeFiles/nextssl.dir/src/pqc/kem/mceliece460896f/ref/synd.c.o
[321/674] Building C object CMakeFiles/nextssl.dir/src/pqc/kem/mceliece460896f/ref/sk_gen.c.o
[322/674] Building C object CMakeFiles/nextssl.dir/src/pqc/kem/mceliece6688128/ref/aes256ctr.c.o
[323/674] Building C object CMakeFiles/nextssl.dir/src/pqc/kem/mceliece460896f/ref/util.c.o
[324/674] Building C object CMakeFiles/nextssl.dir/src/pqc/kem/mceliece460896f/ref/transpose.c.o
[325/674] Building C object CMakeFiles/nextssl.dir/src/pqc/kem/mceliece6688128/ref/bm.c.o
[326/674] Building C object CMakeFiles/nextssl.dir/src/pqc/kem/mceliece6688128/ref/crypto_int32.c.o
[327/674] Building C object CMakeFiles/nextssl.dir/src/pqc/kem/mceliece6688128/ref/crypto_int16.c.o
[328/674] Building C object CMakeFiles/nextssl.dir/src/pqc/kem/mceliece6688128/ref/crypto_uint16.c.o
[329/674] Building C object CMakeFiles/nextssl.dir/src/pqc/kem/mceliece460896f/ref/pk_gen.c.o
[330/674] Building C object CMakeFiles/nextssl.dir/src/pqc/kem/mceliece6688128/ref/crypto_uint64.c.o
[331/674] Building C object CMakeFiles/nextssl.dir/src/pqc/kem/mceliece6688128/ref/crypto_uint32.c.o
[332/674] Building C object CMakeFiles/nextssl.dir/src/pqc/kem/mceliece6688128/ref/controlbits.c.o
[333/674] Building C object CMakeFiles/nextssl.dir/src/pqc/kem/mceliece6688128/ref/decrypt.c.o
[334/674] Building C object CMakeFiles/nextssl.dir/src/pqc/kem/mceliece6688128/ref/encrypt.c.o
[335/674] Building C object CMakeFiles/nextssl.dir/src/pqc/kem/mceliece6688128/ref/root.c.o
[336/674] Building C object CMakeFiles/nextssl.dir/src/pqc/kem/mceliece6688128/ref/sk_gen.c.o
[337/674] Building C object CMakeFiles/nextssl.dir/src/pqc/kem/mceliece6688128/ref/operations.c.o
[338/674] Building C object CMakeFiles/nextssl.dir/src/pqc/kem/mceliece6688128/ref/pk_gen.c.o
[339/674] Building C object CMakeFiles/nextssl.dir/src/pqc/kem/mceliece6688128/ref/synd.c.o
[340/674] Building C object CMakeFiles/nextssl.dir/src/pqc/kem/mceliece6688128f/ref/aes256ctr.c.o
[341/674] Building C object CMakeFiles/nextssl.dir/src/pqc/kem/mceliece6688128/ref/gf.c.o
[342/674] Building C object CMakeFiles/nextssl.dir/src/pqc/kem/mceliece6688128/ref/util.c.o
[343/674] Building C object CMakeFiles/nextssl.dir/src/pqc/kem/mceliece6688128/ref/transpose.c.o
[344/674] Building C object CMakeFiles/nextssl.dir/src/pqc/kem/mceliece6688128f/ref/crypto_int16.c.o
[345/674] Building C object CMakeFiles/nextssl.dir/src/pqc/kem/mceliece6688128f/ref/bm.c.o
[346/674] Building C object CMakeFiles/nextssl.dir/src/pqc/kem/mceliece6688128f/ref/crypto_int32.c.o
[347/674] Building C object CMakeFiles/nextssl.dir/src/pqc/kem/mceliece6688128f/ref/crypto_uint16.c.o
[348/674] Building C object CMakeFiles/nextssl.dir/src/pqc/kem/mceliece460896f/ref/benes.c.o
[349/674] Building C object CMakeFiles/nextssl.dir/src/pqc/kem/mceliece6688128f/ref/crypto_uint32.c.o
[350/674] Building C object CMakeFiles/nextssl.dir/src/pqc/kem/mceliece6688128f/ref/crypto_uint64.c.o
[351/674] Building C object CMakeFiles/nextssl.dir/src/pqc/kem/mceliece6688128f/ref/decrypt.c.o
[352/674] Building C object CMakeFiles/nextssl.dir/src/pqc/kem/mceliece6688128f/ref/controlbits.c.o
[353/674] Building C object CMakeFiles/nextssl.dir/src/pqc/kem/mceliece6688128f/ref/encrypt.c.o
[354/674] Building C object CMakeFiles/nextssl.dir/src/pqc/kem/mceliece6688128f/ref/gf.c.o
[355/674] Building C object CMakeFiles/nextssl.dir/src/pqc/kem/mceliece6688128/ref/benes.c.o
[356/674] Building C object CMakeFiles/nextssl.dir/src/pqc/kem/mceliece6688128f/ref/operations.c.o
[357/674] Building C object CMakeFiles/nextssl.dir/src/pqc/kem/mceliece6688128f/ref/root.c.o
[358/674] Building C object CMakeFiles/nextssl.dir/src/pqc/kem/mceliece6688128f/ref/sk_gen.c.o
[359/674] Building C object CMakeFiles/nextssl.dir/src/pqc/kem/mceliece6688128f/ref/util.c.o
[360/674] Building C object CMakeFiles/nextssl.dir/src/pqc/kem/mceliece6688128f/ref/synd.c.o
[361/674] Building C object CMakeFiles/nextssl.dir/src/pqc/kem/mceliece6960119/ref/bm.c.o
[362/674] Building C object CMakeFiles/nextssl.dir/src/pqc/kem/mceliece6960119/ref/aes256ctr.c.o
[363/674] Building C object CMakeFiles/nextssl.dir/src/pqc/kem/mceliece6960119/ref/crypto_int16.c.o
[364/674] Building C object CMakeFiles/nextssl.dir/src/pqc/kem/mceliece6688128f/ref/transpose.c.o
[365/674] Building C object CMakeFiles/nextssl.dir/src/pqc/kem/mceliece6688128f/ref/pk_gen.c.o
[366/674] Building C object CMakeFiles/nextssl.dir/src/pqc/kem/mceliece6960119/ref/crypto_uint16.c.o
[367/674] Building C object CMakeFiles/nextssl.dir/src/pqc/kem/mceliece6960119/ref/crypto_int32.c.o
[368/674] Building C object CMakeFiles/nextssl.dir/src/pqc/kem/mceliece6960119/ref/crypto_uint32.c.o
[369/674] Building C object CMakeFiles/nextssl.dir/src/pqc/kem/mceliece6960119/ref/crypto_uint64.c.o
[370/674] Building C object CMakeFiles/nextssl.dir/src/pqc/kem/mceliece6960119/ref/decrypt.c.o
[371/674] Building C object CMakeFiles/nextssl.dir/src/pqc/kem/mceliece6960119/ref/controlbits.c.o
[372/674] Building C object CMakeFiles/nextssl.dir/src/pqc/kem/mceliece6960119/ref/encrypt.c.o
[373/674] Building C object CMakeFiles/nextssl.dir/src/pqc/kem/mceliece6688128f/ref/benes.c.o
[374/674] Building C object CMakeFiles/nextssl.dir/src/pqc/kem/mceliece6960119/ref/gf.c.o
[375/674] Building C object CMakeFiles/nextssl.dir/src/pqc/kem/mceliece6960119/ref/operations.c.o
[376/674] Building C object CMakeFiles/nextssl.dir/src/pqc/kem/mceliece6960119/ref/root.c.o
[377/674] Building C object CMakeFiles/nextssl.dir/src/pqc/kem/mceliece6960119/ref/synd.c.o
[378/674] Building C object CMakeFiles/nextssl.dir/src/pqc/kem/mceliece6960119/ref/pk_gen.c.o
[379/674] Building C object CMakeFiles/nextssl.dir/src/pqc/kem/mceliece6960119/ref/sk_gen.c.o
[380/674] Building C object CMakeFiles/nextssl.dir/src/pqc/kem/mceliece6960119/ref/util.c.o
[381/674] Building C object CMakeFiles/nextssl.dir/src/pqc/kem/mceliece6960119f/ref/aes256ctr.c.o
[382/674] Building C object CMakeFiles/nextssl.dir/src/pqc/kem/mceliece6960119/ref/transpose.c.o
[383/674] Building C object CMakeFiles/nextssl.dir/src/pqc/kem/mceliece6960119f/ref/bm.c.o
[384/674] Building C object CMakeFiles/nextssl.dir/src/pqc/kem/mceliece6960119f/ref/crypto_int16.c.o
[385/674] Building C object CMakeFiles/nextssl.dir/src/pqc/kem/mceliece6960119f/ref/crypto_uint32.c.o
[386/674] Building C object CMakeFiles/nextssl.dir/src/pqc/kem/mceliece6960119f/ref/crypto_int32.c.o
[387/674] Building C object CMakeFiles/nextssl.dir/src/pqc/kem/mceliece6960119f/ref/crypto_uint16.c.o
[388/674] Building C object CMakeFiles/nextssl.dir/src/pqc/kem/mceliece6960119f/ref/crypto_uint64.c.o
[389/674] Building C object CMakeFiles/nextssl.dir/src/pqc/kem/mceliece6960119f/ref/decrypt.c.o
[390/674] Building C object CMakeFiles/nextssl.dir/src/pqc/kem/mceliece6960119f/ref/controlbits.c.o
[391/674] Building C object CMakeFiles/nextssl.dir/src/pqc/kem/mceliece6960119f/ref/encrypt.c.o
[392/674] Building C object CMakeFiles/nextssl.dir/src/pqc/kem/mceliece6960119f/ref/gf.c.o
[393/674] Building C object CMakeFiles/nextssl.dir/src/pqc/kem/mceliece6960119/ref/benes.c.o
[394/674] Building C object CMakeFiles/nextssl.dir/src/pqc/kem/mceliece6960119f/ref/operations.c.o
[395/674] Building C object CMakeFiles/nextssl.dir/src/pqc/kem/mceliece6960119f/ref/root.c.o
[396/674] Building C object CMakeFiles/nextssl.dir/src/pqc/kem/mceliece6960119f/ref/synd.c.o
[397/674] Building C object CMakeFiles/nextssl.dir/src/pqc/kem/mceliece8192128/ref/aes256ctr.c.o
[398/674] Building C object CMakeFiles/nextssl.dir/src/pqc/kem/mceliece6960119f/ref/sk_gen.c.o
[399/674] Building C object CMakeFiles/nextssl.dir/src/pqc/kem/mceliece6960119f/ref/util.c.o
[400/674] Building C object CMakeFiles/nextssl.dir/src/pqc/kem/mceliece6960119f/ref/transpose.c.o
[401/674] Building C object CMakeFiles/nextssl.dir/src/pqc/kem/mceliece8192128/ref/bm.c.o
[402/674] Building C object CMakeFiles/nextssl.dir/src/pqc/kem/mceliece6960119f/ref/pk_gen.c.o
[403/674] Building C object CMakeFiles/nextssl.dir/src/pqc/kem/mceliece8192128/ref/crypto_int16.c.o
[404/674] Building C object CMakeFiles/nextssl.dir/src/pqc/kem/mceliece8192128/ref/crypto_uint16.c.o
[405/674] Building C object CMakeFiles/nextssl.dir/src/pqc/kem/mceliece8192128/ref/crypto_int32.c.o
[406/674] Building C object CMakeFiles/nextssl.dir/src/pqc/kem/mceliece8192128/ref/crypto_uint64.c.o
[407/674] Building C object CMakeFiles/nextssl.dir/src/pqc/kem/mceliece8192128/ref/crypto_uint32.c.o
[408/674] Building C object CMakeFiles/nextssl.dir/src/pqc/kem/mceliece8192128/ref/controlbits.c.o
[409/674] Building C object CMakeFiles/nextssl.dir/src/pqc/kem/mceliece8192128/ref/decrypt.c.o
[410/674] Building C object CMakeFiles/nextssl.dir/src/pqc/kem/mceliece8192128/ref/operations.c.o
[411/674] Building C object CMakeFiles/nextssl.dir/src/pqc/kem/mceliece8192128/ref/root.c.o
[412/674] Building C object CMakeFiles/nextssl.dir/src/pqc/kem/mceliece8192128/ref/encrypt.c.o
[413/674] Building C object CMakeFiles/nextssl.dir/src/pqc/kem/mceliece8192128/ref/sk_gen.c.o
[414/674] Building C object CMakeFiles/nextssl.dir/src/pqc/kem/mceliece8192128/ref/pk_gen.c.o
[415/674] Building C object CMakeFiles/nextssl.dir/src/pqc/kem/mceliece8192128/ref/synd.c.o
[416/674] Building C object CMakeFiles/nextssl.dir/src/pqc/kem/mceliece8192128/ref/gf.c.o
[417/674] Building C object CMakeFiles/nextssl.dir/src/pqc/kem/mceliece8192128f/ref/aes256ctr.c.o
[418/674] Building C object CMakeFiles/nextssl.dir/src/pqc/kem/mceliece6960119f/ref/benes.c.o
[419/674] Building C object CMakeFiles/nextssl.dir/src/pqc/kem/mceliece8192128/ref/util.c.o
[420/674] Building C object CMakeFiles/nextssl.dir/src/pqc/kem/mceliece8192128/ref/transpose.c.o
[421/674] Building C object CMakeFiles/nextssl.dir/src/pqc/kem/mceliece8192128f/ref/bm.c.o
[422/674] Building C object CMakeFiles/nextssl.dir/src/pqc/kem/mceliece8192128f/ref/crypto_int16.c.o
[423/674] Building C object CMakeFiles/nextssl.dir/src/pqc/kem/mceliece8192128f/ref/crypto_int32.c.o
[424/674] Building C object CMakeFiles/nextssl.dir/src/pqc/kem/mceliece8192128f/ref/crypto_uint32.c.o
[425/674] Building C object CMakeFiles/nextssl.dir/src/pqc/kem/mceliece8192128f/ref/crypto_uint16.c.o
[426/674] Building C object CMakeFiles/nextssl.dir/src/pqc/kem/mceliece8192128f/ref/crypto_uint64.c.o
[427/674] Building C object CMakeFiles/nextssl.dir/src/pqc/kem/mceliece8192128f/ref/decrypt.c.o
[428/674] Building C object CMakeFiles/nextssl.dir/src/pqc/kem/mceliece8192128f/ref/gf.c.o
[429/674] Building C object CMakeFiles/nextssl.dir/src/pqc/kem/mceliece8192128f/ref/encrypt.c.o
[430/674] Building C object CMakeFiles/nextssl.dir/src/pqc/kem/mceliece8192128f/ref/controlbits.c.o
[431/674] Building C object CMakeFiles/nextssl.dir/src/pqc/kem/mceliece8192128f/ref/operations.c.o
[432/674] Building C object CMakeFiles/nextssl.dir/src/pqc/kem/mceliece8192128/ref/benes.c.o
[433/674] Building C object CMakeFiles/nextssl.dir/src/pqc/kem/mceliece8192128f/ref/root.c.o
[434/674] Building C object CMakeFiles/nextssl.dir/src/pqc/kem/mceliece8192128f/ref/sk_gen.c.o
[435/674] Building C object CMakeFiles/nextssl.dir/src/pqc/kem/mceliece8192128f/ref/util.c.o
[436/674] Building C object CMakeFiles/nextssl.dir/src/pqc/kem/mceliece8192128f/ref/synd.c.o
[437/674] Building C object CMakeFiles/nextssl.dir/src/pqc/kem/mceliece8192128f/ref/pk_gen.c.o
[438/674] Building C object CMakeFiles/nextssl.dir/src/pqc/kem/mceliece8192128f/ref/transpose.c.o
[439/674] Building C object CMakeFiles/nextssl.dir/src/pqc/kem/ml-kem-1024/ref/cbd.c.o
[440/674] Building C object CMakeFiles/nextssl.dir/src/pqc/kem/ml-kem-1024/ref/kem.c.o
[441/674] Building C object CMakeFiles/nextssl.dir/src/pqc/kem/ml-kem-1024/ref/indcpa.c.o
[442/674] Building C object CMakeFiles/nextssl.dir/src/pqc/kem/ml-kem-1024/ref/ntt.c.o
[443/674] Building C object CMakeFiles/nextssl.dir/src/pqc/kem/ml-kem-1024/ref/reduce.c.o
[444/674] Building C object CMakeFiles/nextssl.dir/src/pqc/kem/ml-kem-1024/ref/polyvec.c.o
[445/674] Building C object CMakeFiles/nextssl.dir/src/pqc/kem/ml-kem-1024/ref/poly.c.o
[446/674] Building C object CMakeFiles/nextssl.dir/src/pqc/kem/ml-kem-1024/ref/symmetric-shake.c.o
[447/674] Building C object CMakeFiles/nextssl.dir/src/pqc/kem/ml-kem-1024/ref/verify.c.o
[448/674] Building C object CMakeFiles/nextssl.dir/src/pqc/kem/ml-kem-512/ref/cbd.c.o
[449/674] Building C object CMakeFiles/nextssl.dir/src/pqc/kem/ml-kem-512/ref/indcpa.c.o
[450/674] Building C object CMakeFiles/nextssl.dir/src/pqc/kem/ml-kem-512/ref/reduce.c.o
[451/674] Building C object CMakeFiles/nextssl.dir/src/pqc/kem/ml-kem-512/ref/kem.c.o
[452/674] Building C object CMakeFiles/nextssl.dir/src/pqc/kem/ml-kem-512/ref/symmetric-shake.c.o
[453/674] Building C object CMakeFiles/nextssl.dir/src/pqc/kem/ml-kem-512/ref/verify.c.o
[454/674] Building C object CMakeFiles/nextssl.dir/src/pqc/kem/ml-kem-512/ref/poly.c.o
[455/674] Building C object CMakeFiles/nextssl.dir/src/pqc/kem/ml-kem-512/ref/polyvec.c.o
[456/674] Building C object CMakeFiles/nextssl.dir/src/pqc/kem/ml-kem-768/ref/cbd.c.o
[457/674] Building C object CMakeFiles/nextssl.dir/src/pqc/kem/ml-kem-512/ref/ntt.c.o
[458/674] Building C object CMakeFiles/nextssl.dir/src/pqc/kem/ml-kem-768/ref/kem.c.o
[459/674] Building C object CMakeFiles/nextssl.dir/src/pqc/kem/mceliece8192128f/ref/benes.c.o
[460/674] Building C object CMakeFiles/nextssl.dir/src/pqc/kem/ml-kem-768/ref/reduce.c.o
[461/674] Building C object CMakeFiles/nextssl.dir/src/pqc/kem/ml-kem-768/ref/verify.c.o
[462/674] Building C object CMakeFiles/nextssl.dir/src/pqc/kem/ml-kem-768/ref/indcpa.c.o
[463/674] Building C object CMakeFiles/nextssl.dir/src/pqc/kem/ml-kem-768/ref/symmetric-shake.c.o
[464/674] Building C object CMakeFiles/nextssl.dir/src/pqc/kem/ml-kem-768/ref/ntt.c.o
[465/674] Building C object CMakeFiles/nextssl.dir/src/pqc/kem/ml-kem-768/ref/polyvec.c.o
[466/674] Building C object CMakeFiles/nextssl.dir/src/pqc/kem/ml-kem-768/ref/poly.c.o
[467/674] Building C object CMakeFiles/nextssl.dir/src/pqc/sign/falcon-1024/ref/common.c.o
[468/674] Building C object CMakeFiles/nextssl.dir/src/pqc/sign/falcon-1024/ref/codec.c.o
[469/674] Building C object CMakeFiles/nextssl.dir/src/pqc/sign/falcon-1024/ref/falcon_wrap.c.o
[470/674] Building C object CMakeFiles/nextssl.dir/src/pqc/pqc_main.c.o
[471/674] Building C object CMakeFiles/nextssl.dir/src/pqc/sign/falcon-1024/ref/fpr.c.o
[472/674] Building C object CMakeFiles/nextssl.dir/src/pqc/sign/falcon-1024/ref/rng.c.o
[473/674] Building C object CMakeFiles/nextssl.dir/src/pqc/sign/falcon-1024/ref/fft.c.o
[474/674] Building C object CMakeFiles/nextssl.dir/src/pqc/sign/falcon-512/ref/codec.c.o
[475/674] Building C object CMakeFiles/nextssl.dir/src/pqc/sign/falcon-512/ref/common.c.o
[476/674] Building C object CMakeFiles/nextssl.dir/src/pqc/sign/falcon-512/ref/falcon_wrap.c.o
[477/674] Building C object CMakeFiles/nextssl.dir/src/pqc/sign/falcon-1024/ref/sign.c.o
[478/674] Building C object CMakeFiles/nextssl.dir/src/pqc/sign/falcon-1024/ref/vrfy.c.o
[479/674] Building C object CMakeFiles/nextssl.dir/src/pqc/sign/falcon-512/ref/fft.c.o
[480/674] Building C object CMakeFiles/nextssl.dir/src/pqc/sign/falcon-512/ref/rng.c.o
[481/674] Building C object CMakeFiles/nextssl.dir/src/pqc/sign/falcon-512/ref/fpr.c.o
[482/674] Building C object CMakeFiles/nextssl.dir/src/pqc/sign/falcon-padded-1024/ref/common.c.o
[483/674] Building C object CMakeFiles/nextssl.dir/src/pqc/sign/falcon-padded-1024/ref/codec.c.o
[484/674] Building C object CMakeFiles/nextssl.dir/src/pqc/sign/falcon-512/ref/vrfy.c.o
[485/674] Building C object CMakeFiles/nextssl.dir/src/pqc/sign/falcon-padded-1024/ref/falcon_wrap.c.o
[486/674] Building C object CMakeFiles/nextssl.dir/src/pqc/sign/falcon-512/ref/sign.c.o
[487/674] Building C object CMakeFiles/nextssl.dir/src/pqc/sign/falcon-padded-1024/ref/fft.c.o
[488/674] Building C object CMakeFiles/nextssl.dir/src/pqc/sign/falcon-padded-1024/ref/fpr.c.o
[489/674] Building C object CMakeFiles/nextssl.dir/src/pqc/sign/falcon-padded-1024/ref/rng.c.o
[490/674] Building C object CMakeFiles/nextssl.dir/src/pqc/sign/falcon-padded-1024/ref/vrfy.c.o
[491/674] Building C object CMakeFiles/nextssl.dir/src/pqc/sign/falcon-padded-512/ref/common.c.o
[492/674] Building C object CMakeFiles/nextssl.dir/src/pqc/sign/falcon-padded-512/ref/codec.c.o
[493/674] Building C object CMakeFiles/nextssl.dir/src/pqc/sign/falcon-padded-1024/ref/sign.c.o
[494/674] Building C object CMakeFiles/nextssl.dir/src/pqc/sign/falcon-padded-512/ref/falcon_wrap.c.o
[495/674] Building C object CMakeFiles/nextssl.dir/src/pqc/sign/falcon-padded-512/ref/fpr.c.o
[496/674] Building C object CMakeFiles/nextssl.dir/src/pqc/sign/falcon-padded-512/ref/fft.c.o
[497/674] Building C object CMakeFiles/nextssl.dir/src/pqc/sign/falcon-padded-512/ref/rng.c.o
[498/674] Building C object CMakeFiles/nextssl.dir/src/pqc/sign/falcon-padded-512/ref/sign.c.o
[499/674] Building C object CMakeFiles/nextssl.dir/src/pqc/sign/ml-dsa-44/ref/ntt.c.o
[500/674] Building C object CMakeFiles/nextssl.dir/src/pqc/sign/ml-dsa-44/ref/packing.c.o
[501/674] Building C object CMakeFiles/nextssl.dir/src/pqc/sign/falcon-padded-512/ref/vrfy.c.o
[502/674] Building C object CMakeFiles/nextssl.dir/src/pqc/sign/ml-dsa-44/ref/poly.c.o
[503/674] Building C object CMakeFiles/nextssl.dir/src/pqc/sign/ml-dsa-44/ref/polyvec.c.o
[504/674] Building C object CMakeFiles/nextssl.dir/src/pqc/sign/ml-dsa-44/ref/reduce.c.o
[505/674] Building C object CMakeFiles/nextssl.dir/src/pqc/sign/ml-dsa-44/ref/rounding.c.o
[506/674] Building C object CMakeFiles/nextssl.dir/src/pqc/sign/ml-dsa-44/ref/sign.c.o
[507/674] Building C object CMakeFiles/nextssl.dir/src/pqc/sign/ml-dsa-44/ref/symmetric-shake.c.o
[508/674] Building C object CMakeFiles/nextssl.dir/src/pqc/sign/falcon-1024/ref/keygen.c.o
[509/674] Building C object CMakeFiles/nextssl.dir/src/pqc/sign/ml-dsa-65/ref/ntt.c.o
[510/674] Building C object CMakeFiles/nextssl.dir/src/pqc/sign/ml-dsa-65/ref/polyvec.c.o
[511/674] Building C object CMakeFiles/nextssl.dir/src/pqc/sign/ml-dsa-65/ref/reduce.c.o
[512/674] Building C object CMakeFiles/nextssl.dir/src/pqc/sign/ml-dsa-65/ref/rounding.c.o
[513/674] Building C object CMakeFiles/nextssl.dir/src/pqc/sign/ml-dsa-65/ref/packing.c.o
[514/674] Building C object CMakeFiles/nextssl.dir/src/pqc/sign/ml-dsa-65/ref/poly.c.o
[515/674] Building C object CMakeFiles/nextssl.dir/src/pqc/sign/ml-dsa-65/ref/symmetric-shake.c.o
[516/674] Building C object CMakeFiles/nextssl.dir/src/pqc/sign/ml-dsa-87/ref/ntt.c.o
[517/674] Building C object CMakeFiles/nextssl.dir/src/pqc/sign/ml-dsa-65/ref/sign.c.o
[518/674] Building C object CMakeFiles/nextssl.dir/src/pqc/sign/ml-dsa-87/ref/polyvec.c.o
[519/674] Building C object CMakeFiles/nextssl.dir/src/pqc/sign/ml-dsa-87/ref/reduce.c.o
[520/674] Building C object CMakeFiles/nextssl.dir/src/pqc/sign/ml-dsa-87/ref/poly.c.o
[521/674] Building C object CMakeFiles/nextssl.dir/src/pqc/sign/ml-dsa-87/ref/packing.c.o
[522/674] Building C object CMakeFiles/nextssl.dir/src/pqc/sign/ml-dsa-87/ref/rounding.c.o
[523/674] Building C object CMakeFiles/nextssl.dir/src/pqc/sign/ml-dsa-87/ref/symmetric-shake.c.o
[524/674] Building C object CMakeFiles/nextssl.dir/src/pqc/sign/sphincs-sha2-128f-simple/ref/address.c.o
[525/674] Building C object CMakeFiles/nextssl.dir/src/pqc/sign/ml-dsa-87/ref/sign.c.o
[526/674] Building C object CMakeFiles/nextssl.dir/src/pqc/sign/sphincs-sha2-128f-simple/ref/context_sha2.c.o
[527/674] Building C object CMakeFiles/nextssl.dir/src/pqc/sign/sphincs-sha2-128f-simple/ref/merkle.c.o
[528/674] Building C object CMakeFiles/nextssl.dir/src/pqc/sign/sphincs-sha2-128f-simple/ref/hash_sha2.c.o
[529/674] Building C object CMakeFiles/nextssl.dir/src/pqc/sign/sphincs-sha2-128f-simple/ref/fors.c.o
[530/674] Building C object CMakeFiles/nextssl.dir/src/pqc/sign/sphincs-sha2-128f-simple/ref/sign.c.o
[531/674] Building C object CMakeFiles/nextssl.dir/src/pqc/sign/sphincs-sha2-128f-simple/ref/thash_sha2_simple.c.o
[532/674] Building C object CMakeFiles/nextssl.dir/src/pqc/sign/sphincs-sha2-128f-simple/ref/utilsx1.c.o
[533/674] Building C object CMakeFiles/nextssl.dir/src/pqc/sign/falcon-512/ref/keygen.c.o
[534/674] Building C object CMakeFiles/nextssl.dir/src/pqc/sign/sphincs-sha2-128f-simple/ref/utils.c.o
[535/674] Building C object CMakeFiles/nextssl.dir/src/pqc/sign/sphincs-sha2-128s-simple/ref/address.c.o
[536/674] Building C object CMakeFiles/nextssl.dir/src/pqc/sign/sphincs-sha2-128f-simple/ref/wots.c.o
[537/674] Building C object CMakeFiles/nextssl.dir/src/pqc/sign/sphincs-sha2-128s-simple/ref/context_sha2.c.o
[538/674] Building C object CMakeFiles/nextssl.dir/src/pqc/sign/sphincs-sha2-128f-simple/ref/wotsx1.c.o
[539/674] Building C object CMakeFiles/nextssl.dir/src/pqc/sign/sphincs-sha2-128s-simple/ref/merkle.c.o
[540/674] Building C object CMakeFiles/nextssl.dir/src/pqc/sign/sphincs-sha2-128s-simple/ref/fors.c.o
[541/674] Building C object CMakeFiles/nextssl.dir/src/pqc/sign/sphincs-sha2-128s-simple/ref/hash_sha2.c.o
[542/674] Building C object CMakeFiles/nextssl.dir/src/pqc/sign/sphincs-sha2-128s-simple/ref/thash_sha2_simple.c.o
[543/674] Building C object CMakeFiles/nextssl.dir/src/pqc/sign/sphincs-sha2-128s-simple/ref/sign.c.o
[544/674] Building C object CMakeFiles/nextssl.dir/src/pqc/sign/falcon-padded-512/ref/keygen.c.o
[545/674] Building C object CMakeFiles/nextssl.dir/src/pqc/sign/sphincs-sha2-128s-simple/ref/utilsx1.c.o
[546/674] Building C object CMakeFiles/nextssl.dir/src/pqc/sign/sphincs-sha2-128s-simple/ref/utils.c.o
[547/674] Building C object CMakeFiles/nextssl.dir/src/pqc/sign/sphincs-sha2-128s-simple/ref/wots.c.o
[548/674] Building C object CMakeFiles/nextssl.dir/src/pqc/sign/sphincs-sha2-192f-simple/ref/context_sha2.c.o
[549/674] Building C object CMakeFiles/nextssl.dir/src/pqc/sign/sphincs-sha2-192f-simple/ref/address.c.o
[550/674] Building C object CMakeFiles/nextssl.dir/src/pqc/sign/sphincs-sha2-192f-simple/ref/fors.c.o
[551/674] Building C object CMakeFiles/nextssl.dir/src/pqc/sign/sphincs-sha2-128s-simple/ref/wotsx1.c.o
[552/674] Building C object CMakeFiles/nextssl.dir/src/pqc/sign/sphincs-sha2-192f-simple/ref/merkle.c.o
[553/674] Building C object CMakeFiles/nextssl.dir/src/pqc/sign/sphincs-sha2-192f-simple/ref/utils.c.o
[554/674] Building C object CMakeFiles/nextssl.dir/src/pqc/sign/sphincs-sha2-192f-simple/ref/thash_sha2_simple.c.o
[555/674] Building C object CMakeFiles/nextssl.dir/src/pqc/sign/sphincs-sha2-192f-simple/ref/hash_sha2.c.o
[556/674] Building C object CMakeFiles/nextssl.dir/src/pqc/sign/sphincs-sha2-192f-simple/ref/sign.c.o
[557/674] Building C object CMakeFiles/nextssl.dir/src/pqc/sign/sphincs-sha2-192f-simple/ref/utilsx1.c.o
[558/674] Building C object CMakeFiles/nextssl.dir/src/pqc/sign/sphincs-sha2-192s-simple/ref/context_sha2.c.o
[559/674] Building C object CMakeFiles/nextssl.dir/src/pqc/sign/sphincs-sha2-192s-simple/ref/address.c.o
[560/674] Building C object CMakeFiles/nextssl.dir/src/pqc/sign/sphincs-sha2-192s-simple/ref/fors.c.o
[561/674] Building C object CMakeFiles/nextssl.dir/src/pqc/sign/sphincs-sha2-192f-simple/ref/wotsx1.c.o
[562/674] Building C object CMakeFiles/nextssl.dir/src/pqc/sign/sphincs-sha2-192f-simple/ref/wots.c.o
[563/674] Building C object CMakeFiles/nextssl.dir/src/pqc/sign/sphincs-sha2-192s-simple/ref/merkle.c.o
[564/674] Building C object CMakeFiles/nextssl.dir/src/pqc/sign/sphincs-sha2-192s-simple/ref/hash_sha2.c.o
[565/674] Building C object CMakeFiles/nextssl.dir/src/pqc/sign/sphincs-sha2-192s-simple/ref/thash_sha2_simple.c.o
[566/674] Building C object CMakeFiles/nextssl.dir/src/pqc/sign/sphincs-sha2-192s-simple/ref/sign.c.o
[567/674] Building C object CMakeFiles/nextssl.dir/src/pqc/sign/falcon-padded-1024/ref/keygen.c.o
[568/674] Building C object CMakeFiles/nextssl.dir/src/pqc/sign/sphincs-sha2-192s-simple/ref/utils.c.o
[569/674] Building C object CMakeFiles/nextssl.dir/src/pqc/sign/sphincs-sha2-256f-simple/ref/address.c.o
[570/674] Building C object CMakeFiles/nextssl.dir/src/pqc/sign/sphincs-sha2-256f-simple/ref/context_sha2.c.o
[571/674] Building C object CMakeFiles/nextssl.dir/src/pqc/sign/sphincs-sha2-192s-simple/ref/utilsx1.c.o
[572/674] Building C object CMakeFiles/nextssl.dir/src/pqc/sign/sphincs-sha2-192s-simple/ref/wotsx1.c.o
[573/674] Building C object CMakeFiles/nextssl.dir/src/pqc/sign/sphincs-sha2-256f-simple/ref/merkle.c.o
[574/674] Building C object CMakeFiles/nextssl.dir/src/pqc/sign/sphincs-sha2-256f-simple/ref/fors.c.o
[575/674] Building C object CMakeFiles/nextssl.dir/src/pqc/sign/sphincs-sha2-192s-simple/ref/wots.c.o
[576/674] Building C object CMakeFiles/nextssl.dir/src/pqc/sign/sphincs-sha2-256f-simple/ref/hash_sha2.c.o
[577/674] Building C object CMakeFiles/nextssl.dir/src/pqc/sign/sphincs-sha2-256f-simple/ref/thash_sha2_simple.c.o
[578/674] Building C object CMakeFiles/nextssl.dir/src/pqc/sign/sphincs-sha2-256f-simple/ref/utils.c.o
[579/674] Building C object CMakeFiles/nextssl.dir/src/pqc/sign/sphincs-sha2-256f-simple/ref/wotsx1.c.o
[580/674] Building C object CMakeFiles/nextssl.dir/src/pqc/sign/sphincs-sha2-256f-simple/ref/wots.c.o
[581/674] Building C object CMakeFiles/nextssl.dir/src/pqc/sign/sphincs-sha2-256f-simple/ref/utilsx1.c.o
[582/674] Building C object CMakeFiles/nextssl.dir/src/pqc/sign/sphincs-sha2-256f-simple/ref/sign.c.o
[583/674] Building C object CMakeFiles/nextssl.dir/src/pqc/sign/sphincs-sha2-256s-simple/ref/address.c.o
[584/674] Building C object CMakeFiles/nextssl.dir/src/pqc/sign/sphincs-sha2-256s-simple/ref/context_sha2.c.o
[585/674] Building C object CMakeFiles/nextssl.dir/src/pqc/sign/sphincs-sha2-256s-simple/ref/fors.c.o
[586/674] Building C object CMakeFiles/nextssl.dir/src/pqc/sign/sphincs-sha2-256s-simple/ref/hash_sha2.c.o
[587/674] Building C object CMakeFiles/nextssl.dir/src/pqc/sign/sphincs-sha2-256s-simple/ref/merkle.c.o
[588/674] Building C object CMakeFiles/nextssl.dir/src/pqc/sign/sphincs-sha2-256s-simple/ref/thash_sha2_simple.c.o
[589/674] Building C object CMakeFiles/nextssl.dir/src/pqc/sign/sphincs-sha2-256s-simple/ref/sign.c.o
[590/674] Building C object CMakeFiles/nextssl.dir/src/pqc/sign/sphincs-shake-128f-simple/ref/context_shake.c.o
[591/674] Building C object CMakeFiles/nextssl.dir/src/pqc/sign/sphincs-sha2-256s-simple/ref/utils.c.o
[592/674] Building C object CMakeFiles/nextssl.dir/src/pqc/sign/sphincs-sha2-256s-simple/ref/utilsx1.c.o
[593/674] Building C object CMakeFiles/nextssl.dir/src/pqc/sign/sphincs-shake-128f-simple/ref/address.c.o
[594/674] Building C object CMakeFiles/nextssl.dir/src/pqc/sign/sphincs-shake-128f-simple/ref/hash_shake.c.o
[595/674] Building C object CMakeFiles/nextssl.dir/src/pqc/sign/sphincs-sha2-256s-simple/ref/wotsx1.c.o
[596/674] Building C object CMakeFiles/nextssl.dir/src/pqc/sign/sphincs-shake-128f-simple/ref/fors.c.o
[597/674] Building C object CMakeFiles/nextssl.dir/src/pqc/sign/sphincs-sha2-256s-simple/ref/wots.c.o
[598/674] Building C object CMakeFiles/nextssl.dir/src/pqc/sign/sphincs-shake-128f-simple/ref/thash_shake_simple.c.o
[599/674] Building C object CMakeFiles/nextssl.dir/src/pqc/sign/sphincs-shake-128f-simple/ref/merkle.c.o
[600/674] Building C object CMakeFiles/nextssl.dir/src/pqc/sign/sphincs-shake-128f-simple/ref/sign.c.o
[601/674] Building C object CMakeFiles/nextssl.dir/src/pqc/sign/sphincs-shake-128f-simple/ref/utilsx1.c.o
[602/674] Building C object CMakeFiles/nextssl.dir/src/pqc/sign/sphincs-shake-128f-simple/ref/wotsx1.c.o
[603/674] Building C object CMakeFiles/nextssl.dir/src/pqc/sign/sphincs-shake-128s-simple/ref/context_shake.c.o
[604/674] Building C object CMakeFiles/nextssl.dir/src/pqc/sign/sphincs-shake-128f-simple/ref/wots.c.o
[605/674] Building C object CMakeFiles/nextssl.dir/src/pqc/sign/sphincs-shake-128f-simple/ref/utils.c.o
[606/674] Building C object CMakeFiles/nextssl.dir/src/pqc/sign/sphincs-shake-128s-simple/ref/hash_shake.c.o
[607/674] Building C object CMakeFiles/nextssl.dir/src/pqc/sign/sphincs-shake-128s-simple/ref/address.c.o
[608/674] Building C object CMakeFiles/nextssl.dir/src/pqc/sign/sphincs-shake-128s-simple/ref/merkle.c.o
[609/674] Building C object CMakeFiles/nextssl.dir/src/pqc/sign/sphincs-shake-128s-simple/ref/thash_shake_simple.c.o
[610/674] Building C object CMakeFiles/nextssl.dir/src/pqc/sign/sphincs-shake-128s-simple/ref/fors.c.o
[611/674] Building C object CMakeFiles/nextssl.dir/src/pqc/sign/sphincs-shake-128s-simple/ref/sign.c.o
[612/674] Building C object CMakeFiles/nextssl.dir/src/pqc/sign/sphincs-shake-128s-simple/ref/utils.c.o
[613/674] Building C object CMakeFiles/nextssl.dir/src/pqc/sign/sphincs-shake-128s-simple/ref/utilsx1.c.o
[614/674] Building C object CMakeFiles/nextssl.dir/src/pqc/sign/sphincs-shake-128s-simple/ref/wots.c.o
[615/674] Building C object CMakeFiles/nextssl.dir/src/pqc/sign/sphincs-shake-192f-simple/ref/context_shake.c.o
[616/674] Building C object CMakeFiles/nextssl.dir/src/pqc/sign/sphincs-shake-128s-simple/ref/wotsx1.c.o
[617/674] Building C object CMakeFiles/nextssl.dir/src/pqc/sign/sphincs-shake-192f-simple/ref/address.c.o
[618/674] Building C object CMakeFiles/nextssl.dir/src/pqc/sign/sphincs-shake-192f-simple/ref/fors.c.o
[619/674] Building C object CMakeFiles/nextssl.dir/src/pqc/sign/sphincs-shake-192f-simple/ref/hash_shake.c.o
[620/674] Building C object CMakeFiles/nextssl.dir/src/pqc/sign/sphincs-shake-192f-simple/ref/merkle.c.o
[621/674] Building C object CMakeFiles/nextssl.dir/src/pqc/sign/sphincs-shake-192f-simple/ref/utils.c.o
[622/674] Building C object CMakeFiles/nextssl.dir/src/pqc/sign/sphincs-shake-192f-simple/ref/thash_shake_simple.c.o
[623/674] Building C object CMakeFiles/nextssl.dir/src/pqc/sign/sphincs-shake-192f-simple/ref/utilsx1.c.o
[624/674] Building C object CMakeFiles/nextssl.dir/src/pqc/sign/sphincs-shake-192f-simple/ref/sign.c.o
[625/674] Building C object CMakeFiles/nextssl.dir/src/pqc/sign/sphincs-shake-192s-simple/ref/context_shake.c.o
[626/674] Building C object CMakeFiles/nextssl.dir/src/pqc/sign/sphincs-shake-192f-simple/ref/wotsx1.c.o
[627/674] Building C object CMakeFiles/nextssl.dir/src/pqc/sign/sphincs-shake-192f-simple/ref/wots.c.o
[628/674] Building C object CMakeFiles/nextssl.dir/src/pqc/sign/sphincs-shake-192s-simple/ref/address.c.o
[629/674] Building C object CMakeFiles/nextssl.dir/src/pqc/sign/sphincs-shake-192s-simple/ref/hash_shake.c.o
[630/674] Building C object CMakeFiles/nextssl.dir/src/pqc/sign/sphincs-shake-192s-simple/ref/merkle.c.o
[631/674] Building C object CMakeFiles/nextssl.dir/src/pqc/sign/sphincs-shake-192s-simple/ref/fors.c.o
[632/674] Building C object CMakeFiles/nextssl.dir/src/pqc/sign/sphincs-shake-192s-simple/ref/utils.c.o
[633/674] Building C object CMakeFiles/nextssl.dir/src/pqc/sign/sphincs-shake-192s-simple/ref/thash_shake_simple.c.o
[634/674] Building C object CMakeFiles/nextssl.dir/src/pqc/sign/sphincs-shake-192s-simple/ref/sign.c.o
[635/674] Building C object CMakeFiles/nextssl.dir/src/pqc/sign/sphincs-shake-192s-simple/ref/utilsx1.c.o
[636/674] Building C object CMakeFiles/nextssl.dir/src/pqc/sign/sphincs-shake-256f-simple/ref/context_shake.c.o
[637/674] Building C object CMakeFiles/nextssl.dir/src/pqc/sign/sphincs-shake-192s-simple/ref/wots.c.o
[638/674] Building C object CMakeFiles/nextssl.dir/src/pqc/sign/sphincs-shake-256f-simple/ref/hash_shake.c.o
[639/674] Building C object CMakeFiles/nextssl.dir/src/pqc/sign/sphincs-shake-256f-simple/ref/address.c.o
[640/674] Building C object CMakeFiles/nextssl.dir/src/pqc/sign/sphincs-shake-192s-simple/ref/wotsx1.c.o
[641/674] Building C object CMakeFiles/nextssl.dir/src/pqc/sign/sphincs-shake-256f-simple/ref/fors.c.o
[642/674] Building C object CMakeFiles/nextssl.dir/src/pqc/sign/sphincs-shake-256f-simple/ref/thash_shake_simple.c.o
[643/674] Building C object CMakeFiles/nextssl.dir/src/pqc/sign/sphincs-shake-256f-simple/ref/merkle.c.o
[644/674] Building C object CMakeFiles/nextssl.dir/src/pqc/sign/sphincs-shake-256f-simple/ref/wotsx1.c.o
[645/674] Building C object CMakeFiles/nextssl.dir/src/pqc/sign/sphincs-shake-256f-simple/ref/utilsx1.c.o
[646/674] Building C object CMakeFiles/nextssl.dir/src/pqc/sign/sphincs-shake-256f-simple/ref/wots.c.o
[647/674] Building C object CMakeFiles/nextssl.dir/src/pqc/sign/sphincs-shake-256f-simple/ref/sign.c.o
[648/674] Building C object CMakeFiles/nextssl.dir/src/pqc/sign/sphincs-shake-256f-simple/ref/utils.c.o
[649/674] Building C object CMakeFiles/nextssl.dir/src/pqc/sign/sphincs-shake-256s-simple/ref/context_shake.c.o
[650/674] Building C object CMakeFiles/nextssl.dir/src/pqc/sign/sphincs-shake-256s-simple/ref/address.c.o
[651/674] Building C object CMakeFiles/nextssl.dir/src/pqc/sign/sphincs-shake-256s-simple/ref/merkle.c.o
[652/674] Building C object CMakeFiles/nextssl.dir/src/pqc/sign/sphincs-shake-256s-simple/ref/thash_shake_simple.c.o
[653/674] Building C object CMakeFiles/nextssl.dir/src/pqc/sign/sphincs-shake-256s-simple/ref/hash_shake.c.o
[654/674] Building C object CMakeFiles/nextssl.dir/src/pqc/sign/sphincs-shake-256s-simple/ref/sign.c.o
[655/674] Building C object CMakeFiles/nextssl.dir/src/pqc/sign/sphincs-shake-256s-simple/ref/fors.c.o
[656/674] Building C object CMakeFiles/nextssl.dir/src/pqc/sign/sphincs-shake-256s-simple/ref/utilsx1.c.o
[657/674] Building C object CMakeFiles/nextssl.dir/src/root/hash/root_hash.c.o
[658/674] Building C object CMakeFiles/nextssl.dir/src/pqc/sign/sphincs-shake-256s-simple/ref/wots.c.o
[659/674] Building C object CMakeFiles/nextssl.dir/src/pqc/sign/sphincs-shake-256s-simple/ref/utils.c.o
[660/674] Building C object CMakeFiles/nextssl.dir/src/pqc/sign/sphincs-shake-256s-simple/ref/wotsx1.c.o
[661/674] Building C object CMakeFiles/nextssl.dir/src/root/nextssl_init.c.o
[662/674] Building C object CMakeFiles/nextssl.dir/src/root/seed/root_seed.c.o
[663/674] Building C object CMakeFiles/nextssl.dir/src/root/hash/root_hash_record.c.o
[664/674] Building C object CMakeFiles/nextssl.dir/src/seed/hash/ctr_mode.c.o
[665/674] Building C object CMakeFiles/nextssl.dir/src/seed/hash/hash_ops.c.o
[666/674] Building C object CMakeFiles/nextssl.dir/src/seed/hash/hash_registry.c.o
[667/674] Building C object CMakeFiles/nextssl.dir/src/root/pow/root_pow.c.o
[668/674] Building C object CMakeFiles/nextssl.dir/src/root/pqc/root_pqc.c.o
[669/674] Building C object CMakeFiles/nextssl.dir/src/seed/random/seed_derive_random.c.o
[670/674] Building C object CMakeFiles/nextssl.dir/src/seed/hash/seed_core.c.o
[671/674] Building C object CMakeFiles/nextssl.dir/src/seed/random/entropy.c.o
[672/674] Building C object CMakeFiles/nextssl.dir/src/seed/udbf/udbf.c.o
[673/674] Building C object CMakeFiles/nextssl.dir/src/root/modern/root_modern.c.o
[674/674] Linking C shared library /home/runner/work/NextSSL/NextSSL/bin/android/armeabi-v7a/libnextssl.so

==============================================================================
CMD: cmake --build /home/runner/work/NextSSL/NextSSL/.ci_build/android/armeabi-v7a --parallel 6
CWD: /home/runner/work/NextSSL/NextSSL
==============================================================================

