Get:1 file:/etc/apt/apt-mirrors.txt Mirrorlist [144 B]
Hit:2 http://azure.archive.ubuntu.com/ubuntu noble InRelease
Get:3 http://azure.archive.ubuntu.com/ubuntu noble-updates InRelease [126 kB]
Get:4 http://azure.archive.ubuntu.com/ubuntu noble-backports InRelease [126 kB]
Get:5 http://azure.archive.ubuntu.com/ubuntu noble-security InRelease [126 kB]
Get:6 https://dl.google.com/linux/chrome-stable/deb stable InRelease [1825 B]
Hit:7 https://packages.microsoft.com/repos/azure-cli noble InRelease
Get:8 https://packages.microsoft.com/ubuntu/24.04/prod noble InRelease [3600 B]
Get:9 http://azure.archive.ubuntu.com/ubuntu noble-updates/main amd64 Packages [1946 kB]
Get:10 http://azure.archive.ubuntu.com/ubuntu noble-updates/main Translation-en [348 kB]
Get:11 http://azure.archive.ubuntu.com/ubuntu noble-updates/main amd64 Components [177 kB]
Get:12 http://azure.archive.ubuntu.com/ubuntu noble-updates/main amd64 c-n-f Metadata [17.1 kB]
Get:13 http://azure.archive.ubuntu.com/ubuntu noble-updates/universe amd64 Packages [1685 kB]
Get:14 http://azure.archive.ubuntu.com/ubuntu noble-updates/universe Translation-en [324 kB]
Get:15 http://azure.archive.ubuntu.com/ubuntu noble-updates/universe amd64 Components [386 kB]
Get:16 http://azure.archive.ubuntu.com/ubuntu noble-updates/universe amd64 c-n-f Metadata [34.5 kB]
Get:17 http://azure.archive.ubuntu.com/ubuntu noble-updates/restricted amd64 Packages [3095 kB]
Get:18 http://azure.archive.ubuntu.com/ubuntu noble-updates/restricted Translation-en [715 kB]
Get:19 http://azure.archive.ubuntu.com/ubuntu noble-updates/restricted amd64 Components [212 B]
Get:20 http://azure.archive.ubuntu.com/ubuntu noble-updates/restricted amd64 c-n-f Metadata [480 B]
Get:21 http://azure.archive.ubuntu.com/ubuntu noble-updates/multiverse amd64 Packages [44.4 kB]
Get:22 http://azure.archive.ubuntu.com/ubuntu noble-updates/multiverse Translation-en [10.2 kB]
Get:23 http://azure.archive.ubuntu.com/ubuntu noble-updates/multiverse amd64 Components [940 B]
Get:24 http://azure.archive.ubuntu.com/ubuntu noble-updates/multiverse amd64 c-n-f Metadata [656 B]
Get:25 http://azure.archive.ubuntu.com/ubuntu noble-backports/main amd64 Packages [40.6 kB]
Get:26 http://azure.archive.ubuntu.com/ubuntu noble-backports/main Translation-en [9172 B]
Get:27 http://azure.archive.ubuntu.com/ubuntu noble-backports/main amd64 Components [7368 B]
Get:28 http://azure.archive.ubuntu.com/ubuntu noble-backports/universe amd64 Packages [30.6 kB]
Get:29 http://azure.archive.ubuntu.com/ubuntu noble-backports/universe Translation-en [18.2 kB]
Get:30 http://azure.archive.ubuntu.com/ubuntu noble-backports/universe amd64 Components [10.5 kB]
Get:31 http://azure.archive.ubuntu.com/ubuntu noble-backports/universe amd64 c-n-f Metadata [1484 B]
Get:32 http://azure.archive.ubuntu.com/ubuntu noble-backports/restricted amd64 Components [212 B]
Get:33 http://azure.archive.ubuntu.com/ubuntu noble-backports/multiverse amd64 Packages [748 B]
Get:34 http://azure.archive.ubuntu.com/ubuntu noble-backports/multiverse amd64 Components [212 B]
Get:35 http://azure.archive.ubuntu.com/ubuntu noble-security/main amd64 Packages [1625 kB]
Get:36 http://azure.archive.ubuntu.com/ubuntu noble-security/main Translation-en [259 kB]
Get:37 http://azure.archive.ubuntu.com/ubuntu noble-security/main amd64 Components [21.9 kB]
Get:38 http://azure.archive.ubuntu.com/ubuntu noble-security/main amd64 c-n-f Metadata [11.0 kB]
Get:39 http://azure.archive.ubuntu.com/ubuntu noble-security/universe amd64 Packages [1182 kB]
Get:40 http://azure.archive.ubuntu.com/ubuntu noble-security/universe Translation-en [227 kB]
Get:41 http://azure.archive.ubuntu.com/ubuntu noble-security/universe amd64 Components [74.2 kB]
Get:42 http://azure.archive.ubuntu.com/ubuntu noble-security/universe amd64 c-n-f Metadata [23.1 kB]
Get:43 http://azure.archive.ubuntu.com/ubuntu noble-security/restricted amd64 Packages [2844 kB]
Get:44 http://azure.archive.ubuntu.com/ubuntu noble-security/restricted Translation-en [666 kB]
Get:45 http://azure.archive.ubuntu.com/ubuntu noble-security/restricted amd64 Components [212 B]
Get:46 http://azure.archive.ubuntu.com/ubuntu noble-security/multiverse amd64 Packages [28.8 kB]
Get:47 http://azure.archive.ubuntu.com/ubuntu noble-security/multiverse Translation-en [7172 B]
Get:48 http://azure.archive.ubuntu.com/ubuntu noble-security/multiverse amd64 Components [208 B]
Get:49 https://dl.google.com/linux/chrome-stable/deb stable/main amd64 Packages [1219 B]
Get:50 https://packages.microsoft.com/ubuntu/24.04/prod noble/main amd64 Packages [130 kB]
Get:51 https://packages.microsoft.com/ubuntu/24.04/prod noble/main armhf Packages [11.6 kB]
Get:52 https://packages.microsoft.com/ubuntu/24.04/prod noble/main arm64 Packages [105 kB]
Fetched 16.5 MB in 2s (9106 kB/s)
Reading package lists...
Reading package lists...
Building dependency tree...
Reading state information...
E: Unable to locate package zig
