2026-03-01 03:39:04,149 - INFO - Successfully built aes_modes
2026-03-01 03:39:04,676 - INFO - Successfully built aes_aead
2026-03-01 03:39:04,999 - INFO - Successfully built stream_aead
2026-03-01 03:39:06,165 - INFO - Successfully built macs
2026-03-01 03:39:07,619 - INFO - Successfully built ecc
2026-03-01 03:39:07,620 - INFO - [PASS] WASM present: /home/runner/work/NextSSL/NextSSL/bin/web/partial/core/aes_aead.wasm
2026-03-01 03:39:07,620 - INFO - [PASS] WASM present: /home/runner/work/NextSSL/NextSSL/bin/web/partial/core/aes_modes.wasm
2026-03-01 03:39:07,620 - INFO - [PASS] WASM present: /home/runner/work/NextSSL/NextSSL/bin/web/partial/core/ecc.wasm
2026-03-01 03:39:07,620 - INFO - [PASS] WASM present: /home/runner/work/NextSSL/NextSSL/bin/web/partial/core/macs.wasm
2026-03-01 03:39:07,620 - INFO - [PASS] WASM present: /home/runner/work/NextSSL/NextSSL/bin/web/partial/core/stream_aead.wasm
2026-03-01 03:39:07,628 - INFO - [PASS] WASM execute ok: /home/runner/work/NextSSL/NextSSL/bin/web/partial/core/aes_aead.wasm
2026-03-01 03:39:07,634 - INFO - [PASS] WASM execute ok: /home/runner/work/NextSSL/NextSSL/bin/web/partial/core/aes_modes.wasm
2026-03-01 03:39:07,640 - INFO - [PASS] WASM execute ok: /home/runner/work/NextSSL/NextSSL/bin/web/partial/core/ecc.wasm
2026-03-01 03:39:07,646 - INFO - [PASS] WASM execute ok: /home/runner/work/NextSSL/NextSSL/bin/web/partial/core/macs.wasm
2026-03-01 03:39:07,653 - INFO - [PASS] WASM execute ok: /home/runner/work/NextSSL/NextSSL/bin/web/partial/core/stream_aead.wasm
2026-03-01 23:09:39,940 - INFO - Successfully built aes_modes
2026-03-01 23:09:40,458 - INFO - Successfully built aes_aead
2026-03-01 23:09:40,783 - INFO - Successfully built stream_aead
2026-03-01 23:09:41,955 - INFO - Successfully built macs
2026-03-01 23:09:43,381 - INFO - Successfully built ecc
2026-03-01 23:09:43,382 - INFO - [PASS] WASM present: /home/runner/work/NextSSL/NextSSL/bin/web/partial/core/aes_aead.wasm
2026-03-01 23:09:43,382 - INFO - [PASS] WASM present: /home/runner/work/NextSSL/NextSSL/bin/web/partial/core/aes_modes.wasm
2026-03-01 23:09:43,382 - INFO - [PASS] WASM present: /home/runner/work/NextSSL/NextSSL/bin/web/partial/core/ecc.wasm
2026-03-01 23:09:43,382 - INFO - [PASS] WASM present: /home/runner/work/NextSSL/NextSSL/bin/web/partial/core/macs.wasm
2026-03-01 23:09:43,382 - INFO - [PASS] WASM present: /home/runner/work/NextSSL/NextSSL/bin/web/partial/core/stream_aead.wasm
2026-03-01 23:09:43,390 - INFO - [PASS] WASM execute ok: /home/runner/work/NextSSL/NextSSL/bin/web/partial/core/aes_aead.wasm
2026-03-01 23:09:43,396 - INFO - [PASS] WASM execute ok: /home/runner/work/NextSSL/NextSSL/bin/web/partial/core/aes_modes.wasm
2026-03-01 23:09:43,401 - INFO - [PASS] WASM execute ok: /home/runner/work/NextSSL/NextSSL/bin/web/partial/core/ecc.wasm
2026-03-01 23:09:43,407 - INFO - [PASS] WASM execute ok: /home/runner/work/NextSSL/NextSSL/bin/web/partial/core/macs.wasm
2026-03-01 23:09:43,414 - INFO - [PASS] WASM execute ok: /home/runner/work/NextSSL/NextSSL/bin/web/partial/core/stream_aead.wasm
2026-03-02 19:34:34,930 - INFO - Successfully built aes_modes
2026-03-02 19:34:35,464 - INFO - Successfully built aes_aead
2026-03-02 19:34:35,790 - INFO - Successfully built stream_aead
2026-03-02 19:34:36,955 - INFO - Successfully built macs
2026-03-02 19:34:38,401 - INFO - Successfully built ecc
2026-03-02 19:34:38,402 - INFO - [PASS] WASM present: /home/runner/work/NextSSL/NextSSL/bin/web/partial/core/aes_aead.wasm
2026-03-02 19:34:38,402 - INFO - [PASS] WASM present: /home/runner/work/NextSSL/NextSSL/bin/web/partial/core/aes_modes.wasm
2026-03-02 19:34:38,402 - INFO - [PASS] WASM present: /home/runner/work/NextSSL/NextSSL/bin/web/partial/core/ecc.wasm
2026-03-02 19:34:38,402 - INFO - [PASS] WASM present: /home/runner/work/NextSSL/NextSSL/bin/web/partial/core/macs.wasm
2026-03-02 19:34:38,402 - INFO - [PASS] WASM present: /home/runner/work/NextSSL/NextSSL/bin/web/partial/core/stream_aead.wasm
2026-03-02 19:34:38,410 - INFO - [PASS] WASM execute ok: /home/runner/work/NextSSL/NextSSL/bin/web/partial/core/aes_aead.wasm
2026-03-02 19:34:38,415 - INFO - [PASS] WASM execute ok: /home/runner/work/NextSSL/NextSSL/bin/web/partial/core/aes_modes.wasm
2026-03-02 19:34:38,421 - INFO - [PASS] WASM execute ok: /home/runner/work/NextSSL/NextSSL/bin/web/partial/core/ecc.wasm
2026-03-02 19:34:38,426 - INFO - [PASS] WASM execute ok: /home/runner/work/NextSSL/NextSSL/bin/web/partial/core/macs.wasm
2026-03-02 19:34:38,433 - INFO - [PASS] WASM execute ok: /home/runner/work/NextSSL/NextSSL/bin/web/partial/core/stream_aead.wasm
