2026-03-01 03:39:09,029 - INFO - Successfully built primitive_fast
2026-03-01 03:39:09,620 - INFO - Successfully built primitive_memory_hard
2026-03-01 03:39:10,105 - INFO - Successfully built primitive_sponge_xof
2026-03-01 03:39:11,120 - INFO - Successfully built legacy_alive
2026-03-01 03:39:11,828 - INFO - Successfully built legacy_unsafe
2026-03-01 03:39:11,829 - INFO - [PASS] WASM present: /home/runner/work/NextSSL/NextSSL/bin/web/partial/hash/legacy_alive.wasm
2026-03-01 03:39:11,829 - INFO - [PASS] WASM present: /home/runner/work/NextSSL/NextSSL/bin/web/partial/hash/legacy_unsafe.wasm
2026-03-01 03:39:11,829 - INFO - [PASS] WASM present: /home/runner/work/NextSSL/NextSSL/bin/web/partial/hash/primitive_fast.wasm
2026-03-01 03:39:11,829 - INFO - [PASS] WASM present: /home/runner/work/NextSSL/NextSSL/bin/web/partial/hash/primitive_memory_hard.wasm
2026-03-01 03:39:11,829 - INFO - [PASS] WASM present: /home/runner/work/NextSSL/NextSSL/bin/web/partial/hash/primitive_sponge_xof.wasm
2026-03-01 03:39:11,838 - INFO - [PASS] WASM execute ok: /home/runner/work/NextSSL/NextSSL/bin/web/partial/hash/legacy_alive.wasm
2026-03-01 03:39:11,846 - INFO - [PASS] WASM execute ok: /home/runner/work/NextSSL/NextSSL/bin/web/partial/hash/legacy_unsafe.wasm
2026-03-01 03:39:11,852 - INFO - [PASS] WASM execute ok: /home/runner/work/NextSSL/NextSSL/bin/web/partial/hash/primitive_fast.wasm
2026-03-01 03:39:11,858 - INFO - [PASS] WASM execute ok: /home/runner/work/NextSSL/NextSSL/bin/web/partial/hash/primitive_memory_hard.wasm
2026-03-01 03:39:11,863 - INFO - [PASS] WASM execute ok: /home/runner/work/NextSSL/NextSSL/bin/web/partial/hash/primitive_sponge_xof.wasm
2026-03-01 23:09:36,607 - INFO - Successfully built primitive_fast
2026-03-01 23:09:37,100 - INFO - Successfully built primitive_memory_hard
2026-03-01 23:09:37,510 - INFO - Successfully built primitive_sponge_xof
2026-03-01 23:09:38,088 - INFO - Successfully built legacy_alive
2026-03-01 23:09:38,675 - INFO - Successfully built legacy_unsafe
2026-03-01 23:09:38,676 - INFO - [PASS] WASM present: /home/runner/work/NextSSL/NextSSL/bin/web/partial/hash/legacy_alive.wasm
2026-03-01 23:09:38,676 - INFO - [PASS] WASM present: /home/runner/work/NextSSL/NextSSL/bin/web/partial/hash/legacy_unsafe.wasm
2026-03-01 23:09:38,676 - INFO - [PASS] WASM present: /home/runner/work/NextSSL/NextSSL/bin/web/partial/hash/primitive_fast.wasm
2026-03-01 23:09:38,676 - INFO - [PASS] WASM present: /home/runner/work/NextSSL/NextSSL/bin/web/partial/hash/primitive_memory_hard.wasm
2026-03-01 23:09:38,676 - INFO - [PASS] WASM present: /home/runner/work/NextSSL/NextSSL/bin/web/partial/hash/primitive_sponge_xof.wasm
2026-03-01 23:09:38,682 - INFO - [PASS] WASM execute ok: /home/runner/work/NextSSL/NextSSL/bin/web/partial/hash/legacy_alive.wasm
2026-03-01 23:09:38,688 - INFO - [PASS] WASM execute ok: /home/runner/work/NextSSL/NextSSL/bin/web/partial/hash/legacy_unsafe.wasm
2026-03-01 23:09:38,692 - INFO - [PASS] WASM execute ok: /home/runner/work/NextSSL/NextSSL/bin/web/partial/hash/primitive_fast.wasm
2026-03-01 23:09:38,695 - INFO - [PASS] WASM execute ok: /home/runner/work/NextSSL/NextSSL/bin/web/partial/hash/primitive_memory_hard.wasm
2026-03-01 23:09:38,699 - INFO - [PASS] WASM execute ok: /home/runner/work/NextSSL/NextSSL/bin/web/partial/hash/primitive_sponge_xof.wasm
2026-03-02 19:34:34,968 - INFO - Successfully built primitive_fast
2026-03-02 19:34:35,571 - INFO - Successfully built primitive_memory_hard
2026-03-02 19:34:36,061 - INFO - Successfully built primitive_sponge_xof
2026-03-02 19:34:36,748 - INFO - Successfully built legacy_alive
2026-03-02 19:34:37,421 - INFO - Successfully built legacy_unsafe
2026-03-02 19:34:37,422 - INFO - [PASS] WASM present: /home/runner/work/NextSSL/NextSSL/bin/web/partial/hash/legacy_alive.wasm
2026-03-02 19:34:37,422 - INFO - [PASS] WASM present: /home/runner/work/NextSSL/NextSSL/bin/web/partial/hash/legacy_unsafe.wasm
2026-03-02 19:34:37,422 - INFO - [PASS] WASM present: /home/runner/work/NextSSL/NextSSL/bin/web/partial/hash/primitive_fast.wasm
2026-03-02 19:34:37,422 - INFO - [PASS] WASM present: /home/runner/work/NextSSL/NextSSL/bin/web/partial/hash/primitive_memory_hard.wasm
2026-03-02 19:34:37,422 - INFO - [PASS] WASM present: /home/runner/work/NextSSL/NextSSL/bin/web/partial/hash/primitive_sponge_xof.wasm
2026-03-02 19:34:37,432 - INFO - [PASS] WASM execute ok: /home/runner/work/NextSSL/NextSSL/bin/web/partial/hash/legacy_alive.wasm
2026-03-02 19:34:37,439 - INFO - [PASS] WASM execute ok: /home/runner/work/NextSSL/NextSSL/bin/web/partial/hash/legacy_unsafe.wasm
2026-03-02 19:34:37,445 - INFO - [PASS] WASM execute ok: /home/runner/work/NextSSL/NextSSL/bin/web/partial/hash/primitive_fast.wasm
2026-03-02 19:34:37,451 - INFO - [PASS] WASM execute ok: /home/runner/work/NextSSL/NextSSL/bin/web/partial/hash/primitive_memory_hard.wasm
2026-03-02 19:34:37,456 - INFO - [PASS] WASM execute ok: /home/runner/work/NextSSL/NextSSL/bin/web/partial/hash/primitive_sponge_xof.wasm
