2026-03-01 03:39:08,078 - INFO - Successfully built primitive_fast
2026-03-01 03:39:09,376 - INFO - Successfully built primitive_fast
2026-03-01 03:39:10,726 - INFO - Successfully built primitive_fast
2026-03-01 03:39:11,595 - INFO - Successfully built primitive_memory_hard
2026-03-01 03:39:12,482 - INFO - Successfully built primitive_memory_hard
2026-03-01 03:39:13,423 - INFO - Successfully built primitive_memory_hard
2026-03-01 03:39:14,198 - INFO - Successfully built primitive_sponge_xof
2026-03-01 03:39:14,996 - INFO - Successfully built primitive_sponge_xof
2026-03-01 03:39:16,095 - INFO - Successfully built primitive_sponge_xof
2026-03-01 03:39:16,937 - INFO - Successfully built legacy_alive
2026-03-01 03:39:17,802 - INFO - Successfully built legacy_alive
2026-03-01 03:39:18,733 - INFO - Successfully built legacy_alive
2026-03-01 03:39:19,783 - INFO - Successfully built legacy_unsafe
2026-03-01 03:39:21,096 - INFO - Successfully built legacy_unsafe
2026-03-01 03:39:22,166 - INFO - Successfully built legacy_unsafe
2026-03-01 03:39:22,166 - INFO - [PASS] WASM present: /home/runner/work/NextSSL/NextSSL/bin/web/partial/pow/server/primitive_fast.wasm
2026-03-01 03:39:22,166 - INFO - [PASS] WASM present: /home/runner/work/NextSSL/NextSSL/bin/web/partial/pow/client/primitive_fast.wasm
2026-03-01 03:39:22,166 - INFO - [PASS] WASM present: /home/runner/work/NextSSL/NextSSL/bin/web/partial/pow/combined/primitive_fast.wasm
2026-03-01 03:39:22,166 - INFO - [PASS] WASM present: /home/runner/work/NextSSL/NextSSL/bin/web/partial/pow/server/primitive_memory_hard.wasm
2026-03-01 03:39:22,166 - INFO - [PASS] WASM present: /home/runner/work/NextSSL/NextSSL/bin/web/partial/pow/client/primitive_memory_hard.wasm
2026-03-01 03:39:22,166 - INFO - [PASS] WASM present: /home/runner/work/NextSSL/NextSSL/bin/web/partial/pow/combined/primitive_memory_hard.wasm
2026-03-01 03:39:22,167 - INFO - [PASS] WASM present: /home/runner/work/NextSSL/NextSSL/bin/web/partial/pow/server/primitive_sponge_xof.wasm
2026-03-01 03:39:22,167 - INFO - [PASS] WASM present: /home/runner/work/NextSSL/NextSSL/bin/web/partial/pow/client/primitive_sponge_xof.wasm
2026-03-01 03:39:22,167 - INFO - [PASS] WASM present: /home/runner/work/NextSSL/NextSSL/bin/web/partial/pow/combined/primitive_sponge_xof.wasm
2026-03-01 03:39:22,167 - INFO - [PASS] WASM present: /home/runner/work/NextSSL/NextSSL/bin/web/partial/pow/server/legacy_alive.wasm
2026-03-01 03:39:22,167 - INFO - [PASS] WASM present: /home/runner/work/NextSSL/NextSSL/bin/web/partial/pow/client/legacy_alive.wasm
2026-03-01 03:39:22,167 - INFO - [PASS] WASM present: /home/runner/work/NextSSL/NextSSL/bin/web/partial/pow/combined/legacy_alive.wasm
2026-03-01 03:39:22,167 - INFO - [PASS] WASM present: /home/runner/work/NextSSL/NextSSL/bin/web/partial/pow/server/legacy_unsafe.wasm
2026-03-01 03:39:22,167 - INFO - [PASS] WASM present: /home/runner/work/NextSSL/NextSSL/bin/web/partial/pow/client/legacy_unsafe.wasm
2026-03-01 03:39:22,167 - INFO - [PASS] WASM present: /home/runner/work/NextSSL/NextSSL/bin/web/partial/pow/combined/legacy_unsafe.wasm
2026-03-01 03:39:22,176 - INFO - [PASS] WASM execute ok: /home/runner/work/NextSSL/NextSSL/bin/web/partial/pow/server/primitive_fast.wasm
2026-03-01 03:39:22,182 - INFO - [PASS] WASM execute ok: /home/runner/work/NextSSL/NextSSL/bin/web/partial/pow/client/primitive_fast.wasm
2026-03-01 03:39:22,187 - INFO - [PASS] WASM execute ok: /home/runner/work/NextSSL/NextSSL/bin/web/partial/pow/combined/primitive_fast.wasm
2026-03-01 03:39:22,193 - INFO - [PASS] WASM execute ok: /home/runner/work/NextSSL/NextSSL/bin/web/partial/pow/server/primitive_memory_hard.wasm
2026-03-01 03:39:22,198 - INFO - [PASS] WASM execute ok: /home/runner/work/NextSSL/NextSSL/bin/web/partial/pow/client/primitive_memory_hard.wasm
2026-03-01 03:39:22,203 - INFO - [PASS] WASM execute ok: /home/runner/work/NextSSL/NextSSL/bin/web/partial/pow/combined/primitive_memory_hard.wasm
2026-03-01 03:39:22,208 - INFO - [PASS] WASM execute ok: /home/runner/work/NextSSL/NextSSL/bin/web/partial/pow/server/primitive_sponge_xof.wasm
2026-03-01 03:39:22,213 - INFO - [PASS] WASM execute ok: /home/runner/work/NextSSL/NextSSL/bin/web/partial/pow/client/primitive_sponge_xof.wasm
2026-03-01 03:39:22,219 - INFO - [PASS] WASM execute ok: /home/runner/work/NextSSL/NextSSL/bin/web/partial/pow/combined/primitive_sponge_xof.wasm
2026-03-01 03:39:22,224 - INFO - [PASS] WASM execute ok: /home/runner/work/NextSSL/NextSSL/bin/web/partial/pow/server/legacy_alive.wasm
2026-03-01 03:39:22,229 - INFO - [PASS] WASM execute ok: /home/runner/work/NextSSL/NextSSL/bin/web/partial/pow/client/legacy_alive.wasm
2026-03-01 03:39:22,234 - INFO - [PASS] WASM execute ok: /home/runner/work/NextSSL/NextSSL/bin/web/partial/pow/combined/legacy_alive.wasm
2026-03-01 03:39:22,239 - INFO - [PASS] WASM execute ok: /home/runner/work/NextSSL/NextSSL/bin/web/partial/pow/server/legacy_unsafe.wasm
2026-03-01 03:39:22,244 - INFO - [PASS] WASM execute ok: /home/runner/work/NextSSL/NextSSL/bin/web/partial/pow/client/legacy_unsafe.wasm
2026-03-01 03:39:22,250 - INFO - [PASS] WASM execute ok: /home/runner/work/NextSSL/NextSSL/bin/web/partial/pow/combined/legacy_unsafe.wasm
2026-03-01 23:09:36,442 - INFO - Successfully built primitive_fast
2026-03-01 23:09:37,748 - INFO - Successfully built primitive_fast
2026-03-01 23:09:39,108 - INFO - Successfully built primitive_fast
2026-03-01 23:09:39,997 - INFO - Successfully built primitive_memory_hard
2026-03-01 23:09:40,910 - INFO - Successfully built primitive_memory_hard
2026-03-01 23:09:41,876 - INFO - Successfully built primitive_memory_hard
2026-03-01 23:09:42,666 - INFO - Successfully built primitive_sponge_xof
2026-03-01 23:09:43,484 - INFO - Successfully built primitive_sponge_xof
2026-03-01 23:09:44,353 - INFO - Successfully built primitive_sponge_xof
2026-03-01 23:09:45,219 - INFO - Successfully built legacy_alive
2026-03-01 23:09:46,098 - INFO - Successfully built legacy_alive
2026-03-01 23:09:47,033 - INFO - Successfully built legacy_alive
2026-03-01 23:09:48,048 - INFO - Successfully built legacy_unsafe
2026-03-01 23:09:49,088 - INFO - Successfully built legacy_unsafe
2026-03-01 23:09:50,181 - INFO - Successfully built legacy_unsafe
2026-03-01 23:09:50,181 - INFO - [PASS] WASM present: /home/runner/work/NextSSL/NextSSL/bin/web/partial/pow/server/primitive_fast.wasm
2026-03-01 23:09:50,182 - INFO - [PASS] WASM present: /home/runner/work/NextSSL/NextSSL/bin/web/partial/pow/client/primitive_fast.wasm
2026-03-01 23:09:50,182 - INFO - [PASS] WASM present: /home/runner/work/NextSSL/NextSSL/bin/web/partial/pow/combined/primitive_fast.wasm
2026-03-01 23:09:50,182 - INFO - [PASS] WASM present: /home/runner/work/NextSSL/NextSSL/bin/web/partial/pow/server/primitive_memory_hard.wasm
2026-03-01 23:09:50,182 - INFO - [PASS] WASM present: /home/runner/work/NextSSL/NextSSL/bin/web/partial/pow/client/primitive_memory_hard.wasm
2026-03-01 23:09:50,182 - INFO - [PASS] WASM present: /home/runner/work/NextSSL/NextSSL/bin/web/partial/pow/combined/primitive_memory_hard.wasm
2026-03-01 23:09:50,182 - INFO - [PASS] WASM present: /home/runner/work/NextSSL/NextSSL/bin/web/partial/pow/server/primitive_sponge_xof.wasm
2026-03-01 23:09:50,182 - INFO - [PASS] WASM present: /home/runner/work/NextSSL/NextSSL/bin/web/partial/pow/client/primitive_sponge_xof.wasm
2026-03-01 23:09:50,182 - INFO - [PASS] WASM present: /home/runner/work/NextSSL/NextSSL/bin/web/partial/pow/combined/primitive_sponge_xof.wasm
2026-03-01 23:09:50,182 - INFO - [PASS] WASM present: /home/runner/work/NextSSL/NextSSL/bin/web/partial/pow/server/legacy_alive.wasm
2026-03-01 23:09:50,182 - INFO - [PASS] WASM present: /home/runner/work/NextSSL/NextSSL/bin/web/partial/pow/client/legacy_alive.wasm
2026-03-01 23:09:50,182 - INFO - [PASS] WASM present: /home/runner/work/NextSSL/NextSSL/bin/web/partial/pow/combined/legacy_alive.wasm
2026-03-01 23:09:50,182 - INFO - [PASS] WASM present: /home/runner/work/NextSSL/NextSSL/bin/web/partial/pow/server/legacy_unsafe.wasm
2026-03-01 23:09:50,182 - INFO - [PASS] WASM present: /home/runner/work/NextSSL/NextSSL/bin/web/partial/pow/client/legacy_unsafe.wasm
2026-03-01 23:09:50,183 - INFO - [PASS] WASM present: /home/runner/work/NextSSL/NextSSL/bin/web/partial/pow/combined/legacy_unsafe.wasm
2026-03-01 23:09:50,191 - INFO - [PASS] WASM execute ok: /home/runner/work/NextSSL/NextSSL/bin/web/partial/pow/server/primitive_fast.wasm
2026-03-01 23:09:50,197 - INFO - [PASS] WASM execute ok: /home/runner/work/NextSSL/NextSSL/bin/web/partial/pow/client/primitive_fast.wasm
2026-03-01 23:09:50,202 - INFO - [PASS] WASM execute ok: /home/runner/work/NextSSL/NextSSL/bin/web/partial/pow/combined/primitive_fast.wasm
2026-03-01 23:09:50,208 - INFO - [PASS] WASM execute ok: /home/runner/work/NextSSL/NextSSL/bin/web/partial/pow/server/primitive_memory_hard.wasm
2026-03-01 23:09:50,213 - INFO - [PASS] WASM execute ok: /home/runner/work/NextSSL/NextSSL/bin/web/partial/pow/client/primitive_memory_hard.wasm
2026-03-01 23:09:50,218 - INFO - [PASS] WASM execute ok: /home/runner/work/NextSSL/NextSSL/bin/web/partial/pow/combined/primitive_memory_hard.wasm
2026-03-01 23:09:50,223 - INFO - [PASS] WASM execute ok: /home/runner/work/NextSSL/NextSSL/bin/web/partial/pow/server/primitive_sponge_xof.wasm
2026-03-01 23:09:50,229 - INFO - [PASS] WASM execute ok: /home/runner/work/NextSSL/NextSSL/bin/web/partial/pow/client/primitive_sponge_xof.wasm
2026-03-01 23:09:50,234 - INFO - [PASS] WASM execute ok: /home/runner/work/NextSSL/NextSSL/bin/web/partial/pow/combined/primitive_sponge_xof.wasm
2026-03-01 23:09:50,239 - INFO - [PASS] WASM execute ok: /home/runner/work/NextSSL/NextSSL/bin/web/partial/pow/server/legacy_alive.wasm
2026-03-01 23:09:50,245 - INFO - [PASS] WASM execute ok: /home/runner/work/NextSSL/NextSSL/bin/web/partial/pow/client/legacy_alive.wasm
2026-03-01 23:09:50,250 - INFO - [PASS] WASM execute ok: /home/runner/work/NextSSL/NextSSL/bin/web/partial/pow/combined/legacy_alive.wasm
2026-03-01 23:09:50,256 - INFO - [PASS] WASM execute ok: /home/runner/work/NextSSL/NextSSL/bin/web/partial/pow/server/legacy_unsafe.wasm
2026-03-01 23:09:50,261 - INFO - [PASS] WASM execute ok: /home/runner/work/NextSSL/NextSSL/bin/web/partial/pow/client/legacy_unsafe.wasm
2026-03-01 23:09:50,266 - INFO - [PASS] WASM execute ok: /home/runner/work/NextSSL/NextSSL/bin/web/partial/pow/combined/legacy_unsafe.wasm
2026-03-02 19:34:32,810 - INFO - Successfully built primitive_fast
2026-03-02 19:34:34,097 - INFO - Successfully built primitive_fast
2026-03-02 19:34:35,431 - INFO - Successfully built primitive_fast
2026-03-02 19:34:36,302 - INFO - Successfully built primitive_memory_hard
2026-03-02 19:34:37,183 - INFO - Successfully built primitive_memory_hard
2026-03-02 19:34:38,121 - INFO - Successfully built primitive_memory_hard
2026-03-02 19:34:38,892 - INFO - Successfully built primitive_sponge_xof
2026-03-02 19:34:39,683 - INFO - Successfully built primitive_sponge_xof
2026-03-02 19:34:40,523 - INFO - Successfully built primitive_sponge_xof
2026-03-02 19:34:41,365 - INFO - Successfully built legacy_alive
2026-03-02 19:34:42,226 - INFO - Successfully built legacy_alive
2026-03-02 19:34:43,130 - INFO - Successfully built legacy_alive
2026-03-02 19:34:44,121 - INFO - Successfully built legacy_unsafe
2026-03-02 19:34:45,137 - INFO - Successfully built legacy_unsafe
2026-03-02 19:34:46,198 - INFO - Successfully built legacy_unsafe
2026-03-02 19:34:46,199 - INFO - [PASS] WASM present: /home/runner/work/NextSSL/NextSSL/bin/web/partial/pow/server/primitive_fast.wasm
2026-03-02 19:34:46,199 - INFO - [PASS] WASM present: /home/runner/work/NextSSL/NextSSL/bin/web/partial/pow/client/primitive_fast.wasm
2026-03-02 19:34:46,199 - INFO - [PASS] WASM present: /home/runner/work/NextSSL/NextSSL/bin/web/partial/pow/combined/primitive_fast.wasm
2026-03-02 19:34:46,199 - INFO - [PASS] WASM present: /home/runner/work/NextSSL/NextSSL/bin/web/partial/pow/server/primitive_memory_hard.wasm
2026-03-02 19:34:46,199 - INFO - [PASS] WASM present: /home/runner/work/NextSSL/NextSSL/bin/web/partial/pow/client/primitive_memory_hard.wasm
2026-03-02 19:34:46,199 - INFO - [PASS] WASM present: /home/runner/work/NextSSL/NextSSL/bin/web/partial/pow/combined/primitive_memory_hard.wasm
2026-03-02 19:34:46,199 - INFO - [PASS] WASM present: /home/runner/work/NextSSL/NextSSL/bin/web/partial/pow/server/primitive_sponge_xof.wasm
2026-03-02 19:34:46,199 - INFO - [PASS] WASM present: /home/runner/work/NextSSL/NextSSL/bin/web/partial/pow/client/primitive_sponge_xof.wasm
2026-03-02 19:34:46,199 - INFO - [PASS] WASM present: /home/runner/work/NextSSL/NextSSL/bin/web/partial/pow/combined/primitive_sponge_xof.wasm
2026-03-02 19:34:46,199 - INFO - [PASS] WASM present: /home/runner/work/NextSSL/NextSSL/bin/web/partial/pow/server/legacy_alive.wasm
2026-03-02 19:34:46,200 - INFO - [PASS] WASM present: /home/runner/work/NextSSL/NextSSL/bin/web/partial/pow/client/legacy_alive.wasm
2026-03-02 19:34:46,200 - INFO - [PASS] WASM present: /home/runner/work/NextSSL/NextSSL/bin/web/partial/pow/combined/legacy_alive.wasm
2026-03-02 19:34:46,200 - INFO - [PASS] WASM present: /home/runner/work/NextSSL/NextSSL/bin/web/partial/pow/server/legacy_unsafe.wasm
2026-03-02 19:34:46,200 - INFO - [PASS] WASM present: /home/runner/work/NextSSL/NextSSL/bin/web/partial/pow/client/legacy_unsafe.wasm
2026-03-02 19:34:46,200 - INFO - [PASS] WASM present: /home/runner/work/NextSSL/NextSSL/bin/web/partial/pow/combined/legacy_unsafe.wasm
2026-03-02 19:34:46,208 - INFO - [PASS] WASM execute ok: /home/runner/work/NextSSL/NextSSL/bin/web/partial/pow/server/primitive_fast.wasm
2026-03-02 19:34:46,214 - INFO - [PASS] WASM execute ok: /home/runner/work/NextSSL/NextSSL/bin/web/partial/pow/client/primitive_fast.wasm
2026-03-02 19:34:46,219 - INFO - [PASS] WASM execute ok: /home/runner/work/NextSSL/NextSSL/bin/web/partial/pow/combined/primitive_fast.wasm
2026-03-02 19:34:46,224 - INFO - [PASS] WASM execute ok: /home/runner/work/NextSSL/NextSSL/bin/web/partial/pow/server/primitive_memory_hard.wasm
2026-03-02 19:34:46,229 - INFO - [PASS] WASM execute ok: /home/runner/work/NextSSL/NextSSL/bin/web/partial/pow/client/primitive_memory_hard.wasm
2026-03-02 19:34:46,235 - INFO - [PASS] WASM execute ok: /home/runner/work/NextSSL/NextSSL/bin/web/partial/pow/combined/primitive_memory_hard.wasm
2026-03-02 19:34:46,240 - INFO - [PASS] WASM execute ok: /home/runner/work/NextSSL/NextSSL/bin/web/partial/pow/server/primitive_sponge_xof.wasm
2026-03-02 19:34:46,245 - INFO - [PASS] WASM execute ok: /home/runner/work/NextSSL/NextSSL/bin/web/partial/pow/client/primitive_sponge_xof.wasm
2026-03-02 19:34:46,250 - INFO - [PASS] WASM execute ok: /home/runner/work/NextSSL/NextSSL/bin/web/partial/pow/combined/primitive_sponge_xof.wasm
2026-03-02 19:34:46,256 - INFO - [PASS] WASM execute ok: /home/runner/work/NextSSL/NextSSL/bin/web/partial/pow/server/legacy_alive.wasm
2026-03-02 19:34:46,261 - INFO - [PASS] WASM execute ok: /home/runner/work/NextSSL/NextSSL/bin/web/partial/pow/client/legacy_alive.wasm
2026-03-02 19:34:46,266 - INFO - [PASS] WASM execute ok: /home/runner/work/NextSSL/NextSSL/bin/web/partial/pow/combined/legacy_alive.wasm
2026-03-02 19:34:46,271 - INFO - [PASS] WASM execute ok: /home/runner/work/NextSSL/NextSSL/bin/web/partial/pow/server/legacy_unsafe.wasm
2026-03-02 19:34:46,277 - INFO - [PASS] WASM execute ok: /home/runner/work/NextSSL/NextSSL/bin/web/partial/pow/client/legacy_unsafe.wasm
2026-03-02 19:34:46,282 - INFO - [PASS] WASM execute ok: /home/runner/work/NextSSL/NextSSL/bin/web/partial/pow/combined/legacy_unsafe.wasm
