2026-03-01 03:39:07,211 - INFO - Successfully built kem_lattice
2026-03-01 03:39:16,113 - INFO - Successfully built kem_code_based
2026-03-01 03:39:23,350 - INFO - Successfully built sign_lattice
2026-03-01 03:39:27,938 - INFO - Successfully built sign_hash_based
2026-03-01 03:39:27,938 - INFO - [PASS] WASM present: /home/runner/work/NextSSL/NextSSL/bin/web/partial/pqc/kem_code_based.wasm
2026-03-01 03:39:27,938 - INFO - [PASS] WASM present: /home/runner/work/NextSSL/NextSSL/bin/web/partial/pqc/kem_lattice.wasm
2026-03-01 03:39:27,938 - INFO - [PASS] WASM present: /home/runner/work/NextSSL/NextSSL/bin/web/partial/pqc/sign_hash_based.wasm
2026-03-01 03:39:27,938 - INFO - [PASS] WASM present: /home/runner/work/NextSSL/NextSSL/bin/web/partial/pqc/sign_lattice.wasm
2026-03-01 03:39:27,946 - INFO - [PASS] WASM execute ok: /home/runner/work/NextSSL/NextSSL/bin/web/partial/pqc/kem_code_based.wasm
2026-03-01 03:39:27,952 - INFO - [PASS] WASM execute ok: /home/runner/work/NextSSL/NextSSL/bin/web/partial/pqc/kem_lattice.wasm
2026-03-01 03:39:27,960 - INFO - [PASS] WASM execute ok: /home/runner/work/NextSSL/NextSSL/bin/web/partial/pqc/sign_hash_based.wasm
2026-03-01 03:39:27,965 - INFO - [PASS] WASM execute ok: /home/runner/work/NextSSL/NextSSL/bin/web/partial/pqc/sign_lattice.wasm
2026-03-01 23:09:35,715 - INFO - Successfully built kem_lattice
2026-03-01 23:09:44,590 - INFO - Successfully built kem_code_based
2026-03-01 23:09:51,899 - INFO - Successfully built sign_lattice
2026-03-01 23:09:56,539 - INFO - Successfully built sign_hash_based
2026-03-01 23:09:56,540 - INFO - [PASS] WASM present: /home/runner/work/NextSSL/NextSSL/bin/web/partial/pqc/kem_code_based.wasm
2026-03-01 23:09:56,540 - INFO - [PASS] WASM present: /home/runner/work/NextSSL/NextSSL/bin/web/partial/pqc/kem_lattice.wasm
2026-03-01 23:09:56,540 - INFO - [PASS] WASM present: /home/runner/work/NextSSL/NextSSL/bin/web/partial/pqc/sign_hash_based.wasm
2026-03-01 23:09:56,540 - INFO - [PASS] WASM present: /home/runner/work/NextSSL/NextSSL/bin/web/partial/pqc/sign_lattice.wasm
2026-03-01 23:09:56,548 - INFO - [PASS] WASM execute ok: /home/runner/work/NextSSL/NextSSL/bin/web/partial/pqc/kem_code_based.wasm
2026-03-01 23:09:56,554 - INFO - [PASS] WASM execute ok: /home/runner/work/NextSSL/NextSSL/bin/web/partial/pqc/kem_lattice.wasm
2026-03-01 23:09:56,562 - INFO - [PASS] WASM execute ok: /home/runner/work/NextSSL/NextSSL/bin/web/partial/pqc/sign_hash_based.wasm
2026-03-01 23:09:56,567 - INFO - [PASS] WASM execute ok: /home/runner/work/NextSSL/NextSSL/bin/web/partial/pqc/sign_lattice.wasm
2026-03-02 19:34:33,429 - INFO - Successfully built kem_lattice
2026-03-02 19:34:42,131 - INFO - Successfully built kem_code_based
2026-03-02 19:34:49,264 - INFO - Successfully built sign_lattice
2026-03-02 19:34:53,762 - INFO - Successfully built sign_hash_based
2026-03-02 19:34:53,762 - INFO - [PASS] WASM present: /home/runner/work/NextSSL/NextSSL/bin/web/partial/pqc/kem_code_based.wasm
2026-03-02 19:34:53,763 - INFO - [PASS] WASM present: /home/runner/work/NextSSL/NextSSL/bin/web/partial/pqc/kem_lattice.wasm
2026-03-02 19:34:53,763 - INFO - [PASS] WASM present: /home/runner/work/NextSSL/NextSSL/bin/web/partial/pqc/sign_hash_based.wasm
2026-03-02 19:34:53,763 - INFO - [PASS] WASM present: /home/runner/work/NextSSL/NextSSL/bin/web/partial/pqc/sign_lattice.wasm
2026-03-02 19:34:53,771 - INFO - [PASS] WASM execute ok: /home/runner/work/NextSSL/NextSSL/bin/web/partial/pqc/kem_code_based.wasm
2026-03-02 19:34:53,776 - INFO - [PASS] WASM execute ok: /home/runner/work/NextSSL/NextSSL/bin/web/partial/pqc/kem_lattice.wasm
2026-03-02 19:34:53,783 - INFO - [PASS] WASM execute ok: /home/runner/work/NextSSL/NextSSL/bin/web/partial/pqc/sign_hash_based.wasm
2026-03-02 19:34:53,789 - INFO - [PASS] WASM execute ok: /home/runner/work/NextSSL/NextSSL/bin/web/partial/pqc/sign_lattice.wasm
