
==============================================================================
CMD: /usr/bin/python3 /home/runner/work/NextSSL/NextSSL/build.py --platform wasm wasm32 --clean --jobs 6 --log-level debug --log-file /home/runner/work/NextSSL/NextSSL/logs/wasm/emscripten-wasm32/build.log
CWD: /home/runner/work/NextSSL/NextSSL
==============================================================================

2026-04-30 22:13:07 INFO     NextSSL WASM Build  variant=wasm32
2026-04-30 22:13:07 INFO     emcc    : /home/runner/.cache/nextssl-tools/emsdk/upstream/emscripten/emcc
2026-04-30 22:13:07 INFO     Variant : wasm32
2026-04-30 22:13:07 INFO     Out     : bin/web/
2026-04-30 22:13:07 INFO     Cleaning .build_cache/wasm_wasm32 ...
2026-04-30 22:13:07 INFO     Sources : 647 .c files
2026-04-30 22:13:07 INFO     Exports : 374 symbols
2026-04-30 22:13:07 DEBUG    Response file: /home/runner/work/NextSSL/NextSSL/temp/emcc_args.rsp (62933 bytes)
2026-04-30 22:13:07 INFO     Step 1/1: Compiling all sources to WASM ...
2026-04-30 22:13:07 INFO     Running: emcc @response_file
2026-04-30 22:13:07 DEBUG    CMD: /home/runner/.cache/nextssl-tools/emsdk/upstream/emscripten/emcc @/home/runner/work/NextSSL/NextSSL/temp/emcc_args.rsp
2026-04-30 22:13:07 DEBUG    CWD: /home/runner/work/NextSSL/NextSSL

============================================================
CMD: /home/runner/.cache/nextssl-tools/emsdk/upstream/emscripten/emcc @/home/runner/work/NextSSL/NextSSL/temp/emcc_args.rsp
CWD: /home/runner/work/NextSSL/NextSSL
============================================================

2026-04-30 22:13:33 DEBUG    emcc @response_file exited with code 0
2026-04-30 22:13:33 INFO     [OK] bin/web/libnextssl.js    (73380 bytes)
2026-04-30 22:13:33 INFO     [OK] bin/web/libnextssl.wasm  (1139038 bytes)
