-- The C compiler identification is MSVC 19.44.35225.0
-- Detecting C compiler ABI info
-- Detecting C compiler ABI info - done
-- Check for working C compiler: C:/Program Files/Microsoft Visual Studio/2022/Enterprise/VC/Tools/MSVC/14.44.35207/bin/Hostx64/arm/cl.exe - skipped
-- Detecting C compile features
-- Detecting C compile features - done
-- NextSSL build configuration:
--   Type        : Release
--   Shared lib  : ON
--   ML-KEM      : ON
--   ML-DSA      : ON
--   Falcon      : ON
--   HQC         : ON
--   McEliece    : ON
--   SPHINCS+    : ON
--   GmSSL       : OFF
--   Ed448/X448  : ON
--   Balloon     : ON (always)
--   Pomelo      : ON (always)
--   Makwa       : ON (always)
-- Configuring done (27.0s)
-- Generating done (0.1s)
-- Build files have been written to: D:/a/NextSSL/NextSSL/.ci_build/win/armv7-msvc

==============================================================================
CMD: cmake -S D:\a\NextSSL\NextSSL -B D:\a\NextSSL\NextSSL\.ci_build\win\armv7-msvc -DCMAKE_BUILD_TYPE=Release -DNEXTSSL_SHARED=ON -DNEXTSSL_OUTPUT_ARCH=armv7-msvc -DCMAKE_RUNTIME_OUTPUT_DIRECTORY=D:\a\NextSSL\NextSSL\bin\win\armv7-msvc -DCMAKE_LIBRARY_OUTPUT_DIRECTORY=D:\a\NextSSL\NextSSL\bin\win\armv7-msvc -DCMAKE_ARCHIVE_OUTPUT_DIRECTORY=D:\a\NextSSL\NextSSL\bin\win\armv7-msvc -G "Visual Studio 17 2022" -A ARM,version=10.0.22621.0 -DCMAKE_SYSTEM_VERSION=10.0.22621.0 -DCMAKE_VS_WINDOWS_TARGET_PLATFORM_VERSION=10.0.22621.0
CWD: D:\a\NextSSL\NextSSL
==============================================================================

