[1/674] Building C object CMakeFiles/nextssl.dir/src/encoding/base16.c.o
[2/674] Building C object CMakeFiles/nextssl.dir/src/encoding/base32.c.o
[3/674] Building C object CMakeFiles/nextssl.dir/src/common/sanitizer/nextssl_sanitizer.c.o
[4/674] Building C object CMakeFiles/nextssl.dir/src/encoding/base58.c.o
[5/674] Building C object CMakeFiles/nextssl.dir/src/encoding/base62.c.o
[6/674] Building C object CMakeFiles/nextssl.dir/src/encoding/base64.c.o
[7/674] Building C object CMakeFiles/nextssl.dir/src/encoding/base64url.c.o
[8/674] Building C object CMakeFiles/nextssl.dir/src/encoding/base58check.c.o
[9/674] Building C object CMakeFiles/nextssl.dir/src/encoding/base85.c.o
[10/674] Building C object CMakeFiles/nextssl.dir/src/encoding/crc64.c.o
[11/674] Building C object CMakeFiles/nextssl.dir/src/encoding/hex.c.o
[12/674] Building C object CMakeFiles/nextssl.dir/src/encoding/bech32.c.o
[13/674] Building C object CMakeFiles/nextssl.dir/src/encoding/crc32.c.o
[14/674] Building C object CMakeFiles/nextssl.dir/src/encoding/radix_common.c.o
[15/674] Building C object CMakeFiles/nextssl.dir/src/encoding/pem.c.o
[16/674] Building C object CMakeFiles/nextssl.dir/src/hash/_argon2/argon2.c.o
[17/674] Building C object CMakeFiles/nextssl.dir/src/encoding/ff70.c.o
[18/674] Building C object CMakeFiles/nextssl.dir/src/hash/_argon2/argon2_encoding.c.o
[19/674] Building C object CMakeFiles/nextssl.dir/src/hash/_argon2/blake2b.c.o
[20/674] Building C object CMakeFiles/nextssl.dir/src/hash/_argon2/thread.c.o
[21/674] Building C object CMakeFiles/nextssl.dir/src/hash/_skein/skeinApi.c.o
[22/674] Building C object CMakeFiles/nextssl.dir/src/hash/_argon2/ref.c.o
[23/674] Building C object CMakeFiles/nextssl.dir/src/hash/_keccak/keccak.c.o
[24/674] Building C object CMakeFiles/nextssl.dir/src/hash/_skein/skein_ops.c.o
[25/674] Building C object CMakeFiles/nextssl.dir/src/hash/_skein/skein.c.o
[26/674] Building C object CMakeFiles/nextssl.dir/src/hash/_skein/threefish256Block.c.o
[27/674] Building C object CMakeFiles/nextssl.dir/src/hash/_skein/threefishApi.c.o
[28/674] Building C object CMakeFiles/nextssl.dir/src/hash/adapters/argon2_adapter.c.o
[29/674] Building C object CMakeFiles/nextssl.dir/src/hash/_argon2/core.c.o
[30/674] Building C object CMakeFiles/nextssl.dir/src/hash/adapters/argon2d_adapter.c.o
[31/674] Building C object CMakeFiles/nextssl.dir/src/hash/_skein/threefish512Block.c.o
[32/674] Building C object CMakeFiles/nextssl.dir/src/hash/adapters/argon2id_adapter.c.o
[33/674] Building C object CMakeFiles/nextssl.dir/src/hash/adapters/balloon_adapter.c.o
[34/674] Building C object CMakeFiles/nextssl.dir/src/hash/adapters/argon2i_adapter.c.o
[35/674] Building C object CMakeFiles/nextssl.dir/src/hash/adapters/bcrypt_adapter.c.o
[36/674] Building C object CMakeFiles/nextssl.dir/src/hash/adapters/catena_adapter.c.o
[37/674] Building C object CMakeFiles/nextssl.dir/src/hash/adapters/lyra2_adapter.c.o
[38/674] Building C object CMakeFiles/nextssl.dir/src/hash/adapters/makwa_adapter.c.o
[39/674] Building C object CMakeFiles/nextssl.dir/src/hash/adapters/plain_hash_adapter.c.o
[40/674] Building C object CMakeFiles/nextssl.dir/src/hash/argon2d/argon2d.c.o
[41/674] Building C object CMakeFiles/nextssl.dir/src/hash/adapters/pomelo_adapter.c.o
[42/674] Building C object CMakeFiles/nextssl.dir/src/hash/argon2i/argon2i.c.o
[43/674] Building C object CMakeFiles/nextssl.dir/src/hash/adapters/scrypt_adapter.c.o
[44/674] Building C object CMakeFiles/nextssl.dir/src/hash/adapters/yescrypt_adapter.c.o
[45/674] Building C object CMakeFiles/nextssl.dir/src/hash/_skein/threefish1024Block.c.o
[46/674] Building C object CMakeFiles/nextssl.dir/src/hash/argon2id/argon2id.c.o
[47/674] Building C object CMakeFiles/nextssl.dir/src/hash/balloon/balloon_ops.c.o
[48/674] Building C object CMakeFiles/nextssl.dir/src/hash/balloon/balloon_openssl_compat.c.o
[49/674] Building C object CMakeFiles/nextssl.dir/src/hash/balloon/bitstream.c.o
[50/674] Building C object CMakeFiles/nextssl.dir/src/hash/balloon/encode.c.o
[51/674] Building C object CMakeFiles/nextssl.dir/src/hash/balloon/compress.c.o
[52/674] Building C object CMakeFiles/nextssl.dir/src/hash/bcrypt/bcrypt_ops.c.o
[53/674] Building C object CMakeFiles/nextssl.dir/src/hash/bcrypt/crypt_gensalt.c.o
[54/674] Building C object CMakeFiles/nextssl.dir/src/hash/balloon/hash_state.c.o
[55/674] Building C object CMakeFiles/nextssl.dir/src/hash/blake3/blake3_dispatch.c.o
[56/674] Building C object CMakeFiles/nextssl.dir/src/hash/blake2s/blake2s.c.o
[57/674] Building C object CMakeFiles/nextssl.dir/src/hash/blake3/blake3.c.o
[58/674] Building C object CMakeFiles/nextssl.dir/src/hash/blake3/blake3_portable.c.o
[59/674] Building C object CMakeFiles/nextssl.dir/src/hash/catena/catena-BRG.c.o
[60/674] Building C object CMakeFiles/nextssl.dir/src/hash/blake2b/blake2b.c.o
[61/674] Building C object CMakeFiles/nextssl.dir/src/hash/catena/catena-blake2b-ref.c.o
[62/674] Building C object CMakeFiles/nextssl.dir/src/hash/catena/catena-helpers.c.o
[63/674] Building C object CMakeFiles/nextssl.dir/src/hash/bcrypt/crypt_blowfish.c.o
[64/674] Building C object CMakeFiles/nextssl.dir/src/hash/catena/catena_ops.c.o
[65/674] Building C object CMakeFiles/nextssl.dir/src/hash/catena/catena.c.o
[66/674] Building C object CMakeFiles/nextssl.dir/src/hash/generic/nextssl_hash.c.o
[67/674] Building C object CMakeFiles/nextssl.dir/src/hash/cshake/cshake.c.o
[68/674] Building C object CMakeFiles/nextssl.dir/src/hash/interface/hash_ops_disabled_stubs.c.o
[69/674] Building C object CMakeFiles/nextssl.dir/src/hash/keccak256/keccak256.c.o
[70/674] Building C object CMakeFiles/nextssl.dir/src/hash/catena/blake2b-ref.c.o
[71/674] Building C object CMakeFiles/nextssl.dir/src/hash/has160/has160.c.o
[72/674] Building C object CMakeFiles/nextssl.dir/src/hash/kmac128/kmac128.c.o
[73/674] Building C object CMakeFiles/nextssl.dir/src/hash/kmac256/kmac256.c.o
[74/674] Building C object CMakeFiles/nextssl.dir/src/hash/lyra2/Lyra2.c.o
[75/674] Building C object CMakeFiles/nextssl.dir/src/hash/kmac/kmac.c.o
[76/674] Building C object CMakeFiles/nextssl.dir/src/hash/lyra2/lyra2_ops.c.o
[77/674] Building C object CMakeFiles/nextssl.dir/src/hash/makwa/makwa_ops.c.o
[78/674] Building C object CMakeFiles/nextssl.dir/src/hash/makwa/makwa.c.o
[79/674] Building C object CMakeFiles/nextssl.dir/src/hash/md2/md2.c.o
[80/674] Building C object CMakeFiles/nextssl.dir/src/hash/lyra2/Sponge.c.o
[81/674] Building C object CMakeFiles/nextssl.dir/src/hash/interface/hash_registry.c.o
[82/674] Building C object CMakeFiles/nextssl.dir/src/hash/nt/nt.c.o
[83/674] Building C object CMakeFiles/nextssl.dir/src/hash/md4/md4.c.o
[84/674] Building C object CMakeFiles/nextssl.dir/src/hash/pomelo/pomelo_ops.c.o
[85/674] Building C object CMakeFiles/nextssl.dir/src/hash/pomelo/pomelo.c.o
[86/674] Building C object CMakeFiles/nextssl.dir/src/hash/md5/md5.c.o
[87/674] Building C object CMakeFiles/nextssl.dir/src/hash/record/lms/lms_params.c.o
[88/674] Building C object CMakeFiles/nextssl.dir/src/hash/parallelhash/parallelhash.c.o
[89/674] Building C object CMakeFiles/nextssl.dir/src/hash/record/lms/lms.c.o
[90/674] Building C object CMakeFiles/nextssl.dir/src/hash/record/lms/lmots.c.o
[91/674] Building C object CMakeFiles/nextssl.dir/src/hash/ripemd128/ripemd128.c.o
[92/674] Building C object CMakeFiles/nextssl.dir/src/hash/record/hash_record_core.c.o
[93/674] Building C object CMakeFiles/nextssl.dir/src/hash/ripemd160/ripemd160.c.o
[94/674] Building C object CMakeFiles/nextssl.dir/src/hash/ripemd256/ripemd256.c.o
[95/674] Building C object CMakeFiles/nextssl.dir/src/hash/root_functions/hash_root.c.o
[96/674] Building C object CMakeFiles/nextssl.dir/src/hash/scrypt/insecure_memzero.c.o
[97/674] Building C object CMakeFiles/nextssl.dir/src/hash/scrypt/scrypt_ops.c.o
[98/674] Building C object CMakeFiles/nextssl.dir/src/hash/ripemd320/ripemd320.c.o
[99/674] Building C object CMakeFiles/nextssl.dir/src/hash/sha0/sha0.c.o
[100/674] Building C object CMakeFiles/nextssl.dir/src/hash/sha1/sha1.c.o
[101/674] Building C object CMakeFiles/nextssl.dir/src/hash/sha224/sha224.c.o
[102/674] Building C object CMakeFiles/nextssl.dir/src/hash/scrypt/sha256_portable.c.o
[103/674] Building C object CMakeFiles/nextssl.dir/src/hash/sha3_224/sha3_224.c.o
[104/674] Building C object CMakeFiles/nextssl.dir/src/hash/scrypt/crypto_scrypt-ref.c.o
[105/674] Building C object CMakeFiles/nextssl.dir/src/hash/sha3_512/sha3_512.c.o
FAILED: [code=1] CMakeFiles/nextssl.dir/src/hash/sha3_512/sha3_512.c.o 
/opt/homebrew/bin/ccache /usr/bin/cc -DBLAKE3_NO_AVX2 -DBLAKE3_NO_AVX512 -DBLAKE3_NO_SSE2 -DBLAKE3_NO_SSE41 -DENABLE_CATENA -DENABLE_FALCON -DENABLE_HQC -DENABLE_LYRA2 -DENABLE_MCELIECE -DENABLE_ML_DSA -DENABLE_ML_KEM -DENABLE_SCRYPT -DENABLE_SPHINCS -DENABLE_YESCRYPT -DHAVE_CURVE448 -DHAVE_ED448 -DNEXTSSL_BUILDING_DLL -DNEXTSSL_HAS_BALLOON -DNEXTSSL_HAS_MAKWA -DNEXTSSL_HAS_POMELO -DNEXTSSL_SUPPRESS_UPSTREAM_WARNINGS -I/Users/runner/work/NextSSL/NextSSL/src/root -I/Users/runner/work/NextSSL/NextSSL/src -I/Users/runner/work/NextSSL/NextSSL/src/encoding -I/Users/runner/work/NextSSL/NextSSL/src/common -I/Users/runner/work/NextSSL/NextSSL/src/common/sanitizer -I/Users/runner/work/NextSSL/NextSSL/src/hash -I/Users/runner/work/NextSSL/NextSSL/src/hash/interface -I/Users/runner/work/NextSSL/NextSSL/src/hash/adapters -I/Users/runner/work/NextSSL/NextSSL/src/hash/generic -I/Users/runner/work/NextSSL/NextSSL/src/hash/root_functions -I/Users/runner/work/NextSSL/NextSSL/src/hash/_argon2 -I/Users/runner/work/NextSSL/NextSSL/src/hash/_keccak -I/Users/runner/work/NextSSL/NextSSL/src/hash/_skein -I/Users/runner/work/NextSSL/NextSSL/src/hash/blake2b -I/Users/runner/work/NextSSL/NextSSL/src/hash/blake2s -I/Users/runner/work/NextSSL/NextSSL/src/hash/blake3 -I/Users/runner/work/NextSSL/NextSSL/src/hash/sha224 -I/Users/runner/work/NextSSL/NextSSL/src/hash/sha256 -I/Users/runner/work/NextSSL/NextSSL/src/hash/sha384 -I/Users/runner/work/NextSSL/NextSSL/src/hash/sha512 -I/Users/runner/work/NextSSL/NextSSL/src/hash/sha512_224 -I/Users/runner/work/NextSSL/NextSSL/src/hash/sha512_256 -I/Users/runner/work/NextSSL/NextSSL/src/hash/sm3 -I/Users/runner/work/NextSSL/NextSSL/src/hash/has160 -I/Users/runner/work/NextSSL/NextSSL/src/hash/md2 -I/Users/runner/work/NextSSL/NextSSL/src/hash/md4 -I/Users/runner/work/NextSSL/NextSSL/src/hash/md5 -I/Users/runner/work/NextSSL/NextSSL/src/hash/nt -I/Users/runner/work/NextSSL/NextSSL/src/hash/ripemd128 -I/Users/runner/work/NextSSL/NextSSL/src/hash/ripemd160 -I/Users/runner/work/NextSSL/NextSSL/src/hash/ripemd256 -I/Users/runner/work/NextSSL/NextSSL/src/hash/ripemd320 -I/Users/runner/work/NextSSL/NextSSL/src/hash/sha0 -I/Users/runner/work/NextSSL/NextSSL/src/hash/sha1 -I/Users/runner/work/NextSSL/NextSSL/src/hash/tiger -I/Users/runner/work/NextSSL/NextSSL/src/hash/whirlpool -I/Users/runner/work/NextSSL/NextSSL/src/hash/argon2d -I/Users/runner/work/NextSSL/NextSSL/src/hash/argon2i -I/Users/runner/work/NextSSL/NextSSL/src/hash/argon2id -I/Users/runner/work/NextSSL/NextSSL/src/hash/balloon -I/Users/runner/work/NextSSL/NextSSL/src/hash/bcrypt -I/Users/runner/work/NextSSL/NextSSL/src/hash/catena -I/Users/runner/work/NextSSL/NextSSL/src/hash/lyra2 -I/Users/runner/work/NextSSL/NextSSL/src/hash/makwa -I/Users/runner/work/NextSSL/NextSSL/src/hash/pomelo -I/Users/runner/work/NextSSL/NextSSL/src/hash/scrypt -I/Users/runner/work/NextSSL/NextSSL/src/hash/yescrypt -I/Users/runner/work/NextSSL/NextSSL/src/hash/keccak256 -I/Users/runner/work/NextSSL/NextSSL/src/hash/sha3_224 -I/Users/runner/work/NextSSL/NextSSL/src/hash/sha3_256 -I/Users/runner/work/NextSSL/NextSSL/src/hash/sha3_384 -I/Users/runner/work/NextSSL/NextSSL/src/hash/sha3_512 -I/Users/runner/work/NextSSL/NextSSL/src/hash/shake -I/Users/runner/work/NextSSL/NextSSL/src/hash/shake128 -I/Users/runner/work/NextSSL/NextSSL/src/hash/shake256 -I/Users/runner/work/NextSSL/NextSSL/src/hash/skein256 -I/Users/runner/work/NextSSL/NextSSL/src/hash/skein512 -I/Users/runner/work/NextSSL/NextSSL/src/hash/skein1024 -I/Users/runner/work/NextSSL/NextSSL/src/hash/kmac -I/Users/runner/work/NextSSL/NextSSL/src/hash/kmac128 -I/Users/runner/work/NextSSL/NextSSL/src/hash/kmac256 -I/Users/runner/work/NextSSL/NextSSL/src/hash/cshake -I/Users/runner/work/NextSSL/NextSSL/src/hash/parallelhash -I/Users/runner/work/NextSSL/NextSSL/src/hash/tuplehash -I/Users/runner/work/NextSSL/NextSSL/src/seed -I/Users/runner/work/NextSSL/NextSSL/src/seed/hash -I/Users/runner/work/NextSSL/NextSSL/src/seed/random -I/Users/runner/work/NextSSL/NextSSL/src/seed/rng -I/Users/runner/work/NextSSL/NextSSL/src/seed/drbg -I/Users/runner/work/NextSSL/NextSSL/src/seed/udbf -I/Users/runner/work/NextSSL/NextSSL/src/modern -I/Users/runner/work/NextSSL/NextSSL/src/modern/symmetric -I/Users/runner/work/NextSSL/NextSSL/src/modern/aead -I/Users/runner/work/NextSSL/NextSSL/src/modern/mac -I/Users/runner/work/NextSSL/NextSSL/src/modern/kdf -I/Users/runner/work/NextSSL/NextSSL/src/modern/curve_math -I/Users/runner/work/NextSSL/NextSSL/src/modern/asymmetric -I/Users/runner/work/NextSSL/NextSSL/src/modern/asymmetric/curve448 -I/Users/runner/work/NextSSL/NextSSL/src/modern/asymmetric/rsa -I/Users/runner/work/NextSSL/NextSSL/src/modern/symmetric/_aes -I/Users/runner/work/NextSSL/NextSSL/src/modern/symmetric/aes_cbc -I/Users/runner/work/NextSSL/NextSSL/src/modern/symmetric/aes_cbc_cs -I/Users/runner/work/NextSSL/NextSSL/src/modern/symmetric/aes_cfb -I/Users/runner/work/NextSSL/NextSSL/src/modern/symmetric/aes_ctr -I/Users/runner/work/NextSSL/NextSSL/src/modern/symmetric/aes_ecb -I/Users/runner/work/NextSSL/NextSSL/src/modern/symmetric/aes_fpe -I/Users/runner/work/NextSSL/NextSSL/src/modern/symmetric/aes_kw -I/Users/runner/work/NextSSL/NextSSL/src/modern/symmetric/aes_ofb -I/Users/runner/work/NextSSL/NextSSL/src/modern/symmetric/aes_xpn -I/Users/runner/work/NextSSL/NextSSL/src/modern/symmetric/aes_xts -I/Users/runner/work/NextSSL/NextSSL/src/modern/symmetric/chacha20 -I/Users/runner/work/NextSSL/NextSSL/src/modern/symmetric/three_des -I/Users/runner/work/NextSSL/NextSSL/src/modern/aead/_monocypher -I/Users/runner/work/NextSSL/NextSSL/src/modern/aead/aes_ccm -I/Users/runner/work/NextSSL/NextSSL/src/modern/aead/aes_eax -I/Users/runner/work/NextSSL/NextSSL/src/modern/aead/aes_gcm -I/Users/runner/work/NextSSL/NextSSL/src/modern/aead/aes_gcm_siv -I/Users/runner/work/NextSSL/NextSSL/src/modern/aead/aes_gmac -I/Users/runner/work/NextSSL/NextSSL/src/modern/aead/aes_ocb -I/Users/runner/work/NextSSL/NextSSL/src/modern/aead/aes_poly1305 -I/Users/runner/work/NextSSL/NextSSL/src/modern/aead/aes_siv -I/Users/runner/work/NextSSL/NextSSL/src/modern/aead/chacha20_poly1305 -I/Users/runner/work/NextSSL/NextSSL/src/modern/aead/ascon/_ascon -I/Users/runner/work/NextSSL/NextSSL/src/modern/mac/aes_cmac -I/Users/runner/work/NextSSL/NextSSL/src/modern/mac/hmac -I/Users/runner/work/NextSSL/NextSSL/src/modern/mac/poly1305 -I/Users/runner/work/NextSSL/NextSSL/src/modern/mac/siphash -I/Users/runner/work/NextSSL/NextSSL/src/modern/kdf/hkdf -I/Users/runner/work/NextSSL/NextSSL/src/modern/kdf/pbkdf2 -I/Users/runner/work/NextSSL/NextSSL/src/modern/asymmetric/_ed25519 -I/Users/runner/work/NextSSL/NextSSL/src/modern/asymmetric/_nist_ecc -I/Users/runner/work/NextSSL/NextSSL/src/modern/asymmetric/_nist_ecc/micro_ecc -I/Users/runner/work/NextSSL/NextSSL/src/modern/asymmetric/p256 -I/Users/runner/work/NextSSL/NextSSL/src/modern/asymmetric/p384 -I/Users/runner/work/NextSSL/NextSSL/src/modern/asymmetric/p521 -I/Users/runner/work/NextSSL/NextSSL/src/modern/asymmetric/det_ecdsa -I/Users/runner/work/NextSSL/NextSSL/src/modern/asymmetric/dsa -I/Users/runner/work/NextSSL/NextSSL/src/pow -I/Users/runner/work/NextSSL/NextSSL/src/pow/core -I/Users/runner/work/NextSSL/NextSSL/src/pow/client -I/Users/runner/work/NextSSL/NextSSL/src/pow/server -I/Users/runner/work/NextSSL/NextSSL/src/pow/dhcm -I/Users/runner/work/NextSSL/NextSSL/src/pqc -I/Users/runner/work/NextSSL/NextSSL/src/pqc/common -I/Users/runner/work/NextSSL/NextSSL/src/root/hash -I/Users/runner/work/NextSSL/NextSSL/src/root/seed -I/Users/runner/work/NextSSL/NextSSL/src/root/modern -I/Users/runner/work/NextSSL/NextSSL/src/root/pqc -I/Users/runner/work/NextSSL/NextSSL/src/root/pow -O3 -DNDEBUG -std=gnu11 -arch arm64 -isysroot /Applications/Xcode_15.4.app/Contents/Developer/Platforms/iPhoneOS.platform/Developer/SDKs/iPhoneOS17.5.sdk -Wall -Wextra -Wno-unused-parameter -Wno-sign-compare -Wno-missing-field-initializers -O3 -MD -MT CMakeFiles/nextssl.dir/src/hash/sha3_512/sha3_512.c.o -MF CMakeFiles/nextssl.dir/src/hash/sha3_512/sha3_512.c.o.d -o CMakeFiles/nextssl.dir/src/hash/sha3_512/sha3_512.c.o -c /Users/runner/work/NextSSL/NextSSL/src/hash/sha3_512/sha3_512.c
/Users/runner/work/NextSSL/NextSSL/src/hash/sha3_512/sha3_512.c:7:5: error: call to undeclared function 'keccak_hash'; ISO C99 and later do not support implicit function declarations [-Wimplicit-function-declaration]
    keccak_hash(in, inlen, out, 64, 72, 0x06);
    ^
1 error generated.
[106/674] Building C object CMakeFiles/nextssl.dir/src/hash/sha3_256/sha3.c.o
[107/674] Building C object CMakeFiles/nextssl.dir/src/hash/sha256/sha256.c.o
[108/674] Building C object CMakeFiles/nextssl.dir/src/hash/sha512/sha512.c.o
[109/674] Building C object CMakeFiles/nextssl.dir/src/hash/sha3_384/sha3_384.c.o
[110/674] Building C object CMakeFiles/nextssl.dir/src/hash/_skein/skein_block.c.o
ninja: build stopped: subcommand failed.

==============================================================================
CMD: cmake --build /Users/runner/work/NextSSL/NextSSL/.ci_build/ios/device-arm64 --parallel 6
CWD: /Users/runner/work/NextSSL/NextSSL
==============================================================================

