2026-03-07 00:36:59,716 - ERROR - Compilation failed for pow:
2026-03-07 00:36:59,716 - ERROR - /home/runner/work/NextSSL/NextSSL/src/PoW/core/pow_parser.c: In function ‘pow_parser_encode_challenge’:
/home/runner/work/NextSSL/NextSSL/src/PoW/core/pow_parser.c:70:10: warning: unused variable ‘json_str’ [-Wunused-variable]
   70 |     char json_str[4096];
      |          ^~~~~~~~
/usr/bin/ld: /tmp/ccAsDpFi.o: in function `nextssl_pow_server_generate_challenge':
main.c:(.text+0x0): multiple definition of `nextssl_pow_server_generate_challenge'; /tmp/cc81ydHn.o:api.c:(.text+0x0): first defined here
/usr/bin/ld: /tmp/ccAsDpFi.o: in function `nextssl_pow_server_verify_solution':
main.c:(.text+0x10): multiple definition of `nextssl_pow_server_verify_solution'; /tmp/cc81ydHn.o:api.c:(.text+0x10): first defined here
/usr/bin/ld: /tmp/ccAsDpFi.o: in function `nextssl_pow_client_solve':
main.c:(.text+0x20): multiple definition of `nextssl_pow_client_solve'; /tmp/cc5wWiVp.o:api.c:(.text+0x0): first defined here
/usr/bin/ld: /tmp/ccAsDpFi.o: in function `nextssl_pow_client_check_limits':
main.c:(.text+0x30): multiple definition of `nextssl_pow_client_check_limits'; /tmp/cc5wWiVp.o:api.c:(.text+0x10): first defined here
/usr/bin/ld: /tmp/ccAsDpFi.o: in function `nextssl_pow_client_parse_challenge':
main.c:(.text+0x40): multiple definition of `nextssl_pow_client_parse_challenge'; /tmp/cc5wWiVp.o:api.c:(.text+0x20): first defined here
collect2: error: ld returned 1 exit status

2026-03-07 00:37:00,197 - INFO - Successfully built dhcm
2026-03-07 00:37:00,265 - INFO - === Running 1 test suites... ===
2026-03-07 00:37:00,266 - INFO - -> Running script.test.main.pow
2026-03-07 00:37:00,266 - INFO - === === PoW + DHCM Main Tier Test === ===
2026-03-07 00:37:00,266 - INFO - === ── PoW pair (server+client) ── ===
2026-03-07 00:37:00,266 - INFO - [WARN] Skipping PoW pair: DLL not found
2026-03-07 00:37:00,266 - INFO - === ── PoW combined (single DLL) ── ===
2026-03-07 00:37:00,266 - INFO - [WARN] Skipping pow combined: DLL not found
2026-03-07 00:37:00,266 - INFO - === ── DHCM ── ===
2026-03-07 00:37:00,266 - INFO - [PASS] DHCM SHA-256 OK
2026-03-07 00:37:00,266 - INFO - [PASS] DHCM Argon2id OK
2026-03-07 00:37:00,266 - INFO - [PASS] DHCM SHA3-256 OK
2026-03-07 00:37:00,267 - INFO - [PASS] DHCM MD5 OK
2026-03-07 00:37:00,267 - INFO - [PASS] DHCM MD2 OK
2026-03-07 00:37:00,267 - INFO - [PASS] DHCM: 5 passed
2026-03-07 00:37:00,267 - INFO - [PASS] All PoW+DHCM tests passed
2026-03-07 00:37:00,267 - INFO - [PASS] ALL TESTS PASSED
2026-03-07 00:45:25,781 - ERROR - Compilation failed for pow:
2026-03-07 00:45:25,782 - ERROR - /home/runner/work/NextSSL/NextSSL/src/PoW/core/pow_parser.c: In function ‘pow_parser_encode_challenge’:
/home/runner/work/NextSSL/NextSSL/src/PoW/core/pow_parser.c:70:10: warning: unused variable ‘json_str’ [-Wunused-variable]
   70 |     char json_str[4096];
      |          ^~~~~~~~
/usr/bin/ld: /tmp/ccCv3oPO.o: in function `nextssl_pow_server_generate_challenge':
main.c:(.text+0x0): multiple definition of `nextssl_pow_server_generate_challenge'; /tmp/cc04oPTX.o:api.c:(.text+0x0): first defined here
/usr/bin/ld: /tmp/ccCv3oPO.o: in function `nextssl_pow_server_verify_solution':
main.c:(.text+0x10): multiple definition of `nextssl_pow_server_verify_solution'; /tmp/cc04oPTX.o:api.c:(.text+0x10): first defined here
/usr/bin/ld: /tmp/ccCv3oPO.o: in function `nextssl_pow_client_solve':
main.c:(.text+0x20): multiple definition of `nextssl_pow_client_solve'; /tmp/ccGvS6DW.o:api.c:(.text+0x0): first defined here
/usr/bin/ld: /tmp/ccCv3oPO.o: in function `nextssl_pow_client_check_limits':
main.c:(.text+0x30): multiple definition of `nextssl_pow_client_check_limits'; /tmp/ccGvS6DW.o:api.c:(.text+0x10): first defined here
/usr/bin/ld: /tmp/ccCv3oPO.o: in function `nextssl_pow_client_parse_challenge':
main.c:(.text+0x40): multiple definition of `nextssl_pow_client_parse_challenge'; /tmp/ccGvS6DW.o:api.c:(.text+0x20): first defined here
collect2: error: ld returned 1 exit status

2026-03-07 00:45:26,270 - INFO - Successfully built dhcm
2026-03-07 00:45:26,337 - INFO - === Running 1 test suites... ===
2026-03-07 00:45:26,337 - INFO - -> Running script.test.main.pow
2026-03-07 00:45:26,337 - INFO - === === PoW + DHCM Main Tier Test === ===
2026-03-07 00:45:26,337 - INFO - === ── PoW pair (server+client) ── ===
2026-03-07 00:45:26,337 - INFO - [WARN] Skipping PoW pair: DLL not found
2026-03-07 00:45:26,337 - INFO - === ── PoW combined (single DLL) ── ===
2026-03-07 00:45:26,337 - INFO - [WARN] Skipping pow combined: DLL not found
2026-03-07 00:45:26,337 - INFO - === ── DHCM ── ===
2026-03-07 00:45:26,338 - INFO - [PASS] DHCM SHA-256 OK
2026-03-07 00:45:26,338 - INFO - [PASS] DHCM Argon2id OK
2026-03-07 00:45:26,338 - INFO - [PASS] DHCM SHA3-256 OK
2026-03-07 00:45:26,338 - INFO - [PASS] DHCM MD5 OK
2026-03-07 00:45:26,338 - INFO - [PASS] DHCM MD2 OK
2026-03-07 00:45:26,338 - INFO - [PASS] DHCM: 5 passed
2026-03-07 00:45:26,338 - INFO - [PASS] All PoW+DHCM tests passed
2026-03-07 00:45:26,338 - INFO - [PASS] ALL TESTS PASSED
2026-03-07 00:57:55,485 - INFO - Successfully built pow
2026-03-07 00:57:55,950 - INFO - Successfully built dhcm
2026-03-07 00:57:56,018 - INFO - === Running 1 test suites... ===
2026-03-07 00:57:56,019 - INFO - -> Running script.test.main.pow
2026-03-07 00:57:56,019 - INFO - === === PoW + DHCM Main Tier Test === ===
2026-03-07 00:57:56,019 - INFO - === ── PoW pair (server+client) ── ===
2026-03-07 00:57:56,019 - INFO - -> Testing sha256 (d=1)...
2026-03-07 00:57:56,019 - INFO - [PASS] sha256 OK
2026-03-07 00:57:56,020 - INFO - -> Testing sha512 (d=1)...
2026-03-07 00:57:56,020 - INFO - [PASS] sha512 OK
2026-03-07 00:57:56,020 - INFO - -> Testing blake3 (d=1)...
2026-03-07 00:57:56,020 - INFO - [PASS] blake3 OK
2026-03-07 00:57:56,020 - INFO - -> Testing blake2b (d=1)...
2026-03-07 00:57:56,020 - INFO - [PASS] blake2b OK
2026-03-07 00:57:56,020 - INFO - -> Testing blake2s (d=1)...
2026-03-07 00:57:56,021 - INFO - [PASS] blake2s OK
2026-03-07 00:57:56,021 - INFO - -> Testing argon2id (d=1)...
2026-03-07 00:57:56,021 - INFO - [PASS] argon2id OK
2026-03-07 00:57:56,021 - INFO - -> Testing argon2i (d=1)...
2026-03-07 00:57:56,022 - INFO - [PASS] argon2i OK
2026-03-07 00:57:56,022 - INFO - -> Testing argon2d (d=1)...
2026-03-07 00:57:56,022 - INFO - [PASS] argon2d OK
2026-03-07 00:57:56,022 - INFO - -> Testing shake128 (d=1)...
2026-03-07 00:57:56,022 - INFO - [PASS] shake128 OK
2026-03-07 00:57:56,022 - INFO - -> Testing shake256 (d=1)...
2026-03-07 00:57:56,022 - INFO - [PASS] shake256 OK
2026-03-07 00:57:56,023 - INFO - -> Testing sha3_256 (d=1)...
2026-03-07 00:57:56,023 - INFO - [PASS] sha3_256 OK
2026-03-07 00:57:56,023 - INFO - -> Testing sha3_512 (d=1)...
2026-03-07 00:57:56,023 - INFO - [PASS] sha3_512 OK
2026-03-07 00:57:56,023 - INFO - -> Testing keccak_256 (d=1)...
2026-03-07 00:57:56,023 - INFO - [PASS] keccak_256 OK
2026-03-07 00:57:56,023 - INFO - -> Testing md5 (d=1)...
2026-03-07 00:57:56,024 - INFO - [PASS] md5 OK
2026-03-07 00:57:56,024 - INFO - -> Testing sha1 (d=1)...
2026-03-07 00:57:56,024 - INFO - [PASS] sha1 OK
2026-03-07 00:57:56,024 - INFO - -> Testing ripemd160 (d=1)...
2026-03-07 00:57:56,024 - INFO - [PASS] ripemd160 OK
2026-03-07 00:57:56,024 - INFO - -> Testing whirlpool (d=1)...
2026-03-07 00:57:56,025 - INFO - [PASS] whirlpool OK
2026-03-07 00:57:56,025 - INFO - -> Testing nt (d=1)...
2026-03-07 00:57:56,025 - INFO - [PASS] nt OK
2026-03-07 00:57:56,025 - INFO - -> Testing md2 (d=1)...
2026-03-07 00:57:56,025 - INFO - [PASS] md2 OK
2026-03-07 00:57:56,025 - INFO - -> Testing md4 (d=1)...
2026-03-07 00:57:56,026 - INFO - [PASS] md4 OK
2026-03-07 00:57:56,026 - INFO - -> Testing sha0 (d=1)...
2026-03-07 00:57:56,026 - INFO - [PASS] sha0 OK
2026-03-07 00:57:56,026 - INFO - -> Testing has160 (d=1)...
2026-03-07 00:57:56,026 - INFO - [PASS] has160 OK
2026-03-07 00:57:56,026 - INFO - -> Testing ripemd128 (d=1)...
2026-03-07 00:57:56,026 - INFO - [PASS] ripemd128 OK
2026-03-07 00:57:56,027 - INFO - -> Testing ripemd256 (d=1)...
2026-03-07 00:57:56,027 - INFO - [PASS] ripemd256 OK
2026-03-07 00:57:56,027 - INFO - -> Testing ripemd320 (d=1)...
2026-03-07 00:57:56,027 - INFO - [PASS] ripemd320 OK
2026-03-07 00:57:56,027 - INFO - -> Testing sha256 (d=4)...
2026-03-07 00:57:56,027 - INFO - [PASS] sha256 OK
2026-03-07 00:57:56,027 - INFO - -> Testing sha512 (d=4)...
2026-03-07 00:57:56,028 - INFO - [PASS] sha512 OK
2026-03-07 00:57:56,028 - INFO - -> Testing blake3 (d=4)...
2026-03-07 00:57:56,028 - INFO - [PASS] blake3 OK
2026-03-07 00:57:56,028 - INFO - -> Testing blake2b (d=4)...
2026-03-07 00:57:56,028 - INFO - [PASS] blake2b OK
2026-03-07 00:57:56,028 - INFO - -> Testing blake2s (d=4)...
2026-03-07 00:57:56,029 - INFO - [PASS] blake2s OK
2026-03-07 00:57:56,029 - INFO - -> Testing argon2id (d=4)...
2026-03-07 00:57:56,030 - INFO - [PASS] argon2id OK
2026-03-07 00:57:56,030 - INFO - -> Testing argon2i (d=4)...
2026-03-07 00:57:56,030 - INFO - [PASS] argon2i OK
2026-03-07 00:57:56,031 - INFO - -> Testing argon2d (d=4)...
2026-03-07 00:57:56,031 - INFO - [PASS] argon2d OK
2026-03-07 00:57:56,031 - INFO - -> Testing shake128 (d=4)...
2026-03-07 00:57:56,031 - INFO - [PASS] shake128 OK
2026-03-07 00:57:56,031 - INFO - -> Testing shake256 (d=4)...
2026-03-07 00:57:56,032 - INFO - [PASS] shake256 OK
2026-03-07 00:57:56,032 - INFO - -> Testing sha3_256 (d=4)...
2026-03-07 00:57:56,032 - INFO - [PASS] sha3_256 OK
2026-03-07 00:57:56,032 - INFO - -> Testing sha3_512 (d=4)...
2026-03-07 00:57:56,032 - INFO - [PASS] sha3_512 OK
2026-03-07 00:57:56,032 - INFO - -> Testing keccak_256 (d=4)...
2026-03-07 00:57:56,032 - INFO - [PASS] keccak_256 OK
2026-03-07 00:57:56,032 - INFO - -> Testing md5 (d=4)...
2026-03-07 00:57:56,033 - INFO - [PASS] md5 OK
2026-03-07 00:57:56,033 - INFO - -> Testing sha1 (d=4)...
2026-03-07 00:57:56,033 - INFO - [PASS] sha1 OK
2026-03-07 00:57:56,033 - INFO - -> Testing ripemd160 (d=4)...
2026-03-07 00:57:56,033 - INFO - [PASS] ripemd160 OK
2026-03-07 00:57:56,033 - INFO - -> Testing whirlpool (d=4)...
2026-03-07 00:57:56,033 - INFO - [PASS] whirlpool OK
2026-03-07 00:57:56,034 - INFO - -> Testing nt (d=4)...
2026-03-07 00:57:56,034 - INFO - [PASS] nt OK
2026-03-07 00:57:56,034 - INFO - -> Testing md2 (d=4)...
2026-03-07 00:57:56,034 - INFO - [PASS] md2 OK
2026-03-07 00:57:56,034 - INFO - -> Testing md4 (d=4)...
2026-03-07 00:57:56,034 - INFO - [PASS] md4 OK
2026-03-07 00:57:56,034 - INFO - -> Testing sha0 (d=4)...
2026-03-07 00:57:56,035 - INFO - [PASS] sha0 OK
2026-03-07 00:57:56,035 - INFO - -> Testing has160 (d=4)...
2026-03-07 00:57:56,035 - INFO - [PASS] has160 OK
2026-03-07 00:57:56,035 - INFO - -> Testing ripemd128 (d=4)...
2026-03-07 00:57:56,035 - INFO - [PASS] ripemd128 OK
2026-03-07 00:57:56,035 - INFO - -> Testing ripemd256 (d=4)...
2026-03-07 00:57:56,035 - INFO - [PASS] ripemd256 OK
2026-03-07 00:57:56,035 - INFO - -> Testing ripemd320 (d=4)...
2026-03-07 00:57:56,036 - INFO - [PASS] ripemd320 OK
2026-03-07 00:57:56,036 - INFO - === ── PoW combined (single DLL) ── ===
2026-03-07 00:57:56,036 - INFO - -> Testing sha256 (d=1)...
2026-03-07 00:57:56,036 - INFO - [PASS] sha256 OK
2026-03-07 00:57:56,036 - INFO - -> Testing sha512 (d=1)...
2026-03-07 00:57:56,036 - INFO - [PASS] sha512 OK
2026-03-07 00:57:56,036 - INFO - -> Testing blake3 (d=1)...
2026-03-07 00:57:56,037 - INFO - [PASS] blake3 OK
2026-03-07 00:57:56,037 - INFO - -> Testing blake2b (d=1)...
2026-03-07 00:57:56,037 - INFO - [PASS] blake2b OK
2026-03-07 00:57:56,037 - INFO - -> Testing blake2s (d=1)...
2026-03-07 00:57:56,037 - INFO - [PASS] blake2s OK
2026-03-07 00:57:56,037 - INFO - -> Testing argon2id (d=1)...
2026-03-07 00:57:56,037 - INFO - [PASS] argon2id OK
2026-03-07 00:57:56,037 - INFO - -> Testing argon2i (d=1)...
2026-03-07 00:57:56,038 - INFO - [PASS] argon2i OK
2026-03-07 00:57:56,038 - INFO - -> Testing argon2d (d=1)...
2026-03-07 00:57:56,038 - INFO - [PASS] argon2d OK
2026-03-07 00:57:56,038 - INFO - -> Testing shake128 (d=1)...
2026-03-07 00:57:56,038 - INFO - [PASS] shake128 OK
2026-03-07 00:57:56,038 - INFO - -> Testing shake256 (d=1)...
2026-03-07 00:57:56,039 - INFO - [PASS] shake256 OK
2026-03-07 00:57:56,039 - INFO - -> Testing sha3_256 (d=1)...
2026-03-07 00:57:56,039 - INFO - [PASS] sha3_256 OK
2026-03-07 00:57:56,039 - INFO - -> Testing sha3_512 (d=1)...
2026-03-07 00:57:56,039 - INFO - [PASS] sha3_512 OK
2026-03-07 00:57:56,039 - INFO - -> Testing keccak_256 (d=1)...
2026-03-07 00:57:56,039 - INFO - [PASS] keccak_256 OK
2026-03-07 00:57:56,040 - INFO - -> Testing md5 (d=1)...
2026-03-07 00:57:56,040 - INFO - [PASS] md5 OK
2026-03-07 00:57:56,040 - INFO - -> Testing sha1 (d=1)...
2026-03-07 00:57:56,040 - INFO - [PASS] sha1 OK
2026-03-07 00:57:56,040 - INFO - -> Testing ripemd160 (d=1)...
2026-03-07 00:57:56,040 - INFO - [PASS] ripemd160 OK
2026-03-07 00:57:56,040 - INFO - -> Testing whirlpool (d=1)...
2026-03-07 00:57:56,041 - INFO - [PASS] whirlpool OK
2026-03-07 00:57:56,041 - INFO - -> Testing nt (d=1)...
2026-03-07 00:57:56,041 - INFO - [PASS] nt OK
2026-03-07 00:57:56,041 - INFO - -> Testing md2 (d=1)...
2026-03-07 00:57:56,041 - INFO - [PASS] md2 OK
2026-03-07 00:57:56,041 - INFO - -> Testing md4 (d=1)...
2026-03-07 00:57:56,041 - INFO - [PASS] md4 OK
2026-03-07 00:57:56,041 - INFO - -> Testing sha0 (d=1)...
2026-03-07 00:57:56,042 - INFO - [PASS] sha0 OK
2026-03-07 00:57:56,042 - INFO - -> Testing has160 (d=1)...
2026-03-07 00:57:56,042 - INFO - [PASS] has160 OK
2026-03-07 00:57:56,042 - INFO - -> Testing ripemd128 (d=1)...
2026-03-07 00:57:56,042 - INFO - [PASS] ripemd128 OK
2026-03-07 00:57:56,042 - INFO - -> Testing ripemd256 (d=1)...
2026-03-07 00:57:56,042 - INFO - [PASS] ripemd256 OK
2026-03-07 00:57:56,042 - INFO - -> Testing ripemd320 (d=1)...
2026-03-07 00:57:56,043 - INFO - [PASS] ripemd320 OK
2026-03-07 00:57:56,043 - INFO - -> Testing sha256 (d=4)...
2026-03-07 00:57:56,043 - INFO - [PASS] sha256 OK
2026-03-07 00:57:56,043 - INFO - -> Testing sha512 (d=4)...
2026-03-07 00:57:56,043 - INFO - [PASS] sha512 OK
2026-03-07 00:57:56,043 - INFO - -> Testing blake3 (d=4)...
2026-03-07 00:57:56,043 - INFO - [PASS] blake3 OK
2026-03-07 00:57:56,043 - INFO - -> Testing blake2b (d=4)...
2026-03-07 00:57:56,044 - INFO - [PASS] blake2b OK
2026-03-07 00:57:56,044 - INFO - -> Testing blake2s (d=4)...
2026-03-07 00:57:56,044 - INFO - [PASS] blake2s OK
2026-03-07 00:57:56,044 - INFO - -> Testing argon2id (d=4)...
2026-03-07 00:57:56,045 - INFO - [PASS] argon2id OK
2026-03-07 00:57:56,045 - INFO - -> Testing argon2i (d=4)...
2026-03-07 00:57:56,046 - INFO - [PASS] argon2i OK
2026-03-07 00:57:56,046 - INFO - -> Testing argon2d (d=4)...
2026-03-07 00:57:56,046 - INFO - [PASS] argon2d OK
2026-03-07 00:57:56,046 - INFO - -> Testing shake128 (d=4)...
2026-03-07 00:57:56,046 - INFO - [PASS] shake128 OK
2026-03-07 00:57:56,046 - INFO - -> Testing shake256 (d=4)...
2026-03-07 00:57:56,047 - INFO - [PASS] shake256 OK
2026-03-07 00:57:56,047 - INFO - -> Testing sha3_256 (d=4)...
2026-03-07 00:57:56,047 - INFO - [PASS] sha3_256 OK
2026-03-07 00:57:56,047 - INFO - -> Testing sha3_512 (d=4)...
2026-03-07 00:57:56,047 - INFO - [PASS] sha3_512 OK
2026-03-07 00:57:56,047 - INFO - -> Testing keccak_256 (d=4)...
2026-03-07 00:57:56,048 - INFO - [PASS] keccak_256 OK
2026-03-07 00:57:56,048 - INFO - -> Testing md5 (d=4)...
2026-03-07 00:57:56,048 - INFO - [PASS] md5 OK
2026-03-07 00:57:56,048 - INFO - -> Testing sha1 (d=4)...
2026-03-07 00:57:56,048 - INFO - [PASS] sha1 OK
2026-03-07 00:57:56,048 - INFO - -> Testing ripemd160 (d=4)...
2026-03-07 00:57:56,049 - INFO - [PASS] ripemd160 OK
2026-03-07 00:57:56,049 - INFO - -> Testing whirlpool (d=4)...
2026-03-07 00:57:56,049 - INFO - [PASS] whirlpool OK
2026-03-07 00:57:56,049 - INFO - -> Testing nt (d=4)...
2026-03-07 00:57:56,049 - INFO - [PASS] nt OK
2026-03-07 00:57:56,049 - INFO - -> Testing md2 (d=4)...
2026-03-07 00:57:56,049 - INFO - [PASS] md2 OK
2026-03-07 00:57:56,049 - INFO - -> Testing md4 (d=4)...
2026-03-07 00:57:56,050 - INFO - [PASS] md4 OK
2026-03-07 00:57:56,050 - INFO - -> Testing sha0 (d=4)...
2026-03-07 00:57:56,050 - INFO - [PASS] sha0 OK
2026-03-07 00:57:56,050 - INFO - -> Testing has160 (d=4)...
2026-03-07 00:57:56,050 - INFO - [PASS] has160 OK
2026-03-07 00:57:56,050 - INFO - -> Testing ripemd128 (d=4)...
2026-03-07 00:57:56,051 - INFO - [PASS] ripemd128 OK
2026-03-07 00:57:56,051 - INFO - -> Testing ripemd256 (d=4)...
2026-03-07 00:57:56,051 - INFO - [PASS] ripemd256 OK
2026-03-07 00:57:56,051 - INFO - -> Testing ripemd320 (d=4)...
2026-03-07 00:57:56,051 - INFO - [PASS] ripemd320 OK
2026-03-07 00:57:56,051 - INFO - === ── DHCM ── ===
2026-03-07 00:57:56,051 - INFO - [PASS] DHCM SHA-256 OK
2026-03-07 00:57:56,051 - INFO - [PASS] DHCM Argon2id OK
2026-03-07 00:57:56,052 - INFO - [PASS] DHCM SHA3-256 OK
2026-03-07 00:57:56,052 - INFO - [PASS] DHCM MD5 OK
2026-03-07 00:57:56,052 - INFO - [PASS] DHCM MD2 OK
2026-03-07 00:57:56,052 - INFO - [PASS] DHCM: 5 passed
2026-03-07 00:57:56,052 - INFO - [PASS] All PoW+DHCM tests passed
2026-03-07 00:57:56,052 - INFO - [PASS] ALL TESTS PASSED
