-- The C compiler identification is GNU 11.4.0
-- Detecting C compiler ABI info
-- Detecting C compiler ABI info - done
-- Check for working C compiler: /usr/bin/arm-linux-gnueabihf-gcc - skipped
-- Detecting C compile features
-- Detecting C compile features - done
-- NextSSL build configuration:
--   Type        : Release
--   Shared lib  : ON
--   ML-KEM      : ON
--   ML-DSA      : ON
--   Falcon      : ON
--   HQC         : ON
--   McEliece    : ON
--   SPHINCS+    : ON
--   GmSSL       : OFF
--   Ed448/X448  : ON
--   Balloon     : ON (always)
--   Pomelo      : ON (always)
--   Makwa       : ON (always)
-- Configuring done (0.2s)
-- Generating done (0.1s)
CMake Warning:
  Manually-specified variables were not used by the project:

    CMAKE_CXX_COMPILER
    CMAKE_FIND_ROOT_PATH
    CMAKE_FIND_ROOT_PATH_MODE_LIBRARY


-- Build files have been written to: /home/runner/work/NextSSL/NextSSL/.ci_build/linux/armv7

==============================================================================
CMD: cmake -S /home/runner/work/NextSSL/NextSSL -B /home/runner/work/NextSSL/NextSSL/.ci_build/linux/armv7 -G Ninja -DCMAKE_BUILD_TYPE=Release -DNEXTSSL_SHARED=ON -DCMAKE_RUNTIME_OUTPUT_DIRECTORY=/home/runner/work/NextSSL/NextSSL/bin/linux/armv7 -DCMAKE_LIBRARY_OUTPUT_DIRECTORY=/home/runner/work/NextSSL/NextSSL/bin/linux/armv7 -DCMAKE_ARCHIVE_OUTPUT_DIRECTORY=/home/runner/work/NextSSL/NextSSL/bin/linux/armv7 -DCMAKE_C_COMPILER_LAUNCHER=/usr/bin/ccache -DCMAKE_CXX_COMPILER_LAUNCHER=/usr/bin/ccache -DCMAKE_SYSTEM_NAME=Linux -DCMAKE_SYSTEM_PROCESSOR=armv7 -DCMAKE_C_COMPILER=/usr/bin/arm-linux-gnueabihf-gcc -DCMAKE_CXX_COMPILER=/usr/bin/arm-linux-gnueabihf-g++ -DCMAKE_AR=/usr/bin/arm-linux-gnueabihf-ar -DCMAKE_RANLIB=/usr/bin/arm-linux-gnueabihf-ranlib -DCMAKE_FIND_ROOT_PATH=/usr/arm-linux-gnueabihf -DCMAKE_FIND_ROOT_PATH_MODE_PROGRAM=NEVER -DCMAKE_FIND_ROOT_PATH_MODE_LIBRARY=ONLY -DCMAKE_FIND_ROOT_PATH_MODE_INCLUDE=ONLY -DCMAKE_TRY_COMPILE_TARGET_TYPE=STATIC_LIBRARY
CWD: /home/runner/work/NextSSL/NextSSL
==============================================================================

