[1/679] Building C object CMakeFiles/nextssl.dir/src/encoding/base16.c.o
[2/679] Building C object CMakeFiles/nextssl.dir/src/common/sanitizer/nextssl_sanitizer.c.o
[3/679] Building C object CMakeFiles/nextssl.dir/src/encoding/base32.c.o
[4/679] Building C object CMakeFiles/nextssl.dir/src/encoding/base62.c.o
[5/679] Building C object CMakeFiles/nextssl.dir/src/encoding/base64.c.o
[6/679] Building C object CMakeFiles/nextssl.dir/src/encoding/base64url.c.o
[7/679] Building C object CMakeFiles/nextssl.dir/src/encoding/base58.c.o
[8/679] Building C object CMakeFiles/nextssl.dir/src/encoding/base58check.c.o
[9/679] Building C object CMakeFiles/nextssl.dir/src/encoding/bech32.c.o
[10/679] Building C object CMakeFiles/nextssl.dir/src/encoding/crc64.c.o
[11/679] Building C object CMakeFiles/nextssl.dir/src/encoding/base85.c.o
[12/679] Building C object CMakeFiles/nextssl.dir/src/encoding/crc32.c.o
[13/679] Building C object CMakeFiles/nextssl.dir/src/encoding/hex.c.o
[14/679] Building C object CMakeFiles/nextssl.dir/src/encoding/radix_common.c.o
[15/679] Building C object CMakeFiles/nextssl.dir/src/encoding/pem.c.o
[16/679] Building C object CMakeFiles/nextssl.dir/src/hash/_argon2/argon2.c.o
[17/679] Building C object CMakeFiles/nextssl.dir/src/hash/_argon2/blake2b.c.o
[18/679] Building C object CMakeFiles/nextssl.dir/src/encoding/ff70.c.o
[19/679] Building C object CMakeFiles/nextssl.dir/src/hash/_argon2/thread.c.o
[20/679] Building C object CMakeFiles/nextssl.dir/src/hash/_argon2/argon2_encoding.c.o
[21/679] Building C object CMakeFiles/nextssl.dir/src/hash/_skein/skeinApi.c.o
[22/679] Building C object CMakeFiles/nextssl.dir/src/hash/_argon2/opt.c.o
[23/679] Building C object CMakeFiles/nextssl.dir/src/hash/_keccak/keccak.c.o
[24/679] Building C object CMakeFiles/nextssl.dir/src/hash/_skein/skein_ops.c.o
[25/679] Building C object CMakeFiles/nextssl.dir/src/hash/_argon2/core.c.o
[26/679] Building C object CMakeFiles/nextssl.dir/src/hash/_skein/skein.c.o
[27/679] Building C object CMakeFiles/nextssl.dir/src/hash/_skein/threefishApi.c.o
[28/679] Building C object CMakeFiles/nextssl.dir/src/hash/adapters/argon2_adapter.c.o
[29/679] Building C object CMakeFiles/nextssl.dir/src/hash/_skein/threefish256Block.c.o
[30/679] Building C object CMakeFiles/nextssl.dir/src/hash/adapters/argon2d_adapter.c.o
[31/679] Building C object CMakeFiles/nextssl.dir/src/hash/adapters/argon2i_adapter.c.o
[32/679] Building C object CMakeFiles/nextssl.dir/src/hash/adapters/argon2id_adapter.c.o
[33/679] Building C object CMakeFiles/nextssl.dir/src/hash/adapters/balloon_adapter.c.o
[34/679] Building C object CMakeFiles/nextssl.dir/src/hash/adapters/catena_adapter.c.o
[35/679] Building C object CMakeFiles/nextssl.dir/src/hash/adapters/bcrypt_adapter.c.o
[36/679] Building C object CMakeFiles/nextssl.dir/src/hash/adapters/plain_hash_adapter.c.o
[37/679] Building C object CMakeFiles/nextssl.dir/src/hash/_skein/threefish512Block.c.o
[38/679] Building C object CMakeFiles/nextssl.dir/src/hash/adapters/lyra2_adapter.c.o
[39/679] Building C object CMakeFiles/nextssl.dir/src/hash/adapters/makwa_adapter.c.o
[40/679] Building C object CMakeFiles/nextssl.dir/src/hash/argon2d/argon2d.c.o
[41/679] Building C object CMakeFiles/nextssl.dir/src/hash/adapters/pomelo_adapter.c.o
[42/679] Building C object CMakeFiles/nextssl.dir/src/hash/adapters/yescrypt_adapter.c.o
[43/679] Building C object CMakeFiles/nextssl.dir/src/hash/adapters/scrypt_adapter.c.o
[44/679] Building C object CMakeFiles/nextssl.dir/src/hash/argon2i/argon2i.c.o
[45/679] Building C object CMakeFiles/nextssl.dir/src/hash/argon2id/argon2id.c.o
[46/679] Building C object CMakeFiles/nextssl.dir/src/hash/balloon/balloon_openssl_compat.c.o
[47/679] Building C object CMakeFiles/nextssl.dir/src/hash/balloon/balloon_ops.c.o
[48/679] Building C object CMakeFiles/nextssl.dir/src/hash/balloon/compress.c.o
[49/679] Building C object CMakeFiles/nextssl.dir/src/hash/balloon/bitstream.c.o
[50/679] Building C object CMakeFiles/nextssl.dir/src/hash/balloon/encode.c.o
[51/679] Building C object CMakeFiles/nextssl.dir/src/hash/balloon/hash_state.c.o
[52/679] Building C object CMakeFiles/nextssl.dir/src/hash/bcrypt/bcrypt_ops.c.o
[53/679] Building C object CMakeFiles/nextssl.dir/src/hash/bcrypt/crypt_gensalt.c.o
[54/679] Building C object CMakeFiles/nextssl.dir/src/hash/blake3/blake3.c.o
[55/679] Building C object CMakeFiles/nextssl.dir/src/hash/blake2s/blake2s.c.o
[56/679] Building C object CMakeFiles/nextssl.dir/src/hash/blake2b/blake2b.c.o
[57/679] Building C object CMakeFiles/nextssl.dir/src/hash/bcrypt/crypt_blowfish.c.o
[58/679] Building C object CMakeFiles/nextssl.dir/src/hash/_skein/threefish1024Block.c.o
[59/679] Building C object CMakeFiles/nextssl.dir/src/hash/blake3/blake3_portable.c.o
[60/679] Building C object CMakeFiles/nextssl.dir/src/hash/blake3/blake3_dispatch.c.o
[61/679] Building C object CMakeFiles/nextssl.dir/src/hash/catena/blake2b-ref.c.o
[62/679] Building C object CMakeFiles/nextssl.dir/src/hash/catena/catena-BRG.c.o
[63/679] Building C object CMakeFiles/nextssl.dir/src/hash/blake3/blake3_avx2.c.o
[64/679] Building C object CMakeFiles/nextssl.dir/src/hash/catena/catena-blake2b-ref.c.o
[65/679] Building C object CMakeFiles/nextssl.dir/src/hash/catena/catena-helpers.c.o
[66/679] Building C object CMakeFiles/nextssl.dir/src/hash/catena/catena.c.o
[67/679] Building C object CMakeFiles/nextssl.dir/src/hash/catena/catena_ops.c.o
[68/679] Building C object CMakeFiles/nextssl.dir/src/hash/cshake/cshake.c.o
[69/679] Building C object CMakeFiles/nextssl.dir/src/hash/generic/nextssl_hash.c.o
[70/679] Building C object CMakeFiles/nextssl.dir/src/hash/blake3/blake3_sse2.c.o
[71/679] Building C object CMakeFiles/nextssl.dir/src/hash/interface/hash_ops_disabled_stubs.c.o
[72/679] Building C object CMakeFiles/nextssl.dir/src/hash/has160/has160.c.o
[73/679] Building C object CMakeFiles/nextssl.dir/src/hash/keccak256/keccak256.c.o
[74/679] Building C object CMakeFiles/nextssl.dir/src/hash/kmac128/kmac128.c.o
[75/679] Building C object CMakeFiles/nextssl.dir/src/hash/blake3/blake3_sse41.c.o
[76/679] Building C object CMakeFiles/nextssl.dir/src/hash/interface/hash_registry.c.o
[77/679] Building C object CMakeFiles/nextssl.dir/src/hash/kmac256/kmac256.c.o
[78/679] Building C object CMakeFiles/nextssl.dir/src/hash/kmac/kmac.c.o
[79/679] Building C object CMakeFiles/nextssl.dir/src/hash/lyra2/Lyra2.c.o
[80/679] Building C object CMakeFiles/nextssl.dir/src/hash/lyra2/lyra2_ops.c.o
[81/679] Building C object CMakeFiles/nextssl.dir/src/hash/lyra2/Sponge.c.o
[82/679] Building C object CMakeFiles/nextssl.dir/src/hash/makwa/makwa_ops.c.o
[83/679] Building C object CMakeFiles/nextssl.dir/src/hash/md2/md2.c.o
[84/679] Building C object CMakeFiles/nextssl.dir/src/hash/makwa/makwa.c.o
[85/679] Building C object CMakeFiles/nextssl.dir/src/hash/md4/md4.c.o
[86/679] Building C object CMakeFiles/nextssl.dir/src/hash/nt/nt.c.o
[87/679] Building C object CMakeFiles/nextssl.dir/src/hash/md5/md5.c.o
[88/679] Building C object CMakeFiles/nextssl.dir/src/hash/pomelo/pomelo_ops.c.o
[89/679] Building C object CMakeFiles/nextssl.dir/src/hash/parallelhash/parallelhash.c.o
[90/679] Building C object CMakeFiles/nextssl.dir/src/hash/pomelo/pomelo.c.o
[91/679] Building C object CMakeFiles/nextssl.dir/src/hash/record/lms/lms_params.c.o
[92/679] Building C object CMakeFiles/nextssl.dir/src/hash/record/lms/lms.c.o
[93/679] Building C object CMakeFiles/nextssl.dir/src/hash/record/lms/lmots.c.o
[94/679] Building C object CMakeFiles/nextssl.dir/src/hash/ripemd128/ripemd128.c.o
[95/679] Building C object CMakeFiles/nextssl.dir/src/hash/record/hash_record_core.c.o
[96/679] Building C object CMakeFiles/nextssl.dir/src/hash/ripemd256/ripemd256.c.o
[97/679] Building C object CMakeFiles/nextssl.dir/src/hash/root_functions/hash_root.c.o
[98/679] Building C object CMakeFiles/nextssl.dir/src/hash/ripemd160/ripemd160.c.o
[99/679] Building C object CMakeFiles/nextssl.dir/src/hash/scrypt/insecure_memzero.c.o
[100/679] Building C object CMakeFiles/nextssl.dir/src/hash/scrypt/scrypt_ops.c.o
[101/679] Building C object CMakeFiles/nextssl.dir/src/hash/ripemd320/ripemd320.c.o
[102/679] Building C object CMakeFiles/nextssl.dir/src/hash/sha0/sha0.c.o
[103/679] Building C object CMakeFiles/nextssl.dir/src/hash/sha1/sha1.c.o
[104/679] Building C object CMakeFiles/nextssl.dir/src/hash/scrypt/sha256_portable.c.o
[105/679] Building C object CMakeFiles/nextssl.dir/src/hash/sha224/sha224.c.o
[106/679] Building C object CMakeFiles/nextssl.dir/src/hash/scrypt/crypto_scrypt-ref.c.o
[107/679] Building C object CMakeFiles/nextssl.dir/src/hash/sha3_224/sha3_224.c.o
[108/679] Building C object CMakeFiles/nextssl.dir/src/hash/sha3_512/sha3_512.c.o
FAILED: [code=1] CMakeFiles/nextssl.dir/src/hash/sha3_512/sha3_512.c.o 
/opt/homebrew/bin/ccache /usr/bin/cc -DENABLE_CATENA -DENABLE_FALCON -DENABLE_HQC -DENABLE_LYRA2 -DENABLE_MCELIECE -DENABLE_ML_DSA -DENABLE_ML_KEM -DENABLE_SCRYPT -DENABLE_SPHINCS -DENABLE_YESCRYPT -DHAVE_CURVE448 -DHAVE_ED448 -DNEXTSSL_BUILDING_DLL -DNEXTSSL_HAS_BALLOON -DNEXTSSL_HAS_MAKWA -DNEXTSSL_HAS_POMELO -DNEXTSSL_SUPPRESS_UPSTREAM_WARNINGS -Dnextssl_EXPORTS -I/Users/runner/work/NextSSL/NextSSL/src/root -I/Users/runner/work/NextSSL/NextSSL/src -I/Users/runner/work/NextSSL/NextSSL/src/encoding -I/Users/runner/work/NextSSL/NextSSL/src/common -I/Users/runner/work/NextSSL/NextSSL/src/common/sanitizer -I/Users/runner/work/NextSSL/NextSSL/src/hash -I/Users/runner/work/NextSSL/NextSSL/src/hash/interface -I/Users/runner/work/NextSSL/NextSSL/src/hash/adapters -I/Users/runner/work/NextSSL/NextSSL/src/hash/generic -I/Users/runner/work/NextSSL/NextSSL/src/hash/root_functions -I/Users/runner/work/NextSSL/NextSSL/src/hash/_argon2 -I/Users/runner/work/NextSSL/NextSSL/src/hash/_keccak -I/Users/runner/work/NextSSL/NextSSL/src/hash/_skein -I/Users/runner/work/NextSSL/NextSSL/src/hash/blake2b -I/Users/runner/work/NextSSL/NextSSL/src/hash/blake2s -I/Users/runner/work/NextSSL/NextSSL/src/hash/blake3 -I/Users/runner/work/NextSSL/NextSSL/src/hash/sha224 -I/Users/runner/work/NextSSL/NextSSL/src/hash/sha256 -I/Users/runner/work/NextSSL/NextSSL/src/hash/sha384 -I/Users/runner/work/NextSSL/NextSSL/src/hash/sha512 -I/Users/runner/work/NextSSL/NextSSL/src/hash/sha512_224 -I/Users/runner/work/NextSSL/NextSSL/src/hash/sha512_256 -I/Users/runner/work/NextSSL/NextSSL/src/hash/sm3 -I/Users/runner/work/NextSSL/NextSSL/src/hash/has160 -I/Users/runner/work/NextSSL/NextSSL/src/hash/md2 -I/Users/runner/work/NextSSL/NextSSL/src/hash/md4 -I/Users/runner/work/NextSSL/NextSSL/src/hash/md5 -I/Users/runner/work/NextSSL/NextSSL/src/hash/nt -I/Users/runner/work/NextSSL/NextSSL/src/hash/ripemd128 -I/Users/runner/work/NextSSL/NextSSL/src/hash/ripemd160 -I/Users/runner/work/NextSSL/NextSSL/src/hash/ripemd256 -I/Users/runner/work/NextSSL/NextSSL/src/hash/ripemd320 -I/Users/runner/work/NextSSL/NextSSL/src/hash/sha0 -I/Users/runner/work/NextSSL/NextSSL/src/hash/sha1 -I/Users/runner/work/NextSSL/NextSSL/src/hash/tiger -I/Users/runner/work/NextSSL/NextSSL/src/hash/whirlpool -I/Users/runner/work/NextSSL/NextSSL/src/hash/argon2d -I/Users/runner/work/NextSSL/NextSSL/src/hash/argon2i -I/Users/runner/work/NextSSL/NextSSL/src/hash/argon2id -I/Users/runner/work/NextSSL/NextSSL/src/hash/balloon -I/Users/runner/work/NextSSL/NextSSL/src/hash/bcrypt -I/Users/runner/work/NextSSL/NextSSL/src/hash/catena -I/Users/runner/work/NextSSL/NextSSL/src/hash/lyra2 -I/Users/runner/work/NextSSL/NextSSL/src/hash/makwa -I/Users/runner/work/NextSSL/NextSSL/src/hash/pomelo -I/Users/runner/work/NextSSL/NextSSL/src/hash/scrypt -I/Users/runner/work/NextSSL/NextSSL/src/hash/yescrypt -I/Users/runner/work/NextSSL/NextSSL/src/hash/keccak256 -I/Users/runner/work/NextSSL/NextSSL/src/hash/sha3_224 -I/Users/runner/work/NextSSL/NextSSL/src/hash/sha3_256 -I/Users/runner/work/NextSSL/NextSSL/src/hash/sha3_384 -I/Users/runner/work/NextSSL/NextSSL/src/hash/sha3_512 -I/Users/runner/work/NextSSL/NextSSL/src/hash/shake -I/Users/runner/work/NextSSL/NextSSL/src/hash/shake128 -I/Users/runner/work/NextSSL/NextSSL/src/hash/shake256 -I/Users/runner/work/NextSSL/NextSSL/src/hash/skein256 -I/Users/runner/work/NextSSL/NextSSL/src/hash/skein512 -I/Users/runner/work/NextSSL/NextSSL/src/hash/skein1024 -I/Users/runner/work/NextSSL/NextSSL/src/hash/kmac -I/Users/runner/work/NextSSL/NextSSL/src/hash/kmac128 -I/Users/runner/work/NextSSL/NextSSL/src/hash/kmac256 -I/Users/runner/work/NextSSL/NextSSL/src/hash/cshake -I/Users/runner/work/NextSSL/NextSSL/src/hash/parallelhash -I/Users/runner/work/NextSSL/NextSSL/src/hash/tuplehash -I/Users/runner/work/NextSSL/NextSSL/src/seed -I/Users/runner/work/NextSSL/NextSSL/src/seed/hash -I/Users/runner/work/NextSSL/NextSSL/src/seed/random -I/Users/runner/work/NextSSL/NextSSL/src/seed/rng -I/Users/runner/work/NextSSL/NextSSL/src/seed/drbg -I/Users/runner/work/NextSSL/NextSSL/src/seed/udbf -I/Users/runner/work/NextSSL/NextSSL/src/modern -I/Users/runner/work/NextSSL/NextSSL/src/modern/symmetric -I/Users/runner/work/NextSSL/NextSSL/src/modern/aead -I/Users/runner/work/NextSSL/NextSSL/src/modern/mac -I/Users/runner/work/NextSSL/NextSSL/src/modern/kdf -I/Users/runner/work/NextSSL/NextSSL/src/modern/curve_math -I/Users/runner/work/NextSSL/NextSSL/src/modern/asymmetric -I/Users/runner/work/NextSSL/NextSSL/src/modern/asymmetric/curve448 -I/Users/runner/work/NextSSL/NextSSL/src/modern/asymmetric/rsa -I/Users/runner/work/NextSSL/NextSSL/src/modern/symmetric/_aes -I/Users/runner/work/NextSSL/NextSSL/src/modern/symmetric/aes_cbc -I/Users/runner/work/NextSSL/NextSSL/src/modern/symmetric/aes_cbc_cs -I/Users/runner/work/NextSSL/NextSSL/src/modern/symmetric/aes_cfb -I/Users/runner/work/NextSSL/NextSSL/src/modern/symmetric/aes_ctr -I/Users/runner/work/NextSSL/NextSSL/src/modern/symmetric/aes_ecb -I/Users/runner/work/NextSSL/NextSSL/src/modern/symmetric/aes_fpe -I/Users/runner/work/NextSSL/NextSSL/src/modern/symmetric/aes_kw -I/Users/runner/work/NextSSL/NextSSL/src/modern/symmetric/aes_ofb -I/Users/runner/work/NextSSL/NextSSL/src/modern/symmetric/aes_xpn -I/Users/runner/work/NextSSL/NextSSL/src/modern/symmetric/aes_xts -I/Users/runner/work/NextSSL/NextSSL/src/modern/symmetric/chacha20 -I/Users/runner/work/NextSSL/NextSSL/src/modern/symmetric/three_des -I/Users/runner/work/NextSSL/NextSSL/src/modern/aead/_monocypher -I/Users/runner/work/NextSSL/NextSSL/src/modern/aead/aes_ccm -I/Users/runner/work/NextSSL/NextSSL/src/modern/aead/aes_eax -I/Users/runner/work/NextSSL/NextSSL/src/modern/aead/aes_gcm -I/Users/runner/work/NextSSL/NextSSL/src/modern/aead/aes_gcm_siv -I/Users/runner/work/NextSSL/NextSSL/src/modern/aead/aes_gmac -I/Users/runner/work/NextSSL/NextSSL/src/modern/aead/aes_ocb -I/Users/runner/work/NextSSL/NextSSL/src/modern/aead/aes_poly1305 -I/Users/runner/work/NextSSL/NextSSL/src/modern/aead/aes_siv -I/Users/runner/work/NextSSL/NextSSL/src/modern/aead/chacha20_poly1305 -I/Users/runner/work/NextSSL/NextSSL/src/modern/aead/ascon/_ascon -I/Users/runner/work/NextSSL/NextSSL/src/modern/mac/aes_cmac -I/Users/runner/work/NextSSL/NextSSL/src/modern/mac/hmac -I/Users/runner/work/NextSSL/NextSSL/src/modern/mac/poly1305 -I/Users/runner/work/NextSSL/NextSSL/src/modern/mac/siphash -I/Users/runner/work/NextSSL/NextSSL/src/modern/kdf/hkdf -I/Users/runner/work/NextSSL/NextSSL/src/modern/kdf/pbkdf2 -I/Users/runner/work/NextSSL/NextSSL/src/modern/asymmetric/_ed25519 -I/Users/runner/work/NextSSL/NextSSL/src/modern/asymmetric/_nist_ecc -I/Users/runner/work/NextSSL/NextSSL/src/modern/asymmetric/_nist_ecc/micro_ecc -I/Users/runner/work/NextSSL/NextSSL/src/modern/asymmetric/p256 -I/Users/runner/work/NextSSL/NextSSL/src/modern/asymmetric/p384 -I/Users/runner/work/NextSSL/NextSSL/src/modern/asymmetric/p521 -I/Users/runner/work/NextSSL/NextSSL/src/modern/asymmetric/det_ecdsa -I/Users/runner/work/NextSSL/NextSSL/src/modern/asymmetric/dsa -I/Users/runner/work/NextSSL/NextSSL/src/pow -I/Users/runner/work/NextSSL/NextSSL/src/pow/core -I/Users/runner/work/NextSSL/NextSSL/src/pow/client -I/Users/runner/work/NextSSL/NextSSL/src/pow/server -I/Users/runner/work/NextSSL/NextSSL/src/pow/dhcm -I/Users/runner/work/NextSSL/NextSSL/src/pqc -I/Users/runner/work/NextSSL/NextSSL/src/pqc/common -I/Users/runner/work/NextSSL/NextSSL/src/root/hash -I/Users/runner/work/NextSSL/NextSSL/src/root/seed -I/Users/runner/work/NextSSL/NextSSL/src/root/modern -I/Users/runner/work/NextSSL/NextSSL/src/root/pqc -I/Users/runner/work/NextSSL/NextSSL/src/root/pow -O3 -DNDEBUG -std=gnu11 -arch x86_64 -fPIC -Wall -Wextra -Wno-unused-parameter -Wno-sign-compare -Wno-missing-field-initializers -O3 -MD -MT CMakeFiles/nextssl.dir/src/hash/sha3_512/sha3_512.c.o -MF CMakeFiles/nextssl.dir/src/hash/sha3_512/sha3_512.c.o.d -o CMakeFiles/nextssl.dir/src/hash/sha3_512/sha3_512.c.o -c /Users/runner/work/NextSSL/NextSSL/src/hash/sha3_512/sha3_512.c
/Users/runner/work/NextSSL/NextSSL/src/hash/sha3_512/sha3_512.c:7:5: error: call to undeclared function 'keccak_hash'; ISO C99 and later do not support implicit function declarations [-Wimplicit-function-declaration]
    keccak_hash(in, inlen, out, 64, 72, 0x06);
    ^
1 error generated.
[109/679] Building C object CMakeFiles/nextssl.dir/src/hash/sha3_384/sha3_384.c.o
[110/679] Building C object CMakeFiles/nextssl.dir/src/hash/sha3_256/sha3.c.o
[111/679] Building C object CMakeFiles/nextssl.dir/src/hash/blake3/blake3_avx512.c.o
[112/679] Building C object CMakeFiles/nextssl.dir/src/hash/sha256/sha256.c.o
[113/679] Building C object CMakeFiles/nextssl.dir/src/hash/_skein/skein_block.c.o
ninja: build stopped: subcommand failed.

==============================================================================
CMD: cmake --build /Users/runner/work/NextSSL/NextSSL/.ci_build/macos/x86_64 --parallel 6
CWD: /Users/runner/work/NextSSL/NextSSL
==============================================================================

