[1/670] Building C object CMakeFiles/nextssl.dir/src/encoding/base16.c.o
[2/670] Building C object CMakeFiles/nextssl.dir/src/encoding/base32.c.o
[3/670] Building C object CMakeFiles/nextssl.dir/src/encoding/base58check.c.o
[4/670] Building C object CMakeFiles/nextssl.dir/src/common/sanitizer/nextssl_sanitizer.c.o
[5/670] Building C object CMakeFiles/nextssl.dir/src/encoding/base62.c.o
[6/670] Building C object CMakeFiles/nextssl.dir/src/encoding/base58.c.o
[7/670] Building C object CMakeFiles/nextssl.dir/src/encoding/crc64.c.o
[8/670] Building C object CMakeFiles/nextssl.dir/src/encoding/crc32.c.o
[9/670] Building C object CMakeFiles/nextssl.dir/src/encoding/base64url.c.o
[10/670] Building C object CMakeFiles/nextssl.dir/src/encoding/base64.c.o
[11/670] Building C object CMakeFiles/nextssl.dir/src/encoding/base85.c.o
[12/670] Building C object CMakeFiles/nextssl.dir/src/encoding/hex.c.o
[13/670] Building C object CMakeFiles/nextssl.dir/src/encoding/bech32.c.o
[14/670] Building C object CMakeFiles/nextssl.dir/src/encoding/radix_common.c.o
[15/670] Building C object CMakeFiles/nextssl.dir/src/hash/adapters/argon2i_adapter.c.o
[16/670] Building C object CMakeFiles/nextssl.dir/src/encoding/pem.c.o
[17/670] Building C object CMakeFiles/nextssl.dir/src/hash/adapters/argon2d_adapter.c.o
[18/670] Building C object CMakeFiles/nextssl.dir/src/hash/adapters/argon2_adapter.c.o
[19/670] Building C object CMakeFiles/nextssl.dir/src/encoding/ff70.c.o
[20/670] Building C object CMakeFiles/nextssl.dir/src/hash/adapters/balloon_adapter.c.o
[21/670] Building C object CMakeFiles/nextssl.dir/src/hash/adapters/argon2id_adapter.c.o
[22/670] Building C object CMakeFiles/nextssl.dir/src/hash/adapters/bcrypt_adapter.c.o
[23/670] Building C object CMakeFiles/nextssl.dir/src/hash/adapters/catena_adapter.c.o
[24/670] Building C object CMakeFiles/nextssl.dir/src/hash/adapters/scrypt_adapter.c.o
[25/670] Building C object CMakeFiles/nextssl.dir/src/hash/adapters/pomelo_adapter.c.o
[26/670] Building C object CMakeFiles/nextssl.dir/src/hash/adapters/lyra2_adapter.c.o
[27/670] Building C object CMakeFiles/nextssl.dir/src/hash/adapters/makwa_adapter.c.o
[28/670] Building C object CMakeFiles/nextssl.dir/src/hash/adapters/plain_hash_adapter.c.o
[29/670] Building C object CMakeFiles/nextssl.dir/src/hash/adapters/yescrypt_adapter.c.o
[30/670] Building C object CMakeFiles/nextssl.dir/src/hash/blake/blake2s/blake2s.c.o
[31/670] Building C object CMakeFiles/nextssl.dir/src/hash/blake/blake3/blake3.c.o
[32/670] Building C object CMakeFiles/nextssl.dir/src/hash/blake/blake3/blake3_dispatch.c.o
[33/670] Building C object CMakeFiles/nextssl.dir/src/hash/blake/blake2b/blake2b.c.o
[34/670] Building C object CMakeFiles/nextssl.dir/src/hash/fast/sha224/sha224.c.o
[35/670] Building C object CMakeFiles/nextssl.dir/src/hash/blake/blake3/blake3_portable.c.o
[36/670] Building C object CMakeFiles/nextssl.dir/src/hash/blake/blake3/blake3_avx2.c.o
[37/670] Building C object CMakeFiles/nextssl.dir/src/hash/fast/sha512_224/sha512_224.c.o
[38/670] Building C object CMakeFiles/nextssl.dir/src/hash/fast/sha512/sha512.c.o
[39/670] Building C object CMakeFiles/nextssl.dir/src/hash/fast/sha256/sha256.c.o
[40/670] Building C object CMakeFiles/nextssl.dir/src/hash/fast/sm3/sm3_ext.c.o
[41/670] Building C object CMakeFiles/nextssl.dir/src/hash/fast/sha512_256/sha512_256.c.o
[42/670] Building C object CMakeFiles/nextssl.dir/src/hash/fast/sm3/sm3_ops.c.o
[43/670] Building C object CMakeFiles/nextssl.dir/src/hash/blake/blake3/blake3_sse2.c.o
[44/670] Building C object CMakeFiles/nextssl.dir/src/hash/interface/hash_ops_disabled_stubs.c.o
[45/670] Building C object CMakeFiles/nextssl.dir/src/hash/generic/nextssl_hash.c.o
[46/670] Building C object CMakeFiles/nextssl.dir/src/hash/legacy/has160/has160.c.o
[47/670] Building C object CMakeFiles/nextssl.dir/src/hash/interface/hash_registry.c.o
[48/670] Building C object CMakeFiles/nextssl.dir/src/hash/legacy/md4/md4.c.o
[49/670] Building C object CMakeFiles/nextssl.dir/src/hash/legacy/md2/md2.c.o
[50/670] Building C object CMakeFiles/nextssl.dir/src/hash/legacy/nt/nt.c.o
[51/670] Building C object CMakeFiles/nextssl.dir/src/hash/legacy/md5/md5.c.o
[52/670] Building C object CMakeFiles/nextssl.dir/src/hash/legacy/ripemd160/ripemd160.c.o
[53/670] Building C object CMakeFiles/nextssl.dir/src/hash/legacy/ripemd256/ripemd256.c.o
[54/670] Building C object CMakeFiles/nextssl.dir/src/hash/legacy/ripemd128/ripemd128.c.o
[55/670] Building C object CMakeFiles/nextssl.dir/src/hash/legacy/sha0/sha0.c.o
[56/670] Building C object CMakeFiles/nextssl.dir/src/hash/blake/blake3/blake3_sse41.c.o
[57/670] Building C object CMakeFiles/nextssl.dir/src/hash/legacy/tiger/tiger_sbox.c.o
[58/670] Building C object CMakeFiles/nextssl.dir/src/hash/legacy/ripemd320/ripemd320.c.o
[59/670] Building C object CMakeFiles/nextssl.dir/src/hash/legacy/tiger/tiger.c.o
[60/670] Building C object CMakeFiles/nextssl.dir/src/hash/legacy/sha1/sha1.c.o
[61/670] Building C object CMakeFiles/nextssl.dir/src/hash/memory_hard/_argon2/argon2.c.o
[62/670] Building C object CMakeFiles/nextssl.dir/src/hash/legacy/whirlpool/whirlpool.c.o
[63/670] Building C object CMakeFiles/nextssl.dir/src/hash/fast/sm3/sm3_impl.c.o
[64/670] Building C object CMakeFiles/nextssl.dir/src/hash/memory_hard/_argon2/core.c.o
[65/670] Building C object CMakeFiles/nextssl.dir/src/hash/memory_hard/_argon2/argon2_encoding.c.o
[66/670] Building C object CMakeFiles/nextssl.dir/src/hash/memory_hard/_argon2/opt.c.o
[67/670] Building C object CMakeFiles/nextssl.dir/src/hash/memory_hard/_argon2/blake2b.c.o
[68/670] Building C object CMakeFiles/nextssl.dir/src/hash/memory_hard/_argon2/thread.c.o
[69/670] Building C object CMakeFiles/nextssl.dir/src/hash/memory_hard/argon2d/argon2d.c.o
[70/670] Building C object CMakeFiles/nextssl.dir/src/hash/memory_hard/argon2i/argon2i.c.o
[71/670] Building C object CMakeFiles/nextssl.dir/src/hash/memory_hard/argon2id/argon2id.c.o
[72/670] Building C object CMakeFiles/nextssl.dir/src/hash/memory_hard/balloon/encode.c.o
[73/670] Building C object CMakeFiles/nextssl.dir/src/hash/memory_hard/balloon/bitstream.c.o
[74/670] Building C object CMakeFiles/nextssl.dir/src/hash/memory_hard/balloon/balloon_openssl_compat.c.o
[75/670] Building C object CMakeFiles/nextssl.dir/src/hash/memory_hard/balloon/balloon_ops.c.o
[76/670] Building C object CMakeFiles/nextssl.dir/src/hash/memory_hard/balloon/compress.c.o
[77/670] Building C object CMakeFiles/nextssl.dir/src/hash/blake/blake3/blake3_avx512.c.o
[78/670] Building C object CMakeFiles/nextssl.dir/src/hash/memory_hard/bcrypt/crypt_gensalt.c.o
[79/670] Building C object CMakeFiles/nextssl.dir/src/hash/memory_hard/bcrypt/bcrypt_ops.c.o
[80/670] Building C object CMakeFiles/nextssl.dir/src/hash/memory_hard/catena/catena-BRG.c.o
[81/670] Building C object CMakeFiles/nextssl.dir/src/hash/memory_hard/catena/catena-blake2b-ref.c.o
[82/670] Building C object CMakeFiles/nextssl.dir/src/hash/memory_hard/balloon/hash_state.c.o
[83/670] Building C object CMakeFiles/nextssl.dir/src/hash/memory_hard/lyra2/Lyra2.c.o
[84/670] Building C object CMakeFiles/nextssl.dir/src/hash/memory_hard/catena/catena_ops.c.o
[85/670] Building C object CMakeFiles/nextssl.dir/src/hash/memory_hard/lyra2/lyra2_ops.c.o
[86/670] Building C object CMakeFiles/nextssl.dir/src/hash/memory_hard/catena/catena.c.o
[87/670] Building C object CMakeFiles/nextssl.dir/src/hash/memory_hard/catena/catena-helpers.c.o
[88/670] Building C object CMakeFiles/nextssl.dir/src/hash/memory_hard/lyra2/Sponge.c.o
[89/670] Building C object CMakeFiles/nextssl.dir/src/hash/memory_hard/bcrypt/crypt_blowfish.c.o
[90/670] Building C object CMakeFiles/nextssl.dir/src/hash/memory_hard/makwa/makwa_ops.c.o
[91/670] Building C object CMakeFiles/nextssl.dir/src/hash/memory_hard/pomelo/pomelo.c.o
[92/670] Building C object CMakeFiles/nextssl.dir/src/hash/memory_hard/makwa/makwa.c.o
[93/670] Building C object CMakeFiles/nextssl.dir/src/hash/memory_hard/catena/blake2b-ref.c.o
[94/670] Building C object CMakeFiles/nextssl.dir/src/hash/memory_hard/pomelo/pomelo_ops.c.o
[95/670] Building C object CMakeFiles/nextssl.dir/src/hash/memory_hard/scrypt/insecure_memzero.c.o
[96/670] Building C object CMakeFiles/nextssl.dir/src/hash/memory_hard/scrypt/scrypt_ops.c.o
[97/670] Building C object CMakeFiles/nextssl.dir/src/hash/memory_hard/scrypt/sha256_portable.c.o
[98/670] Building C object CMakeFiles/nextssl.dir/src/hash/memory_hard/yescrypt/yescrypt_ops.c.o
[99/670] Building C object CMakeFiles/nextssl.dir/src/hash/memory_hard/scrypt/crypto_scrypt-ref.c.o
[100/670] Building C object CMakeFiles/nextssl.dir/src/hash/record/lms/lmots.c.o
[101/670] Building C object CMakeFiles/nextssl.dir/src/hash/record/lms/lms_params.c.o
[102/670] Building C object CMakeFiles/nextssl.dir/src/hash/memory_hard/yescrypt/yescrypt-common.c.o
[103/670] Building C object CMakeFiles/nextssl.dir/src/hash/record/lms/lms.c.o
[104/670] Building C object CMakeFiles/nextssl.dir/src/hash/record/hash_record_core.c.o
[105/670] Building C object CMakeFiles/nextssl.dir/src/hash/root_functions/hash_root.c.o
[106/670] Building C object CMakeFiles/nextssl.dir/src/hash/skein/_skein/skeinApi.c.o
[107/670] Building C object CMakeFiles/nextssl.dir/src/hash/skein/_skein/skein.c.o
[108/670] Building C object CMakeFiles/nextssl.dir/src/hash/skein/_skein/skein_ops.c.o
[109/670] Building C object CMakeFiles/nextssl.dir/src/hash/skein/_skein/threefish256Block.c.o
[110/670] Building C object CMakeFiles/nextssl.dir/src/hash/skein/_skein/threefishApi.c.o
[111/670] Building C object CMakeFiles/nextssl.dir/src/hash/memory_hard/yescrypt/yescrypt-opt.c.o
[112/670] Building C object CMakeFiles/nextssl.dir/src/hash/sponge/sha3_224/sha3_224.c.o
[113/670] Building C object CMakeFiles/nextssl.dir/src/hash/skein/_skein/threefish512Block.c.o
[114/670] Building C object CMakeFiles/nextssl.dir/src/hash/sponge/sha3_384/sha3_384.c.o
[115/670] Building C object CMakeFiles/nextssl.dir/src/hash/sponge/sha3/sha3.c.o
[116/670] Building C object CMakeFiles/nextssl.dir/src/hash/sponge/_keccak/keccak.c.o
[117/670] Building C object CMakeFiles/nextssl.dir/src/hash/sponge/sp800_185/kmac/kmac.c.o
[118/670] Building C object CMakeFiles/nextssl.dir/src/hash/sponge/sp800_185/cshake/cshake.c.o
[119/670] Building C object CMakeFiles/nextssl.dir/src/hash/sponge/shake/shake.c.o
[120/670] Building C object CMakeFiles/nextssl.dir/src/hash/sponge/sp800_185/tuplehash/tuplehash.c.o
[121/670] Building C object CMakeFiles/nextssl.dir/src/hash/sponge/sp800_185/parallelhash/parallelhash.c.o
[122/670] Building C object CMakeFiles/nextssl.dir/src/modern/aead/aes_ccm/aes_ccm.c.o
[123/670] Building C object CMakeFiles/nextssl.dir/src/modern/aead/aes_eax/aes_eax.c.o
[124/670] Building C object CMakeFiles/nextssl.dir/src/modern/aead/aes_gcm/aes_gcm.c.o
[125/670] Building C object CMakeFiles/nextssl.dir/src/modern/aead/_monocypher/monocypher-ed25519.c.o
[126/670] Building C object CMakeFiles/nextssl.dir/src/hash/skein/_skein/threefish1024Block.c.o
[127/670] Building C object CMakeFiles/nextssl.dir/src/modern/aead/aes_gmac/aes_gmac.c.o
[128/670] Building C object CMakeFiles/nextssl.dir/src/modern/aead/aes_gcm_siv/aes_gcm_siv.c.o
[129/670] Building C object CMakeFiles/nextssl.dir/src/modern/aead/aes_siv/aes_siv.c.o
[130/670] Building C object CMakeFiles/nextssl.dir/src/modern/aead/aes_poly1305/aes_poly1305.c.o
[131/670] Building C object CMakeFiles/nextssl.dir/src/modern/aead/ascon/_ascon/ascon_core.c.o
[132/670] Building C object CMakeFiles/nextssl.dir/src/modern/aead/ascon/aead128/ascon_aead128.c.o
[133/670] Building C object CMakeFiles/nextssl.dir/src/modern/aead/aes_ocb/aes_ocb.c.o
[134/670] Building C object CMakeFiles/nextssl.dir/src/modern/aead/ascon/hash256/ascon_hash256.c.o
[135/670] Building C object CMakeFiles/nextssl.dir/src/modern/aead/ascon/cxof128/ascon_cxof128.c.o
[136/670] Building C object CMakeFiles/nextssl.dir/src/modern/aead/chacha20_poly1305/chacha20_poly1305.c.o
[137/670] Building C object CMakeFiles/nextssl.dir/src/modern/asymmetric/_ed25519/add_scalar.c.o
[138/670] Building C object CMakeFiles/nextssl.dir/src/modern/aead/ascon/xof128/ascon_xof128.c.o
[139/670] Building C object CMakeFiles/nextssl.dir/src/modern/asymmetric/_ed25519/key_exchange.c.o
[140/670] Building C object CMakeFiles/nextssl.dir/src/modern/asymmetric/_ed25519/keypair.c.o
[141/670] Building C object CMakeFiles/nextssl.dir/src/modern/asymmetric/_ed25519/seed.c.o
[142/670] Building C object CMakeFiles/nextssl.dir/src/modern/asymmetric/_ed25519/sc.c.o
[143/670] Building C object CMakeFiles/nextssl.dir/src/modern/asymmetric/_ed25519/ge.c.o
[144/670] Building C object CMakeFiles/nextssl.dir/src/modern/asymmetric/_ed25519/sign.c.o
[145/670] Building C object CMakeFiles/nextssl.dir/src/modern/asymmetric/_ed25519/verify.c.o
[146/670] Building C object CMakeFiles/nextssl.dir/src/modern/asymmetric/_ed25519/fe.c.o
[147/670] Building C object CMakeFiles/nextssl.dir/src/modern/asymmetric/_ed25519/sha512.c.o
[148/670] Building C object CMakeFiles/nextssl.dir/src/modern/asymmetric/curve448/curve448_det.c.o
[149/670] Building C object CMakeFiles/nextssl.dir/src/modern/asymmetric/curve448/curve448.c.o
[150/670] Building C object CMakeFiles/nextssl.dir/src/modern/asymmetric/curve448/ed448.c.o
[151/670] Building C object CMakeFiles/nextssl.dir/src/modern/asymmetric/det_ecdsa/det_ecdsa.c.o
[152/670] Building C object CMakeFiles/nextssl.dir/src/modern/asymmetric/curve448/fe_448.c.o
[153/670] Building C object CMakeFiles/nextssl.dir/src/modern/asymmetric/p256/p256.c.o
[154/670] Building C object CMakeFiles/nextssl.dir/src/modern/asymmetric/dsa/dsa.c.o
[155/670] Building C object CMakeFiles/nextssl.dir/src/modern/asymmetric/p521/p521.c.o
[156/670] Building C object CMakeFiles/nextssl.dir/src/modern/asymmetric/curve448/ge_448.c.o
[157/670] Building C object CMakeFiles/nextssl.dir/src/modern/asymmetric/p384/p384.c.o
[158/670] Building C object CMakeFiles/nextssl.dir/src/modern/asymmetric/sm2/sm2.c.o
[159/670] Building C object CMakeFiles/nextssl.dir/src/modern/asymmetric/rsa/rsa.c.o
[160/670] Building C object CMakeFiles/nextssl.dir/src/modern/base_encryption.c.o
[161/670] Building C object CMakeFiles/nextssl.dir/src/modern/curve_math/elligator2.c.o
[162/670] Building C object CMakeFiles/nextssl.dir/src/modern/curve_math/ristretto255.c.o
[163/670] Building C object CMakeFiles/nextssl.dir/src/modern/mac/aes_cmac/aes_cmac.c.o
[164/670] Building C object CMakeFiles/nextssl.dir/src/modern/kdf/pbkdf2/pbkdf2.c.o
[165/670] Building C object CMakeFiles/nextssl.dir/src/modern/mac/poly1305/poly1305.c.o
[166/670] Building C object CMakeFiles/nextssl.dir/src/modern/kdf/hkdf/hkdf.c.o
[167/670] Building C object CMakeFiles/nextssl.dir/src/modern/mac/siphash/siphash.c.o
[168/670] Building C object CMakeFiles/nextssl.dir/src/modern/mac/hmac/hmac.c.o
[169/670] Building C object CMakeFiles/nextssl.dir/src/modern/symmetric/aes_cbc/aes_cbc.c.o
[170/670] Building C object CMakeFiles/nextssl.dir/src/modern/symmetric/aes_cbc_cs/aes_cbc_cs.c.o
[171/670] Building C object CMakeFiles/nextssl.dir/src/modern/symmetric/aes_cfb/aes_cfb.c.o
[172/670] Building C object CMakeFiles/nextssl.dir/src/modern/symmetric/_aes/aes_core.c.o
[173/670] Building C object CMakeFiles/nextssl.dir/src/modern/symmetric/aes_ecb/aes_ecb.c.o
[174/670] Building C object CMakeFiles/nextssl.dir/src/modern/symmetric/aes_ctr/aes_ctr.c.o
[175/670] Building C object CMakeFiles/nextssl.dir/src/modern/symmetric/aes_fpe/aes_fpe.c.o
[176/670] Building C object CMakeFiles/nextssl.dir/src/modern/symmetric/aes_ofb/aes_ofb.c.o
[177/670] Building C object CMakeFiles/nextssl.dir/src/modern/symmetric/aes_kw/aes_kw.c.o
[178/670] Building C object CMakeFiles/nextssl.dir/src/modern/symmetric/aes_xpn/aes_xpn.c.o
[179/670] Building C object CMakeFiles/nextssl.dir/src/modern/symmetric/aes_xts/aes_xts.c.o
[180/670] Building C object CMakeFiles/nextssl.dir/src/modern/symmetric/chacha20/chacha20.c.o
[181/670] Building C object CMakeFiles/nextssl.dir/src/pow/client/pow_limits.c.o
[182/670] Building C object CMakeFiles/nextssl.dir/src/modern/aead/_monocypher/monocypher.c.o
[183/670] Building C object CMakeFiles/nextssl.dir/src/modern/symmetric/three_des/three_des.c.o
[184/670] Building C object CMakeFiles/nextssl.dir/src/pow/client/pow_reject.c.o
[185/670] Building C object CMakeFiles/nextssl.dir/src/pow/client/pow_solver.c.o
[186/670] Building C object CMakeFiles/nextssl.dir/src/pow/client/pow_timer.c.o
[187/670] Building C object CMakeFiles/nextssl.dir/src/pow/core/pow_difficulty.c.o
[188/670] Building C object CMakeFiles/nextssl.dir/src/modern/asymmetric/_nist_ecc/micro_ecc/uECC.c.o
[189/670] Building C object CMakeFiles/nextssl.dir/src/pow/core/pow_parser.c.o
[190/670] Building C object CMakeFiles/nextssl.dir/src/pow/dhcm/dhcm_math.c.o
[191/670] Building C object CMakeFiles/nextssl.dir/src/pow/dhcm/dhcm_difficulty.c.o
[192/670] Building C object CMakeFiles/nextssl.dir/src/pow/dispatcher.c.o
[193/670] Building C object CMakeFiles/nextssl.dir/src/pow/dhcm/dhcm_core.c.o
[194/670] Building C object CMakeFiles/nextssl.dir/src/pow/dhcm/hash_cost_probe.c.o
[195/670] Building C object CMakeFiles/nextssl.dir/src/pow/server/pow_challenge.c.o
[196/670] Building C object CMakeFiles/nextssl.dir/src/pow/dhcm/hash_cost.c.o
[197/670] Building C object CMakeFiles/nextssl.dir/src/pow/pow_engine.c.o
[198/670] Building C object CMakeFiles/nextssl.dir/src/pow/server/pow_verify.c.o
[199/670] Building C object CMakeFiles/nextssl.dir/src/pqc/common/drbg/drbg.c.o
[200/670] Building C object CMakeFiles/nextssl.dir/src/pqc/common/aes.c.o
[201/670] Building C object CMakeFiles/nextssl.dir/src/modern/symmetric/sm4/sm4_impl.c.o
[202/670] Building C object CMakeFiles/nextssl.dir/src/pqc/common/hkdf/hkdf.c.o
[203/670] Building C object CMakeFiles/nextssl.dir/src/pqc/common/nistseedexpander.c.o
[204/670] Building C object CMakeFiles/nextssl.dir/src/pqc/common/randombytes.c.o
[205/670] Building C object CMakeFiles/nextssl.dir/src/pqc/common/sp800-185.c.o
[206/670] Building C object CMakeFiles/nextssl.dir/src/pqc/kem/hqc-128/ref/code.c.o
[207/670] Building C object CMakeFiles/nextssl.dir/src/hash/skein/_skein/skein_block.c.o
[208/670] Building C object CMakeFiles/nextssl.dir/src/pqc/kem/hqc-128/ref/fft.c.o
[209/670] Building C object CMakeFiles/nextssl.dir/src/pqc/kem/hqc-128/ref/gf.c.o
[210/670] Building C object CMakeFiles/nextssl.dir/src/pqc/kem/hqc-128/ref/hqc.c.o
[211/670] Building C object CMakeFiles/nextssl.dir/src/pqc/kem/hqc-128/ref/kem.c.o
[212/670] Building C object CMakeFiles/nextssl.dir/src/pqc/kem/hqc-128/ref/gf2x.c.o
[213/670] Building C object CMakeFiles/nextssl.dir/src/pqc/kem/hqc-128/ref/parsing.c.o
[214/670] Building C object CMakeFiles/nextssl.dir/src/pqc/kem/hqc-128/ref/reed_solomon.c.o
[215/670] Building C object CMakeFiles/nextssl.dir/src/pqc/kem/hqc-128/ref/reed_muller.c.o
[216/670] Building C object CMakeFiles/nextssl.dir/src/pqc/kem/hqc-128/ref/shake_ds.c.o
[217/670] Building C object CMakeFiles/nextssl.dir/src/pqc/kem/hqc-128/ref/shake_prng.c.o
[218/670] Building C object CMakeFiles/nextssl.dir/src/pqc/kem/hqc-192/ref/code.c.o
[219/670] Building C object CMakeFiles/nextssl.dir/src/pqc/kem/hqc-192/ref/fft.c.o
[220/670] Building C object CMakeFiles/nextssl.dir/src/pqc/kem/hqc-128/ref/vector.c.o
[221/670] Building C object CMakeFiles/nextssl.dir/src/pqc/kem/hqc-192/ref/gf.c.o
[222/670] Building C object CMakeFiles/nextssl.dir/src/pqc/common/fips202.c.o
[223/670] Building C object CMakeFiles/nextssl.dir/src/pqc/kem/hqc-192/ref/hqc.c.o
[224/670] Building C object CMakeFiles/nextssl.dir/src/pqc/kem/hqc-192/ref/kem.c.o
[225/670] Building C object CMakeFiles/nextssl.dir/src/pqc/kem/hqc-192/ref/gf2x.c.o
[226/670] Building C object CMakeFiles/nextssl.dir/src/pqc/kem/hqc-192/ref/parsing.c.o
[227/670] Building C object CMakeFiles/nextssl.dir/src/pqc/kem/hqc-192/ref/shake_ds.c.o
[228/670] Building C object CMakeFiles/nextssl.dir/src/pqc/kem/hqc-192/ref/shake_prng.c.o
[229/670] Building C object CMakeFiles/nextssl.dir/src/pqc/kem/hqc-256/ref/code.c.o
[230/670] Building C object CMakeFiles/nextssl.dir/src/pqc/kem/hqc-192/ref/reed_muller.c.o
[231/670] Building C object CMakeFiles/nextssl.dir/src/pqc/kem/hqc-192/ref/vector.c.o
[232/670] Building C object CMakeFiles/nextssl.dir/src/pqc/kem/hqc-192/ref/reed_solomon.c.o
[233/670] Building C object CMakeFiles/nextssl.dir/src/pqc/kem/hqc-256/ref/gf.c.o
[234/670] Building C object CMakeFiles/nextssl.dir/src/pqc/kem/hqc-256/ref/gf2x.c.o
[235/670] Building C object CMakeFiles/nextssl.dir/src/pqc/kem/hqc-256/ref/hqc.c.o
[236/670] Building C object CMakeFiles/nextssl.dir/src/pqc/kem/hqc-256/ref/fft.c.o
[237/670] Building C object CMakeFiles/nextssl.dir/src/pqc/kem/hqc-256/ref/kem.c.o
[238/670] Building C object CMakeFiles/nextssl.dir/src/pqc/kem/hqc-256/ref/parsing.c.o
[239/670] Building C object CMakeFiles/nextssl.dir/src/pqc/kem/hqc-256/ref/shake_ds.c.o
[240/670] Building C object CMakeFiles/nextssl.dir/src/pqc/kem/hqc-256/ref/reed_solomon.c.o
[241/670] Building C object CMakeFiles/nextssl.dir/src/pqc/kem/hqc-256/ref/shake_prng.c.o
[242/670] Building C object CMakeFiles/nextssl.dir/src/pqc/kem/mceliece348864/ref/aes256ctr.c.o
[243/670] Building C object CMakeFiles/nextssl.dir/src/pqc/kem/hqc-256/ref/reed_muller.c.o
[244/670] Building C object CMakeFiles/nextssl.dir/src/pqc/kem/mceliece348864/ref/bm.c.o
[245/670] Building C object CMakeFiles/nextssl.dir/src/pqc/kem/hqc-256/ref/vector.c.o
[246/670] Building C object CMakeFiles/nextssl.dir/src/pqc/kem/mceliece348864/ref/crypto_int16.c.o
[247/670] Building C object CMakeFiles/nextssl.dir/src/pqc/kem/mceliece348864/ref/benes.c.o
[248/670] Building C object CMakeFiles/nextssl.dir/src/pqc/kem/mceliece348864/ref/crypto_int32.c.o
[249/670] Building C object CMakeFiles/nextssl.dir/src/pqc/kem/mceliece348864/ref/crypto_uint32.c.o
[250/670] Building C object CMakeFiles/nextssl.dir/src/pqc/kem/mceliece348864/ref/crypto_uint64.c.o
[251/670] Building C object CMakeFiles/nextssl.dir/src/pqc/kem/mceliece348864/ref/crypto_uint16.c.o
[252/670] Building C object CMakeFiles/nextssl.dir/src/pqc/kem/mceliece348864/ref/decrypt.c.o
[253/670] Building C object CMakeFiles/nextssl.dir/src/pqc/kem/mceliece348864/ref/controlbits.c.o
[254/670] Building C object CMakeFiles/nextssl.dir/src/pqc/kem/mceliece348864/ref/encrypt.c.o
[255/670] Building C object CMakeFiles/nextssl.dir/src/pqc/kem/mceliece348864/ref/operations.c.o
[256/670] Building C object CMakeFiles/nextssl.dir/src/pqc/kem/mceliece348864/ref/sk_gen.c.o
[257/670] Building C object CMakeFiles/nextssl.dir/src/pqc/kem/mceliece348864/ref/root.c.o
[258/670] Building C object CMakeFiles/nextssl.dir/src/pqc/kem/mceliece348864/ref/gf.c.o
[259/670] Building C object CMakeFiles/nextssl.dir/src/pqc/kem/mceliece348864/ref/pk_gen.c.o
[260/670] Building C object CMakeFiles/nextssl.dir/src/pqc/kem/mceliece348864/ref/synd.c.o
[261/670] Building C object CMakeFiles/nextssl.dir/src/pqc/kem/mceliece348864/ref/util.c.o
[262/670] Building C object CMakeFiles/nextssl.dir/src/pqc/kem/mceliece348864f/ref/aes256ctr.c.o
[263/670] Building C object CMakeFiles/nextssl.dir/src/pqc/kem/mceliece348864f/ref/bm.c.o
[264/670] Building C object CMakeFiles/nextssl.dir/src/pqc/kem/mceliece348864/ref/transpose.c.o
[265/670] Building C object CMakeFiles/nextssl.dir/src/pqc/kem/mceliece348864f/ref/benes.c.o
[266/670] Building C object CMakeFiles/nextssl.dir/src/pqc/kem/mceliece348864f/ref/crypto_int16.c.o
[267/670] Building C object CMakeFiles/nextssl.dir/src/pqc/kem/mceliece348864f/ref/crypto_int32.c.o
[268/670] Building C object CMakeFiles/nextssl.dir/src/pqc/kem/mceliece348864f/ref/crypto_uint16.c.o
[269/670] Building C object CMakeFiles/nextssl.dir/src/pqc/kem/mceliece348864f/ref/crypto_uint32.c.o
[270/670] Building C object CMakeFiles/nextssl.dir/src/pqc/kem/mceliece348864f/ref/controlbits.c.o
[271/670] Building C object CMakeFiles/nextssl.dir/src/pqc/kem/mceliece348864f/ref/crypto_uint64.c.o
[272/670] Building C object CMakeFiles/nextssl.dir/src/pqc/kem/mceliece348864f/ref/decrypt.c.o
[273/670] Building C object CMakeFiles/nextssl.dir/src/pqc/kem/mceliece348864f/ref/encrypt.c.o
[274/670] Building C object CMakeFiles/nextssl.dir/src/pqc/kem/mceliece348864f/ref/gf.c.o
[275/670] Building C object CMakeFiles/nextssl.dir/src/pqc/kem/mceliece348864f/ref/operations.c.o
[276/670] Building C object CMakeFiles/nextssl.dir/src/pqc/kem/mceliece348864f/ref/sk_gen.c.o
[277/670] Building C object CMakeFiles/nextssl.dir/src/pqc/common/sha2.c.o
[278/670] Building C object CMakeFiles/nextssl.dir/src/pqc/kem/mceliece348864f/ref/root.c.o
[279/670] Building C object CMakeFiles/nextssl.dir/src/pqc/kem/mceliece348864f/ref/synd.c.o
[280/670] Building C object CMakeFiles/nextssl.dir/src/pqc/kem/mceliece348864f/ref/util.c.o
[281/670] Building C object CMakeFiles/nextssl.dir/src/pqc/kem/mceliece348864f/ref/transpose.c.o
[282/670] Building C object CMakeFiles/nextssl.dir/src/pqc/kem/mceliece460896/ref/aes256ctr.c.o
[283/670] Building C object CMakeFiles/nextssl.dir/src/pqc/kem/mceliece348864f/ref/pk_gen.c.o
[284/670] Building C object CMakeFiles/nextssl.dir/src/pqc/kem/mceliece460896/ref/bm.c.o
[285/670] Building C object CMakeFiles/nextssl.dir/src/pqc/kem/mceliece460896/ref/crypto_int16.c.o
[286/670] Building C object CMakeFiles/nextssl.dir/src/pqc/kem/mceliece460896/ref/crypto_uint16.c.o
[287/670] Building C object CMakeFiles/nextssl.dir/src/pqc/kem/mceliece460896/ref/crypto_int32.c.o
[288/670] Building C object CMakeFiles/nextssl.dir/src/pqc/kem/mceliece460896/ref/crypto_uint32.c.o
[289/670] Building C object CMakeFiles/nextssl.dir/src/pqc/kem/mceliece460896/ref/crypto_uint64.c.o
[290/670] Building C object CMakeFiles/nextssl.dir/src/pqc/kem/mceliece460896/ref/decrypt.c.o
[291/670] Building C object CMakeFiles/nextssl.dir/src/pqc/kem/mceliece460896/ref/controlbits.c.o
[292/670] Building C object CMakeFiles/nextssl.dir/src/pqc/kem/mceliece460896/ref/operations.c.o
[293/670] Building C object CMakeFiles/nextssl.dir/src/pqc/kem/mceliece460896/ref/encrypt.c.o
[294/670] Building C object CMakeFiles/nextssl.dir/src/pqc/kem/mceliece460896/ref/gf.c.o
[295/670] Building C object CMakeFiles/nextssl.dir/src/pqc/kem/mceliece460896/ref/root.c.o
[296/670] Building C object CMakeFiles/nextssl.dir/src/pqc/kem/mceliece460896/ref/sk_gen.c.o
[297/670] Building C object CMakeFiles/nextssl.dir/src/pqc/kem/mceliece460896/ref/synd.c.o
[298/670] Building C object CMakeFiles/nextssl.dir/src/pqc/kem/mceliece460896/ref/pk_gen.c.o
[299/670] Building C object CMakeFiles/nextssl.dir/src/pqc/kem/mceliece460896/ref/util.c.o
[300/670] Building C object CMakeFiles/nextssl.dir/src/pqc/kem/mceliece460896f/ref/aes256ctr.c.o
[301/670] Building C object CMakeFiles/nextssl.dir/src/pqc/kem/mceliece460896/ref/transpose.c.o
[302/670] Building C object CMakeFiles/nextssl.dir/src/pqc/kem/mceliece460896f/ref/bm.c.o
[303/670] Building C object CMakeFiles/nextssl.dir/src/pqc/kem/mceliece460896f/ref/crypto_int16.c.o
[304/670] Building C object CMakeFiles/nextssl.dir/src/pqc/kem/mceliece460896f/ref/crypto_int32.c.o
[305/670] Building C object CMakeFiles/nextssl.dir/src/pqc/kem/mceliece460896f/ref/crypto_uint16.c.o
[306/670] Building C object CMakeFiles/nextssl.dir/src/pqc/kem/mceliece460896/ref/benes.c.o
[307/670] Building C object CMakeFiles/nextssl.dir/src/pqc/kem/mceliece460896f/ref/controlbits.c.o
[308/670] Building C object CMakeFiles/nextssl.dir/src/pqc/kem/mceliece460896f/ref/crypto_uint32.c.o
[309/670] Building C object CMakeFiles/nextssl.dir/src/pqc/kem/mceliece460896f/ref/crypto_uint64.c.o
[310/670] Building C object CMakeFiles/nextssl.dir/src/pqc/kem/mceliece460896f/ref/decrypt.c.o
[311/670] Building C object CMakeFiles/nextssl.dir/src/pqc/kem/mceliece460896f/ref/encrypt.c.o
[312/670] Building C object CMakeFiles/nextssl.dir/src/pqc/kem/mceliece460896f/ref/gf.c.o
[313/670] Building C object CMakeFiles/nextssl.dir/src/pqc/kem/mceliece460896f/ref/operations.c.o
[314/670] Building C object CMakeFiles/nextssl.dir/src/pqc/kem/mceliece460896f/ref/synd.c.o
[315/670] Building C object CMakeFiles/nextssl.dir/src/pqc/kem/mceliece460896f/ref/root.c.o
[316/670] Building C object CMakeFiles/nextssl.dir/src/pqc/kem/mceliece460896f/ref/sk_gen.c.o
[317/670] Building C object CMakeFiles/nextssl.dir/src/pqc/kem/mceliece460896f/ref/util.c.o
[318/670] Building C object CMakeFiles/nextssl.dir/src/pqc/kem/mceliece460896f/ref/transpose.c.o
[319/670] Building C object CMakeFiles/nextssl.dir/src/pqc/kem/mceliece6688128/ref/aes256ctr.c.o
[320/670] Building C object CMakeFiles/nextssl.dir/src/pqc/kem/mceliece460896f/ref/benes.c.o
[321/670] Building C object CMakeFiles/nextssl.dir/src/pqc/kem/mceliece6688128/ref/bm.c.o
[322/670] Building C object CMakeFiles/nextssl.dir/src/pqc/kem/mceliece460896f/ref/pk_gen.c.o
[323/670] Building C object CMakeFiles/nextssl.dir/src/pqc/kem/mceliece6688128/ref/crypto_int16.c.o
[324/670] Building C object CMakeFiles/nextssl.dir/src/pqc/kem/mceliece6688128/ref/crypto_int32.c.o
[325/670] Building C object CMakeFiles/nextssl.dir/src/pqc/kem/mceliece6688128/ref/crypto_uint16.c.o
[326/670] Building C object CMakeFiles/nextssl.dir/src/pqc/kem/mceliece6688128/ref/decrypt.c.o
[327/670] Building C object CMakeFiles/nextssl.dir/src/pqc/kem/mceliece6688128/ref/crypto_uint32.c.o
[328/670] Building C object CMakeFiles/nextssl.dir/src/pqc/kem/mceliece6688128/ref/crypto_uint64.c.o
[329/670] Building C object CMakeFiles/nextssl.dir/src/pqc/kem/mceliece6688128/ref/controlbits.c.o
[330/670] Building C object CMakeFiles/nextssl.dir/src/pqc/kem/mceliece6688128/ref/operations.c.o
[331/670] Building C object CMakeFiles/nextssl.dir/src/pqc/kem/mceliece6688128/ref/encrypt.c.o
[332/670] Building C object CMakeFiles/nextssl.dir/src/pqc/kem/mceliece6688128/ref/pk_gen.c.o
[333/670] Building C object CMakeFiles/nextssl.dir/src/pqc/kem/mceliece6688128/ref/root.c.o
[334/670] Building C object CMakeFiles/nextssl.dir/src/pqc/kem/mceliece6688128/ref/gf.c.o
[335/670] Building C object CMakeFiles/nextssl.dir/src/pqc/kem/mceliece6688128/ref/sk_gen.c.o
[336/670] Building C object CMakeFiles/nextssl.dir/src/pqc/kem/mceliece6688128/ref/synd.c.o
[337/670] Building C object CMakeFiles/nextssl.dir/src/pqc/kem/mceliece6688128/ref/util.c.o
[338/670] Building C object CMakeFiles/nextssl.dir/src/pqc/kem/mceliece6688128f/ref/aes256ctr.c.o
[339/670] Building C object CMakeFiles/nextssl.dir/src/pqc/kem/mceliece6688128/ref/transpose.c.o
[340/670] Building C object CMakeFiles/nextssl.dir/src/pqc/kem/mceliece6688128f/ref/bm.c.o
[341/670] Building C object CMakeFiles/nextssl.dir/src/pqc/kem/mceliece6688128/ref/benes.c.o
[342/670] Building C object CMakeFiles/nextssl.dir/src/pqc/kem/mceliece6688128f/ref/crypto_int16.c.o
[343/670] Building C object CMakeFiles/nextssl.dir/src/pqc/kem/mceliece6688128f/ref/crypto_int32.c.o
[344/670] Building C object CMakeFiles/nextssl.dir/src/pqc/kem/mceliece6688128f/ref/crypto_uint16.c.o
[345/670] Building C object CMakeFiles/nextssl.dir/src/pqc/kem/mceliece6688128f/ref/crypto_uint32.c.o
[346/670] Building C object CMakeFiles/nextssl.dir/src/pqc/kem/mceliece6688128f/ref/controlbits.c.o
[347/670] Building C object CMakeFiles/nextssl.dir/src/pqc/kem/mceliece6688128f/ref/crypto_uint64.c.o
[348/670] Building C object CMakeFiles/nextssl.dir/src/pqc/kem/mceliece6688128f/ref/decrypt.c.o
[349/670] Building C object CMakeFiles/nextssl.dir/src/pqc/common/keccak4x/KeccakP-1600-times4-SIMD256.c.o
[350/670] Building C object CMakeFiles/nextssl.dir/src/pqc/kem/mceliece6688128f/ref/gf.c.o
[351/670] Building C object CMakeFiles/nextssl.dir/src/pqc/kem/mceliece6688128f/ref/operations.c.o
[352/670] Building C object CMakeFiles/nextssl.dir/src/pqc/kem/mceliece6688128f/ref/root.c.o
[353/670] Building C object CMakeFiles/nextssl.dir/src/pqc/kem/mceliece6688128f/ref/synd.c.o
[354/670] Building C object CMakeFiles/nextssl.dir/src/pqc/kem/mceliece6688128f/ref/encrypt.c.o
[355/670] Building C object CMakeFiles/nextssl.dir/src/pqc/kem/mceliece6688128f/ref/pk_gen.c.o
[356/670] Building C object CMakeFiles/nextssl.dir/src/pqc/kem/mceliece6688128f/ref/util.c.o
[357/670] Building C object CMakeFiles/nextssl.dir/src/pqc/kem/mceliece6688128f/ref/sk_gen.c.o
[358/670] Building C object CMakeFiles/nextssl.dir/src/pqc/kem/mceliece6960119/ref/aes256ctr.c.o
[359/670] Building C object CMakeFiles/nextssl.dir/src/pqc/kem/mceliece6688128f/ref/transpose.c.o
[360/670] Building C object CMakeFiles/nextssl.dir/src/pqc/kem/mceliece6960119/ref/bm.c.o
[361/670] Building C object CMakeFiles/nextssl.dir/src/pqc/kem/mceliece6960119/ref/crypto_int16.c.o
[362/670] Building C object CMakeFiles/nextssl.dir/src/pqc/kem/mceliece6960119/ref/crypto_int32.c.o
[363/670] Building C object CMakeFiles/nextssl.dir/src/pqc/kem/mceliece6960119/ref/crypto_uint16.c.o
[364/670] Building C object CMakeFiles/nextssl.dir/src/pqc/kem/mceliece6960119/ref/crypto_uint32.c.o
[365/670] Building C object CMakeFiles/nextssl.dir/src/pqc/kem/mceliece6960119/ref/crypto_uint64.c.o
[366/670] Building C object CMakeFiles/nextssl.dir/src/pqc/kem/mceliece6960119/ref/controlbits.c.o
[367/670] Building C object CMakeFiles/nextssl.dir/src/pqc/kem/mceliece6960119/ref/decrypt.c.o
[368/670] Building C object CMakeFiles/nextssl.dir/src/pqc/kem/mceliece6688128f/ref/benes.c.o
[369/670] Building C object CMakeFiles/nextssl.dir/src/pqc/kem/mceliece6960119/ref/encrypt.c.o
[370/670] Building C object CMakeFiles/nextssl.dir/src/pqc/kem/mceliece6960119/ref/operations.c.o
[371/670] Building C object CMakeFiles/nextssl.dir/src/pqc/kem/mceliece6960119/ref/root.c.o
[372/670] Building C object CMakeFiles/nextssl.dir/src/pqc/kem/mceliece6960119/ref/sk_gen.c.o
[373/670] Building C object CMakeFiles/nextssl.dir/src/pqc/kem/mceliece6960119/ref/synd.c.o
[374/670] Building C object CMakeFiles/nextssl.dir/src/pqc/kem/mceliece6960119/ref/util.c.o
[375/670] Building C object CMakeFiles/nextssl.dir/src/pqc/kem/mceliece6960119f/ref/aes256ctr.c.o
[376/670] Building C object CMakeFiles/nextssl.dir/src/pqc/kem/mceliece6960119/ref/gf.c.o
[377/670] Building C object CMakeFiles/nextssl.dir/src/pqc/kem/mceliece6960119f/ref/bm.c.o
[378/670] Building C object CMakeFiles/nextssl.dir/src/pqc/kem/mceliece6960119/ref/pk_gen.c.o
[379/670] Building C object CMakeFiles/nextssl.dir/src/pqc/kem/mceliece6960119/ref/transpose.c.o
[380/670] Building C object CMakeFiles/nextssl.dir/src/pqc/kem/mceliece6960119f/ref/crypto_int16.c.o
[381/670] Building C object CMakeFiles/nextssl.dir/src/pqc/kem/mceliece6960119f/ref/crypto_int32.c.o
[382/670] Building C object CMakeFiles/nextssl.dir/src/pqc/kem/mceliece6960119f/ref/crypto_uint32.c.o
[383/670] Building C object CMakeFiles/nextssl.dir/src/pqc/kem/mceliece6960119f/ref/crypto_uint16.c.o
[384/670] Building C object CMakeFiles/nextssl.dir/src/pqc/kem/mceliece6960119f/ref/crypto_uint64.c.o
[385/670] Building C object CMakeFiles/nextssl.dir/src/pqc/kem/mceliece6960119f/ref/controlbits.c.o
[386/670] Building C object CMakeFiles/nextssl.dir/src/pqc/kem/mceliece6960119f/ref/decrypt.c.o
[387/670] Building C object CMakeFiles/nextssl.dir/src/pqc/kem/mceliece6960119/ref/benes.c.o
[388/670] Building C object CMakeFiles/nextssl.dir/src/pqc/kem/mceliece6960119f/ref/root.c.o
[389/670] Building C object CMakeFiles/nextssl.dir/src/pqc/kem/mceliece6960119f/ref/gf.c.o
[390/670] Building C object CMakeFiles/nextssl.dir/src/pqc/kem/mceliece6960119f/ref/sk_gen.c.o
[391/670] Building C object CMakeFiles/nextssl.dir/src/pqc/kem/mceliece6960119f/ref/synd.c.o
[392/670] Building C object CMakeFiles/nextssl.dir/src/pqc/kem/mceliece6960119f/ref/encrypt.c.o
[393/670] Building C object CMakeFiles/nextssl.dir/src/pqc/kem/mceliece6960119f/ref/util.c.o
[394/670] Building C object CMakeFiles/nextssl.dir/src/pqc/kem/mceliece6960119f/ref/operations.c.o
[395/670] Building C object CMakeFiles/nextssl.dir/src/pqc/kem/mceliece8192128/ref/aes256ctr.c.o
[396/670] Building C object CMakeFiles/nextssl.dir/src/pqc/kem/mceliece8192128/ref/bm.c.o
[397/670] Building C object CMakeFiles/nextssl.dir/src/pqc/kem/mceliece6960119f/ref/transpose.c.o
[398/670] Building C object CMakeFiles/nextssl.dir/src/pqc/kem/mceliece6960119f/ref/pk_gen.c.o
[399/670] Building C object CMakeFiles/nextssl.dir/src/pqc/kem/mceliece8192128/ref/crypto_int16.c.o
[400/670] Building C object CMakeFiles/nextssl.dir/src/pqc/kem/mceliece8192128/ref/crypto_int32.c.o
[401/670] Building C object CMakeFiles/nextssl.dir/src/pqc/kem/mceliece6960119f/ref/benes.c.o
[402/670] Building C object CMakeFiles/nextssl.dir/src/pqc/kem/mceliece8192128/ref/crypto_uint32.c.o
[403/670] Building C object CMakeFiles/nextssl.dir/src/pqc/kem/mceliece8192128/ref/crypto_uint16.c.o
[404/670] Building C object CMakeFiles/nextssl.dir/src/pqc/kem/mceliece8192128/ref/crypto_uint64.c.o
[405/670] Building C object CMakeFiles/nextssl.dir/src/pqc/kem/mceliece8192128/ref/decrypt.c.o
[406/670] Building C object CMakeFiles/nextssl.dir/src/pqc/kem/mceliece8192128/ref/controlbits.c.o
[407/670] Building C object CMakeFiles/nextssl.dir/src/pqc/kem/mceliece8192128/ref/encrypt.c.o
[408/670] Building C object CMakeFiles/nextssl.dir/src/pqc/kem/mceliece8192128/ref/root.c.o
[409/670] Building C object CMakeFiles/nextssl.dir/src/pqc/kem/mceliece8192128/ref/gf.c.o
[410/670] Building C object CMakeFiles/nextssl.dir/src/pqc/kem/mceliece8192128/ref/operations.c.o
[411/670] Building C object CMakeFiles/nextssl.dir/src/pqc/kem/mceliece8192128/ref/synd.c.o
[412/670] Building C object CMakeFiles/nextssl.dir/src/pqc/kem/mceliece8192128/ref/sk_gen.c.o
[413/670] Building C object CMakeFiles/nextssl.dir/src/pqc/kem/mceliece8192128/ref/pk_gen.c.o
[414/670] Building C object CMakeFiles/nextssl.dir/src/pqc/kem/mceliece8192128/ref/util.c.o
[415/670] Building C object CMakeFiles/nextssl.dir/src/pqc/kem/mceliece8192128f/ref/aes256ctr.c.o
[416/670] Building C object CMakeFiles/nextssl.dir/src/pqc/kem/mceliece8192128f/ref/crypto_int16.c.o
[417/670] Building C object CMakeFiles/nextssl.dir/src/pqc/kem/mceliece8192128/ref/transpose.c.o
[418/670] Building C object CMakeFiles/nextssl.dir/src/pqc/kem/mceliece8192128f/ref/bm.c.o
[419/670] Building C object CMakeFiles/nextssl.dir/src/pqc/kem/mceliece8192128f/ref/crypto_int32.c.o
[420/670] Building C object CMakeFiles/nextssl.dir/src/pqc/kem/mceliece8192128f/ref/crypto_uint16.c.o
[421/670] Building C object CMakeFiles/nextssl.dir/src/pqc/kem/mceliece8192128f/ref/crypto_uint32.c.o
[422/670] Building C object CMakeFiles/nextssl.dir/src/pqc/kem/mceliece8192128f/ref/crypto_uint64.c.o
[423/670] Building C object CMakeFiles/nextssl.dir/src/pqc/kem/mceliece8192128f/ref/controlbits.c.o
[424/670] Building C object CMakeFiles/nextssl.dir/src/pqc/kem/mceliece8192128f/ref/decrypt.c.o
[425/670] Building C object CMakeFiles/nextssl.dir/src/pqc/kem/mceliece8192128f/ref/gf.c.o
[426/670] Building C object CMakeFiles/nextssl.dir/src/pqc/kem/mceliece8192128f/ref/encrypt.c.o
[427/670] Building C object CMakeFiles/nextssl.dir/src/pqc/kem/mceliece8192128f/ref/operations.c.o
[428/670] Building C object CMakeFiles/nextssl.dir/src/pqc/kem/mceliece8192128f/ref/root.c.o
[429/670] Building C object CMakeFiles/nextssl.dir/src/pqc/kem/mceliece8192128f/ref/sk_gen.c.o
[430/670] Building C object CMakeFiles/nextssl.dir/src/pqc/kem/mceliece8192128/ref/benes.c.o
[431/670] Building C object CMakeFiles/nextssl.dir/src/pqc/kem/mceliece8192128f/ref/synd.c.o
[432/670] Building C object CMakeFiles/nextssl.dir/src/pqc/kem/mceliece8192128f/ref/util.c.o
[433/670] Building C object CMakeFiles/nextssl.dir/src/pqc/kem/ml-kem-1024/ref/cbd.c.o
[434/670] Building C object CMakeFiles/nextssl.dir/src/pqc/kem/ml-kem-1024/ref/kem.c.o
[435/670] Building C object CMakeFiles/nextssl.dir/src/pqc/kem/ml-kem-1024/ref/ntt.c.o
[436/670] Building C object CMakeFiles/nextssl.dir/src/pqc/kem/ml-kem-1024/ref/indcpa.c.o
[437/670] Building C object CMakeFiles/nextssl.dir/src/pqc/kem/mceliece8192128f/ref/transpose.c.o
[438/670] Building C object CMakeFiles/nextssl.dir/src/pqc/kem/mceliece8192128f/ref/pk_gen.c.o
[439/670] Building C object CMakeFiles/nextssl.dir/src/pqc/kem/ml-kem-1024/ref/reduce.c.o
[440/670] Building C object CMakeFiles/nextssl.dir/src/pqc/kem/ml-kem-1024/ref/symmetric-shake.c.o
[441/670] Building C object CMakeFiles/nextssl.dir/src/pqc/kem/ml-kem-1024/ref/verify.c.o
[442/670] Building C object CMakeFiles/nextssl.dir/src/pqc/kem/ml-kem-1024/ref/poly.c.o
[443/670] Building C object CMakeFiles/nextssl.dir/src/pqc/kem/ml-kem-512/ref/cbd.c.o
[444/670] Building C object CMakeFiles/nextssl.dir/src/pqc/kem/mceliece8192128f/ref/benes.c.o
[445/670] Building C object CMakeFiles/nextssl.dir/src/pqc/kem/ml-kem-512/ref/kem.c.o
[446/670] Building C object CMakeFiles/nextssl.dir/src/pqc/kem/ml-kem-512/ref/indcpa.c.o
[447/670] Building C object CMakeFiles/nextssl.dir/src/pqc/kem/ml-kem-512/ref/reduce.c.o
[448/670] Building C object CMakeFiles/nextssl.dir/src/pqc/kem/ml-kem-512/ref/poly.c.o
[449/670] Building C object CMakeFiles/nextssl.dir/src/pqc/kem/ml-kem-512/ref/symmetric-shake.c.o
[450/670] Building C object CMakeFiles/nextssl.dir/src/pqc/kem/ml-kem-1024/ref/polyvec.c.o
[451/670] Building C object CMakeFiles/nextssl.dir/src/pqc/kem/ml-kem-512/ref/ntt.c.o
[452/670] Building C object CMakeFiles/nextssl.dir/src/pqc/kem/ml-kem-512/ref/polyvec.c.o
[453/670] Building C object CMakeFiles/nextssl.dir/src/pqc/kem/ml-kem-512/ref/verify.c.o
[454/670] Building C object CMakeFiles/nextssl.dir/src/pqc/kem/ml-kem-768/ref/cbd.c.o
[455/670] Building C object CMakeFiles/nextssl.dir/src/pqc/kem/ml-kem-768/ref/indcpa.c.o
[456/670] Building C object CMakeFiles/nextssl.dir/src/pqc/kem/ml-kem-768/ref/kem.c.o
[457/670] Building C object CMakeFiles/nextssl.dir/src/pqc/kem/ml-kem-768/ref/ntt.c.o
[458/670] Building C object CMakeFiles/nextssl.dir/src/pqc/kem/ml-kem-768/ref/reduce.c.o
[459/670] Building C object CMakeFiles/nextssl.dir/src/pqc/kem/ml-kem-768/ref/symmetric-shake.c.o
[460/670] Building C object CMakeFiles/nextssl.dir/src/pqc/kem/ml-kem-768/ref/verify.c.o
[461/670] Building C object CMakeFiles/nextssl.dir/src/pqc/sign/falcon-1024/ref/common.c.o
[462/670] Building C object CMakeFiles/nextssl.dir/src/pqc/sign/falcon-1024/ref/codec.c.o
[463/670] Building C object CMakeFiles/nextssl.dir/src/pqc/kem/ml-kem-768/ref/poly.c.o
[464/670] Building C object CMakeFiles/nextssl.dir/src/pqc/pqc_main.c.o
[465/670] Building C object CMakeFiles/nextssl.dir/src/pqc/sign/falcon-1024/ref/falcon_wrap.c.o
[466/670] Building C object CMakeFiles/nextssl.dir/src/pqc/kem/ml-kem-768/ref/polyvec.c.o
[467/670] Building C object CMakeFiles/nextssl.dir/src/pqc/sign/falcon-1024/ref/fpr.c.o
[468/670] Building C object CMakeFiles/nextssl.dir/src/pqc/sign/falcon-1024/ref/rng.c.o
[469/670] Building C object CMakeFiles/nextssl.dir/src/pqc/sign/falcon-1024/ref/fft.c.o
[470/670] Building C object CMakeFiles/nextssl.dir/src/pqc/sign/falcon-512/ref/common.c.o
[471/670] Building C object CMakeFiles/nextssl.dir/src/pqc/sign/falcon-512/ref/codec.c.o
[472/670] Building C object CMakeFiles/nextssl.dir/src/pqc/sign/falcon-1024/ref/sign.c.o
[473/670] Building C object CMakeFiles/nextssl.dir/src/pqc/sign/falcon-512/ref/falcon_wrap.c.o
[474/670] Building C object CMakeFiles/nextssl.dir/src/pqc/sign/falcon-1024/ref/vrfy.c.o
[475/670] Building C object CMakeFiles/nextssl.dir/src/pqc/sign/falcon-512/ref/fpr.c.o
[476/670] Building C object CMakeFiles/nextssl.dir/src/pqc/sign/falcon-512/ref/rng.c.o
[477/670] Building C object CMakeFiles/nextssl.dir/src/pqc/sign/falcon-512/ref/fft.c.o
[478/670] Building C object CMakeFiles/nextssl.dir/src/pqc/sign/falcon-padded-1024/ref/common.c.o
[479/670] Building C object CMakeFiles/nextssl.dir/src/pqc/sign/falcon-padded-1024/ref/codec.c.o
[480/670] Building C object CMakeFiles/nextssl.dir/src/pqc/sign/falcon-padded-1024/ref/falcon_wrap.c.o
[481/670] Building C object CMakeFiles/nextssl.dir/src/pqc/sign/falcon-512/ref/sign.c.o
[482/670] Building C object CMakeFiles/nextssl.dir/src/pqc/sign/falcon-512/ref/vrfy.c.o
[483/670] Building C object CMakeFiles/nextssl.dir/src/pqc/sign/falcon-padded-1024/ref/fft.c.o
[484/670] Building C object CMakeFiles/nextssl.dir/src/pqc/sign/falcon-padded-1024/ref/fpr.c.o
[485/670] Building C object CMakeFiles/nextssl.dir/src/pqc/sign/falcon-padded-1024/ref/rng.c.o
[486/670] Building C object CMakeFiles/nextssl.dir/src/pqc/sign/falcon-padded-512/ref/codec.c.o
[487/670] Building C object CMakeFiles/nextssl.dir/src/pqc/sign/falcon-padded-1024/ref/sign.c.o
[488/670] Building C object CMakeFiles/nextssl.dir/src/pqc/sign/falcon-padded-512/ref/common.c.o
[489/670] Building C object CMakeFiles/nextssl.dir/src/pqc/sign/falcon-padded-512/ref/falcon_wrap.c.o
[490/670] Building C object CMakeFiles/nextssl.dir/src/pqc/sign/falcon-padded-512/ref/fpr.c.o
[491/670] Building C object CMakeFiles/nextssl.dir/src/pqc/sign/falcon-padded-512/ref/fft.c.o
[492/670] Building C object CMakeFiles/nextssl.dir/src/pqc/sign/falcon-padded-1024/ref/vrfy.c.o
[493/670] Building C object CMakeFiles/nextssl.dir/src/pqc/sign/falcon-padded-512/ref/rng.c.o
[494/670] Building C object CMakeFiles/nextssl.dir/src/pqc/sign/falcon-padded-512/ref/sign.c.o
[495/670] Building C object CMakeFiles/nextssl.dir/src/pqc/sign/falcon-1024/ref/keygen.c.o
[496/670] Building C object CMakeFiles/nextssl.dir/src/pqc/sign/ml-dsa-44/ref/ntt.c.o
[497/670] Building C object CMakeFiles/nextssl.dir/src/pqc/sign/ml-dsa-44/ref/packing.c.o
[498/670] Building C object CMakeFiles/nextssl.dir/src/pqc/sign/ml-dsa-44/ref/polyvec.c.o
[499/670] Building C object CMakeFiles/nextssl.dir/src/pqc/sign/ml-dsa-44/ref/reduce.c.o
[500/670] Building C object CMakeFiles/nextssl.dir/src/pqc/sign/ml-dsa-44/ref/rounding.c.o
[501/670] Building C object CMakeFiles/nextssl.dir/src/pqc/sign/falcon-padded-512/ref/vrfy.c.o
[502/670] Building C object CMakeFiles/nextssl.dir/src/pqc/sign/ml-dsa-44/ref/poly.c.o
[503/670] Building C object CMakeFiles/nextssl.dir/src/pqc/sign/ml-dsa-44/ref/symmetric-shake.c.o
[504/670] Building C object CMakeFiles/nextssl.dir/src/pqc/sign/ml-dsa-44/ref/sign.c.o
[505/670] Building C object CMakeFiles/nextssl.dir/src/pqc/sign/ml-dsa-65/ref/ntt.c.o
[506/670] Building C object CMakeFiles/nextssl.dir/src/pqc/sign/ml-dsa-65/ref/packing.c.o
[507/670] Building C object CMakeFiles/nextssl.dir/src/pqc/sign/ml-dsa-65/ref/reduce.c.o
[508/670] Building C object CMakeFiles/nextssl.dir/src/pqc/sign/ml-dsa-65/ref/polyvec.c.o
[509/670] Building C object CMakeFiles/nextssl.dir/src/pqc/sign/ml-dsa-65/ref/poly.c.o
[510/670] Building C object CMakeFiles/nextssl.dir/src/pqc/sign/ml-dsa-65/ref/rounding.c.o
[511/670] Building C object CMakeFiles/nextssl.dir/src/pqc/sign/ml-dsa-65/ref/symmetric-shake.c.o
[512/670] Building C object CMakeFiles/nextssl.dir/src/pqc/sign/ml-dsa-87/ref/packing.c.o
[513/670] Building C object CMakeFiles/nextssl.dir/src/pqc/sign/ml-dsa-65/ref/sign.c.o
[514/670] Building C object CMakeFiles/nextssl.dir/src/pqc/sign/ml-dsa-87/ref/ntt.c.o
[515/670] Building C object CMakeFiles/nextssl.dir/src/pqc/sign/ml-dsa-87/ref/reduce.c.o
[516/670] Building C object CMakeFiles/nextssl.dir/src/pqc/sign/ml-dsa-87/ref/polyvec.c.o
[517/670] Building C object CMakeFiles/nextssl.dir/src/pqc/sign/ml-dsa-87/ref/poly.c.o
[518/670] Building C object CMakeFiles/nextssl.dir/src/pqc/sign/ml-dsa-87/ref/rounding.c.o
[519/670] Building C object CMakeFiles/nextssl.dir/src/pqc/sign/ml-dsa-87/ref/symmetric-shake.c.o
[520/670] Building C object CMakeFiles/nextssl.dir/src/pqc/sign/falcon-512/ref/keygen.c.o
[521/670] Building C object CMakeFiles/nextssl.dir/src/pqc/sign/sphincs-sha2-128f-simple/ref/address.c.o
[522/670] Building C object CMakeFiles/nextssl.dir/src/pqc/sign/ml-dsa-87/ref/sign.c.o
[523/670] Building C object CMakeFiles/nextssl.dir/src/pqc/sign/sphincs-sha2-128f-simple/ref/context_sha2.c.o
[524/670] Building C object CMakeFiles/nextssl.dir/src/pqc/sign/sphincs-sha2-128f-simple/ref/merkle.c.o
[525/670] Building C object CMakeFiles/nextssl.dir/src/pqc/sign/sphincs-sha2-128f-simple/ref/thash_sha2_simple.c.o
[526/670] Building C object CMakeFiles/nextssl.dir/src/pqc/sign/sphincs-sha2-128f-simple/ref/fors.c.o
[527/670] Building C object CMakeFiles/nextssl.dir/src/pqc/sign/sphincs-sha2-128f-simple/ref/hash_sha2.c.o
[528/670] Building C object CMakeFiles/nextssl.dir/src/pqc/sign/falcon-padded-1024/ref/keygen.c.o
[529/670] Building C object CMakeFiles/nextssl.dir/src/pqc/sign/sphincs-sha2-128f-simple/ref/sign.c.o
[530/670] Building C object CMakeFiles/nextssl.dir/src/pqc/sign/sphincs-sha2-128f-simple/ref/utils.c.o
[531/670] Building C object CMakeFiles/nextssl.dir/src/pqc/sign/sphincs-sha2-128s-simple/ref/context_sha2.c.o
[532/670] Building C object CMakeFiles/nextssl.dir/src/pqc/sign/sphincs-sha2-128f-simple/ref/wotsx1.c.o
[533/670] Building C object CMakeFiles/nextssl.dir/src/pqc/sign/sphincs-sha2-128f-simple/ref/utilsx1.c.o
[534/670] Building C object CMakeFiles/nextssl.dir/src/pqc/sign/sphincs-sha2-128f-simple/ref/wots.c.o
[535/670] Building C object CMakeFiles/nextssl.dir/src/pqc/sign/sphincs-sha2-128s-simple/ref/address.c.o
[536/670] Building C object CMakeFiles/nextssl.dir/src/pqc/sign/sphincs-sha2-128s-simple/ref/fors.c.o
[537/670] Building C object CMakeFiles/nextssl.dir/src/pqc/sign/sphincs-sha2-128s-simple/ref/hash_sha2.c.o
[538/670] Building C object CMakeFiles/nextssl.dir/src/pqc/sign/sphincs-sha2-128s-simple/ref/merkle.c.o
[539/670] Building C object CMakeFiles/nextssl.dir/src/pqc/sign/sphincs-sha2-128s-simple/ref/utilsx1.c.o
[540/670] Building C object CMakeFiles/nextssl.dir/src/pqc/sign/sphincs-sha2-128s-simple/ref/utils.c.o
[541/670] Building C object CMakeFiles/nextssl.dir/src/pqc/sign/sphincs-sha2-128s-simple/ref/thash_sha2_simple.c.o
[542/670] Building C object CMakeFiles/nextssl.dir/src/pqc/sign/sphincs-sha2-192f-simple/ref/address.c.o
[543/670] Building C object CMakeFiles/nextssl.dir/src/pqc/sign/sphincs-sha2-128s-simple/ref/wotsx1.c.o
[544/670] Building C object CMakeFiles/nextssl.dir/src/pqc/sign/sphincs-sha2-192f-simple/ref/context_sha2.c.o
[545/670] Building C object CMakeFiles/nextssl.dir/src/pqc/sign/sphincs-sha2-128s-simple/ref/wots.c.o
[546/670] Building C object CMakeFiles/nextssl.dir/src/pqc/sign/sphincs-sha2-128s-simple/ref/sign.c.o
[547/670] Building C object CMakeFiles/nextssl.dir/src/pqc/sign/sphincs-sha2-192f-simple/ref/fors.c.o
[548/670] Building C object CMakeFiles/nextssl.dir/src/pqc/sign/sphincs-sha2-192f-simple/ref/hash_sha2.c.o
[549/670] Building C object CMakeFiles/nextssl.dir/src/pqc/sign/sphincs-sha2-192f-simple/ref/merkle.c.o
[550/670] Building C object CMakeFiles/nextssl.dir/src/pqc/sign/sphincs-sha2-192f-simple/ref/thash_sha2_simple.c.o
[551/670] Building C object CMakeFiles/nextssl.dir/src/pqc/sign/sphincs-sha2-192f-simple/ref/sign.c.o
[552/670] Building C object CMakeFiles/nextssl.dir/src/pqc/sign/sphincs-sha2-192s-simple/ref/address.c.o
[553/670] Building C object CMakeFiles/nextssl.dir/src/pqc/sign/sphincs-sha2-192f-simple/ref/utilsx1.c.o
[554/670] Building C object CMakeFiles/nextssl.dir/src/pqc/sign/sphincs-sha2-192f-simple/ref/utils.c.o
[555/670] Building C object CMakeFiles/nextssl.dir/src/pqc/sign/sphincs-sha2-192s-simple/ref/context_sha2.c.o
[556/670] Building C object CMakeFiles/nextssl.dir/src/pqc/sign/sphincs-sha2-192f-simple/ref/wotsx1.c.o
[557/670] Building C object CMakeFiles/nextssl.dir/src/pqc/sign/sphincs-sha2-192f-simple/ref/wots.c.o
[558/670] Building C object CMakeFiles/nextssl.dir/src/pqc/sign/sphincs-sha2-192s-simple/ref/merkle.c.o
[559/670] Building C object CMakeFiles/nextssl.dir/src/pqc/sign/sphincs-sha2-192s-simple/ref/fors.c.o
[560/670] Building C object CMakeFiles/nextssl.dir/src/pqc/sign/sphincs-sha2-192s-simple/ref/thash_sha2_simple.c.o
[561/670] Building C object CMakeFiles/nextssl.dir/src/pqc/sign/sphincs-sha2-192s-simple/ref/utils.c.o
[562/670] Building C object CMakeFiles/nextssl.dir/src/pqc/sign/sphincs-sha2-192s-simple/ref/hash_sha2.c.o
[563/670] Building C object CMakeFiles/nextssl.dir/src/pqc/sign/sphincs-sha2-192s-simple/ref/wots.c.o
[564/670] Building C object CMakeFiles/nextssl.dir/src/pqc/sign/sphincs-sha2-192s-simple/ref/sign.c.o
[565/670] Building C object CMakeFiles/nextssl.dir/src/pqc/sign/sphincs-sha2-256f-simple/ref/address.c.o
[566/670] Building C object CMakeFiles/nextssl.dir/src/pqc/sign/sphincs-sha2-192s-simple/ref/wotsx1.c.o
[567/670] Building C object CMakeFiles/nextssl.dir/src/pqc/sign/sphincs-sha2-192s-simple/ref/utilsx1.c.o
[568/670] Building C object CMakeFiles/nextssl.dir/src/pqc/sign/sphincs-sha2-256f-simple/ref/context_sha2.c.o
[569/670] Building C object CMakeFiles/nextssl.dir/src/pqc/sign/sphincs-sha2-256f-simple/ref/fors.c.o
[570/670] Building C object CMakeFiles/nextssl.dir/src/pqc/sign/sphincs-sha2-256f-simple/ref/hash_sha2.c.o
[571/670] Building C object CMakeFiles/nextssl.dir/src/pqc/sign/sphincs-sha2-256f-simple/ref/merkle.c.o
[572/670] Building C object CMakeFiles/nextssl.dir/src/pqc/sign/sphincs-sha2-256f-simple/ref/thash_sha2_simple.c.o
[573/670] Building C object CMakeFiles/nextssl.dir/src/pqc/sign/sphincs-sha2-256f-simple/ref/wots.c.o
[574/670] Building C object CMakeFiles/nextssl.dir/src/pqc/sign/sphincs-sha2-256f-simple/ref/sign.c.o
[575/670] Building C object CMakeFiles/nextssl.dir/src/pqc/sign/falcon-padded-512/ref/keygen.c.o
[576/670] Building C object CMakeFiles/nextssl.dir/src/pqc/sign/sphincs-sha2-256f-simple/ref/utilsx1.c.o
[577/670] Building C object CMakeFiles/nextssl.dir/src/pqc/sign/sphincs-sha2-256f-simple/ref/utils.c.o
[578/670] Building C object CMakeFiles/nextssl.dir/src/pqc/sign/sphincs-sha2-256s-simple/ref/address.c.o
[579/670] Building C object CMakeFiles/nextssl.dir/src/pqc/sign/sphincs-sha2-256f-simple/ref/wotsx1.c.o
[580/670] Building C object CMakeFiles/nextssl.dir/src/pqc/sign/sphincs-sha2-256s-simple/ref/context_sha2.c.o
[581/670] Building C object CMakeFiles/nextssl.dir/src/pqc/sign/sphincs-sha2-256s-simple/ref/fors.c.o
[582/670] Building C object CMakeFiles/nextssl.dir/src/pqc/sign/sphincs-sha2-256s-simple/ref/merkle.c.o
[583/670] Building C object CMakeFiles/nextssl.dir/src/pqc/sign/sphincs-sha2-256s-simple/ref/thash_sha2_simple.c.o
[584/670] Building C object CMakeFiles/nextssl.dir/src/pqc/sign/sphincs-sha2-256s-simple/ref/hash_sha2.c.o
[585/670] Building C object CMakeFiles/nextssl.dir/src/pqc/sign/sphincs-sha2-256s-simple/ref/sign.c.o
[586/670] Building C object CMakeFiles/nextssl.dir/src/pqc/sign/sphincs-shake-128f-simple/ref/address.c.o
[587/670] Building C object CMakeFiles/nextssl.dir/src/pqc/sign/sphincs-sha2-256s-simple/ref/wotsx1.c.o
[588/670] Building C object CMakeFiles/nextssl.dir/src/pqc/sign/sphincs-sha2-256s-simple/ref/utilsx1.c.o
[589/670] Building C object CMakeFiles/nextssl.dir/src/pqc/sign/sphincs-shake-128f-simple/ref/context_shake.c.o
[590/670] Building C object CMakeFiles/nextssl.dir/src/pqc/sign/sphincs-sha2-256s-simple/ref/utils.c.o
[591/670] Building C object CMakeFiles/nextssl.dir/src/pqc/sign/sphincs-sha2-256s-simple/ref/wots.c.o
[592/670] Building C object CMakeFiles/nextssl.dir/src/pqc/sign/sphincs-shake-128f-simple/ref/fors.c.o
[593/670] Building C object CMakeFiles/nextssl.dir/src/pqc/sign/sphincs-shake-128f-simple/ref/hash_shake.c.o
[594/670] Building C object CMakeFiles/nextssl.dir/src/pqc/sign/sphincs-shake-128f-simple/ref/utilsx1.c.o
[595/670] Building C object CMakeFiles/nextssl.dir/src/pqc/sign/sphincs-shake-128f-simple/ref/merkle.c.o
[596/670] Building C object CMakeFiles/nextssl.dir/src/pqc/sign/sphincs-shake-128f-simple/ref/wots.c.o
[597/670] Building C object CMakeFiles/nextssl.dir/src/pqc/sign/sphincs-shake-128f-simple/ref/thash_shake_simple.c.o
[598/670] Building C object CMakeFiles/nextssl.dir/src/pqc/sign/sphincs-shake-128s-simple/ref/address.c.o
[599/670] Building C object CMakeFiles/nextssl.dir/src/pqc/sign/sphincs-shake-128f-simple/ref/utils.c.o
[600/670] Building C object CMakeFiles/nextssl.dir/src/pqc/sign/sphincs-shake-128f-simple/ref/sign.c.o
[601/670] Building C object CMakeFiles/nextssl.dir/src/pqc/sign/sphincs-shake-128s-simple/ref/context_shake.c.o
[602/670] Building C object CMakeFiles/nextssl.dir/src/pqc/sign/sphincs-shake-128f-simple/ref/wotsx1.c.o
[603/670] Building C object CMakeFiles/nextssl.dir/src/pqc/sign/sphincs-shake-128s-simple/ref/hash_shake.c.o
[604/670] Building C object CMakeFiles/nextssl.dir/src/pqc/sign/sphincs-shake-128s-simple/ref/fors.c.o
[605/670] Building C object CMakeFiles/nextssl.dir/src/pqc/sign/sphincs-shake-128s-simple/ref/merkle.c.o
[606/670] Building C object CMakeFiles/nextssl.dir/src/pqc/sign/sphincs-shake-128s-simple/ref/thash_shake_simple.c.o
[607/670] Building C object CMakeFiles/nextssl.dir/src/pqc/sign/sphincs-shake-128s-simple/ref/utils.c.o
[608/670] Building C object CMakeFiles/nextssl.dir/src/pqc/sign/sphincs-shake-128s-simple/ref/sign.c.o
[609/670] Building C object CMakeFiles/nextssl.dir/src/pqc/sign/sphincs-shake-128s-simple/ref/utilsx1.c.o
[610/670] Building C object CMakeFiles/nextssl.dir/src/pqc/sign/sphincs-shake-128s-simple/ref/wots.c.o
[611/670] Building C object CMakeFiles/nextssl.dir/src/pqc/sign/sphincs-shake-192f-simple/ref/address.c.o
[612/670] Building C object CMakeFiles/nextssl.dir/src/pqc/sign/sphincs-shake-128s-simple/ref/wotsx1.c.o
[613/670] Building C object CMakeFiles/nextssl.dir/src/pqc/sign/sphincs-shake-192f-simple/ref/context_shake.c.o
[614/670] Building C object CMakeFiles/nextssl.dir/src/pqc/sign/sphincs-shake-192f-simple/ref/fors.c.o
[615/670] Building C object CMakeFiles/nextssl.dir/src/pqc/sign/sphincs-shake-192f-simple/ref/hash_shake.c.o
[616/670] Building C object CMakeFiles/nextssl.dir/src/pqc/sign/sphincs-shake-192f-simple/ref/thash_shake_simple.c.o
[617/670] Building C object CMakeFiles/nextssl.dir/src/pqc/sign/sphincs-shake-192f-simple/ref/merkle.c.o
[618/670] Building C object CMakeFiles/nextssl.dir/src/pqc/sign/sphincs-shake-192f-simple/ref/utils.c.o
[619/670] Building C object CMakeFiles/nextssl.dir/src/pqc/sign/sphincs-shake-192f-simple/ref/sign.c.o
[620/670] Building C object CMakeFiles/nextssl.dir/src/pqc/sign/sphincs-shake-192f-simple/ref/utilsx1.c.o
[621/670] Building C object CMakeFiles/nextssl.dir/src/pqc/sign/sphincs-shake-192f-simple/ref/wotsx1.c.o
[622/670] Building C object CMakeFiles/nextssl.dir/src/pqc/sign/sphincs-shake-192s-simple/ref/context_shake.c.o
[623/670] Building C object CMakeFiles/nextssl.dir/src/pqc/sign/sphincs-shake-192s-simple/ref/fors.c.o
[624/670] Building C object CMakeFiles/nextssl.dir/src/pqc/sign/sphincs-shake-192s-simple/ref/address.c.o
[625/670] Building C object CMakeFiles/nextssl.dir/src/pqc/sign/sphincs-shake-192s-simple/ref/merkle.c.o
[626/670] Building C object CMakeFiles/nextssl.dir/src/pqc/sign/sphincs-shake-192f-simple/ref/wots.c.o
[627/670] Building C object CMakeFiles/nextssl.dir/src/pqc/sign/sphincs-shake-192s-simple/ref/thash_shake_simple.c.o
[628/670] Building C object CMakeFiles/nextssl.dir/src/pqc/sign/sphincs-shake-192s-simple/ref/hash_shake.c.o
[629/670] Building C object CMakeFiles/nextssl.dir/src/pqc/sign/sphincs-shake-192s-simple/ref/utilsx1.c.o
[630/670] Building C object CMakeFiles/nextssl.dir/src/pqc/sign/sphincs-shake-256f-simple/ref/context_shake.c.o
[631/670] Building C object CMakeFiles/nextssl.dir/src/pqc/sign/sphincs-shake-192s-simple/ref/wotsx1.c.o
[632/670] Building C object CMakeFiles/nextssl.dir/src/pqc/sign/sphincs-shake-256f-simple/ref/hash_shake.c.o
[633/670] Building C object CMakeFiles/nextssl.dir/src/pqc/sign/sphincs-shake-256f-simple/ref/address.c.o
[634/670] Building C object CMakeFiles/nextssl.dir/src/pqc/sign/sphincs-shake-256f-simple/ref/fors.c.o
[635/670] Building C object CMakeFiles/nextssl.dir/src/pqc/sign/sphincs-shake-192s-simple/ref/sign.c.o
[636/670] Building C object CMakeFiles/nextssl.dir/src/pqc/sign/sphincs-shake-192s-simple/ref/utils.c.o
[637/670] Building C object CMakeFiles/nextssl.dir/src/pqc/sign/sphincs-shake-192s-simple/ref/wots.c.o
[638/670] Building C object CMakeFiles/nextssl.dir/src/pqc/sign/sphincs-shake-256f-simple/ref/wots.c.o
[639/670] Building C object CMakeFiles/nextssl.dir/src/pqc/sign/sphincs-shake-256f-simple/ref/sign.c.o
[640/670] Building C object CMakeFiles/nextssl.dir/src/pqc/sign/sphincs-shake-256f-simple/ref/merkle.c.o
[641/670] Building C object CMakeFiles/nextssl.dir/src/pqc/sign/sphincs-shake-256f-simple/ref/thash_shake_simple.c.o
[642/670] Building C object CMakeFiles/nextssl.dir/src/pqc/sign/sphincs-shake-256f-simple/ref/utilsx1.c.o
[643/670] Building C object CMakeFiles/nextssl.dir/src/pqc/sign/sphincs-shake-256s-simple/ref/address.c.o
[644/670] Building C object CMakeFiles/nextssl.dir/src/pqc/sign/sphincs-shake-256f-simple/ref/utils.c.o
[645/670] Building C object CMakeFiles/nextssl.dir/src/pqc/sign/sphincs-shake-256f-simple/ref/wotsx1.c.o
[646/670] Building C object CMakeFiles/nextssl.dir/src/pqc/sign/sphincs-shake-256s-simple/ref/context_shake.c.o
[647/670] Building C object CMakeFiles/nextssl.dir/src/pqc/sign/sphincs-shake-256s-simple/ref/hash_shake.c.o
[648/670] Building C object CMakeFiles/nextssl.dir/src/pqc/sign/sphincs-shake-256s-simple/ref/fors.c.o
[649/670] Building C object CMakeFiles/nextssl.dir/src/pqc/sign/sphincs-shake-256s-simple/ref/thash_shake_simple.c.o
[650/670] Building C object CMakeFiles/nextssl.dir/src/pqc/sign/sphincs-shake-256s-simple/ref/utils.c.o
[651/670] Building C object CMakeFiles/nextssl.dir/src/pqc/sign/sphincs-shake-256s-simple/ref/merkle.c.o
[652/670] Building C object CMakeFiles/nextssl.dir/src/pqc/sign/sphincs-shake-256s-simple/ref/sign.c.o
[653/670] Building C object CMakeFiles/nextssl.dir/src/pqc/sign/sphincs-shake-256s-simple/ref/utilsx1.c.o
[654/670] Building C object CMakeFiles/nextssl.dir/src/root/hash/root_hash.c.o
[655/670] Building C object CMakeFiles/nextssl.dir/src/pqc/sign/sphincs-shake-256s-simple/ref/wots.c.o
[656/670] Building C object CMakeFiles/nextssl.dir/src/pqc/sign/sphincs-shake-256s-simple/ref/wotsx1.c.o
[657/670] Building C object CMakeFiles/nextssl.dir/src/root/pow/root_pow.c.o
[658/670] Building C object CMakeFiles/nextssl.dir/src/root/nextssl_init.c.o
[659/670] Building C object CMakeFiles/nextssl.dir/src/root/seed/root_seed.c.o
[660/670] Building C object CMakeFiles/nextssl.dir/src/root/hash/root_hash_record.c.o
[661/670] Building C object CMakeFiles/nextssl.dir/src/seed/hash/hash_ops.c.o
[662/670] Building C object CMakeFiles/nextssl.dir/src/root/pqc/root_pqc.c.o
[663/670] Building C object CMakeFiles/nextssl.dir/src/seed/random/seed_derive_random.c.o
[664/670] Building C object CMakeFiles/nextssl.dir/src/seed/hash/hash_registry.c.o
[665/670] Building C object CMakeFiles/nextssl.dir/src/seed/hash/ctr_mode.c.o
[666/670] Building C object CMakeFiles/nextssl.dir/src/seed/hash/seed_core.c.o
[667/670] Building C object CMakeFiles/nextssl.dir/src/seed/random/entropy.c.o
[668/670] Building C object CMakeFiles/nextssl.dir/src/seed/udbf/udbf.c.o
[669/670] Building C object CMakeFiles/nextssl.dir/src/root/modern/root_modern.c.o
[670/670] Linking C shared library /home/runner/work/NextSSL/NextSSL/bin/android/x86_64/libnextssl.so

==============================================================================
CMD: cmake --build /home/runner/work/NextSSL/NextSSL/.ci_build/android/x86_64 --parallel 6
CWD: /home/runner/work/NextSSL/NextSSL
==============================================================================

