-- The C compiler identification is AppleClang 15.0.0.15000309
-- Detecting C compiler ABI info
-- Detecting C compiler ABI info - done
-- Check for working C compiler: /usr/bin/cc - skipped
-- Detecting C compile features
-- Detecting C compile features - done
-- NextSSL build configuration:
--   Type        : Release
--   Shared lib  : OFF
--   ML-KEM      : ON
--   ML-DSA      : ON
--   Falcon      : ON
--   HQC         : ON
--   McEliece    : ON
--   SPHINCS+    : ON
--   GmSSL       : OFF
--   Ed448/X448  : ON
--   Balloon     : ON (always)
--   Pomelo      : ON (always)
--   Makwa       : ON (always)
-- Configuring done (2.9s)
-- Generating done (0.0s)
-- Build files have been written to: /Users/runner/work/NextSSL/NextSSL/.ci_build/ios/sim-arm64

==============================================================================
CMD: cmake -S /Users/runner/work/NextSSL/NextSSL -B /Users/runner/work/NextSSL/NextSSL/.ci_build/ios/sim-arm64 -G Ninja -DCMAKE_BUILD_TYPE=Release -DNEXTSSL_SHARED=OFF -DNEXTSSL_OUTPUT_ARCH=sim-arm64 -DCMAKE_RUNTIME_OUTPUT_DIRECTORY=/Users/runner/work/NextSSL/NextSSL/bin/ios/sim-arm64 -DCMAKE_LIBRARY_OUTPUT_DIRECTORY=/Users/runner/work/NextSSL/NextSSL/bin/ios/sim-arm64 -DCMAKE_ARCHIVE_OUTPUT_DIRECTORY=/Users/runner/work/NextSSL/NextSSL/bin/ios/sim-arm64 -DCMAKE_C_COMPILER_LAUNCHER=/opt/homebrew/bin/ccache -DCMAKE_CXX_COMPILER_LAUNCHER=/opt/homebrew/bin/ccache -DCMAKE_SYSTEM_NAME=iOS -DCMAKE_OSX_ARCHITECTURES=arm64 -DCMAKE_OSX_SYSROOT=iphonesimulator -DCMAKE_TRY_COMPILE_TARGET_TYPE=STATIC_LIBRARY
CWD: /Users/runner/work/NextSSL/NextSSL
==============================================================================

