-- The C compiler identification is GNU 11.4.0
-- Detecting C compiler ABI info
-- Detecting C compiler ABI info - failed
-- Check for working C compiler: /usr/bin/riscv64-linux-gnu-gcc
-- Check for working C compiler: /usr/bin/riscv64-linux-gnu-gcc - broken
CMake Error at /usr/local/share/cmake-3.31/Modules/CMakeTestCCompiler.cmake:67 (message):
  The C compiler

    "/usr/bin/riscv64-linux-gnu-gcc"

  is not able to compile a simple test program.

  It fails with the following output:

    Change Dir: '/home/runner/work/NextSSL/NextSSL/.ci_build/linux/riscv64/CMakeFiles/CMakeScratch/TryCompile-k0yYSu'
    
    Run Build Command(s): /usr/local/bin/ninja -v cmTC_c60d5
    [1/2] /usr/bin/riscv64-linux-gnu-gcc    -o CMakeFiles/cmTC_c60d5.dir/testCCompiler.c.o -c /home/runner/work/NextSSL/NextSSL/.ci_build/linux/riscv64/CMakeFiles/CMakeScratch/TryCompile-k0yYSu/testCCompiler.c
    [2/2] : && /usr/local/bin/cmake -E rm -f libcmTC_c60d5.a && /home/runner/work/NextSSL/NextSSL/riscv64-linux-gnu-ar qc libcmTC_c60d5.a  CMakeFiles/cmTC_c60d5.dir/testCCompiler.c.o && /home/runner/work/NextSSL/NextSSL/riscv64-linux-gnu-ranlib libcmTC_c60d5.a && :
    FAILED: [code=127] libcmTC_c60d5.a 
    : && /usr/local/bin/cmake -E rm -f libcmTC_c60d5.a && /home/runner/work/NextSSL/NextSSL/riscv64-linux-gnu-ar qc libcmTC_c60d5.a  CMakeFiles/cmTC_c60d5.dir/testCCompiler.c.o && /home/runner/work/NextSSL/NextSSL/riscv64-linux-gnu-ranlib libcmTC_c60d5.a && :
    /bin/sh: 1: /home/runner/work/NextSSL/NextSSL/riscv64-linux-gnu-ar: not found
    ninja: build stopped: subcommand failed.
    
    

  

  CMake will not be able to correctly generate this project.
Call Stack (most recent call first):
  CMakeLists.txt:2 (project)


-- Configuring incomplete, errors occurred!

==============================================================================
CMD: cmake -S /home/runner/work/NextSSL/NextSSL -B /home/runner/work/NextSSL/NextSSL/.ci_build/linux/riscv64 -G Ninja -DCMAKE_BUILD_TYPE=Release -DNEXTSSL_SHARED=ON -DCMAKE_RUNTIME_OUTPUT_DIRECTORY=/home/runner/work/NextSSL/NextSSL/bin/linux/riscv64 -DCMAKE_LIBRARY_OUTPUT_DIRECTORY=/home/runner/work/NextSSL/NextSSL/bin/linux/riscv64 -DCMAKE_ARCHIVE_OUTPUT_DIRECTORY=/home/runner/work/NextSSL/NextSSL/bin/linux/riscv64 -DCMAKE_C_COMPILER_LAUNCHER=/usr/bin/ccache -DCMAKE_CXX_COMPILER_LAUNCHER=/usr/bin/ccache -DCMAKE_SYSTEM_NAME=Linux -DCMAKE_SYSTEM_PROCESSOR=riscv64 -DCMAKE_C_COMPILER=riscv64-linux-gnu-gcc -DCMAKE_CXX_COMPILER=riscv64-linux-gnu-g++ -DCMAKE_AR=riscv64-linux-gnu-ar -DCMAKE_RANLIB=riscv64-linux-gnu-ranlib -DCMAKE_FIND_ROOT_PATH=/usr/riscv64-linux-gnu -DCMAKE_FIND_ROOT_PATH_MODE_PROGRAM=NEVER -DCMAKE_FIND_ROOT_PATH_MODE_LIBRARY=ONLY -DCMAKE_FIND_ROOT_PATH_MODE_INCLUDE=ONLY -DCMAKE_TRY_COMPILE_TARGET_TYPE=STATIC_LIBRARY
CWD: /home/runner/work/NextSSL/NextSSL
==============================================================================

