[1/654] Building C object CMakeFiles/nextssl.dir/src/common/encoding/base58.c.obj
[2/654] Building C object CMakeFiles/nextssl.dir/src/common/encoding/base64.c.obj
[3/654] Building C object CMakeFiles/nextssl.dir/src/common/encoding/base16.c.obj
[4/654] Building C object CMakeFiles/nextssl.dir/src/common/encoding/base32.c.obj
[5/654] Building C object CMakeFiles/nextssl.dir/src/common/encoding/ff70.c.obj
[6/654] Building C object CMakeFiles/nextssl.dir/src/common/encoding/base64url.c.obj
[7/654] Building C object CMakeFiles/nextssl.dir/src/common/encoding/hex.c.obj
[8/654] Building C object CMakeFiles/nextssl.dir/src/common/encoding/radix_common.c.obj
[9/654] Building C object CMakeFiles/nextssl.dir/src/common/sanitizer/nextssl_sanitizer.c.obj
[10/654] Building C object CMakeFiles/nextssl.dir/src/hash/adapters/argon2i_adapter.c.obj
[11/654] Building C object CMakeFiles/nextssl.dir/src/hash/adapters/argon2d_adapter.c.obj
[12/654] Building C object CMakeFiles/nextssl.dir/src/hash/adapters/argon2_adapter.c.obj
[13/654] Building C object CMakeFiles/nextssl.dir/src/hash/adapters/balloon_adapter.c.obj
[14/654] Building C object CMakeFiles/nextssl.dir/src/hash/adapters/argon2id_adapter.c.obj
[15/654] Building C object CMakeFiles/nextssl.dir/src/hash/adapters/bcrypt_adapter.c.obj
[16/654] Building C object CMakeFiles/nextssl.dir/src/hash/adapters/makwa_adapter.c.obj
[17/654] Building C object CMakeFiles/nextssl.dir/src/hash/adapters/catena_adapter.c.obj
[18/654] Building C object CMakeFiles/nextssl.dir/src/hash/adapters/lyra2_adapter.c.obj
[19/654] Building C object CMakeFiles/nextssl.dir/src/hash/adapters/plain_hash_adapter.c.obj
[20/654] Building C object CMakeFiles/nextssl.dir/src/hash/adapters/pomelo_adapter.c.obj
[21/654] Building C object CMakeFiles/nextssl.dir/src/hash/blake/blake2b.c.obj
[22/654] Building C object CMakeFiles/nextssl.dir/src/hash/blake/blake2s.c.obj
[23/654] Building C object CMakeFiles/nextssl.dir/src/hash/blake/blake3.c.obj
[24/654] Building C object CMakeFiles/nextssl.dir/src/hash/adapters/scrypt_adapter.c.obj
[25/654] Building C object CMakeFiles/nextssl.dir/src/hash/adapters/yescrypt_adapter.c.obj
[26/654] Building C object CMakeFiles/nextssl.dir/src/hash/blake/blake3_avx2.c.obj
[27/654] Building C object CMakeFiles/nextssl.dir/src/hash/blake/blake3_portable.c.obj
[28/654] Building C object CMakeFiles/nextssl.dir/src/hash/blake/blake3_dispatch.c.obj
[29/654] Building C object CMakeFiles/nextssl.dir/src/hash/fast/sha224.c.obj
[30/654] Building C object CMakeFiles/nextssl.dir/src/hash/fast/sha512.c.obj
[31/654] Building C object CMakeFiles/nextssl.dir/src/hash/fast/sha512_224.c.obj
[32/654] Building C object CMakeFiles/nextssl.dir/src/hash/fast/sha256.c.obj
[33/654] Building C object CMakeFiles/nextssl.dir/src/hash/blake/blake3_sse41.c.obj
[34/654] Building C object CMakeFiles/nextssl.dir/src/hash/blake/blake3_avx512.c.obj
[35/654] Building C object CMakeFiles/nextssl.dir/src/hash/fast/sm3/sm3_ext.c.obj
[36/654] Building C object CMakeFiles/nextssl.dir/src/hash/fast/sha512_256.c.obj
[37/654] Building C object CMakeFiles/nextssl.dir/src/hash/fast/sm3/sm3_ops.c.obj
[38/654] Building C object CMakeFiles/nextssl.dir/src/hash/interface/hash_ops_disabled_stubs.c.obj
[39/654] Building C object CMakeFiles/nextssl.dir/src/hash/blake/blake3_sse2.c.obj
[40/654] Building C object CMakeFiles/nextssl.dir/src/hash/generic/nextssl_hash.c.obj
[41/654] Building C object CMakeFiles/nextssl.dir/src/hash/legacy/md2.c.obj
[42/654] Building C object CMakeFiles/nextssl.dir/src/hash/legacy/md4.c.obj
[43/654] Building C object CMakeFiles/nextssl.dir/src/hash/legacy/has160.c.obj
[44/654] Building C object CMakeFiles/nextssl.dir/src/hash/legacy/nt.c.obj
[45/654] Building C object CMakeFiles/nextssl.dir/src/hash/legacy/md5.c.obj
[46/654] Building C object CMakeFiles/nextssl.dir/src/hash/fast/sm3/sm3_impl.c.obj
[47/654] Building C object CMakeFiles/nextssl.dir/src/hash/legacy/ripemd128.c.obj
[48/654] Building C object CMakeFiles/nextssl.dir/src/hash/legacy/ripemd256.c.obj
[49/654] Building C object CMakeFiles/nextssl.dir/src/hash/legacy/ripemd160.c.obj
[50/654] Building C object CMakeFiles/nextssl.dir/src/hash/legacy/sha0.c.obj
[51/654] Building C object CMakeFiles/nextssl.dir/src/hash/legacy/sha1.c.obj
[52/654] Building C object CMakeFiles/nextssl.dir/src/hash/legacy/tiger.c.obj
[53/654] Building C object CMakeFiles/nextssl.dir/src/hash/legacy/tiger_sbox.c.obj
[54/654] Building C object CMakeFiles/nextssl.dir/src/hash/legacy/ripemd320.c.obj
[55/654] Building C object CMakeFiles/nextssl.dir/src/hash/memory_hard/argon2i.c.obj
[56/654] Building C object CMakeFiles/nextssl.dir/src/hash/memory_hard/argon2d.c.obj
[57/654] Building C object CMakeFiles/nextssl.dir/src/hash/memory_hard/argon2.c.obj
[58/654] Building C object CMakeFiles/nextssl.dir/src/hash/memory_hard/argon2id.c.obj
[59/654] Building C object CMakeFiles/nextssl.dir/src/hash/memory_hard/balloon/balloon_openssl_compat.c.obj
[60/654] Building C object CMakeFiles/nextssl.dir/src/hash/legacy/whirlpool.c.obj
[61/654] Building C object CMakeFiles/nextssl.dir/src/hash/memory_hard/balloon/encode.c.obj
[62/654] Building C object CMakeFiles/nextssl.dir/src/hash/memory_hard/balloon/bitstream.c.obj
[63/654] Building C object CMakeFiles/nextssl.dir/src/hash/memory_hard/balloon/compress.c.obj
[64/654] Building C object CMakeFiles/nextssl.dir/src/hash/memory_hard/balloon/hash_state.c.obj
[65/654] Building C object CMakeFiles/nextssl.dir/src/hash/interface/hash_registry.c.obj
[66/654] Building C object CMakeFiles/nextssl.dir/src/hash/memory_hard/bcrypt/crypt_gensalt.c.obj
[67/654] Building C object CMakeFiles/nextssl.dir/src/hash/memory_hard/blake2b.c.obj
[68/654] Building C object CMakeFiles/nextssl.dir/src/hash/memory_hard/bcrypt/crypt_blowfish.c.obj
[69/654] Building C object CMakeFiles/nextssl.dir/src/hash/memory_hard/catena/catena-BRG.c.obj
[70/654] Building C object CMakeFiles/nextssl.dir/src/hash/memory_hard/catena/catena-blake2b-ref.c.obj
[71/654] Building C object CMakeFiles/nextssl.dir/src/hash/memory_hard/catena/blake2b-ref.c.obj
[72/654] Building C object CMakeFiles/nextssl.dir/src/hash/memory_hard/catena/catena-helpers.c.obj
[73/654] Building C object CMakeFiles/nextssl.dir/src/hash/memory_hard/balloon/balloon_ops.c.obj
[74/654] Building C object CMakeFiles/nextssl.dir/src/hash/memory_hard/catena/catena.c.obj
[75/654] Building C object CMakeFiles/nextssl.dir/src/hash/memory_hard/bcrypt/bcrypt_ops.c.obj
[76/654] Building C object CMakeFiles/nextssl.dir/src/hash/memory_hard/encoding.c.obj
[77/654] Building C object CMakeFiles/nextssl.dir/src/hash/memory_hard/lyra2/Lyra2.c.obj
[78/654] Building C object CMakeFiles/nextssl.dir/src/hash/memory_hard/lyra2/Sponge.c.obj
[79/654] Building C object CMakeFiles/nextssl.dir/src/hash/memory_hard/catena/catena_ops.c.obj
[80/654] Building C object CMakeFiles/nextssl.dir/src/hash/memory_hard/core.c.obj
[81/654] Building C object CMakeFiles/nextssl.dir/src/hash/memory_hard/opt.c.obj
[82/654] Building C object CMakeFiles/nextssl.dir/src/hash/memory_hard/lyra2/lyra2_ops.c.obj
[83/654] Building C object CMakeFiles/nextssl.dir/src/hash/memory_hard/pomelo/pomelo.c.obj
[84/654] Building C object CMakeFiles/nextssl.dir/src/hash/memory_hard/scrypt/crypto_scrypt-ref.c.obj
[85/654] Building C object CMakeFiles/nextssl.dir/src/hash/memory_hard/scrypt/insecure_memzero.c.obj
[86/654] Building C object CMakeFiles/nextssl.dir/src/hash/memory_hard/makwa/makwa.c.obj
[87/654] Building C object CMakeFiles/nextssl.dir/src/hash/memory_hard/scrypt/sha256_portable.c.obj
[88/654] Building C object CMakeFiles/nextssl.dir/src/hash/memory_hard/makwa/makwa_ops.c.obj
[89/654] Building C object CMakeFiles/nextssl.dir/src/hash/memory_hard/yescrypt/yescrypt-common.c.obj
[90/654] Building C object CMakeFiles/nextssl.dir/src/hash/memory_hard/pomelo/pomelo_ops.c.obj
[91/654] Building C object CMakeFiles/nextssl.dir/src/hash/memory_hard/scrypt/scrypt_ops.c.obj
[92/654] Building C object CMakeFiles/nextssl.dir/src/hash/memory_hard/yescrypt/yescrypt-opt.c.obj
[93/654] Building C object CMakeFiles/nextssl.dir/src/hash/memory_hard/thread.c.obj
[94/654] Building C object CMakeFiles/nextssl.dir/src/hash/record/hash_record_core.c.obj
[95/654] Building C object CMakeFiles/nextssl.dir/src/hash/skein/skeinApi.c.obj
[96/654] Building C object CMakeFiles/nextssl.dir/src/hash/root_functions/hash_root.c.obj
[97/654] Building C object CMakeFiles/nextssl.dir/src/hash/skein/skein_ops.c.obj
[98/654] Building C object CMakeFiles/nextssl.dir/src/hash/skein/skein.c.obj
[99/654] Building C object CMakeFiles/nextssl.dir/src/hash/skein/threefish256Block.c.obj
[100/654] Building C object CMakeFiles/nextssl.dir/src/hash/memory_hard/yescrypt/yescrypt_ops.c.obj
[101/654] Building C object CMakeFiles/nextssl.dir/src/hash/skein/threefishApi.c.obj
[102/654] Building C object CMakeFiles/nextssl.dir/src/hash/skein/skein_block.c.obj
[103/654] Building C object CMakeFiles/nextssl.dir/src/hash/skein/threefish512Block.c.obj
[104/654] Building C object CMakeFiles/nextssl.dir/src/hash/sponge/sha3_384.c.obj
[105/654] Building C object CMakeFiles/nextssl.dir/src/hash/sponge/sha3_224.c.obj
[106/654] Building C object CMakeFiles/nextssl.dir/src/hash/sponge/shake.c.obj
[107/654] Building C object CMakeFiles/nextssl.dir/src/hash/sponge/keccak.c.obj
[108/654] Building C object CMakeFiles/nextssl.dir/src/modern/aead/aes_ccm.c.obj
[109/654] Building C object CMakeFiles/nextssl.dir/src/hash/sponge/sha3.c.obj
[110/654] Building C object CMakeFiles/nextssl.dir/src/modern/aead/aes_eax.c.obj
[111/654] Building C object CMakeFiles/nextssl.dir/src/modern/aead/aes_gcm.c.obj
[112/654] Building C object CMakeFiles/nextssl.dir/src/hash/sponge/sp800_185/kmac.c.obj
[113/654] Building C object CMakeFiles/nextssl.dir/src/hash/skein/threefish1024Block.c.obj
[114/654] Building C object CMakeFiles/nextssl.dir/src/modern/aead/aes_gcm_siv.c.obj
[115/654] Building C object CMakeFiles/nextssl.dir/src/modern/aead/aes_siv.c.obj
[116/654] Building C object CMakeFiles/nextssl.dir/src/modern/aead/chacha20_poly1305.c.obj
[117/654] Building C object CMakeFiles/nextssl.dir/src/modern/aead/aes_ocb.c.obj
[118/654] Building C object CMakeFiles/nextssl.dir/src/modern/aead/aes_poly1305.c.obj
[119/654] Building C object CMakeFiles/nextssl.dir/src/modern/asymmetric/add_scalar.c.obj
[120/654] Building C object CMakeFiles/nextssl.dir/src/modern/asymmetric/curve448_det.c.obj
[121/654] Building C object CMakeFiles/nextssl.dir/src/modern/asymmetric/curve448.c.obj
[122/654] Building C object CMakeFiles/nextssl.dir/src/modern/asymmetric/ed448.c.obj
[123/654] Building C object CMakeFiles/nextssl.dir/src/modern/asymmetric/fe.c.obj
[124/654] Building C object CMakeFiles/nextssl.dir/src/modern/asymmetric/fe_448.c.obj
[125/654] Building C object CMakeFiles/nextssl.dir/src/modern/asymmetric/ge.c.obj
[126/654] Building C object CMakeFiles/nextssl.dir/src/modern/asymmetric/key_exchange.c.obj
[127/654] Building C object CMakeFiles/nextssl.dir/src/modern/asymmetric/keypair.c.obj
[128/654] Building C object CMakeFiles/nextssl.dir/src/modern/aead/monocypher-ed25519.c.obj
[129/654] Building C object CMakeFiles/nextssl.dir/src/modern/asymmetric/ge_448.c.obj
[130/654] Building C object CMakeFiles/nextssl.dir/src/modern/asymmetric/p384.c.obj
[131/654] Building C object CMakeFiles/nextssl.dir/src/modern/asymmetric/p521.c.obj
[132/654] Building C object CMakeFiles/nextssl.dir/src/modern/asymmetric/rsa/rsa.c.obj
[133/654] Building C object CMakeFiles/nextssl.dir/src/modern/asymmetric/seed.c.obj
[134/654] Building C object CMakeFiles/nextssl.dir/src/modern/asymmetric/sc.c.obj
[135/654] Building C object CMakeFiles/nextssl.dir/src/modern/asymmetric/sha512.c.obj
[136/654] Building C object CMakeFiles/nextssl.dir/src/modern/asymmetric/sign.c.obj
[137/654] Building C object CMakeFiles/nextssl.dir/src/modern/asymmetric/sm2/sm2.c.obj
[138/654] Building C object CMakeFiles/nextssl.dir/src/modern/asymmetric/verify.c.obj
[139/654] Building C object CMakeFiles/nextssl.dir/src/modern/aead/monocypher.c.obj
[140/654] Building C object CMakeFiles/nextssl.dir/src/modern/base_encryption.c.obj
[141/654] Building C object CMakeFiles/nextssl.dir/src/modern/asymmetric/p256.c.obj
[142/654] Building C object CMakeFiles/nextssl.dir/src/modern/curve_math/elligator2.c.obj
[143/654] Building C object CMakeFiles/nextssl.dir/src/modern/encoding/base58check.c.obj
[144/654] Building C object CMakeFiles/nextssl.dir/src/modern/curve_math/ristretto255.c.obj
[145/654] Building C object CMakeFiles/nextssl.dir/src/modern/encoding/base85.c.obj
[146/654] Building C object CMakeFiles/nextssl.dir/src/modern/encoding/base62.c.obj
[147/654] Building C object CMakeFiles/nextssl.dir/src/modern/encoding/crc32.c.obj
[148/654] Building C object CMakeFiles/nextssl.dir/src/modern/asymmetric/micro_ecc/uECC.c.obj
[149/654] Building C object CMakeFiles/nextssl.dir/src/modern/encoding/bech32.c.obj
[150/654] Building C object CMakeFiles/nextssl.dir/src/modern/encoding/crc64.c.obj
[151/654] Building C object CMakeFiles/nextssl.dir/src/modern/encoding/pem.c.obj
[152/654] Building C object CMakeFiles/nextssl.dir/src/modern/mac/aes_cmac.c.obj
[153/654] Building C object CMakeFiles/nextssl.dir/src/modern/mac/poly1305.c.obj
[154/654] Building C object CMakeFiles/nextssl.dir/src/modern/mac/siphash.c.obj
[155/654] Building C object CMakeFiles/nextssl.dir/src/modern/symmetric/aes_cbc.c.obj
[156/654] Building C object CMakeFiles/nextssl.dir/src/modern/symmetric/aes_cfb.c.obj
[157/654] Building C object CMakeFiles/nextssl.dir/src/modern/symmetric/aes_ctr.c.obj
[158/654] Building C object CMakeFiles/nextssl.dir/src/modern/symmetric/aes_core.c.obj
[159/654] Building C object CMakeFiles/nextssl.dir/src/modern/symmetric/aes_ecb.c.obj
[160/654] Building C object CMakeFiles/nextssl.dir/src/modern/symmetric/aes_fpe.c.obj
[161/654] Building C object CMakeFiles/nextssl.dir/src/modern/symmetric/aes_kw.c.obj
[162/654] Building C object CMakeFiles/nextssl.dir/src/modern/symmetric/aes_ofb.c.obj
[163/654] Building C object CMakeFiles/nextssl.dir/src/modern/kdf/pbkdf2.c.obj
[164/654] Building C object CMakeFiles/nextssl.dir/src/modern/kdf/hkdf.c.obj
[165/654] Building C object CMakeFiles/nextssl.dir/src/modern/symmetric/chacha20.c.obj
[166/654] Building C object CMakeFiles/nextssl.dir/src/modern/symmetric/aes_xts.c.obj
[167/654] Building C object CMakeFiles/nextssl.dir/src/pow/client/pow_limits.c.obj
[168/654] Building C object CMakeFiles/nextssl.dir/src/modern/mac/hmac.c.obj
[169/654] Building C object CMakeFiles/nextssl.dir/src/pow/client/pow_reject.c.obj
[170/654] Building C object CMakeFiles/nextssl.dir/src/pow/client/pow_solver.c.obj
[171/654] Building C object CMakeFiles/nextssl.dir/src/pow/core/pow_difficulty.c.obj
[172/654] Building C object CMakeFiles/nextssl.dir/src/pow/core/pow_parser.c.obj
[173/654] Building C object CMakeFiles/nextssl.dir/src/pow/dhcm/dhcm_core.c.obj
[174/654] Building C object CMakeFiles/nextssl.dir/src/pow/dhcm/dhcm_difficulty.c.obj
[175/654] Building C object CMakeFiles/nextssl.dir/src/pow/dhcm/dhcm_math.c.obj
[176/654] Building C object CMakeFiles/nextssl.dir/src/modern/symmetric/sm4/sm4_impl.c.obj
[177/654] Building C object CMakeFiles/nextssl.dir/src/pow/dhcm/hash_cost.c.obj
[178/654] Building C object CMakeFiles/nextssl.dir/src/pow/dispatcher.c.obj
[179/654] Building C object CMakeFiles/nextssl.dir/src/pow/pow_engine.c.obj
[180/654] Building C object CMakeFiles/nextssl.dir/src/pow/server/pow_verify.c.obj
[181/654] Building C object CMakeFiles/nextssl.dir/src/pow/server/pow_challenge.c.obj
[182/654] Building C object CMakeFiles/nextssl.dir/src/pow/client/pow_timer.c.obj
[183/654] Building C object CMakeFiles/nextssl.dir/src/modern/symmetric/three_des.c.obj
[184/654] Building C object CMakeFiles/nextssl.dir/src/pqc/common/drbg/drbg.c.obj
[185/654] Building C object CMakeFiles/nextssl.dir/src/pqc/common/hkdf/hkdf.c.obj
[186/654] Building C object CMakeFiles/nextssl.dir/src/pow/dhcm/hash_cost_probe.c.obj
[187/654] Building C object CMakeFiles/nextssl.dir/src/pqc/common/aes.c.obj
[188/654] Building C object CMakeFiles/nextssl.dir/src/pqc/common/randombytes.c.obj
[189/654] Building C object CMakeFiles/nextssl.dir/src/pqc/common/nistseedexpander.c.obj
[190/654] Building C object CMakeFiles/nextssl.dir/src/pqc/common/sp800-185.c.obj
[191/654] Building C object CMakeFiles/nextssl.dir/src/pqc/kem/hqc-128/ref/code.c.obj
[192/654] Building C object CMakeFiles/nextssl.dir/src/pqc/common/fips202.c.obj
[193/654] Building C object CMakeFiles/nextssl.dir/src/pqc/kem/hqc-128/ref/fft.c.obj
[194/654] Building C object CMakeFiles/nextssl.dir/src/pqc/kem/hqc-128/ref/gf.c.obj
[195/654] Building C object CMakeFiles/nextssl.dir/src/pqc/kem/hqc-128/ref/hqc.c.obj
[196/654] Building C object CMakeFiles/nextssl.dir/src/pqc/kem/hqc-128/ref/kem.c.obj
[197/654] Building C object CMakeFiles/nextssl.dir/src/pqc/kem/hqc-128/ref/gf2x.c.obj
[198/654] Building C object CMakeFiles/nextssl.dir/src/pqc/kem/hqc-128/ref/parsing.c.obj
[199/654] Building C object CMakeFiles/nextssl.dir/src/pqc/kem/hqc-128/ref/reed_muller.c.obj
[200/654] Building C object CMakeFiles/nextssl.dir/src/pqc/kem/hqc-128/ref/shake_ds.c.obj
[201/654] Building C object CMakeFiles/nextssl.dir/src/pqc/kem/hqc-128/ref/shake_prng.c.obj
[202/654] Building C object CMakeFiles/nextssl.dir/src/pqc/kem/hqc-128/ref/reed_solomon.c.obj
[203/654] Building C object CMakeFiles/nextssl.dir/src/pqc/kem/hqc-192/ref/code.c.obj
[204/654] Building C object CMakeFiles/nextssl.dir/src/pqc/kem/hqc-128/ref/vector.c.obj
[205/654] Building C object CMakeFiles/nextssl.dir/src/pqc/kem/hqc-192/ref/gf.c.obj
[206/654] Building C object CMakeFiles/nextssl.dir/src/pqc/kem/hqc-192/ref/fft.c.obj
[207/654] Building C object CMakeFiles/nextssl.dir/src/pqc/kem/hqc-192/ref/hqc.c.obj
[208/654] Building C object CMakeFiles/nextssl.dir/src/pqc/common/sha2.c.obj
[209/654] Building C object CMakeFiles/nextssl.dir/src/pqc/kem/hqc-192/ref/kem.c.obj
[210/654] Building C object CMakeFiles/nextssl.dir/src/pqc/kem/hqc-192/ref/reed_muller.c.obj
[211/654] Building C object CMakeFiles/nextssl.dir/src/pqc/kem/hqc-192/ref/parsing.c.obj
[212/654] Building C object CMakeFiles/nextssl.dir/src/pqc/kem/hqc-192/ref/gf2x.c.obj
[213/654] Building C object CMakeFiles/nextssl.dir/src/pqc/kem/hqc-192/ref/shake_prng.c.obj
[214/654] Building C object CMakeFiles/nextssl.dir/src/pqc/kem/hqc-192/ref/shake_ds.c.obj
[215/654] Building C object CMakeFiles/nextssl.dir/src/pqc/kem/hqc-256/ref/code.c.obj
[216/654] Building C object CMakeFiles/nextssl.dir/src/pqc/kem/hqc-192/ref/vector.c.obj
[217/654] Building C object CMakeFiles/nextssl.dir/src/pqc/kem/hqc-192/ref/reed_solomon.c.obj
[218/654] Building C object CMakeFiles/nextssl.dir/src/pqc/kem/hqc-256/ref/gf.c.obj
[219/654] Building C object CMakeFiles/nextssl.dir/src/pqc/kem/hqc-256/ref/hqc.c.obj
[220/654] Building C object CMakeFiles/nextssl.dir/src/pqc/kem/hqc-256/ref/gf2x.c.obj
[221/654] Building C object CMakeFiles/nextssl.dir/src/pqc/kem/hqc-256/ref/fft.c.obj
[222/654] Building C object CMakeFiles/nextssl.dir/src/pqc/kem/hqc-256/ref/kem.c.obj
[223/654] Building C object CMakeFiles/nextssl.dir/src/pqc/kem/hqc-256/ref/parsing.c.obj
[224/654] Building C object CMakeFiles/nextssl.dir/src/pqc/kem/hqc-256/ref/reed_muller.c.obj
[225/654] Building C object CMakeFiles/nextssl.dir/src/pqc/kem/hqc-256/ref/shake_ds.c.obj
[226/654] Building C object CMakeFiles/nextssl.dir/src/pqc/kem/mceliece348864/ref/aes256ctr.c.obj
[227/654] Building C object CMakeFiles/nextssl.dir/src/pqc/kem/hqc-256/ref/reed_solomon.c.obj
[228/654] Building C object CMakeFiles/nextssl.dir/src/pqc/kem/hqc-256/ref/shake_prng.c.obj
[229/654] Building C object CMakeFiles/nextssl.dir/src/pqc/kem/hqc-256/ref/vector.c.obj
[230/654] Building C object CMakeFiles/nextssl.dir/src/pqc/kem/mceliece348864/ref/bm.c.obj
[231/654] Building C object CMakeFiles/nextssl.dir/src/pqc/kem/mceliece348864/ref/crypto_int16.c.obj
[232/654] Building C object CMakeFiles/nextssl.dir/src/pqc/kem/mceliece348864/ref/benes.c.obj
[233/654] Building C object CMakeFiles/nextssl.dir/src/pqc/kem/mceliece348864/ref/crypto_int32.c.obj
[234/654] Building C object CMakeFiles/nextssl.dir/src/pqc/kem/mceliece348864/ref/crypto_uint16.c.obj
[235/654] Building C object CMakeFiles/nextssl.dir/src/pqc/kem/mceliece348864/ref/crypto_uint32.c.obj
[236/654] Building C object CMakeFiles/nextssl.dir/src/pqc/kem/mceliece348864/ref/crypto_uint64.c.obj
[237/654] Building C object CMakeFiles/nextssl.dir/src/pqc/kem/mceliece348864/ref/encrypt.c.obj
[238/654] Building C object CMakeFiles/nextssl.dir/src/pqc/kem/mceliece348864/ref/decrypt.c.obj
[239/654] Building C object CMakeFiles/nextssl.dir/src/pqc/kem/mceliece348864/ref/gf.c.obj
[240/654] Building C object CMakeFiles/nextssl.dir/src/pqc/kem/mceliece348864/ref/operations.c.obj
[241/654] Building C object CMakeFiles/nextssl.dir/src/pqc/kem/mceliece348864/ref/controlbits.c.obj
[242/654] Building C object CMakeFiles/nextssl.dir/src/pqc/kem/mceliece348864/ref/root.c.obj
[243/654] Building C object CMakeFiles/nextssl.dir/src/pqc/kem/mceliece348864/ref/synd.c.obj
[244/654] Building C object CMakeFiles/nextssl.dir/src/pqc/kem/mceliece348864/ref/sk_gen.c.obj
[245/654] Building C object CMakeFiles/nextssl.dir/src/pqc/kem/mceliece348864/ref/pk_gen.c.obj
[246/654] Building C object CMakeFiles/nextssl.dir/src/pqc/kem/mceliece348864/ref/transpose.c.obj
[247/654] Building C object CMakeFiles/nextssl.dir/src/pqc/kem/mceliece348864/ref/util.c.obj
[248/654] Building C object CMakeFiles/nextssl.dir/src/pqc/kem/mceliece348864f/ref/aes256ctr.c.obj
[249/654] Building C object CMakeFiles/nextssl.dir/src/pqc/kem/mceliece348864f/ref/bm.c.obj
[250/654] Building C object CMakeFiles/nextssl.dir/src/pqc/kem/mceliece348864f/ref/crypto_int16.c.obj
[251/654] Building C object CMakeFiles/nextssl.dir/src/pqc/kem/mceliece348864f/ref/crypto_int32.c.obj
[252/654] Building C object CMakeFiles/nextssl.dir/src/pqc/kem/mceliece348864f/ref/benes.c.obj
[253/654] Building C object CMakeFiles/nextssl.dir/src/pqc/kem/mceliece348864f/ref/crypto_uint16.c.obj
[254/654] Building C object CMakeFiles/nextssl.dir/src/pqc/kem/mceliece348864f/ref/crypto_uint32.c.obj
[255/654] Building C object CMakeFiles/nextssl.dir/src/pqc/kem/mceliece348864f/ref/crypto_uint64.c.obj
[256/654] Building C object CMakeFiles/nextssl.dir/src/pqc/kem/mceliece348864f/ref/decrypt.c.obj
[257/654] Building C object CMakeFiles/nextssl.dir/src/pqc/common/keccak4x/KeccakP-1600-times4-SIMD256.c.obj
[258/654] Building C object CMakeFiles/nextssl.dir/src/pqc/kem/mceliece348864f/ref/encrypt.c.obj
[259/654] Building C object CMakeFiles/nextssl.dir/src/pqc/kem/mceliece348864f/ref/root.c.obj
[260/654] Building C object CMakeFiles/nextssl.dir/src/pqc/kem/mceliece348864f/ref/operations.c.obj
[261/654] Building C object CMakeFiles/nextssl.dir/src/pqc/kem/mceliece348864f/ref/gf.c.obj
[262/654] Building C object CMakeFiles/nextssl.dir/src/pqc/kem/mceliece348864f/ref/synd.c.obj
[263/654] Building C object CMakeFiles/nextssl.dir/src/pqc/kem/mceliece348864f/ref/sk_gen.c.obj
[264/654] Building C object CMakeFiles/nextssl.dir/src/pqc/kem/mceliece348864f/ref/controlbits.c.obj
[265/654] Building C object CMakeFiles/nextssl.dir/src/pqc/kem/mceliece348864f/ref/transpose.c.obj
[266/654] Building C object CMakeFiles/nextssl.dir/src/pqc/kem/mceliece348864f/ref/pk_gen.c.obj
[267/654] Building C object CMakeFiles/nextssl.dir/src/pqc/kem/mceliece348864f/ref/util.c.obj
[268/654] Building C object CMakeFiles/nextssl.dir/src/pqc/kem/mceliece460896/ref/aes256ctr.c.obj
[269/654] Building C object CMakeFiles/nextssl.dir/src/pqc/kem/mceliece460896/ref/bm.c.obj
[270/654] Building C object CMakeFiles/nextssl.dir/src/pqc/kem/mceliece460896/ref/crypto_int32.c.obj
[271/654] Building C object CMakeFiles/nextssl.dir/src/pqc/kem/mceliece460896/ref/crypto_int16.c.obj
[272/654] Building C object CMakeFiles/nextssl.dir/src/pqc/kem/mceliece460896/ref/crypto_uint16.c.obj
[273/654] Building C object CMakeFiles/nextssl.dir/src/pqc/kem/mceliece460896/ref/crypto_uint64.c.obj
[274/654] Building C object CMakeFiles/nextssl.dir/src/pqc/kem/mceliece460896/ref/crypto_uint32.c.obj
[275/654] Building C object CMakeFiles/nextssl.dir/src/pqc/kem/mceliece460896/ref/encrypt.c.obj
[276/654] Building C object CMakeFiles/nextssl.dir/src/pqc/kem/mceliece460896/ref/decrypt.c.obj
[277/654] Building C object CMakeFiles/nextssl.dir/src/pqc/kem/mceliece460896/ref/benes.c.obj
[278/654] Building C object CMakeFiles/nextssl.dir/src/pqc/kem/mceliece460896/ref/gf.c.obj
[279/654] Building C object CMakeFiles/nextssl.dir/src/pqc/kem/mceliece460896/ref/operations.c.obj
[280/654] Building C object CMakeFiles/nextssl.dir/src/pqc/kem/mceliece460896/ref/root.c.obj
[281/654] Building C object CMakeFiles/nextssl.dir/src/pqc/kem/mceliece460896/ref/sk_gen.c.obj
[282/654] Building C object CMakeFiles/nextssl.dir/src/pqc/kem/mceliece460896/ref/controlbits.c.obj
[283/654] Building C object CMakeFiles/nextssl.dir/src/pqc/kem/mceliece460896/ref/pk_gen.c.obj
[284/654] Building C object CMakeFiles/nextssl.dir/src/pqc/kem/mceliece460896/ref/synd.c.obj
[285/654] Building C object CMakeFiles/nextssl.dir/src/pqc/kem/mceliece460896/ref/transpose.c.obj
[286/654] Building C object CMakeFiles/nextssl.dir/src/pqc/kem/mceliece460896/ref/util.c.obj
[287/654] Building C object CMakeFiles/nextssl.dir/src/pqc/kem/mceliece460896f/ref/aes256ctr.c.obj
[288/654] Building C object CMakeFiles/nextssl.dir/src/pqc/kem/mceliece460896f/ref/bm.c.obj
[289/654] Building C object CMakeFiles/nextssl.dir/src/pqc/kem/mceliece460896f/ref/crypto_int16.c.obj
[290/654] Building C object CMakeFiles/nextssl.dir/src/pqc/kem/mceliece460896f/ref/crypto_int32.c.obj
[291/654] Building C object CMakeFiles/nextssl.dir/src/pqc/kem/mceliece460896f/ref/crypto_uint16.c.obj
[292/654] Building C object CMakeFiles/nextssl.dir/src/pqc/kem/mceliece460896f/ref/crypto_uint32.c.obj
[293/654] Building C object CMakeFiles/nextssl.dir/src/pqc/kem/mceliece460896f/ref/crypto_uint64.c.obj
[294/654] Building C object CMakeFiles/nextssl.dir/src/pqc/kem/mceliece460896f/ref/decrypt.c.obj
[295/654] Building C object CMakeFiles/nextssl.dir/src/pqc/kem/mceliece460896f/ref/benes.c.obj
[296/654] Building C object CMakeFiles/nextssl.dir/src/pqc/kem/mceliece460896f/ref/encrypt.c.obj
[297/654] Building C object CMakeFiles/nextssl.dir/src/pqc/kem/mceliece460896f/ref/operations.c.obj
[298/654] Building C object CMakeFiles/nextssl.dir/src/pqc/kem/mceliece460896f/ref/gf.c.obj
[299/654] Building C object CMakeFiles/nextssl.dir/src/pqc/kem/mceliece460896f/ref/root.c.obj
[300/654] Building C object CMakeFiles/nextssl.dir/src/pqc/kem/mceliece460896f/ref/controlbits.c.obj
[301/654] Building C object CMakeFiles/nextssl.dir/src/pqc/kem/mceliece460896f/ref/sk_gen.c.obj
[302/654] Building C object CMakeFiles/nextssl.dir/src/pqc/kem/mceliece460896f/ref/synd.c.obj
[303/654] Building C object CMakeFiles/nextssl.dir/src/pqc/kem/mceliece460896f/ref/transpose.c.obj
[304/654] Building C object CMakeFiles/nextssl.dir/src/pqc/kem/mceliece460896f/ref/util.c.obj
[305/654] Building C object CMakeFiles/nextssl.dir/src/pqc/kem/mceliece460896f/ref/pk_gen.c.obj
[306/654] Building C object CMakeFiles/nextssl.dir/src/pqc/kem/mceliece6688128/ref/aes256ctr.c.obj
[307/654] Building C object CMakeFiles/nextssl.dir/src/pqc/kem/mceliece6688128/ref/bm.c.obj
[308/654] Building C object CMakeFiles/nextssl.dir/src/pqc/kem/mceliece6688128/ref/crypto_int16.c.obj
[309/654] Building C object CMakeFiles/nextssl.dir/src/pqc/kem/mceliece6688128/ref/crypto_int32.c.obj
[310/654] Building C object CMakeFiles/nextssl.dir/src/pqc/kem/mceliece6688128/ref/crypto_uint16.c.obj
[311/654] Building C object CMakeFiles/nextssl.dir/src/pqc/kem/mceliece6688128/ref/crypto_uint32.c.obj
[312/654] Building C object CMakeFiles/nextssl.dir/src/pqc/kem/mceliece6688128/ref/crypto_uint64.c.obj
[313/654] Building C object CMakeFiles/nextssl.dir/src/pqc/kem/mceliece6688128/ref/encrypt.c.obj
[314/654] Building C object CMakeFiles/nextssl.dir/src/pqc/kem/mceliece6688128/ref/decrypt.c.obj
[315/654] Building C object CMakeFiles/nextssl.dir/src/pqc/kem/mceliece6688128/ref/benes.c.obj
[316/654] Building C object CMakeFiles/nextssl.dir/src/pqc/kem/mceliece6688128/ref/operations.c.obj
[317/654] Building C object CMakeFiles/nextssl.dir/src/pqc/kem/mceliece6688128/ref/gf.c.obj
[318/654] Building C object CMakeFiles/nextssl.dir/src/pqc/kem/mceliece6688128/ref/root.c.obj
[319/654] Building C object CMakeFiles/nextssl.dir/src/pqc/kem/mceliece6688128/ref/controlbits.c.obj
[320/654] Building C object CMakeFiles/nextssl.dir/src/pqc/kem/mceliece6688128/ref/sk_gen.c.obj
[321/654] Building C object CMakeFiles/nextssl.dir/src/pqc/kem/mceliece6688128/ref/synd.c.obj
[322/654] Building C object CMakeFiles/nextssl.dir/src/pqc/kem/mceliece6688128/ref/pk_gen.c.obj
[323/654] Building C object CMakeFiles/nextssl.dir/src/pqc/kem/mceliece6688128/ref/util.c.obj
[324/654] Building C object CMakeFiles/nextssl.dir/src/pqc/kem/mceliece6688128/ref/transpose.c.obj
[325/654] Building C object CMakeFiles/nextssl.dir/src/pqc/kem/mceliece6688128f/ref/aes256ctr.c.obj
[326/654] Building C object CMakeFiles/nextssl.dir/src/pqc/kem/mceliece6688128f/ref/bm.c.obj
[327/654] Building C object CMakeFiles/nextssl.dir/src/pqc/kem/mceliece6688128f/ref/crypto_int16.c.obj
[328/654] Building C object CMakeFiles/nextssl.dir/src/pqc/kem/mceliece6688128f/ref/crypto_int32.c.obj
[329/654] Building C object CMakeFiles/nextssl.dir/src/pqc/kem/mceliece6688128f/ref/crypto_uint16.c.obj
[330/654] Building C object CMakeFiles/nextssl.dir/src/pqc/kem/mceliece6688128f/ref/crypto_uint32.c.obj
[331/654] Building C object CMakeFiles/nextssl.dir/src/pqc/kem/mceliece6688128f/ref/crypto_uint64.c.obj
[332/654] Building C object CMakeFiles/nextssl.dir/src/pqc/kem/mceliece6688128f/ref/decrypt.c.obj
[333/654] Building C object CMakeFiles/nextssl.dir/src/pqc/kem/mceliece6688128f/ref/benes.c.obj
[334/654] Building C object CMakeFiles/nextssl.dir/src/pqc/kem/mceliece6688128f/ref/encrypt.c.obj
[335/654] Building C object CMakeFiles/nextssl.dir/src/pqc/kem/mceliece6688128f/ref/gf.c.obj
[336/654] Building C object CMakeFiles/nextssl.dir/src/pqc/kem/mceliece6688128f/ref/operations.c.obj
[337/654] Building C object CMakeFiles/nextssl.dir/src/pqc/kem/mceliece6688128f/ref/root.c.obj
[338/654] Building C object CMakeFiles/nextssl.dir/src/pqc/kem/mceliece6688128f/ref/sk_gen.c.obj
[339/654] Building C object CMakeFiles/nextssl.dir/src/pqc/kem/mceliece6688128f/ref/controlbits.c.obj
[340/654] Building C object CMakeFiles/nextssl.dir/src/pqc/kem/mceliece6688128f/ref/util.c.obj
[341/654] Building C object CMakeFiles/nextssl.dir/src/pqc/kem/mceliece6688128f/ref/transpose.c.obj
[342/654] Building C object CMakeFiles/nextssl.dir/src/pqc/kem/mceliece6688128f/ref/synd.c.obj
[343/654] Building C object CMakeFiles/nextssl.dir/src/pqc/kem/mceliece6960119/ref/aes256ctr.c.obj
[344/654] Building C object CMakeFiles/nextssl.dir/src/pqc/kem/mceliece6688128f/ref/pk_gen.c.obj
[345/654] Building C object CMakeFiles/nextssl.dir/src/pqc/kem/mceliece6960119/ref/bm.c.obj
[346/654] Building C object CMakeFiles/nextssl.dir/src/pqc/kem/mceliece6960119/ref/crypto_int16.c.obj
[347/654] Building C object CMakeFiles/nextssl.dir/src/pqc/kem/mceliece6960119/ref/crypto_int32.c.obj
[348/654] Building C object CMakeFiles/nextssl.dir/src/pqc/kem/mceliece6960119/ref/crypto_uint16.c.obj
[349/654] Building C object CMakeFiles/nextssl.dir/src/pqc/kem/mceliece6960119/ref/crypto_uint64.c.obj
[350/654] Building C object CMakeFiles/nextssl.dir/src/pqc/kem/mceliece6960119/ref/crypto_uint32.c.obj
[351/654] Building C object CMakeFiles/nextssl.dir/src/pqc/kem/mceliece6960119/ref/decrypt.c.obj
[352/654] Building C object CMakeFiles/nextssl.dir/src/pqc/kem/mceliece6960119/ref/benes.c.obj
[353/654] Building C object CMakeFiles/nextssl.dir/src/pqc/kem/mceliece6960119/ref/encrypt.c.obj
[354/654] Building C object CMakeFiles/nextssl.dir/src/pqc/kem/mceliece6960119/ref/operations.c.obj
[355/654] Building C object CMakeFiles/nextssl.dir/src/pqc/kem/mceliece6960119/ref/gf.c.obj
[356/654] Building C object CMakeFiles/nextssl.dir/src/pqc/kem/mceliece6960119/ref/controlbits.c.obj
[357/654] Building C object CMakeFiles/nextssl.dir/src/pqc/kem/mceliece6960119/ref/root.c.obj
[358/654] Building C object CMakeFiles/nextssl.dir/src/pqc/kem/mceliece6960119/ref/sk_gen.c.obj
[359/654] Building C object CMakeFiles/nextssl.dir/src/pqc/kem/mceliece6960119/ref/synd.c.obj
[360/654] Building C object CMakeFiles/nextssl.dir/src/pqc/kem/mceliece6960119/ref/pk_gen.c.obj
[361/654] Building C object CMakeFiles/nextssl.dir/src/pqc/kem/mceliece6960119f/ref/aes256ctr.c.obj
[362/654] Building C object CMakeFiles/nextssl.dir/src/pqc/kem/mceliece6960119/ref/util.c.obj
[363/654] Building C object CMakeFiles/nextssl.dir/src/pqc/kem/mceliece6960119/ref/transpose.c.obj
[364/654] Building C object CMakeFiles/nextssl.dir/src/pqc/kem/mceliece6960119f/ref/crypto_int16.c.obj
[365/654] Building C object CMakeFiles/nextssl.dir/src/pqc/kem/mceliece6960119f/ref/crypto_uint16.c.obj
[366/654] Building C object CMakeFiles/nextssl.dir/src/pqc/kem/mceliece6960119f/ref/bm.c.obj
[367/654] Building C object CMakeFiles/nextssl.dir/src/pqc/kem/mceliece6960119f/ref/crypto_int32.c.obj
[368/654] Building C object CMakeFiles/nextssl.dir/src/pqc/kem/mceliece6960119f/ref/crypto_uint32.c.obj
[369/654] Building C object CMakeFiles/nextssl.dir/src/pqc/kem/mceliece6960119f/ref/crypto_uint64.c.obj
[370/654] Building C object CMakeFiles/nextssl.dir/src/pqc/kem/mceliece6960119f/ref/decrypt.c.obj
[371/654] Building C object CMakeFiles/nextssl.dir/src/pqc/kem/mceliece6960119f/ref/encrypt.c.obj
[372/654] Building C object CMakeFiles/nextssl.dir/src/pqc/kem/mceliece6960119f/ref/operations.c.obj
[373/654] Building C object CMakeFiles/nextssl.dir/src/pqc/kem/mceliece6960119f/ref/gf.c.obj
[374/654] Building C object CMakeFiles/nextssl.dir/src/pqc/kem/mceliece6960119f/ref/benes.c.obj
[375/654] Building C object CMakeFiles/nextssl.dir/src/pqc/kem/mceliece6960119f/ref/root.c.obj
[376/654] Building C object CMakeFiles/nextssl.dir/src/pqc/kem/mceliece6960119f/ref/synd.c.obj
[377/654] Building C object CMakeFiles/nextssl.dir/src/pqc/kem/mceliece6960119f/ref/sk_gen.c.obj
[378/654] Building C object CMakeFiles/nextssl.dir/src/pqc/kem/mceliece6960119f/ref/transpose.c.obj
[379/654] Building C object CMakeFiles/nextssl.dir/src/pqc/kem/mceliece6960119f/ref/pk_gen.c.obj
[380/654] Building C object CMakeFiles/nextssl.dir/src/pqc/kem/mceliece6960119f/ref/util.c.obj
[381/654] Building C object CMakeFiles/nextssl.dir/src/pqc/kem/mceliece8192128/ref/aes256ctr.c.obj
[382/654] Building C object CMakeFiles/nextssl.dir/src/pqc/kem/mceliece6960119f/ref/controlbits.c.obj
[383/654] Building C object CMakeFiles/nextssl.dir/src/pqc/kem/mceliece8192128/ref/bm.c.obj
[384/654] Building C object CMakeFiles/nextssl.dir/src/pqc/kem/mceliece8192128/ref/crypto_int32.c.obj
[385/654] Building C object CMakeFiles/nextssl.dir/src/pqc/kem/mceliece8192128/ref/crypto_int16.c.obj
[386/654] Building C object CMakeFiles/nextssl.dir/src/pqc/kem/mceliece8192128/ref/crypto_uint32.c.obj
[387/654] Building C object CMakeFiles/nextssl.dir/src/pqc/kem/mceliece8192128/ref/crypto_uint16.c.obj
[388/654] Building C object CMakeFiles/nextssl.dir/src/pqc/kem/mceliece8192128/ref/crypto_uint64.c.obj
[389/654] Building C object CMakeFiles/nextssl.dir/src/pqc/kem/mceliece8192128/ref/decrypt.c.obj
[390/654] Building C object CMakeFiles/nextssl.dir/src/pqc/kem/mceliece8192128/ref/encrypt.c.obj
[391/654] Building C object CMakeFiles/nextssl.dir/src/pqc/kem/mceliece8192128/ref/operations.c.obj
[392/654] Building C object CMakeFiles/nextssl.dir/src/pqc/kem/mceliece8192128/ref/pk_gen.c.obj
[393/654] Building C object CMakeFiles/nextssl.dir/src/pqc/kem/mceliece8192128/ref/gf.c.obj
[394/654] Building C object CMakeFiles/nextssl.dir/src/pqc/kem/mceliece8192128/ref/root.c.obj
[395/654] Building C object CMakeFiles/nextssl.dir/src/pqc/kem/mceliece8192128/ref/sk_gen.c.obj
[396/654] Building C object CMakeFiles/nextssl.dir/src/pqc/kem/mceliece8192128/ref/benes.c.obj
[397/654] Building C object CMakeFiles/nextssl.dir/src/pqc/kem/mceliece8192128/ref/transpose.c.obj
[398/654] Building C object CMakeFiles/nextssl.dir/src/pqc/kem/mceliece8192128/ref/synd.c.obj
[399/654] Building C object CMakeFiles/nextssl.dir/src/pqc/kem/mceliece8192128f/ref/aes256ctr.c.obj
[400/654] Building C object CMakeFiles/nextssl.dir/src/pqc/kem/mceliece8192128/ref/util.c.obj
[401/654] Building C object CMakeFiles/nextssl.dir/src/pqc/kem/mceliece8192128/ref/controlbits.c.obj
[402/654] Building C object CMakeFiles/nextssl.dir/src/pqc/kem/mceliece8192128f/ref/crypto_int16.c.obj
[403/654] Building C object CMakeFiles/nextssl.dir/src/pqc/kem/mceliece8192128f/ref/crypto_int32.c.obj
[404/654] Building C object CMakeFiles/nextssl.dir/src/pqc/kem/mceliece8192128f/ref/bm.c.obj
[405/654] Building C object CMakeFiles/nextssl.dir/src/pqc/kem/mceliece8192128f/ref/crypto_uint16.c.obj
[406/654] Building C object CMakeFiles/nextssl.dir/src/pqc/kem/mceliece8192128f/ref/crypto_uint32.c.obj
[407/654] Building C object CMakeFiles/nextssl.dir/src/pqc/kem/mceliece8192128f/ref/crypto_uint64.c.obj
[408/654] Building C object CMakeFiles/nextssl.dir/src/pqc/kem/mceliece8192128f/ref/decrypt.c.obj
[409/654] Building C object CMakeFiles/nextssl.dir/src/pqc/kem/mceliece8192128f/ref/gf.c.obj
[410/654] Building C object CMakeFiles/nextssl.dir/src/pqc/kem/mceliece8192128f/ref/benes.c.obj
[411/654] Building C object CMakeFiles/nextssl.dir/src/pqc/kem/mceliece8192128f/ref/encrypt.c.obj
[412/654] Building C object CMakeFiles/nextssl.dir/src/pqc/kem/mceliece8192128f/ref/synd.c.obj
[413/654] Building C object CMakeFiles/nextssl.dir/src/pqc/kem/mceliece8192128f/ref/operations.c.obj
[414/654] Building C object CMakeFiles/nextssl.dir/src/pqc/kem/mceliece8192128f/ref/root.c.obj
[415/654] Building C object CMakeFiles/nextssl.dir/src/pqc/kem/mceliece8192128f/ref/sk_gen.c.obj
[416/654] Building C object CMakeFiles/nextssl.dir/src/pqc/kem/ml-kem-1024/ref/cbd.c.obj
[417/654] Building C object CMakeFiles/nextssl.dir/src/pqc/kem/mceliece8192128f/ref/transpose.c.obj
[418/654] Building C object CMakeFiles/nextssl.dir/src/pqc/kem/mceliece8192128f/ref/util.c.obj
[419/654] Building C object CMakeFiles/nextssl.dir/src/pqc/kem/mceliece8192128f/ref/pk_gen.c.obj
[420/654] Building C object CMakeFiles/nextssl.dir/src/pqc/kem/ml-kem-1024/ref/indcpa.c.obj
[421/654] Building C object CMakeFiles/nextssl.dir/src/pqc/kem/mceliece8192128f/ref/controlbits.c.obj
[422/654] Building C object CMakeFiles/nextssl.dir/src/pqc/kem/ml-kem-1024/ref/kem.c.obj
[423/654] Building C object CMakeFiles/nextssl.dir/src/pqc/kem/ml-kem-1024/ref/ntt.c.obj
[424/654] Building C object CMakeFiles/nextssl.dir/src/pqc/kem/ml-kem-1024/ref/reduce.c.obj
[425/654] Building C object CMakeFiles/nextssl.dir/src/pqc/kem/ml-kem-1024/ref/symmetric-shake.c.obj
[426/654] Building C object CMakeFiles/nextssl.dir/src/pqc/kem/ml-kem-1024/ref/verify.c.obj
[427/654] Building C object CMakeFiles/nextssl.dir/src/pqc/kem/ml-kem-1024/ref/polyvec.c.obj
[428/654] Building C object CMakeFiles/nextssl.dir/src/pqc/kem/ml-kem-512/ref/cbd.c.obj
[429/654] Building C object CMakeFiles/nextssl.dir/src/pqc/kem/ml-kem-512/ref/indcpa.c.obj
[430/654] Building C object CMakeFiles/nextssl.dir/src/pqc/kem/ml-kem-512/ref/kem.c.obj
[431/654] Building C object CMakeFiles/nextssl.dir/src/pqc/kem/ml-kem-1024/ref/poly.c.obj
[432/654] Building C object CMakeFiles/nextssl.dir/src/pqc/kem/ml-kem-512/ref/ntt.c.obj
[433/654] Building C object CMakeFiles/nextssl.dir/src/pqc/kem/ml-kem-512/ref/reduce.c.obj
[434/654] Building C object CMakeFiles/nextssl.dir/src/pqc/kem/ml-kem-512/ref/polyvec.c.obj
[435/654] Building C object CMakeFiles/nextssl.dir/src/pqc/kem/ml-kem-512/ref/symmetric-shake.c.obj
[436/654] Building C object CMakeFiles/nextssl.dir/src/pqc/kem/ml-kem-512/ref/verify.c.obj
[437/654] Building C object CMakeFiles/nextssl.dir/src/pqc/kem/ml-kem-768/ref/cbd.c.obj
[438/654] Building C object CMakeFiles/nextssl.dir/src/pqc/kem/ml-kem-768/ref/indcpa.c.obj
[439/654] Building C object CMakeFiles/nextssl.dir/src/pqc/kem/ml-kem-768/ref/kem.c.obj
[440/654] Building C object CMakeFiles/nextssl.dir/src/pqc/kem/ml-kem-512/ref/poly.c.obj
[441/654] Building C object CMakeFiles/nextssl.dir/src/pqc/kem/ml-kem-768/ref/reduce.c.obj
[442/654] Building C object CMakeFiles/nextssl.dir/src/pqc/kem/ml-kem-768/ref/ntt.c.obj
[443/654] Building C object CMakeFiles/nextssl.dir/src/pqc/kem/ml-kem-768/ref/symmetric-shake.c.obj
[444/654] Building C object CMakeFiles/nextssl.dir/src/pqc/kem/ml-kem-768/ref/polyvec.c.obj
[445/654] Building C object CMakeFiles/nextssl.dir/src/pqc/kem/ml-kem-768/ref/verify.c.obj
[446/654] Building C object CMakeFiles/nextssl.dir/src/pqc/kem/ml-kem-768/ref/poly.c.obj
[447/654] Building C object CMakeFiles/nextssl.dir/src/pqc/sign/falcon-1024/ref/codec.c.obj
[448/654] Building C object CMakeFiles/nextssl.dir/src/pqc/sign/falcon-1024/ref/common.c.obj
[449/654] Building C object CMakeFiles/nextssl.dir/src/pqc/sign/falcon-1024/ref/falcon_wrap.c.obj
[450/654] Building C object CMakeFiles/nextssl.dir/src/pqc/pqc_main.c.obj
[451/654] Building C object CMakeFiles/nextssl.dir/src/pqc/sign/falcon-1024/ref/fpr.c.obj
[452/654] Building C object CMakeFiles/nextssl.dir/src/pqc/sign/falcon-1024/ref/rng.c.obj
[453/654] Building C object CMakeFiles/nextssl.dir/src/pqc/sign/falcon-1024/ref/fft.c.obj
[454/654] Building C object CMakeFiles/nextssl.dir/src/pqc/sign/falcon-512/ref/codec.c.obj
[455/654] Building C object CMakeFiles/nextssl.dir/src/pqc/sign/falcon-1024/ref/sign.c.obj
[456/654] Building C object CMakeFiles/nextssl.dir/src/pqc/sign/falcon-512/ref/common.c.obj
[457/654] Building C object CMakeFiles/nextssl.dir/src/pqc/sign/falcon-512/ref/falcon_wrap.c.obj
[458/654] Building C object CMakeFiles/nextssl.dir/src/pqc/sign/falcon-1024/ref/vrfy.c.obj
[459/654] Building C object CMakeFiles/nextssl.dir/src/pqc/sign/falcon-512/ref/fft.c.obj
[460/654] Building C object CMakeFiles/nextssl.dir/src/pqc/sign/falcon-512/ref/rng.c.obj
[461/654] Building C object CMakeFiles/nextssl.dir/src/pqc/sign/falcon-512/ref/fpr.c.obj
[462/654] Building C object CMakeFiles/nextssl.dir/src/pqc/sign/falcon-512/ref/sign.c.obj
[463/654] Building C object CMakeFiles/nextssl.dir/src/pqc/sign/falcon-padded-1024/ref/codec.c.obj
[464/654] Building C object CMakeFiles/nextssl.dir/src/pqc/sign/falcon-padded-1024/ref/common.c.obj
[465/654] Building C object CMakeFiles/nextssl.dir/src/pqc/sign/falcon-512/ref/vrfy.c.obj
[466/654] Building C object CMakeFiles/nextssl.dir/src/pqc/sign/falcon-padded-1024/ref/falcon_wrap.c.obj
[467/654] Building C object CMakeFiles/nextssl.dir/src/pqc/sign/falcon-padded-1024/ref/fft.c.obj
[468/654] Building C object CMakeFiles/nextssl.dir/src/pqc/sign/falcon-1024/ref/keygen.c.obj
[469/654] Building C object CMakeFiles/nextssl.dir/src/pqc/sign/falcon-padded-1024/ref/fpr.c.obj
[470/654] Building C object CMakeFiles/nextssl.dir/src/pqc/sign/falcon-padded-1024/ref/rng.c.obj
[471/654] Building C object CMakeFiles/nextssl.dir/src/pqc/sign/falcon-padded-512/ref/codec.c.obj
[472/654] Building C object CMakeFiles/nextssl.dir/src/pqc/sign/falcon-padded-1024/ref/sign.c.obj
[473/654] Building C object CMakeFiles/nextssl.dir/src/pqc/sign/falcon-padded-512/ref/common.c.obj
[474/654] Building C object CMakeFiles/nextssl.dir/src/pqc/sign/falcon-padded-512/ref/falcon_wrap.c.obj
[475/654] Building C object CMakeFiles/nextssl.dir/src/pqc/sign/falcon-padded-1024/ref/vrfy.c.obj
[476/654] Building C object CMakeFiles/nextssl.dir/src/pqc/sign/falcon-512/ref/keygen.c.obj
[477/654] Building C object CMakeFiles/nextssl.dir/src/pqc/sign/falcon-padded-512/ref/fft.c.obj
[478/654] Building C object CMakeFiles/nextssl.dir/src/pqc/sign/falcon-padded-512/ref/fpr.c.obj
[479/654] Building C object CMakeFiles/nextssl.dir/src/pqc/sign/falcon-padded-512/ref/rng.c.obj
[480/654] Building C object CMakeFiles/nextssl.dir/src/pqc/sign/falcon-padded-512/ref/sign.c.obj
[481/654] Building C object CMakeFiles/nextssl.dir/src/pqc/sign/ml-dsa-44/ref/ntt.c.obj
[482/654] Building C object CMakeFiles/nextssl.dir/src/pqc/sign/ml-dsa-44/ref/packing.c.obj
[483/654] Building C object CMakeFiles/nextssl.dir/src/pqc/sign/falcon-padded-512/ref/vrfy.c.obj
[484/654] Building C object CMakeFiles/nextssl.dir/src/pqc/sign/ml-dsa-44/ref/polyvec.c.obj
[485/654] Building C object CMakeFiles/nextssl.dir/src/pqc/sign/ml-dsa-44/ref/reduce.c.obj
[486/654] Building C object CMakeFiles/nextssl.dir/src/pqc/sign/ml-dsa-44/ref/rounding.c.obj
[487/654] Building C object CMakeFiles/nextssl.dir/src/pqc/sign/falcon-padded-1024/ref/keygen.c.obj
[488/654] Building C object CMakeFiles/nextssl.dir/src/pqc/sign/ml-dsa-44/ref/sign.c.obj
[489/654] Building C object CMakeFiles/nextssl.dir/src/pqc/sign/ml-dsa-44/ref/symmetric-shake.c.obj
[490/654] Building C object CMakeFiles/nextssl.dir/src/pqc/sign/ml-dsa-65/ref/ntt.c.obj
[491/654] Building C object CMakeFiles/nextssl.dir/src/pqc/sign/ml-dsa-44/ref/poly.c.obj
[492/654] Building C object CMakeFiles/nextssl.dir/src/pqc/sign/ml-dsa-65/ref/packing.c.obj
[493/654] Building C object CMakeFiles/nextssl.dir/src/pqc/sign/ml-dsa-65/ref/polyvec.c.obj
[494/654] Building C object CMakeFiles/nextssl.dir/src/pqc/sign/ml-dsa-65/ref/rounding.c.obj
[495/654] Building C object CMakeFiles/nextssl.dir/src/pqc/sign/ml-dsa-65/ref/reduce.c.obj
[496/654] Building C object CMakeFiles/nextssl.dir/src/pqc/sign/ml-dsa-65/ref/sign.c.obj
[497/654] Building C object CMakeFiles/nextssl.dir/src/pqc/sign/ml-dsa-65/ref/symmetric-shake.c.obj
[498/654] Building C object CMakeFiles/nextssl.dir/src/pqc/sign/ml-dsa-87/ref/ntt.c.obj
[499/654] Building C object CMakeFiles/nextssl.dir/src/pqc/sign/ml-dsa-65/ref/poly.c.obj
[500/654] Building C object CMakeFiles/nextssl.dir/src/pqc/sign/ml-dsa-87/ref/packing.c.obj
[501/654] Building C object CMakeFiles/nextssl.dir/src/pqc/sign/ml-dsa-87/ref/reduce.c.obj
[502/654] Building C object CMakeFiles/nextssl.dir/src/pqc/sign/ml-dsa-87/ref/polyvec.c.obj
[503/654] Building C object CMakeFiles/nextssl.dir/src/pqc/sign/ml-dsa-87/ref/rounding.c.obj
[504/654] Building C object CMakeFiles/nextssl.dir/src/pqc/sign/ml-dsa-87/ref/sign.c.obj
[505/654] Building C object CMakeFiles/nextssl.dir/src/pqc/sign/ml-dsa-87/ref/symmetric-shake.c.obj
[506/654] Building C object CMakeFiles/nextssl.dir/src/pqc/sign/sphincs-sha2-128f-simple/ref/address.c.obj
[507/654] Building C object CMakeFiles/nextssl.dir/src/pqc/sign/sphincs-sha2-128f-simple/ref/context_sha2.c.obj
[508/654] Building C object CMakeFiles/nextssl.dir/src/pqc/sign/ml-dsa-87/ref/poly.c.obj
[509/654] Building C object CMakeFiles/nextssl.dir/src/pqc/sign/sphincs-sha2-128f-simple/ref/fors.c.obj
[510/654] Building C object CMakeFiles/nextssl.dir/src/pqc/sign/sphincs-sha2-128f-simple/ref/hash_sha2.c.obj
[511/654] Building C object CMakeFiles/nextssl.dir/src/pqc/sign/sphincs-sha2-128f-simple/ref/merkle.c.obj
[512/654] Building C object CMakeFiles/nextssl.dir/src/pqc/sign/sphincs-sha2-128f-simple/ref/thash_sha2_simple.c.obj
[513/654] Building C object CMakeFiles/nextssl.dir/src/pqc/sign/sphincs-sha2-128f-simple/ref/sign.c.obj
[514/654] Building C object CMakeFiles/nextssl.dir/src/pqc/sign/sphincs-sha2-128f-simple/ref/utilsx1.c.obj
[515/654] Building C object CMakeFiles/nextssl.dir/src/pqc/sign/sphincs-sha2-128f-simple/ref/utils.c.obj
[516/654] Building C object CMakeFiles/nextssl.dir/src/pqc/sign/sphincs-sha2-128f-simple/ref/wots.c.obj
[517/654] Building C object CMakeFiles/nextssl.dir/src/pqc/sign/sphincs-sha2-128s-simple/ref/context_sha2.c.obj
[518/654] Building C object CMakeFiles/nextssl.dir/src/pqc/sign/sphincs-sha2-128f-simple/ref/wotsx1.c.obj
[519/654] Building C object CMakeFiles/nextssl.dir/src/pqc/sign/sphincs-sha2-128s-simple/ref/address.c.obj
[520/654] Building C object CMakeFiles/nextssl.dir/src/pqc/sign/falcon-padded-512/ref/keygen.c.obj
[521/654] Building C object CMakeFiles/nextssl.dir/src/pqc/sign/sphincs-sha2-128s-simple/ref/fors.c.obj
[522/654] Building C object CMakeFiles/nextssl.dir/src/pqc/sign/sphincs-sha2-128s-simple/ref/hash_sha2.c.obj
[523/654] Building C object CMakeFiles/nextssl.dir/src/pqc/sign/sphincs-sha2-128s-simple/ref/thash_sha2_simple.c.obj
[524/654] Building C object CMakeFiles/nextssl.dir/src/pqc/sign/sphincs-sha2-128s-simple/ref/merkle.c.obj
[525/654] Building C object CMakeFiles/nextssl.dir/src/pqc/sign/sphincs-sha2-128s-simple/ref/sign.c.obj
[526/654] Building C object CMakeFiles/nextssl.dir/src/pqc/sign/sphincs-sha2-128s-simple/ref/utils.c.obj
[527/654] Building C object CMakeFiles/nextssl.dir/src/pqc/sign/sphincs-sha2-128s-simple/ref/wotsx1.c.obj
[528/654] Building C object CMakeFiles/nextssl.dir/src/pqc/sign/sphincs-sha2-128s-simple/ref/wots.c.obj
[529/654] Building C object CMakeFiles/nextssl.dir/src/pqc/sign/sphincs-sha2-128s-simple/ref/utilsx1.c.obj
[530/654] Building C object CMakeFiles/nextssl.dir/src/pqc/sign/sphincs-sha2-192f-simple/ref/context_sha2.c.obj
[531/654] Building C object CMakeFiles/nextssl.dir/src/pqc/sign/sphincs-sha2-192f-simple/ref/address.c.obj
[532/654] Building C object CMakeFiles/nextssl.dir/src/pqc/sign/sphincs-sha2-192f-simple/ref/merkle.c.obj
[533/654] Building C object CMakeFiles/nextssl.dir/src/pqc/sign/sphincs-sha2-192f-simple/ref/fors.c.obj
[534/654] Building C object CMakeFiles/nextssl.dir/src/pqc/sign/sphincs-sha2-192f-simple/ref/hash_sha2.c.obj
[535/654] Building C object CMakeFiles/nextssl.dir/src/pqc/sign/sphincs-sha2-192f-simple/ref/thash_sha2_simple.c.obj
[536/654] Building C object CMakeFiles/nextssl.dir/src/pqc/sign/sphincs-sha2-192f-simple/ref/sign.c.obj
[537/654] Building C object CMakeFiles/nextssl.dir/src/pqc/sign/sphincs-sha2-192f-simple/ref/utilsx1.c.obj
[538/654] Building C object CMakeFiles/nextssl.dir/src/pqc/sign/sphincs-sha2-192f-simple/ref/utils.c.obj
[539/654] Building C object CMakeFiles/nextssl.dir/src/pqc/sign/sphincs-sha2-192f-simple/ref/wots.c.obj
[540/654] Building C object CMakeFiles/nextssl.dir/src/pqc/sign/sphincs-sha2-192f-simple/ref/wotsx1.c.obj
[541/654] Building C object CMakeFiles/nextssl.dir/src/pqc/sign/sphincs-sha2-192s-simple/ref/context_sha2.c.obj
[542/654] Building C object CMakeFiles/nextssl.dir/src/pqc/sign/sphincs-sha2-192s-simple/ref/address.c.obj
[543/654] Building C object CMakeFiles/nextssl.dir/src/pqc/sign/sphincs-sha2-192s-simple/ref/merkle.c.obj
[544/654] Building C object CMakeFiles/nextssl.dir/src/pqc/sign/sphincs-sha2-192s-simple/ref/hash_sha2.c.obj
[545/654] Building C object CMakeFiles/nextssl.dir/src/pqc/sign/sphincs-sha2-192s-simple/ref/fors.c.obj
[546/654] Building C object CMakeFiles/nextssl.dir/src/pqc/sign/sphincs-sha2-192s-simple/ref/thash_sha2_simple.c.obj
[547/654] Building C object CMakeFiles/nextssl.dir/src/pqc/sign/sphincs-sha2-192s-simple/ref/sign.c.obj
[548/654] Building C object CMakeFiles/nextssl.dir/src/pqc/sign/sphincs-sha2-192s-simple/ref/utilsx1.c.obj
[549/654] Building C object CMakeFiles/nextssl.dir/src/pqc/sign/sphincs-sha2-192s-simple/ref/utils.c.obj
[550/654] Building C object CMakeFiles/nextssl.dir/src/pqc/sign/sphincs-sha2-192s-simple/ref/wotsx1.c.obj
[551/654] Building C object CMakeFiles/nextssl.dir/src/pqc/sign/sphincs-sha2-256f-simple/ref/context_sha2.c.obj
[552/654] Building C object CMakeFiles/nextssl.dir/src/pqc/sign/sphincs-sha2-256f-simple/ref/address.c.obj
[553/654] Building C object CMakeFiles/nextssl.dir/src/pqc/sign/sphincs-sha2-192s-simple/ref/wots.c.obj
[554/654] Building C object CMakeFiles/nextssl.dir/src/pqc/sign/sphincs-sha2-256f-simple/ref/merkle.c.obj
[555/654] Building C object CMakeFiles/nextssl.dir/src/pqc/sign/sphincs-sha2-256f-simple/ref/thash_sha2_simple.c.obj
[556/654] Building C object CMakeFiles/nextssl.dir/src/pqc/sign/sphincs-sha2-256f-simple/ref/fors.c.obj
[557/654] Building C object CMakeFiles/nextssl.dir/src/pqc/sign/sphincs-sha2-256f-simple/ref/hash_sha2.c.obj
[558/654] Building C object CMakeFiles/nextssl.dir/src/pqc/sign/sphincs-sha2-256f-simple/ref/utilsx1.c.obj
[559/654] Building C object CMakeFiles/nextssl.dir/src/pqc/sign/sphincs-sha2-256f-simple/ref/utils.c.obj
[560/654] Building C object CMakeFiles/nextssl.dir/src/pqc/sign/sphincs-sha2-256f-simple/ref/sign.c.obj
[561/654] Building C object CMakeFiles/nextssl.dir/src/pqc/sign/sphincs-sha2-256f-simple/ref/wots.c.obj
[562/654] Building C object CMakeFiles/nextssl.dir/src/pqc/sign/sphincs-sha2-256f-simple/ref/wotsx1.c.obj
[563/654] Building C object CMakeFiles/nextssl.dir/src/pqc/sign/sphincs-sha2-256s-simple/ref/address.c.obj
[564/654] Building C object CMakeFiles/nextssl.dir/src/pqc/sign/sphincs-sha2-256s-simple/ref/merkle.c.obj
[565/654] Building C object CMakeFiles/nextssl.dir/src/pqc/sign/sphincs-sha2-256s-simple/ref/context_sha2.c.obj
[566/654] Building C object CMakeFiles/nextssl.dir/src/pqc/sign/sphincs-sha2-256s-simple/ref/hash_sha2.c.obj
[567/654] Building C object CMakeFiles/nextssl.dir/src/pqc/sign/sphincs-sha2-256s-simple/ref/sign.c.obj
[568/654] Building C object CMakeFiles/nextssl.dir/src/pqc/sign/sphincs-sha2-256s-simple/ref/thash_sha2_simple.c.obj
[569/654] Building C object CMakeFiles/nextssl.dir/src/pqc/sign/sphincs-sha2-256s-simple/ref/fors.c.obj
[570/654] Building C object CMakeFiles/nextssl.dir/src/pqc/sign/sphincs-sha2-256s-simple/ref/utilsx1.c.obj
[571/654] Building C object CMakeFiles/nextssl.dir/src/pqc/sign/sphincs-sha2-256s-simple/ref/wots.c.obj
[572/654] Building C object CMakeFiles/nextssl.dir/src/pqc/sign/sphincs-sha2-256s-simple/ref/utils.c.obj
[573/654] Building C object CMakeFiles/nextssl.dir/src/pqc/sign/sphincs-sha2-256s-simple/ref/wotsx1.c.obj
[574/654] Building C object CMakeFiles/nextssl.dir/src/pqc/sign/sphincs-shake-128f-simple/ref/merkle.c.obj
[575/654] Building C object CMakeFiles/nextssl.dir/src/pqc/sign/sphincs-shake-128f-simple/ref/context_shake.c.obj
[576/654] Building C object CMakeFiles/nextssl.dir/src/pqc/sign/sphincs-shake-128f-simple/ref/hash_shake.c.obj
[577/654] Building C object CMakeFiles/nextssl.dir/src/pqc/sign/sphincs-shake-128f-simple/ref/address.c.obj
[578/654] Building C object CMakeFiles/nextssl.dir/src/pqc/sign/sphincs-shake-128f-simple/ref/fors.c.obj
[579/654] Building C object CMakeFiles/nextssl.dir/src/pqc/sign/sphincs-shake-128f-simple/ref/sign.c.obj
[580/654] Building C object CMakeFiles/nextssl.dir/src/pqc/sign/sphincs-shake-128f-simple/ref/wots.c.obj
[581/654] Building C object CMakeFiles/nextssl.dir/src/pqc/sign/sphincs-shake-128f-simple/ref/thash_shake_simple.c.obj
[582/654] Building C object CMakeFiles/nextssl.dir/src/pqc/sign/sphincs-shake-128f-simple/ref/utilsx1.c.obj
[583/654] Building C object CMakeFiles/nextssl.dir/src/pqc/sign/sphincs-shake-128f-simple/ref/utils.c.obj
[584/654] Building C object CMakeFiles/nextssl.dir/src/pqc/sign/sphincs-shake-128f-simple/ref/wotsx1.c.obj
[585/654] Building C object CMakeFiles/nextssl.dir/src/pqc/sign/sphincs-shake-128s-simple/ref/hash_shake.c.obj
[586/654] Building C object CMakeFiles/nextssl.dir/src/pqc/sign/sphincs-shake-128s-simple/ref/merkle.c.obj
[587/654] Building C object CMakeFiles/nextssl.dir/src/pqc/sign/sphincs-shake-128s-simple/ref/context_shake.c.obj
[588/654] Building C object CMakeFiles/nextssl.dir/src/pqc/sign/sphincs-shake-128s-simple/ref/thash_shake_simple.c.obj
[589/654] Building C object CMakeFiles/nextssl.dir/src/pqc/sign/sphincs-shake-128s-simple/ref/address.c.obj
[590/654] Building C object CMakeFiles/nextssl.dir/src/pqc/sign/sphincs-shake-128s-simple/ref/fors.c.obj
[591/654] Building C object CMakeFiles/nextssl.dir/src/pqc/sign/sphincs-shake-128s-simple/ref/sign.c.obj
[592/654] Building C object CMakeFiles/nextssl.dir/src/pqc/sign/sphincs-shake-128s-simple/ref/utilsx1.c.obj
[593/654] Building C object CMakeFiles/nextssl.dir/src/pqc/sign/sphincs-shake-128s-simple/ref/utils.c.obj
[594/654] Building C object CMakeFiles/nextssl.dir/src/pqc/sign/sphincs-shake-128s-simple/ref/wotsx1.c.obj
[595/654] Building C object CMakeFiles/nextssl.dir/src/pqc/sign/sphincs-shake-192f-simple/ref/address.c.obj
[596/654] Building C object CMakeFiles/nextssl.dir/src/pqc/sign/sphincs-shake-192f-simple/ref/context_shake.c.obj
[597/654] Building C object CMakeFiles/nextssl.dir/src/pqc/sign/sphincs-shake-128s-simple/ref/wots.c.obj
[598/654] Building C object CMakeFiles/nextssl.dir/src/pqc/sign/sphincs-shake-192f-simple/ref/hash_shake.c.obj
[599/654] Building C object CMakeFiles/nextssl.dir/src/pqc/sign/sphincs-shake-192f-simple/ref/merkle.c.obj
[600/654] Building C object CMakeFiles/nextssl.dir/src/pqc/sign/sphincs-shake-192f-simple/ref/fors.c.obj
[601/654] Building C object CMakeFiles/nextssl.dir/src/pqc/sign/sphincs-shake-192f-simple/ref/thash_shake_simple.c.obj
[602/654] Building C object CMakeFiles/nextssl.dir/src/pqc/sign/sphincs-shake-192f-simple/ref/sign.c.obj
[603/654] Building C object CMakeFiles/nextssl.dir/src/pqc/sign/sphincs-shake-192f-simple/ref/utils.c.obj
[604/654] Building C object CMakeFiles/nextssl.dir/src/pqc/sign/sphincs-shake-192f-simple/ref/wotsx1.c.obj
[605/654] Building C object CMakeFiles/nextssl.dir/src/pqc/sign/sphincs-shake-192f-simple/ref/utilsx1.c.obj
[606/654] Building C object CMakeFiles/nextssl.dir/src/pqc/sign/sphincs-shake-192f-simple/ref/wots.c.obj
[607/654] Building C object CMakeFiles/nextssl.dir/src/pqc/sign/sphincs-shake-192s-simple/ref/address.c.obj
[608/654] Building C object CMakeFiles/nextssl.dir/src/pqc/sign/sphincs-shake-192s-simple/ref/context_shake.c.obj
[609/654] Building C object CMakeFiles/nextssl.dir/src/pqc/sign/sphincs-shake-192s-simple/ref/hash_shake.c.obj
[610/654] Building C object CMakeFiles/nextssl.dir/src/pqc/sign/sphincs-shake-192s-simple/ref/merkle.c.obj
[611/654] Building C object CMakeFiles/nextssl.dir/src/pqc/sign/sphincs-shake-192s-simple/ref/sign.c.obj
[612/654] Building C object CMakeFiles/nextssl.dir/src/pqc/sign/sphincs-shake-192s-simple/ref/thash_shake_simple.c.obj
[613/654] Building C object CMakeFiles/nextssl.dir/src/pqc/sign/sphincs-shake-192s-simple/ref/fors.c.obj
[614/654] Building C object CMakeFiles/nextssl.dir/src/pqc/sign/sphincs-shake-192s-simple/ref/utilsx1.c.obj
[615/654] Building C object CMakeFiles/nextssl.dir/src/pqc/sign/sphincs-shake-192s-simple/ref/utils.c.obj
[616/654] Building C object CMakeFiles/nextssl.dir/src/pqc/sign/sphincs-shake-192s-simple/ref/wotsx1.c.obj
[617/654] Building C object CMakeFiles/nextssl.dir/src/pqc/sign/sphincs-shake-192s-simple/ref/wots.c.obj
[618/654] Building C object CMakeFiles/nextssl.dir/src/pqc/sign/sphincs-shake-256f-simple/ref/context_shake.c.obj
[619/654] Building C object CMakeFiles/nextssl.dir/src/pqc/sign/sphincs-shake-256f-simple/ref/address.c.obj
[620/654] Building C object CMakeFiles/nextssl.dir/src/pqc/sign/sphincs-shake-256f-simple/ref/hash_shake.c.obj
[621/654] Building C object CMakeFiles/nextssl.dir/src/pqc/sign/sphincs-shake-256f-simple/ref/fors.c.obj
[622/654] Building C object CMakeFiles/nextssl.dir/src/pqc/sign/sphincs-shake-256f-simple/ref/merkle.c.obj
[623/654] Building C object CMakeFiles/nextssl.dir/src/pqc/sign/sphincs-shake-256f-simple/ref/sign.c.obj
[624/654] Building C object CMakeFiles/nextssl.dir/src/pqc/sign/sphincs-shake-256f-simple/ref/thash_shake_simple.c.obj
[625/654] Building C object CMakeFiles/nextssl.dir/src/pqc/sign/sphincs-shake-256f-simple/ref/wotsx1.c.obj
[626/654] Building C object CMakeFiles/nextssl.dir/src/pqc/sign/sphincs-shake-256f-simple/ref/utils.c.obj
[627/654] Building C object CMakeFiles/nextssl.dir/src/pqc/sign/sphincs-shake-256f-simple/ref/utilsx1.c.obj
[628/654] Building C object CMakeFiles/nextssl.dir/src/pqc/sign/sphincs-shake-256f-simple/ref/wots.c.obj
[629/654] Building C object CMakeFiles/nextssl.dir/src/pqc/sign/sphincs-shake-256s-simple/ref/address.c.obj
[630/654] Building C object CMakeFiles/nextssl.dir/src/pqc/sign/sphincs-shake-256s-simple/ref/merkle.c.obj
[631/654] Building C object CMakeFiles/nextssl.dir/src/pqc/sign/sphincs-shake-256s-simple/ref/hash_shake.c.obj
[632/654] Building C object CMakeFiles/nextssl.dir/src/pqc/sign/sphincs-shake-256s-simple/ref/context_shake.c.obj
[633/654] Building C object CMakeFiles/nextssl.dir/src/pqc/sign/sphincs-shake-256s-simple/ref/sign.c.obj
[634/654] Building C object CMakeFiles/nextssl.dir/src/pqc/sign/sphincs-shake-256s-simple/ref/thash_shake_simple.c.obj
[635/654] Building C object CMakeFiles/nextssl.dir/src/pqc/sign/sphincs-shake-256s-simple/ref/fors.c.obj
[636/654] Building C object CMakeFiles/nextssl.dir/src/pqc/sign/sphincs-shake-256s-simple/ref/utilsx1.c.obj
[637/654] Building C object CMakeFiles/nextssl.dir/src/pqc/sign/sphincs-shake-256s-simple/ref/wots.c.obj
[638/654] Building C object CMakeFiles/nextssl.dir/src/pqc/sign/sphincs-shake-256s-simple/ref/utils.c.obj
[639/654] Building C object CMakeFiles/nextssl.dir/src/pqc/sign/sphincs-shake-256s-simple/ref/wotsx1.c.obj
[640/654] Building C object CMakeFiles/nextssl.dir/src/root/hash/root_hash.c.obj
[641/654] Building C object CMakeFiles/nextssl.dir/src/root/nextssl_init.c.obj
[642/654] Building C object CMakeFiles/nextssl.dir/src/root/hash/root_hash_record.c.obj
[643/654] Building C object CMakeFiles/nextssl.dir/src/root/pow/root_pow.c.obj
[644/654] Building C object CMakeFiles/nextssl.dir/src/root/seed/root_seed.c.obj
[645/654] Building C object CMakeFiles/nextssl.dir/src/seed/hash/hash_registry.c.obj
[646/654] Building C object CMakeFiles/nextssl.dir/src/seed/hash/seed_core.c.obj
[647/654] Building C object CMakeFiles/nextssl.dir/src/seed/hash/hash_ops.c.obj
[648/654] Building C object CMakeFiles/nextssl.dir/src/root/pqc/root_pqc.c.obj
[649/654] Building C object CMakeFiles/nextssl.dir/src/seed/random/seed_derive_random.c.obj
[650/654] Building C object CMakeFiles/nextssl.dir/src/seed/hash/ctr_mode.c.obj
[651/654] Building C object CMakeFiles/nextssl.dir/src/root/modern/root_modern.c.obj
[652/654] Building C object CMakeFiles/nextssl.dir/src/seed/random/entropy.c.obj
[653/654] Building C object CMakeFiles/nextssl.dir/src/seed/udbf/udbf.c.obj
[654/654] Linking C shared library D:\a\NextSSL\NextSSL\bin\win\x86-mingw\libnextssl.dll

==============================================================================
CMD: cmake --build D:\a\NextSSL\NextSSL\.ci_build\win\x86-mingw --config Release --parallel 6
CWD: D:\a\NextSSL\NextSSL
==============================================================================

