-- The C compiler identification is GNU 14.2.0
-- Detecting C compiler ABI info
-- Detecting C compiler ABI info - done
-- Check for working C compiler: C:/mingw64/bin/gcc.exe - skipped
-- Detecting C compile features
-- Detecting C compile features - done
-- NextSSL build configuration:
--   Type        : Release
--   Shared lib  : ON
--   ML-KEM      : ON
--   ML-DSA      : ON
--   Falcon      : ON
--   HQC         : ON
--   McEliece    : ON
--   SPHINCS+    : ON
--   GmSSL       : OFF
--   Ed448/X448  : ON
--   Balloon     : ON (always)
--   Pomelo      : ON (always)
--   Makwa       : ON (always)
-- Configuring done (3.7s)
-- Generating done (0.2s)
CMake Warning:
  Manually-specified variables were not used by the project:

    CMAKE_CXX_COMPILER


-- Build files have been written to: D:/a/NextSSL/NextSSL/.ci_build/win/x86-mingw

==============================================================================
CMD: cmake -S D:\a\NextSSL\NextSSL -B D:\a\NextSSL\NextSSL\.ci_build\win\x86-mingw -DCMAKE_BUILD_TYPE=Release -DNEXTSSL_SHARED=ON -DNEXTSSL_OUTPUT_ARCH=x86-mingw -DCMAKE_RUNTIME_OUTPUT_DIRECTORY=D:\a\NextSSL\NextSSL\bin\win\x86-mingw -DCMAKE_LIBRARY_OUTPUT_DIRECTORY=D:\a\NextSSL\NextSSL\bin\win\x86-mingw -DCMAKE_ARCHIVE_OUTPUT_DIRECTORY=D:\a\NextSSL\NextSSL\bin\win\x86-mingw -G Ninja -DCMAKE_SYSTEM_NAME=Windows -DCMAKE_C_COMPILER=gcc -DCMAKE_CXX_COMPILER=g++ -DCMAKE_RC_COMPILER=C:/mingw64/bin/windres.EXE
CWD: D:\a\NextSSL\NextSSL
==============================================================================

