CMake Deprecation Warning at /home/runner/.cache/nextssl-tools/android-ndk/android-ndk-r27d/build/cmake/android.toolchain.cmake:35 (cmake_minimum_required):
  Compatibility with CMake < 3.10 will be removed from a future version of
  CMake.

  Update the VERSION argument <min> value.  Or, use the <min>...<max> syntax
  to tell CMake that the project requires at least <min> but has been updated
  to work with policies introduced by <max> or earlier.
Call Stack (most recent call first):
  /usr/local/share/cmake-3.31/Modules/CMakeDetermineSystem.cmake:146 (include)
  CMakeLists.txt:2 (project)


-- Android: Targeting API '21' with architecture 'x86', ABI 'x86', and processor 'i686'
CMake Deprecation Warning at /home/runner/.cache/nextssl-tools/android-ndk/android-ndk-r27d/build/cmake/android.toolchain.cmake:35 (cmake_minimum_required):
  Compatibility with CMake < 3.10 will be removed from a future version of
  CMake.

  Update the VERSION argument <min> value.  Or, use the <min>...<max> syntax
  to tell CMake that the project requires at least <min> but has been updated
  to work with policies introduced by <max> or earlier.
Call Stack (most recent call first):
  .ci_build/android/x86/CMakeFiles/3.31.6/CMakeSystem.cmake:6 (include)
  CMakeLists.txt:2 (project)


-- Android: Selected unified Clang toolchain
-- The C compiler identification is Clang 18.0.4
CMake Deprecation Warning at /home/runner/.cache/nextssl-tools/android-ndk/android-ndk-r27d/build/cmake/flags.cmake:18 (cmake_minimum_required):
  Compatibility with CMake < 3.10 will be removed from a future version of
  CMake.

  Update the VERSION argument <min> value.  Or, use the <min>...<max> syntax
  to tell CMake that the project requires at least <min> but has been updated
  to work with policies introduced by <max> or earlier.
Call Stack (most recent call first):
  /usr/local/share/cmake-3.31/Modules/Platform/Android-Clang.cmake:23 (include)
  /usr/local/share/cmake-3.31/Modules/Platform/Android-Clang-C.cmake:1 (include)
  /usr/local/share/cmake-3.31/Modules/CMakeCInformation.cmake:48 (include)
  CMakeLists.txt:2 (project)


-- Detecting C compiler ABI info
CMake Deprecation Warning at /home/runner/.cache/nextssl-tools/android-ndk/android-ndk-r27d/build/cmake/android.toolchain.cmake:35 (cmake_minimum_required):
  Compatibility with CMake < 3.10 will be removed from a future version of
  CMake.

  Update the VERSION argument <min> value.  Or, use the <min>...<max> syntax
  to tell CMake that the project requires at least <min> but has been updated
  to work with policies introduced by <max> or earlier.
Call Stack (most recent call first):
  /home/runner/work/NextSSL/NextSSL/.ci_build/android/x86/CMakeFiles/3.31.6/CMakeSystem.cmake:6 (include)
  /home/runner/work/NextSSL/NextSSL/.ci_build/android/x86/CMakeFiles/CMakeScratch/TryCompile-qPBJhM/CMakeLists.txt:4 (project)


CMake Deprecation Warning at /home/runner/.cache/nextssl-tools/android-ndk/android-ndk-r27d/build/cmake/flags.cmake:18 (cmake_minimum_required):
  Compatibility with CMake < 3.10 will be removed from a future version of
  CMake.

  Update the VERSION argument <min> value.  Or, use the <min>...<max> syntax
  to tell CMake that the project requires at least <min> but has been updated
  to work with policies introduced by <max> or earlier.
Call Stack (most recent call first):
  /usr/local/share/cmake-3.31/Modules/Platform/Android-Clang.cmake:23 (include)
  /usr/local/share/cmake-3.31/Modules/Platform/Android-Clang-C.cmake:1 (include)
  /usr/local/share/cmake-3.31/Modules/CMakeCInformation.cmake:48 (include)
  /home/runner/work/NextSSL/NextSSL/.ci_build/android/x86/CMakeFiles/CMakeScratch/TryCompile-qPBJhM/CMakeLists.txt:4 (project)


-- Detecting C compiler ABI info - done
-- Check for working C compiler: /home/runner/.cache/nextssl-tools/android-ndk/android-ndk-r27d/toolchains/llvm/prebuilt/linux-x86_64/bin/clang - skipped
-- Detecting C compile features
-- Detecting C compile features - done
-- NextSSL build configuration:
--   Type        : Release
--   Shared lib  : ON
--   ML-KEM      : ON
--   ML-DSA      : ON
--   Falcon      : ON
--   HQC         : ON
--   McEliece    : ON
--   SPHINCS+    : ON
--   GmSSL       : OFF
--   Ed448/X448  : ON
--   Balloon     : ON (always)
--   Pomelo      : ON (always)
--   Makwa       : ON (always)
-- Configuring done (0.7s)
-- Generating done (0.1s)
-- Build files have been written to: /home/runner/work/NextSSL/NextSSL/.ci_build/android/x86

==============================================================================
CMD: cmake -S /home/runner/work/NextSSL/NextSSL -B /home/runner/work/NextSSL/NextSSL/.ci_build/android/x86 -G Ninja -DCMAKE_BUILD_TYPE=Release -DNEXTSSL_SHARED=ON -DNEXTSSL_OUTPUT_ARCH=x86 -DCMAKE_RUNTIME_OUTPUT_DIRECTORY=/home/runner/work/NextSSL/NextSSL/bin/android/x86 -DCMAKE_LIBRARY_OUTPUT_DIRECTORY=/home/runner/work/NextSSL/NextSSL/bin/android/x86 -DCMAKE_ARCHIVE_OUTPUT_DIRECTORY=/home/runner/work/NextSSL/NextSSL/bin/android/x86 -DCMAKE_TOOLCHAIN_FILE=/home/runner/.cache/nextssl-tools/android-ndk/android-ndk-r27d/build/cmake/android.toolchain.cmake -DANDROID_ABI=x86 -DANDROID_PLATFORM=android-21 -DANDROID_STL=none -DANDROID_USE_LEGACY_TOOLCHAIN_FILE=OFF
CWD: /home/runner/work/NextSSL/NextSSL
==============================================================================

