-- The C compiler identification is Clang 22.1.0
-- Detecting C compiler ABI info
-- Detecting C compiler ABI info - done
-- Check for working C compiler: /home/runner/work/_temp/wasi-sdk-32.0-x86_64-linux/bin/clang - skipped
-- Detecting C compile features
-- Detecting C compile features - done
-- NextSSL build configuration:
--   Type        : Release
--   Shared lib  : ON
--   ML-KEM      : ON
--   ML-DSA      : ON
--   Falcon      : ON
--   HQC         : ON
--   McEliece    : ON
--   SPHINCS+    : ON
--   GmSSL       : OFF
--   Ed448/X448  : ON
--   Balloon     : ON (always)
--   Pomelo      : ON (always)
--   Makwa       : ON (always)
-- Configuring done (0.5s)
-- Generating done (0.1s)
-- Build files have been written to: /home/runner/work/NextSSL/NextSSL/.ci_build/wasm/wasi-wasm32

==============================================================================
CMD: cmake -S /home/runner/work/NextSSL/NextSSL -B /home/runner/work/NextSSL/NextSSL/.ci_build/wasm/wasi-wasm32 -G Ninja -DCMAKE_BUILD_TYPE=Release -DNEXTSSL_SHARED=ON -DNEXTSSL_OUTPUT_ARCH=wasi-wasm32 -DCMAKE_RUNTIME_OUTPUT_DIRECTORY=/home/runner/work/NextSSL/NextSSL/bin/wasm/wasi-wasm32 -DCMAKE_LIBRARY_OUTPUT_DIRECTORY=/home/runner/work/NextSSL/NextSSL/bin/wasm/wasi-wasm32 -DCMAKE_ARCHIVE_OUTPUT_DIRECTORY=/home/runner/work/NextSSL/NextSSL/bin/wasm/wasi-wasm32 -DCMAKE_TOOLCHAIN_FILE=/home/runner/work/_temp/wasi-sdk-32.0-x86_64-linux/share/cmake/wasi-sdk.cmake -DCMAKE_SYSTEM_NAME=WASI -DCMAKE_SYSTEM_PROCESSOR=wasm32
CWD: /home/runner/work/NextSSL/NextSSL
==============================================================================

